<?xml version="1.0" encoding="UTF-8"?>
<testsuite xmlns:xsi="http://www.w3.org/2001/XMLSchema-instance" xsi:noNamespaceSchemaLocation="https://maven.apache.org/surefire/maven-surefire-plugin/xsd/surefire-test-report.xsd" version="3.0.2" name="service.monitorservice.MonitorServiceApplicationTests" time="11.37" tests="1" errors="0" skipped="0" failures="0">
  <properties>
    <property name="java.specification.version" value="21"/>
    <property name="sun.cpu.isalist" value="amd64"/>
    <property name="sun.jnu.encoding" value="Cp1252"/>
    <property name="java.class.path" value="C:\Users\dangn\OneDrive\Documents\GitHub\WebBanking\monitorService\target\test-classes;C:\Users\dangn\OneDrive\Documents\GitHub\WebBanking\monitorService\target\classes;C:\Users\dangn\.m2\repository\org\springframework\boot\spring-boot-starter-web\3.4.4\spring-boot-starter-web-3.4.4.jar;C:\Users\dangn\.m2\repository\org\springframework\boot\spring-boot-starter\3.4.4\spring-boot-starter-3.4.4.jar;C:\Users\dangn\.m2\repository\org\springframework\boot\spring-boot\3.4.4\spring-boot-3.4.4.jar;C:\Users\dangn\.m2\repository\org\springframework\boot\spring-boot-autoconfigure\3.4.4\spring-boot-autoconfigure-3.4.4.jar;C:\Users\dangn\.m2\repository\jakarta\annotation\jakarta.annotation-api\2.1.1\jakarta.annotation-api-2.1.1.jar;C:\Users\dangn\.m2\repository\org\yaml\snakeyaml\2.3\snakeyaml-2.3.jar;C:\Users\dangn\.m2\repository\org\springframework\boot\spring-boot-starter-json\3.4.4\spring-boot-starter-json-3.4.4.jar;C:\Users\dangn\.m2\repository\com\fasterxml\jackson\core\jackson-databind\2.18.3\jackson-databind-2.18.3.jar;C:\Users\dangn\.m2\repository\com\fasterxml\jackson\core\jackson-annotations\2.18.3\jackson-annotations-2.18.3.jar;C:\Users\dangn\.m2\repository\com\fasterxml\jackson\core\jackson-core\2.18.3\jackson-core-2.18.3.jar;C:\Users\dangn\.m2\repository\com\fasterxml\jackson\datatype\jackson-datatype-jdk8\2.18.3\jackson-datatype-jdk8-2.18.3.jar;C:\Users\dangn\.m2\repository\com\fasterxml\jackson\datatype\jackson-datatype-jsr310\2.18.3\jackson-datatype-jsr310-2.18.3.jar;C:\Users\dangn\.m2\repository\com\fasterxml\jackson\module\jackson-module-parameter-names\2.18.3\jackson-module-parameter-names-2.18.3.jar;C:\Users\dangn\.m2\repository\org\springframework\boot\spring-boot-starter-tomcat\3.4.4\spring-boot-starter-tomcat-3.4.4.jar;C:\Users\dangn\.m2\repository\org\apache\tomcat\embed\tomcat-embed-core\10.1.39\tomcat-embed-core-10.1.39.jar;C:\Users\dangn\.m2\repository\org\apache\tomcat\embed\tomcat-embed-el\10.1.39\tomcat-embed-el-10.1.39.jar;C:\Users\dangn\.m2\repository\org\apache\tomcat\embed\tomcat-embed-websocket\10.1.39\tomcat-embed-websocket-10.1.39.jar;C:\Users\dangn\.m2\repository\org\springframework\spring-web\6.2.5\spring-web-6.2.5.jar;C:\Users\dangn\.m2\repository\org\springframework\spring-beans\6.2.5\spring-beans-6.2.5.jar;C:\Users\dangn\.m2\repository\org\springframework\spring-webmvc\6.2.5\spring-webmvc-6.2.5.jar;C:\Users\dangn\.m2\repository\org\springframework\spring-expression\6.2.5\spring-expression-6.2.5.jar;C:\Users\dangn\.m2\repository\org\springframework\boot\spring-boot-starter-mail\3.1.5\spring-boot-starter-mail-3.1.5.jar;C:\Users\dangn\.m2\repository\org\springframework\spring-context-support\6.2.5\spring-context-support-6.2.5.jar;C:\Users\dangn\.m2\repository\org\eclipse\angus\jakarta.mail\2.0.3\jakarta.mail-2.0.3.jar;C:\Users\dangn\.m2\repository\jakarta\activation\jakarta.activation-api\2.1.3\jakarta.activation-api-2.1.3.jar;C:\Users\dangn\.m2\repository\org\eclipse\angus\angus-activation\2.0.2\angus-activation-2.0.2.jar;C:\Users\dangn\.m2\repository\org\springframework\boot\spring-boot-starter-actuator\3.4.4\spring-boot-starter-actuator-3.4.4.jar;C:\Users\dangn\.m2\repository\org\springframework\boot\spring-boot-actuator-autoconfigure\3.4.4\spring-boot-actuator-autoconfigure-3.4.4.jar;C:\Users\dangn\.m2\repository\org\springframework\boot\spring-boot-actuator\3.4.4\spring-boot-actuator-3.4.4.jar;C:\Users\dangn\.m2\repository\io\micrometer\micrometer-observation\1.14.5\micrometer-observation-1.14.5.jar;C:\Users\dangn\.m2\repository\io\micrometer\micrometer-commons\1.14.5\micrometer-commons-1.14.5.jar;C:\Users\dangn\.m2\repository\io\micrometer\micrometer-jakarta9\1.14.5\micrometer-jakarta9-1.14.5.jar;C:\Users\dangn\.m2\repository\io\micrometer\micrometer-registry-prometheus\1.14.5\micrometer-registry-prometheus-1.14.5.jar;C:\Users\dangn\.m2\repository\io\micrometer\micrometer-core\1.14.5\micrometer-core-1.14.5.jar;C:\Users\dangn\.m2\repository\org\hdrhistogram\HdrHistogram\2.2.2\HdrHistogram-2.2.2.jar;C:\Users\dangn\.m2\repository\org\latencyutils\LatencyUtils\2.0.3\LatencyUtils-2.0.3.jar;C:\Users\dangn\.m2\repository\io\prometheus\prometheus-metrics-core\1.3.6\prometheus-metrics-core-1.3.6.jar;C:\Users\dangn\.m2\repository\io\prometheus\prometheus-metrics-model\1.3.6\prometheus-metrics-model-1.3.6.jar;C:\Users\dangn\.m2\repository\io\prometheus\prometheus-metrics-config\1.3.6\prometheus-metrics-config-1.3.6.jar;C:\Users\dangn\.m2\repository\io\prometheus\prometheus-metrics-tracer-common\1.3.6\prometheus-metrics-tracer-common-1.3.6.jar;C:\Users\dangn\.m2\repository\io\prometheus\prometheus-metrics-exposition-formats\1.3.6\prometheus-metrics-exposition-formats-1.3.6.jar;C:\Users\dangn\.m2\repository\io\prometheus\prometheus-metrics-exposition-textformats\1.3.6\prometheus-metrics-exposition-textformats-1.3.6.jar;C:\Users\dangn\.m2\repository\io\prometheus\simpleclient\0.16.0\simpleclient-0.16.0.jar;C:\Users\dangn\.m2\repository\io\prometheus\simpleclient_tracer_otel\0.16.0\simpleclient_tracer_otel-0.16.0.jar;C:\Users\dangn\.m2\repository\io\prometheus\simpleclient_tracer_common\0.16.0\simpleclient_tracer_common-0.16.0.jar;C:\Users\dangn\.m2\repository\io\prometheus\simpleclient_tracer_otel_agent\0.16.0\simpleclient_tracer_otel_agent-0.16.0.jar;C:\Users\dangn\.m2\repository\org\springframework\boot\spring-boot-starter-test\3.4.4\spring-boot-starter-test-3.4.4.jar;C:\Users\dangn\.m2\repository\org\springframework\boot\spring-boot-test\3.4.4\spring-boot-test-3.4.4.jar;C:\Users\dangn\.m2\repository\org\springframework\boot\spring-boot-test-autoconfigure\3.4.4\spring-boot-test-autoconfigure-3.4.4.jar;C:\Users\dangn\.m2\repository\com\jayway\jsonpath\json-path\2.9.0\json-path-2.9.0.jar;C:\Users\dangn\.m2\repository\jakarta\xml\bind\jakarta.xml.bind-api\4.0.2\jakarta.xml.bind-api-4.0.2.jar;C:\Users\dangn\.m2\repository\net\minidev\json-smart\2.5.2\json-smart-2.5.2.jar;C:\Users\dangn\.m2\repository\net\minidev\accessors-smart\2.5.2\accessors-smart-2.5.2.jar;C:\Users\dangn\.m2\repository\org\ow2\asm\asm\9.7.1\asm-9.7.1.jar;C:\Users\dangn\.m2\repository\org\assertj\assertj-core\3.26.3\assertj-core-3.26.3.jar;C:\Users\dangn\.m2\repository\net\bytebuddy\byte-buddy\1.15.11\byte-buddy-1.15.11.jar;C:\Users\dangn\.m2\repository\org\awaitility\awaitility\4.2.2\awaitility-4.2.2.jar;C:\Users\dangn\.m2\repository\org\hamcrest\hamcrest\2.2\hamcrest-2.2.jar;C:\Users\dangn\.m2\repository\org\junit\jupiter\junit-jupiter\5.11.4\junit-jupiter-5.11.4.jar;C:\Users\dangn\.m2\repository\org\junit\jupiter\junit-jupiter-api\5.11.4\junit-jupiter-api-5.11.4.jar;C:\Users\dangn\.m2\repository\org\opentest4j\opentest4j\1.3.0\opentest4j-1.3.0.jar;C:\Users\dangn\.m2\repository\org\junit\platform\junit-platform-commons\1.11.4\junit-platform-commons-1.11.4.jar;C:\Users\dangn\.m2\repository\org\apiguardian\apiguardian-api\1.1.2\apiguardian-api-1.1.2.jar;C:\Users\dangn\.m2\repository\org\junit\jupiter\junit-jupiter-params\5.11.4\junit-jupiter-params-5.11.4.jar;C:\Users\dangn\.m2\repository\org\junit\jupiter\junit-jupiter-engine\5.11.4\junit-jupiter-engine-5.11.4.jar;C:\Users\dangn\.m2\repository\org\junit\platform\junit-platform-engine\1.11.4\junit-platform-engine-1.11.4.jar;C:\Users\dangn\.m2\repository\org\mockito\mockito-core\5.14.2\mockito-core-5.14.2.jar;C:\Users\dangn\.m2\repository\net\bytebuddy\byte-buddy-agent\1.15.11\byte-buddy-agent-1.15.11.jar;C:\Users\dangn\.m2\repository\org\objenesis\objenesis\3.3\objenesis-3.3.jar;C:\Users\dangn\.m2\repository\org\mockito\mockito-junit-jupiter\5.14.2\mockito-junit-jupiter-5.14.2.jar;C:\Users\dangn\.m2\repository\org\skyscreamer\jsonassert\1.5.3\jsonassert-1.5.3.jar;C:\Users\dangn\.m2\repository\com\vaadin\external\google\android-json\0.0.20131108.vaadin1\android-json-0.0.20131108.vaadin1.jar;C:\Users\dangn\.m2\repository\org\springframework\spring-core\6.2.5\spring-core-6.2.5.jar;C:\Users\dangn\.m2\repository\org\springframework\spring-jcl\6.2.5\spring-jcl-6.2.5.jar;C:\Users\dangn\.m2\repository\org\springframework\spring-test\6.2.5\spring-test-6.2.5.jar;C:\Users\dangn\.m2\repository\org\xmlunit\xmlunit-core\2.10.0\xmlunit-core-2.10.0.jar;C:\Users\dangn\.m2\repository\org\springframework\kafka\spring-kafka\4.0.0-M1\spring-kafka-4.0.0-M1.jar;C:\Users\dangn\.m2\repository\org\springframework\spring-context\6.2.5\spring-context-6.2.5.jar;C:\Users\dangn\.m2\repository\org\springframework\spring-messaging\6.2.5\spring-messaging-6.2.5.jar;C:\Users\dangn\.m2\repository\org\springframework\spring-tx\6.2.5\spring-tx-6.2.5.jar;C:\Users\dangn\.m2\repository\org\springframework\retry\spring-retry\2.0.11\spring-retry-2.0.11.jar;C:\Users\dangn\.m2\repository\org\apache\kafka\kafka-clients\4.0.0\kafka-clients-4.0.0.jar;C:\Users\dangn\.m2\repository\com\github\luben\zstd-jni\1.5.6-6\zstd-jni-1.5.6-6.jar;C:\Users\dangn\.m2\repository\org\lz4\lz4-java\1.8.0\lz4-java-1.8.0.jar;C:\Users\dangn\.m2\repository\org\xerial\snappy\snappy-java\1.1.10.5\snappy-java-1.1.10.5.jar;C:\Users\dangn\.m2\repository\org\slf4j\slf4j-api\2.0.17\slf4j-api-2.0.17.jar;C:\Users\dangn\.m2\repository\org\springframework\boot\spring-boot-starter-logging\3.4.4\spring-boot-starter-logging-3.4.4.jar;C:\Users\dangn\.m2\repository\ch\qos\logback\logback-classic\1.5.18\logback-classic-1.5.18.jar;C:\Users\dangn\.m2\repository\ch\qos\logback\logback-core\1.5.18\logback-core-1.5.18.jar;C:\Users\dangn\.m2\repository\org\apache\logging\log4j\log4j-to-slf4j\2.24.3\log4j-to-slf4j-2.24.3.jar;C:\Users\dangn\.m2\repository\org\apache\logging\log4j\log4j-api\2.24.3\log4j-api-2.24.3.jar;C:\Users\dangn\.m2\repository\org\slf4j\jul-to-slf4j\2.0.17\jul-to-slf4j-2.0.17.jar;C:\Users\dangn\.m2\repository\io\opentracing\contrib\opentracing-spring-jaeger-starter\3.3.1\opentracing-spring-jaeger-starter-3.3.1.jar;C:\Users\dangn\.m2\repository\io\opentracing\contrib\opentracing-spring-tracer-configuration-starter\0.4.0\opentracing-spring-tracer-configuration-starter-0.4.0.jar;C:\Users\dangn\.m2\repository\io\opentracing\opentracing-noop\0.33.0\opentracing-noop-0.33.0.jar;C:\Users\dangn\.m2\repository\io\opentracing\opentracing-util\0.33.0\opentracing-util-0.33.0.jar;C:\Users\dangn\.m2\repository\io\opentracing\contrib\opentracing-tracerresolver\0.1.8\opentracing-tracerresolver-0.1.8.jar;C:\Users\dangn\.m2\repository\io\opentracing\opentracing-api\0.33.0\opentracing-api-0.33.0.jar;C:\Users\dangn\.m2\repository\io\jaegertracing\jaeger-client\1.3.2\jaeger-client-1.3.2.jar;C:\Users\dangn\.m2\repository\io\jaegertracing\jaeger-thrift\1.3.2\jaeger-thrift-1.3.2.jar;C:\Users\dangn\.m2\repository\org\apache\thrift\libthrift\0.13.0\libthrift-0.13.0.jar;C:\Users\dangn\.m2\repository\javax\annotation\javax.annotation-api\1.3.2\javax.annotation-api-1.3.2.jar;C:\Users\dangn\.m2\repository\com\squareup\okhttp3\okhttp\4.2.2\okhttp-4.2.2.jar;C:\Users\dangn\.m2\repository\com\squareup\okio\okio\2.2.2\okio-2.2.2.jar;C:\Users\dangn\.m2\repository\org\jetbrains\kotlin\kotlin-stdlib\1.9.25\kotlin-stdlib-1.9.25.jar;C:\Users\dangn\.m2\repository\org\jetbrains\annotations\13.0\annotations-13.0.jar;C:\Users\dangn\.m2\repository\io\jaegertracing\jaeger-core\1.3.2\jaeger-core-1.3.2.jar;C:\Users\dangn\.m2\repository\com\google\code\gson\gson\2.11.0\gson-2.11.0.jar;C:\Users\dangn\.m2\repository\com\google\errorprone\error_prone_annotations\2.27.0\error_prone_annotations-2.27.0.jar;C:\Users\dangn\.m2\repository\io\jaegertracing\jaeger-tracerresolver\1.3.2\jaeger-tracerresolver-1.3.2.jar;C:\Users\dangn\.m2\repository\com\mysql\mysql-connector-j\9.2.0\mysql-connector-j-9.2.0.jar;C:\Users\dangn\.m2\repository\org\springframework\boot\spring-boot-starter-security\3.4.4\spring-boot-starter-security-3.4.4.jar;C:\Users\dangn\.m2\repository\org\springframework\spring-aop\6.2.5\spring-aop-6.2.5.jar;C:\Users\dangn\.m2\repository\org\springframework\security\spring-security-config\6.4.4\spring-security-config-6.4.4.jar;C:\Users\dangn\.m2\repository\org\springframework\security\spring-security-core\6.4.4\spring-security-core-6.4.4.jar;C:\Users\dangn\.m2\repository\org\springframework\security\spring-security-crypto\6.4.4\spring-security-crypto-6.4.4.jar;C:\Users\dangn\.m2\repository\org\springframework\security\spring-security-web\6.4.4\spring-security-web-6.4.4.jar;C:\Users\dangn\.m2\repository\org\springframework\boot\spring-boot-starter-data-jpa\3.4.4\spring-boot-starter-data-jpa-3.4.4.jar;C:\Users\dangn\.m2\repository\org\springframework\boot\spring-boot-starter-jdbc\3.4.4\spring-boot-starter-jdbc-3.4.4.jar;C:\Users\dangn\.m2\repository\com\zaxxer\HikariCP\5.1.0\HikariCP-5.1.0.jar;C:\Users\dangn\.m2\repository\org\springframework\spring-jdbc\6.2.5\spring-jdbc-6.2.5.jar;C:\Users\dangn\.m2\repository\org\hibernate\orm\hibernate-core\6.6.11.Final\hibernate-core-6.6.11.Final.jar;C:\Users\dangn\.m2\repository\jakarta\persistence\jakarta.persistence-api\3.1.0\jakarta.persistence-api-3.1.0.jar;C:\Users\dangn\.m2\repository\jakarta\transaction\jakarta.transaction-api\2.0.1\jakarta.transaction-api-2.0.1.jar;C:\Users\dangn\.m2\repository\org\jboss\logging\jboss-logging\3.6.1.Final\jboss-logging-3.6.1.Final.jar;C:\Users\dangn\.m2\repository\org\hibernate\common\hibernate-commons-annotations\7.0.3.Final\hibernate-commons-annotations-7.0.3.Final.jar;C:\Users\dangn\.m2\repository\io\smallrye\jandex\3.2.0\jandex-3.2.0.jar;C:\Users\dangn\.m2\repository\com\fasterxml\classmate\1.7.0\classmate-1.7.0.jar;C:\Users\dangn\.m2\repository\org\glassfish\jaxb\jaxb-runtime\4.0.5\jaxb-runtime-4.0.5.jar;C:\Users\dangn\.m2\repository\org\glassfish\jaxb\jaxb-core\4.0.5\jaxb-core-4.0.5.jar;C:\Users\dangn\.m2\repository\org\glassfish\jaxb\txw2\4.0.5\txw2-4.0.5.jar;C:\Users\dangn\.m2\repository\com\sun\istack\istack-commons-runtime\4.1.2\istack-commons-runtime-4.1.2.jar;C:\Users\dangn\.m2\repository\jakarta\inject\jakarta.inject-api\2.0.1\jakarta.inject-api-2.0.1.jar;C:\Users\dangn\.m2\repository\org\antlr\antlr4-runtime\4.13.0\antlr4-runtime-4.13.0.jar;C:\Users\dangn\.m2\repository\org\springframework\data\spring-data-jpa\3.4.4\spring-data-jpa-3.4.4.jar;C:\Users\dangn\.m2\repository\org\springframework\data\spring-data-commons\3.4.4\spring-data-commons-3.4.4.jar;C:\Users\dangn\.m2\repository\org\springframework\spring-orm\6.2.5\spring-orm-6.2.5.jar;C:\Users\dangn\.m2\repository\org\springframework\spring-aspects\6.2.5\spring-aspects-6.2.5.jar;C:\Users\dangn\.m2\repository\org\aspectj\aspectjweaver\1.9.23\aspectjweaver-1.9.23.jar;C:\Users\dangn\.m2\repository\org\projectlombok\lombok\1.18.36\lombok-1.18.36.jar;"/>
    <property name="java.vm.vendor" value="BellSoft"/>
    <property name="sun.arch.data.model" value="64"/>
    <property name="user.variant" value=""/>
    <property name="java.vendor.url" value="https://bell-sw.com/"/>
    <property name="user.timezone" value="Asia/Saigon"/>
    <property name="org.jboss.logging.provider" value="slf4j"/>
    <property name="os.name" value="Windows 11"/>
    <property name="java.vm.specification.version" value="21"/>
    <property name="APPLICATION_NAME" value="monitor-service"/>
    <property name="sun.java.launcher" value="SUN_STANDARD"/>
    <property name="user.country" value="US"/>
    <property name="sun.boot.library.path" value="C:\Users\dangn\.jdks\liberica-full-21.0.2\bin"/>
    <property name="sun.java.command" value="C:\Users\dangn\AppData\Local\Temp\surefire15856515327833750462\surefirebooter-20250415202129681_3.jar C:\Users\dangn\AppData\Local\Temp\surefire15856515327833750462 2025-04-15T20-21-29_499-jvmRun1 surefire-20250415202129681_1tmp surefire_0-20250415202129681_2tmp"/>
    <property name="jdk.debug" value="release"/>
    <property name="surefire.test.class.path" value="C:\Users\dangn\OneDrive\Documents\GitHub\WebBanking\monitorService\target\test-classes;C:\Users\dangn\OneDrive\Documents\GitHub\WebBanking\monitorService\target\classes;C:\Users\dangn\.m2\repository\org\springframework\boot\spring-boot-starter-web\3.4.4\spring-boot-starter-web-3.4.4.jar;C:\Users\dangn\.m2\repository\org\springframework\boot\spring-boot-starter\3.4.4\spring-boot-starter-3.4.4.jar;C:\Users\dangn\.m2\repository\org\springframework\boot\spring-boot\3.4.4\spring-boot-3.4.4.jar;C:\Users\dangn\.m2\repository\org\springframework\boot\spring-boot-autoconfigure\3.4.4\spring-boot-autoconfigure-3.4.4.jar;C:\Users\dangn\.m2\repository\jakarta\annotation\jakarta.annotation-api\2.1.1\jakarta.annotation-api-2.1.1.jar;C:\Users\dangn\.m2\repository\org\yaml\snakeyaml\2.3\snakeyaml-2.3.jar;C:\Users\dangn\.m2\repository\org\springframework\boot\spring-boot-starter-json\3.4.4\spring-boot-starter-json-3.4.4.jar;C:\Users\dangn\.m2\repository\com\fasterxml\jackson\core\jackson-databind\2.18.3\jackson-databind-2.18.3.jar;C:\Users\dangn\.m2\repository\com\fasterxml\jackson\core\jackson-annotations\2.18.3\jackson-annotations-2.18.3.jar;C:\Users\dangn\.m2\repository\com\fasterxml\jackson\core\jackson-core\2.18.3\jackson-core-2.18.3.jar;C:\Users\dangn\.m2\repository\com\fasterxml\jackson\datatype\jackson-datatype-jdk8\2.18.3\jackson-datatype-jdk8-2.18.3.jar;C:\Users\dangn\.m2\repository\com\fasterxml\jackson\datatype\jackson-datatype-jsr310\2.18.3\jackson-datatype-jsr310-2.18.3.jar;C:\Users\dangn\.m2\repository\com\fasterxml\jackson\module\jackson-module-parameter-names\2.18.3\jackson-module-parameter-names-2.18.3.jar;C:\Users\dangn\.m2\repository\org\springframework\boot\spring-boot-starter-tomcat\3.4.4\spring-boot-starter-tomcat-3.4.4.jar;C:\Users\dangn\.m2\repository\org\apache\tomcat\embed\tomcat-embed-core\10.1.39\tomcat-embed-core-10.1.39.jar;C:\Users\dangn\.m2\repository\org\apache\tomcat\embed\tomcat-embed-el\10.1.39\tomcat-embed-el-10.1.39.jar;C:\Users\dangn\.m2\repository\org\apache\tomcat\embed\tomcat-embed-websocket\10.1.39\tomcat-embed-websocket-10.1.39.jar;C:\Users\dangn\.m2\repository\org\springframework\spring-web\6.2.5\spring-web-6.2.5.jar;C:\Users\dangn\.m2\repository\org\springframework\spring-beans\6.2.5\spring-beans-6.2.5.jar;C:\Users\dangn\.m2\repository\org\springframework\spring-webmvc\6.2.5\spring-webmvc-6.2.5.jar;C:\Users\dangn\.m2\repository\org\springframework\spring-expression\6.2.5\spring-expression-6.2.5.jar;C:\Users\dangn\.m2\repository\org\springframework\boot\spring-boot-starter-mail\3.1.5\spring-boot-starter-mail-3.1.5.jar;C:\Users\dangn\.m2\repository\org\springframework\spring-context-support\6.2.5\spring-context-support-6.2.5.jar;C:\Users\dangn\.m2\repository\org\eclipse\angus\jakarta.mail\2.0.3\jakarta.mail-2.0.3.jar;C:\Users\dangn\.m2\repository\jakarta\activation\jakarta.activation-api\2.1.3\jakarta.activation-api-2.1.3.jar;C:\Users\dangn\.m2\repository\org\eclipse\angus\angus-activation\2.0.2\angus-activation-2.0.2.jar;C:\Users\dangn\.m2\repository\org\springframework\boot\spring-boot-starter-actuator\3.4.4\spring-boot-starter-actuator-3.4.4.jar;C:\Users\dangn\.m2\repository\org\springframework\boot\spring-boot-actuator-autoconfigure\3.4.4\spring-boot-actuator-autoconfigure-3.4.4.jar;C:\Users\dangn\.m2\repository\org\springframework\boot\spring-boot-actuator\3.4.4\spring-boot-actuator-3.4.4.jar;C:\Users\dangn\.m2\repository\io\micrometer\micrometer-observation\1.14.5\micrometer-observation-1.14.5.jar;C:\Users\dangn\.m2\repository\io\micrometer\micrometer-commons\1.14.5\micrometer-commons-1.14.5.jar;C:\Users\dangn\.m2\repository\io\micrometer\micrometer-jakarta9\1.14.5\micrometer-jakarta9-1.14.5.jar;C:\Users\dangn\.m2\repository\io\micrometer\micrometer-registry-prometheus\1.14.5\micrometer-registry-prometheus-1.14.5.jar;C:\Users\dangn\.m2\repository\io\micrometer\micrometer-core\1.14.5\micrometer-core-1.14.5.jar;C:\Users\dangn\.m2\repository\org\hdrhistogram\HdrHistogram\2.2.2\HdrHistogram-2.2.2.jar;C:\Users\dangn\.m2\repository\org\latencyutils\LatencyUtils\2.0.3\LatencyUtils-2.0.3.jar;C:\Users\dangn\.m2\repository\io\prometheus\prometheus-metrics-core\1.3.6\prometheus-metrics-core-1.3.6.jar;C:\Users\dangn\.m2\repository\io\prometheus\prometheus-metrics-model\1.3.6\prometheus-metrics-model-1.3.6.jar;C:\Users\dangn\.m2\repository\io\prometheus\prometheus-metrics-config\1.3.6\prometheus-metrics-config-1.3.6.jar;C:\Users\dangn\.m2\repository\io\prometheus\prometheus-metrics-tracer-common\1.3.6\prometheus-metrics-tracer-common-1.3.6.jar;C:\Users\dangn\.m2\repository\io\prometheus\prometheus-metrics-exposition-formats\1.3.6\prometheus-metrics-exposition-formats-1.3.6.jar;C:\Users\dangn\.m2\repository\io\prometheus\prometheus-metrics-exposition-textformats\1.3.6\prometheus-metrics-exposition-textformats-1.3.6.jar;C:\Users\dangn\.m2\repository\io\prometheus\simpleclient\0.16.0\simpleclient-0.16.0.jar;C:\Users\dangn\.m2\repository\io\prometheus\simpleclient_tracer_otel\0.16.0\simpleclient_tracer_otel-0.16.0.jar;C:\Users\dangn\.m2\repository\io\prometheus\simpleclient_tracer_common\0.16.0\simpleclient_tracer_common-0.16.0.jar;C:\Users\dangn\.m2\repository\io\prometheus\simpleclient_tracer_otel_agent\0.16.0\simpleclient_tracer_otel_agent-0.16.0.jar;C:\Users\dangn\.m2\repository\org\springframework\boot\spring-boot-starter-test\3.4.4\spring-boot-starter-test-3.4.4.jar;C:\Users\dangn\.m2\repository\org\springframework\boot\spring-boot-test\3.4.4\spring-boot-test-3.4.4.jar;C:\Users\dangn\.m2\repository\org\springframework\boot\spring-boot-test-autoconfigure\3.4.4\spring-boot-test-autoconfigure-3.4.4.jar;C:\Users\dangn\.m2\repository\com\jayway\jsonpath\json-path\2.9.0\json-path-2.9.0.jar;C:\Users\dangn\.m2\repository\jakarta\xml\bind\jakarta.xml.bind-api\4.0.2\jakarta.xml.bind-api-4.0.2.jar;C:\Users\dangn\.m2\repository\net\minidev\json-smart\2.5.2\json-smart-2.5.2.jar;C:\Users\dangn\.m2\repository\net\minidev\accessors-smart\2.5.2\accessors-smart-2.5.2.jar;C:\Users\dangn\.m2\repository\org\ow2\asm\asm\9.7.1\asm-9.7.1.jar;C:\Users\dangn\.m2\repository\org\assertj\assertj-core\3.26.3\assertj-core-3.26.3.jar;C:\Users\dangn\.m2\repository\net\bytebuddy\byte-buddy\1.15.11\byte-buddy-1.15.11.jar;C:\Users\dangn\.m2\repository\org\awaitility\awaitility\4.2.2\awaitility-4.2.2.jar;C:\Users\dangn\.m2\repository\org\hamcrest\hamcrest\2.2\hamcrest-2.2.jar;C:\Users\dangn\.m2\repository\org\junit\jupiter\junit-jupiter\5.11.4\junit-jupiter-5.11.4.jar;C:\Users\dangn\.m2\repository\org\junit\jupiter\junit-jupiter-api\5.11.4\junit-jupiter-api-5.11.4.jar;C:\Users\dangn\.m2\repository\org\opentest4j\opentest4j\1.3.0\opentest4j-1.3.0.jar;C:\Users\dangn\.m2\repository\org\junit\platform\junit-platform-commons\1.11.4\junit-platform-commons-1.11.4.jar;C:\Users\dangn\.m2\repository\org\apiguardian\apiguardian-api\1.1.2\apiguardian-api-1.1.2.jar;C:\Users\dangn\.m2\repository\org\junit\jupiter\junit-jupiter-params\5.11.4\junit-jupiter-params-5.11.4.jar;C:\Users\dangn\.m2\repository\org\junit\jupiter\junit-jupiter-engine\5.11.4\junit-jupiter-engine-5.11.4.jar;C:\Users\dangn\.m2\repository\org\junit\platform\junit-platform-engine\1.11.4\junit-platform-engine-1.11.4.jar;C:\Users\dangn\.m2\repository\org\mockito\mockito-core\5.14.2\mockito-core-5.14.2.jar;C:\Users\dangn\.m2\repository\net\bytebuddy\byte-buddy-agent\1.15.11\byte-buddy-agent-1.15.11.jar;C:\Users\dangn\.m2\repository\org\objenesis\objenesis\3.3\objenesis-3.3.jar;C:\Users\dangn\.m2\repository\org\mockito\mockito-junit-jupiter\5.14.2\mockito-junit-jupiter-5.14.2.jar;C:\Users\dangn\.m2\repository\org\skyscreamer\jsonassert\1.5.3\jsonassert-1.5.3.jar;C:\Users\dangn\.m2\repository\com\vaadin\external\google\android-json\0.0.20131108.vaadin1\android-json-0.0.20131108.vaadin1.jar;C:\Users\dangn\.m2\repository\org\springframework\spring-core\6.2.5\spring-core-6.2.5.jar;C:\Users\dangn\.m2\repository\org\springframework\spring-jcl\6.2.5\spring-jcl-6.2.5.jar;C:\Users\dangn\.m2\repository\org\springframework\spring-test\6.2.5\spring-test-6.2.5.jar;C:\Users\dangn\.m2\repository\org\xmlunit\xmlunit-core\2.10.0\xmlunit-core-2.10.0.jar;C:\Users\dangn\.m2\repository\org\springframework\kafka\spring-kafka\4.0.0-M1\spring-kafka-4.0.0-M1.jar;C:\Users\dangn\.m2\repository\org\springframework\spring-context\6.2.5\spring-context-6.2.5.jar;C:\Users\dangn\.m2\repository\org\springframework\spring-messaging\6.2.5\spring-messaging-6.2.5.jar;C:\Users\dangn\.m2\repository\org\springframework\spring-tx\6.2.5\spring-tx-6.2.5.jar;C:\Users\dangn\.m2\repository\org\springframework\retry\spring-retry\2.0.11\spring-retry-2.0.11.jar;C:\Users\dangn\.m2\repository\org\apache\kafka\kafka-clients\4.0.0\kafka-clients-4.0.0.jar;C:\Users\dangn\.m2\repository\com\github\luben\zstd-jni\1.5.6-6\zstd-jni-1.5.6-6.jar;C:\Users\dangn\.m2\repository\org\lz4\lz4-java\1.8.0\lz4-java-1.8.0.jar;C:\Users\dangn\.m2\repository\org\xerial\snappy\snappy-java\1.1.10.5\snappy-java-1.1.10.5.jar;C:\Users\dangn\.m2\repository\org\slf4j\slf4j-api\2.0.17\slf4j-api-2.0.17.jar;C:\Users\dangn\.m2\repository\org\springframework\boot\spring-boot-starter-logging\3.4.4\spring-boot-starter-logging-3.4.4.jar;C:\Users\dangn\.m2\repository\ch\qos\logback\logback-classic\1.5.18\logback-classic-1.5.18.jar;C:\Users\dangn\.m2\repository\ch\qos\logback\logback-core\1.5.18\logback-core-1.5.18.jar;C:\Users\dangn\.m2\repository\org\apache\logging\log4j\log4j-to-slf4j\2.24.3\log4j-to-slf4j-2.24.3.jar;C:\Users\dangn\.m2\repository\org\apache\logging\log4j\log4j-api\2.24.3\log4j-api-2.24.3.jar;C:\Users\dangn\.m2\repository\org\slf4j\jul-to-slf4j\2.0.17\jul-to-slf4j-2.0.17.jar;C:\Users\dangn\.m2\repository\io\opentracing\contrib\opentracing-spring-jaeger-starter\3.3.1\opentracing-spring-jaeger-starter-3.3.1.jar;C:\Users\dangn\.m2\repository\io\opentracing\contrib\opentracing-spring-tracer-configuration-starter\0.4.0\opentracing-spring-tracer-configuration-starter-0.4.0.jar;C:\Users\dangn\.m2\repository\io\opentracing\opentracing-noop\0.33.0\opentracing-noop-0.33.0.jar;C:\Users\dangn\.m2\repository\io\opentracing\opentracing-util\0.33.0\opentracing-util-0.33.0.jar;C:\Users\dangn\.m2\repository\io\opentracing\contrib\opentracing-tracerresolver\0.1.8\opentracing-tracerresolver-0.1.8.jar;C:\Users\dangn\.m2\repository\io\opentracing\opentracing-api\0.33.0\opentracing-api-0.33.0.jar;C:\Users\dangn\.m2\repository\io\jaegertracing\jaeger-client\1.3.2\jaeger-client-1.3.2.jar;C:\Users\dangn\.m2\repository\io\jaegertracing\jaeger-thrift\1.3.2\jaeger-thrift-1.3.2.jar;C:\Users\dangn\.m2\repository\org\apache\thrift\libthrift\0.13.0\libthrift-0.13.0.jar;C:\Users\dangn\.m2\repository\javax\annotation\javax.annotation-api\1.3.2\javax.annotation-api-1.3.2.jar;C:\Users\dangn\.m2\repository\com\squareup\okhttp3\okhttp\4.2.2\okhttp-4.2.2.jar;C:\Users\dangn\.m2\repository\com\squareup\okio\okio\2.2.2\okio-2.2.2.jar;C:\Users\dangn\.m2\repository\org\jetbrains\kotlin\kotlin-stdlib\1.9.25\kotlin-stdlib-1.9.25.jar;C:\Users\dangn\.m2\repository\org\jetbrains\annotations\13.0\annotations-13.0.jar;C:\Users\dangn\.m2\repository\io\jaegertracing\jaeger-core\1.3.2\jaeger-core-1.3.2.jar;C:\Users\dangn\.m2\repository\com\google\code\gson\gson\2.11.0\gson-2.11.0.jar;C:\Users\dangn\.m2\repository\com\google\errorprone\error_prone_annotations\2.27.0\error_prone_annotations-2.27.0.jar;C:\Users\dangn\.m2\repository\io\jaegertracing\jaeger-tracerresolver\1.3.2\jaeger-tracerresolver-1.3.2.jar;C:\Users\dangn\.m2\repository\com\mysql\mysql-connector-j\9.2.0\mysql-connector-j-9.2.0.jar;C:\Users\dangn\.m2\repository\org\springframework\boot\spring-boot-starter-security\3.4.4\spring-boot-starter-security-3.4.4.jar;C:\Users\dangn\.m2\repository\org\springframework\spring-aop\6.2.5\spring-aop-6.2.5.jar;C:\Users\dangn\.m2\repository\org\springframework\security\spring-security-config\6.4.4\spring-security-config-6.4.4.jar;C:\Users\dangn\.m2\repository\org\springframework\security\spring-security-core\6.4.4\spring-security-core-6.4.4.jar;C:\Users\dangn\.m2\repository\org\springframework\security\spring-security-crypto\6.4.4\spring-security-crypto-6.4.4.jar;C:\Users\dangn\.m2\repository\org\springframework\security\spring-security-web\6.4.4\spring-security-web-6.4.4.jar;C:\Users\dangn\.m2\repository\org\springframework\boot\spring-boot-starter-data-jpa\3.4.4\spring-boot-starter-data-jpa-3.4.4.jar;C:\Users\dangn\.m2\repository\org\springframework\boot\spring-boot-starter-jdbc\3.4.4\spring-boot-starter-jdbc-3.4.4.jar;C:\Users\dangn\.m2\repository\com\zaxxer\HikariCP\5.1.0\HikariCP-5.1.0.jar;C:\Users\dangn\.m2\repository\org\springframework\spring-jdbc\6.2.5\spring-jdbc-6.2.5.jar;C:\Users\dangn\.m2\repository\org\hibernate\orm\hibernate-core\6.6.11.Final\hibernate-core-6.6.11.Final.jar;C:\Users\dangn\.m2\repository\jakarta\persistence\jakarta.persistence-api\3.1.0\jakarta.persistence-api-3.1.0.jar;C:\Users\dangn\.m2\repository\jakarta\transaction\jakarta.transaction-api\2.0.1\jakarta.transaction-api-2.0.1.jar;C:\Users\dangn\.m2\repository\org\jboss\logging\jboss-logging\3.6.1.Final\jboss-logging-3.6.1.Final.jar;C:\Users\dangn\.m2\repository\org\hibernate\common\hibernate-commons-annotations\7.0.3.Final\hibernate-commons-annotations-7.0.3.Final.jar;C:\Users\dangn\.m2\repository\io\smallrye\jandex\3.2.0\jandex-3.2.0.jar;C:\Users\dangn\.m2\repository\com\fasterxml\classmate\1.7.0\classmate-1.7.0.jar;C:\Users\dangn\.m2\repository\org\glassfish\jaxb\jaxb-runtime\4.0.5\jaxb-runtime-4.0.5.jar;C:\Users\dangn\.m2\repository\org\glassfish\jaxb\jaxb-core\4.0.5\jaxb-core-4.0.5.jar;C:\Users\dangn\.m2\repository\org\glassfish\jaxb\txw2\4.0.5\txw2-4.0.5.jar;C:\Users\dangn\.m2\repository\com\sun\istack\istack-commons-runtime\4.1.2\istack-commons-runtime-4.1.2.jar;C:\Users\dangn\.m2\repository\jakarta\inject\jakarta.inject-api\2.0.1\jakarta.inject-api-2.0.1.jar;C:\Users\dangn\.m2\repository\org\antlr\antlr4-runtime\4.13.0\antlr4-runtime-4.13.0.jar;C:\Users\dangn\.m2\repository\org\springframework\data\spring-data-jpa\3.4.4\spring-data-jpa-3.4.4.jar;C:\Users\dangn\.m2\repository\org\springframework\data\spring-data-commons\3.4.4\spring-data-commons-3.4.4.jar;C:\Users\dangn\.m2\repository\org\springframework\spring-orm\6.2.5\spring-orm-6.2.5.jar;C:\Users\dangn\.m2\repository\org\springframework\spring-aspects\6.2.5\spring-aspects-6.2.5.jar;C:\Users\dangn\.m2\repository\org\aspectj\aspectjweaver\1.9.23\aspectjweaver-1.9.23.jar;C:\Users\dangn\.m2\repository\org\projectlombok\lombok\1.18.36\lombok-1.18.36.jar;"/>
    <property name="sun.cpu.endian" value="little"/>
    <property name="user.home" value="C:\Users\dangn"/>
    <property name="user.language" value="en"/>
    <property name="java.specification.vendor" value="Oracle Corporation"/>
    <property name="java.version.date" value="2024-01-16"/>
    <property name="java.home" value="C:\Users\dangn\.jdks\liberica-full-21.0.2"/>
    <property name="file.separator" value="\"/>
    <property name="basedir" value="C:\Users\dangn\OneDrive\Documents\GitHub\WebBanking\monitorService"/>
    <property name="java.vm.compressedOopsMode" value="Zero based"/>
    <property name="line.separator" value="&#10;"/>
    <property name="java.vm.specification.vendor" value="Oracle Corporation"/>
    <property name="java.specification.name" value="Java Platform API Specification"/>
    <property name="FILE_LOG_CHARSET" value="UTF-8"/>
    <property name="java.awt.headless" value="true"/>
    <property name="surefire.real.class.path" value="C:\Users\dangn\AppData\Local\Temp\surefire15856515327833750462\surefirebooter-20250415202129681_3.jar"/>
    <property name="user.script" value=""/>
    <property name="sun.management.compiler" value="HotSpot 64-Bit Tiered Compilers"/>
    <property name="java.runtime.version" value="21.0.2+14-LTS"/>
    <property name="user.name" value="dangn"/>
    <property name="stdout.encoding" value="Cp1252"/>
    <property name="path.separator" value=";"/>
    <property name="os.version" value="10.0"/>
    <property name="java.runtime.name" value="OpenJDK Runtime Environment"/>
    <property name="file.encoding" value="UTF-8"/>
    <property name="java.vm.name" value="OpenJDK 64-Bit Server VM"/>
    <property name="localRepository" value="C:\Users\dangn\.m2\repository"/>
    <property name="java.vendor.url.bug" value="https://bell-sw.com/support"/>
    <property name="java.io.tmpdir" value="C:\Users\dangn\AppData\Local\Temp\"/>
    <property name="idea.version" value="2024.1"/>
    <property name="com.zaxxer.hikari.pool_number" value="1"/>
    <property name="java.version" value="21.0.2"/>
    <property name="user.dir" value="C:\Users\dangn\OneDrive\Documents\GitHub\WebBanking\monitorService"/>
    <property name="os.arch" value="amd64"/>
    <property name="java.vm.specification.name" value="Java Virtual Machine Specification"/>
    <property name="PID" value="18500"/>
    <property name="sun.os.patch.level" value=""/>
    <property name="CONSOLE_LOG_CHARSET" value="UTF-8"/>
    <property name="native.encoding" value="Cp1252"/>
    <property name="java.library.path" value="C:\Users\dangn\.jdks\liberica-full-21.0.2\bin;C:\WINDOWS\Sun\Java\bin;C:\WINDOWS\system32;C:\WINDOWS;C:\Windows\System32;C:\Program Files\NVIDIA Corporation\NVIDIA NvDLISR;C:\WINDOWS\system32;C:\WINDOWS;C:\WINDOWS\System32\Wbem;C:\WINDOWS\System32\WindowsPowerShell\v1.0\;C:\WINDOWS\System32\OpenSSH\;C:\Program Files\Microsoft SQL Server\150\Tools\Binn\;C:\Users\dangn\AppData\Roaming\nvm;C:\Program Files\nodejs;C:\Program Files\WireGuard\;C:\Program Files\dotnet\;C:\Program Files\Docker\Docker\resources\bin;C:\Windows\System32;C:\Program Files\Docker\Docker\resources\bin;C:\Program Files\MySQL\MySQL Shell 8.3\bin\;C:\Users\dangn\AppData\Local\Microsoft\WindowsApps;C:\Program Files\Azure Data Studio\bin;C:\Users\dangn\AppData\Roaming\npm;C:\Users\dangn\AppData\Local\Programs\Microsoft VS Code\bin;C:\Users\dangn\AppData\Local\Programs\Azure Dev CLI\;C:\Users\dangn\AppData\Local\GitHubDesktop\bin;C:\Users\dangn\.dotnet\tools;C:\Users\dangn\.jdks\liberica-full-21.0.2\bin;C:\tools\dart-sdk\bin;C:\Users\dangn\AppData\Local\Pub\Cache\bin;C:\tools\flutter\bin;C:\Users\dangn\AppData\Local\Microsoft\WindowsApps;C:\Users\dangn\.dotnet\tools;C:\Users\dangn\AppData\Roaming\nvm;C:\Program Files\nodejs;C:\Users\dangn\AppData\Local\Microsoft\WinGet\Packages\FiloSottile.mkcert_Microsoft.Winget.Source_8wekyb3d8bbwe;C:\Users\dangn\AppData\Local\JetBrains\Toolbox\scripts;C:\Users\dangn\.dotnet\tools;."/>
    <property name="java.vm.info" value="mixed mode, sharing"/>
    <property name="stderr.encoding" value="Cp1252"/>
    <property name="java.vendor" value="BellSoft"/>
    <property name="java.vm.version" value="21.0.2+14-LTS"/>
    <property name="sun.io.unicode.encoding" value="UnicodeLittle"/>
    <property name="java.class.version" value="65.0"/>
    <property name="LOGGED_APPLICATION_NAME" value="[monitor-service] "/>
  </properties>
  <testcase name="contextLoads" classname="service.monitorservice.MonitorServiceApplicationTests" time="0.63">
    <system-out><![CDATA[20:21:30.881 [main] INFO org.springframework.test.context.support.AnnotationConfigContextLoaderUtils -- Could not detect default configuration classes for test class [service.monitorservice.MonitorServiceApplicationTests]: MonitorServiceApplicationTests does not declare any static, non-private, non-final, nested classes annotated with @Configuration.
20:21:31.052 [main] INFO org.springframework.boot.test.context.SpringBootTestContextBootstrapper -- Found @SpringBootConfiguration service.monitorservice.MonitorServiceApplication for test class service.monitorservice.MonitorServiceApplicationTests

  .   ____          _            __ _ _
 /\\ / ___'_ __ _ _(_)_ __  __ _ \ \ \ \
( ( )\___ | '_ | '_| | '_ \/ _` | \ \ \ \
 \\/  ___)| |_)| | | | | || (_| |  ) ) ) )
  '  |____| .__|_| |_|_| |_\__, | / / / /
 =========|_|==============|___/=/_/_/_/

 :: Spring Boot ::                (v3.4.4)

2025-04-15T20:21:31.769+07:00  INFO 18500 --- [monitor-service] [           main] s.m.MonitorServiceApplicationTests       : Starting MonitorServiceApplicationTests using Java 21.0.2 with PID 18500 (started by dangn in C:\Users\dangn\OneDrive\Documents\GitHub\WebBanking\monitorService)
2025-04-15T20:21:31.770+07:00  INFO 18500 --- [monitor-service] [           main] s.m.MonitorServiceApplicationTests       : No active profile set, falling back to 1 default profile: "default"
2025-04-15T20:21:31.817+07:00 DEBUG 18500 --- [monitor-service] [           main] o.s.w.c.s.GenericWebApplicationContext   : Refreshing org.springframework.web.context.support.GenericWebApplicationContext@3a60c416
2025-04-15T20:21:33.148+07:00  INFO 18500 --- [monitor-service] [           main] .s.d.r.c.RepositoryConfigurationDelegate : Bootstrapping Spring Data JPA repositories in DEFAULT mode.
2025-04-15T20:21:33.228+07:00  INFO 18500 --- [monitor-service] [           main] .s.d.r.c.RepositoryConfigurationDelegate : Finished Spring Data repository scanning in 66 ms. Found 1 JPA repository interface.
2025-04-15T20:21:34.421+07:00  INFO 18500 --- [monitor-service] [           main] o.hibernate.jpa.internal.util.LogHelper  : HHH000204: Processing PersistenceUnitInfo [name: default]
2025-04-15T20:21:34.518+07:00  INFO 18500 --- [monitor-service] [           main] org.hibernate.Version                    : HHH000412: Hibernate ORM core version 6.6.11.Final
2025-04-15T20:21:34.567+07:00  INFO 18500 --- [monitor-service] [           main] o.h.c.internal.RegionFactoryInitiator    : HHH000026: Second-level cache disabled
2025-04-15T20:21:35.007+07:00  INFO 18500 --- [monitor-service] [           main] o.s.o.j.p.SpringPersistenceUnitInfo      : No LoadTimeWeaver setup: ignoring JPA class transformer
2025-04-15T20:21:35.049+07:00  INFO 18500 --- [monitor-service] [           main] com.zaxxer.hikari.HikariDataSource       : HikariPool-1 - Starting...
2025-04-15T20:21:35.289+07:00  INFO 18500 --- [monitor-service] [           main] com.zaxxer.hikari.pool.HikariPool        : HikariPool-1 - Added connection com.mysql.cj.jdbc.ConnectionImpl@665ed71a
2025-04-15T20:21:35.291+07:00  INFO 18500 --- [monitor-service] [           main] com.zaxxer.hikari.HikariDataSource       : HikariPool-1 - Start completed.
2025-04-15T20:21:35.367+07:00  WARN 18500 --- [monitor-service] [           main] org.hibernate.orm.deprecation            : HHH90000025: MySQL8Dialect does not need to be specified explicitly using 'hibernate.dialect' (remove the property setting and it will be selected by default)
2025-04-15T20:21:35.367+07:00  WARN 18500 --- [monitor-service] [           main] org.hibernate.orm.deprecation            : HHH90000026: MySQL8Dialect has been deprecated; use org.hibernate.dialect.MySQLDialect instead
2025-04-15T20:21:35.388+07:00  INFO 18500 --- [monitor-service] [           main] org.hibernate.orm.connections.pooling    : HHH10001005: Database info:
	Database JDBC URL [Connecting through datasource 'HikariDataSource (HikariPool-1)']
	Database driver: undefined/unknown
	Database version: 8.0
	Autocommit mode: undefined/unknown
	Isolation level: undefined/unknown
	Minimum pool size: undefined/unknown
	Maximum pool size: undefined/unknown
2025-04-15T20:21:36.411+07:00  INFO 18500 --- [monitor-service] [           main] o.h.e.t.j.p.i.JtaPlatformInitiator       : HHH000489: No JTA platform available (set 'hibernate.transaction.jta.platform' to enable JTA platform integration)
2025-04-15T20:21:36.523+07:00  INFO 18500 --- [monitor-service] [           main] j.LocalContainerEntityManagerFactoryBean : Initialized JPA EntityManagerFactory for persistence unit 'default'
2025-04-15T20:21:36.980+07:00  INFO 18500 --- [monitor-service] [           main] o.a.kafka.common.config.AbstractConfig   : ConsumerConfig values: 
	allow.auto.create.topics = true
	auto.commit.interval.ms = 5000
	auto.offset.reset = earliest
	bootstrap.servers = [localhost:9092]
	check.crcs = true
	client.dns.lookup = use_all_dns_ips
	client.id = consumer-monitor-service-1
	client.rack = 
	connections.max.idle.ms = 540000
	default.api.timeout.ms = 60000
	enable.auto.commit = true
	enable.metrics.push = true
	exclude.internal.topics = true
	fetch.max.bytes = 52428800
	fetch.max.wait.ms = 500
	fetch.min.bytes = 1
	group.id = monitor-service
	group.instance.id = null
	group.protocol = classic
	group.remote.assignor = null
	heartbeat.interval.ms = 3000
	interceptor.classes = []
	internal.leave.group.on.close = true
	internal.throw.on.fetch.stable.offset.unsupported = false
	isolation.level = read_uncommitted
	key.deserializer = class org.apache.kafka.common.serialization.StringDeserializer
	max.partition.fetch.bytes = 1048576
	max.poll.interval.ms = 300000
	max.poll.records = 500
	metadata.max.age.ms = 300000
	metadata.recovery.rebootstrap.trigger.ms = 300000
	metadata.recovery.strategy = rebootstrap
	metric.reporters = [org.apache.kafka.common.metrics.JmxReporter]
	metrics.num.samples = 2
	metrics.recording.level = INFO
	metrics.sample.window.ms = 30000
	partition.assignment.strategy = [class org.apache.kafka.clients.consumer.RangeAssignor, class org.apache.kafka.clients.consumer.CooperativeStickyAssignor]
	receive.buffer.bytes = 65536
	reconnect.backoff.max.ms = 1000
	reconnect.backoff.ms = 50
	request.timeout.ms = 30000
	retry.backoff.max.ms = 1000
	retry.backoff.ms = 100
	sasl.client.callback.handler.class = null
	sasl.jaas.config = null
	sasl.kerberos.kinit.cmd = /usr/bin/kinit
	sasl.kerberos.min.time.before.relogin = 60000
	sasl.kerberos.service.name = null
	sasl.kerberos.ticket.renew.jitter = 0.05
	sasl.kerberos.ticket.renew.window.factor = 0.8
	sasl.login.callback.handler.class = null
	sasl.login.class = null
	sasl.login.connect.timeout.ms = null
	sasl.login.read.timeout.ms = null
	sasl.login.refresh.buffer.seconds = 300
	sasl.login.refresh.min.period.seconds = 60
	sasl.login.refresh.window.factor = 0.8
	sasl.login.refresh.window.jitter = 0.05
	sasl.login.retry.backoff.max.ms = 10000
	sasl.login.retry.backoff.ms = 100
	sasl.mechanism = GSSAPI
	sasl.oauthbearer.clock.skew.seconds = 30
	sasl.oauthbearer.expected.audience = null
	sasl.oauthbearer.expected.issuer = null
	sasl.oauthbearer.header.urlencode = false
	sasl.oauthbearer.jwks.endpoint.refresh.ms = 3600000
	sasl.oauthbearer.jwks.endpoint.retry.backoff.max.ms = 10000
	sasl.oauthbearer.jwks.endpoint.retry.backoff.ms = 100
	sasl.oauthbearer.jwks.endpoint.url = null
	sasl.oauthbearer.scope.claim.name = scope
	sasl.oauthbearer.sub.claim.name = sub
	sasl.oauthbearer.token.endpoint.url = null
	security.protocol = PLAINTEXT
	security.providers = null
	send.buffer.bytes = 131072
	session.timeout.ms = 45000
	socket.connection.setup.timeout.max.ms = 30000
	socket.connection.setup.timeout.ms = 10000
	ssl.cipher.suites = null
	ssl.enabled.protocols = [TLSv1.2, TLSv1.3]
	ssl.endpoint.identification.algorithm = https
	ssl.engine.factory.class = null
	ssl.key.password = null
	ssl.keymanager.algorithm = SunX509
	ssl.keystore.certificate.chain = null
	ssl.keystore.key = null
	ssl.keystore.location = null
	ssl.keystore.password = null
	ssl.keystore.type = JKS
	ssl.protocol = TLSv1.3
	ssl.provider = null
	ssl.secure.random.implementation = null
	ssl.trustmanager.algorithm = PKIX
	ssl.truststore.certificates = null
	ssl.truststore.location = null
	ssl.truststore.password = null
	ssl.truststore.type = JKS
	value.deserializer = class org.apache.kafka.common.serialization.StringDeserializer

2025-04-15T20:21:37.052+07:00  INFO 18500 --- [monitor-service] [           main] o.a.k.c.t.i.KafkaMetricsCollector        : initializing Kafka metrics collector
2025-04-15T20:21:37.345+07:00  INFO 18500 --- [monitor-service] [           main] o.a.kafka.common.utils.AppInfoParser     : Kafka version: 4.0.0
2025-04-15T20:21:37.346+07:00  INFO 18500 --- [monitor-service] [           main] o.a.kafka.common.utils.AppInfoParser     : Kafka commitId: 985bc99521dd22bb
2025-04-15T20:21:37.346+07:00  INFO 18500 --- [monitor-service] [           main] o.a.kafka.common.utils.AppInfoParser     : Kafka startTimeMs: 1744723297342
2025-04-15T20:21:37.354+07:00  INFO 18500 --- [monitor-service] [       Thread-2] o.a.kafka.common.config.AbstractConfig   : AdminClientConfig values: 
	bootstrap.controllers = []
	bootstrap.servers = [localhost:9092]
	client.dns.lookup = use_all_dns_ips
	client.id = 
	connections.max.idle.ms = 300000
	default.api.timeout.ms = 60000
	enable.metrics.push = false
	metadata.max.age.ms = 300000
	metadata.recovery.rebootstrap.trigger.ms = 300000
	metadata.recovery.strategy = rebootstrap
	metric.reporters = [org.apache.kafka.common.metrics.JmxReporter]
	metrics.num.samples = 2
	metrics.recording.level = INFO
	metrics.sample.window.ms = 30000
	receive.buffer.bytes = 65536
	reconnect.backoff.max.ms = 1000
	reconnect.backoff.ms = 50
	request.timeout.ms = 30000
	retries = 2147483647
	retry.backoff.max.ms = 1000
	retry.backoff.ms = 100
	sasl.client.callback.handler.class = null
	sasl.jaas.config = null
	sasl.kerberos.kinit.cmd = /usr/bin/kinit
	sasl.kerberos.min.time.before.relogin = 60000
	sasl.kerberos.service.name = null
	sasl.kerberos.ticket.renew.jitter = 0.05
	sasl.kerberos.ticket.renew.window.factor = 0.8
	sasl.login.callback.handler.class = null
	sasl.login.class = null
	sasl.login.connect.timeout.ms = null
	sasl.login.read.timeout.ms = null
	sasl.login.refresh.buffer.seconds = 300
	sasl.login.refresh.min.period.seconds = 60
	sasl.login.refresh.window.factor = 0.8
	sasl.login.refresh.window.jitter = 0.05
	sasl.login.retry.backoff.max.ms = 10000
	sasl.login.retry.backoff.ms = 100
	sasl.mechanism = GSSAPI
	sasl.oauthbearer.clock.skew.seconds = 30
	sasl.oauthbearer.expected.audience = null
	sasl.oauthbearer.expected.issuer = null
	sasl.oauthbearer.header.urlencode = false
	sasl.oauthbearer.jwks.endpoint.refresh.ms = 3600000
	sasl.oauthbearer.jwks.endpoint.retry.backoff.max.ms = 10000
	sasl.oauthbearer.jwks.endpoint.retry.backoff.ms = 100
	sasl.oauthbearer.jwks.endpoint.url = null
	sasl.oauthbearer.scope.claim.name = scope
	sasl.oauthbearer.sub.claim.name = sub
	sasl.oauthbearer.token.endpoint.url = null
	security.protocol = PLAINTEXT
	security.providers = null
	send.buffer.bytes = 131072
	socket.connection.setup.timeout.max.ms = 30000
	socket.connection.setup.timeout.ms = 10000
	ssl.cipher.suites = null
	ssl.enabled.protocols = [TLSv1.2, TLSv1.3]
	ssl.endpoint.identification.algorithm = https
	ssl.engine.factory.class = null
	ssl.key.password = null
	ssl.keymanager.algorithm = SunX509
	ssl.keystore.certificate.chain = null
	ssl.keystore.key = null
	ssl.keystore.location = null
	ssl.keystore.password = null
	ssl.keystore.type = JKS
	ssl.protocol = TLSv1.3
	ssl.provider = null
	ssl.secure.random.implementation = null
	ssl.trustmanager.algorithm = PKIX
	ssl.truststore.certificates = null
	ssl.truststore.location = null
	ssl.truststore.password = null
	ssl.truststore.type = JKS

2025-04-15T20:21:37.399+07:00  INFO 18500 --- [monitor-service] [           main] s.m.service.LogAggregationService        : Log aggregation service initialized with retention period of 24 hours
2025-04-15T20:21:37.408+07:00  INFO 18500 --- [monitor-service] [       Thread-2] o.a.kafka.common.utils.AppInfoParser     : Kafka version: 4.0.0
2025-04-15T20:21:37.408+07:00  INFO 18500 --- [monitor-service] [       Thread-2] o.a.kafka.common.utils.AppInfoParser     : Kafka commitId: 985bc99521dd22bb
2025-04-15T20:21:37.408+07:00  INFO 18500 --- [monitor-service] [       Thread-2] o.a.kafka.common.utils.AppInfoParser     : Kafka startTimeMs: 1744723297408
2025-04-15T20:21:37.430+07:00  INFO 18500 --- [monitor-service] [| adminclient-1] org.apache.kafka.clients.NetworkClient   : [AdminClient clientId=adminclient-1] Node -1 disconnected.
2025-04-15T20:21:37.431+07:00  WARN 18500 --- [monitor-service] [| adminclient-1] org.apache.kafka.clients.NetworkClient   : [AdminClient clientId=adminclient-1] Connection to node -1 (localhost/127.0.0.1:9092) could not be established. Node may not be available.
2025-04-15T20:21:37.438+07:00  INFO 18500 --- [monitor-service] [| adminclient-1] o.a.k.c.a.i.AdminMetadataManager         : [AdminClient clientId=adminclient-1] Rebootstrapping with Cluster(id = null, nodes = [localhost:9092 (id: -1 rack: null isFenced: false)], partitions = [], controller = null)
2025-04-15T20:21:37.525+07:00  INFO 18500 --- [monitor-service] [| adminclient-1] org.apache.kafka.clients.NetworkClient   : [AdminClient clientId=adminclient-1] Node -1 disconnected.
2025-04-15T20:21:37.525+07:00  WARN 18500 --- [monitor-service] [| adminclient-1] org.apache.kafka.clients.NetworkClient   : [AdminClient clientId=adminclient-1] Connection to node -1 (localhost/127.0.0.1:9092) could not be established. Node may not be available.
2025-04-15T20:21:37.525+07:00  INFO 18500 --- [monitor-service] [| adminclient-1] o.a.k.c.a.i.AdminMetadataManager         : [AdminClient clientId=adminclient-1] Rebootstrapping with Cluster(id = null, nodes = [localhost:9092 (id: -1 rack: null isFenced: false)], partitions = [], controller = null)
2025-04-15T20:21:37.526+07:00  INFO 18500 --- [monitor-service] [| adminclient-1] o.a.k.c.a.i.AdminMetadataManager         : [AdminClient clientId=adminclient-1] Rebootstrapping with Cluster(id = null, nodes = [localhost:9092 (id: -1 rack: null isFenced: false)], partitions = [], controller = null)
2025-04-15T20:21:37.634+07:00  INFO 18500 --- [monitor-service] [| adminclient-1] org.apache.kafka.clients.NetworkClient   : [AdminClient clientId=adminclient-1] Node -1 disconnected.
2025-04-15T20:21:37.634+07:00  WARN 18500 --- [monitor-service] [| adminclient-1] org.apache.kafka.clients.NetworkClient   : [AdminClient clientId=adminclient-1] Connection to node -1 (localhost/127.0.0.1:9092) could not be established. Node may not be available.
2025-04-15T20:21:37.634+07:00  INFO 18500 --- [monitor-service] [| adminclient-1] o.a.k.c.a.i.AdminMetadataManager         : [AdminClient clientId=adminclient-1] Rebootstrapping with Cluster(id = null, nodes = [localhost:9092 (id: -1 rack: null isFenced: false)], partitions = [], controller = null)
2025-04-15T20:21:37.634+07:00  INFO 18500 --- [monitor-service] [| adminclient-1] o.a.k.c.a.i.AdminMetadataManager         : [AdminClient clientId=adminclient-1] Rebootstrapping with Cluster(id = null, nodes = [localhost:9092 (id: -1 rack: null isFenced: false)], partitions = [], controller = null)
2025-04-15T20:21:37.634+07:00  INFO 18500 --- [monitor-service] [| adminclient-1] o.a.k.c.a.i.AdminMetadataManager         : [AdminClient clientId=adminclient-1] Rebootstrapping with Cluster(id = null, nodes = [localhost:9092 (id: -1 rack: null isFenced: false)], partitions = [], controller = null)
2025-04-15T20:21:37.741+07:00  INFO 18500 --- [monitor-service] [| adminclient-1] o.a.k.c.a.i.AdminMetadataManager         : [AdminClient clientId=adminclient-1] Rebootstrapping with Cluster(id = null, nodes = [localhost:9092 (id: -1 rack: null isFenced: false)], partitions = [], controller = null)
2025-04-15T20:21:37.741+07:00  INFO 18500 --- [monitor-service] [| adminclient-1] o.a.k.c.a.i.AdminMetadataManager         : [AdminClient clientId=adminclient-1] Rebootstrapping with Cluster(id = null, nodes = [localhost:9092 (id: -1 rack: null isFenced: false)], partitions = [], controller = null)
2025-04-15T20:21:37.741+07:00  INFO 18500 --- [monitor-service] [| adminclient-1] o.a.k.c.a.i.AdminMetadataManager         : [AdminClient clientId=adminclient-1] Rebootstrapping with Cluster(id = null, nodes = [localhost:9092 (id: -1 rack: null isFenced: false)], partitions = [], controller = null)
2025-04-15T20:21:37.741+07:00  INFO 18500 --- [monitor-service] [| adminclient-1] o.a.k.c.a.i.AdminMetadataManager         : [AdminClient clientId=adminclient-1] Rebootstrapping with Cluster(id = null, nodes = [localhost:9092 (id: -1 rack: null isFenced: false)], partitions = [], controller = null)
2025-04-15T20:21:37.850+07:00  INFO 18500 --- [monitor-service] [| adminclient-1] o.a.k.c.a.i.AdminMetadataManager         : [AdminClient clientId=adminclient-1] Rebootstrapping with Cluster(id = null, nodes = [localhost:9092 (id: -1 rack: null isFenced: false)], partitions = [], controller = null)
2025-04-15T20:21:37.850+07:00  INFO 18500 --- [monitor-service] [| adminclient-1] o.a.k.c.a.i.AdminMetadataManager         : [AdminClient clientId=adminclient-1] Rebootstrapping with Cluster(id = null, nodes = [localhost:9092 (id: -1 rack: null isFenced: false)], partitions = [], controller = null)
2025-04-15T20:21:37.851+07:00  INFO 18500 --- [monitor-service] [| adminclient-1] o.a.k.c.a.i.AdminMetadataManager         : [AdminClient clientId=adminclient-1] Rebootstrapping with Cluster(id = null, nodes = [localhost:9092 (id: -1 rack: null isFenced: false)], partitions = [], controller = null)
2025-04-15T20:21:37.851+07:00  INFO 18500 --- [monitor-service] [| adminclient-1] o.a.k.c.a.i.AdminMetadataManager         : [AdminClient clientId=adminclient-1] Rebootstrapping with Cluster(id = null, nodes = [localhost:9092 (id: -1 rack: null isFenced: false)], partitions = [], controller = null)
2025-04-15T20:21:37.851+07:00  INFO 18500 --- [monitor-service] [| adminclient-1] o.a.k.c.a.i.AdminMetadataManager         : [AdminClient clientId=adminclient-1] Rebootstrapping with Cluster(id = null, nodes = [localhost:9092 (id: -1 rack: null isFenced: false)], partitions = [], controller = null)
2025-04-15T20:21:37.962+07:00  INFO 18500 --- [monitor-service] [| adminclient-1] org.apache.kafka.clients.NetworkClient   : [AdminClient clientId=adminclient-1] Node -1 disconnected.
2025-04-15T20:21:37.962+07:00  WARN 18500 --- [monitor-service] [| adminclient-1] org.apache.kafka.clients.NetworkClient   : [AdminClient clientId=adminclient-1] Connection to node -1 (localhost/127.0.0.1:9092) could not be established. Node may not be available.
2025-04-15T20:21:37.962+07:00  INFO 18500 --- [monitor-service] [| adminclient-1] o.a.k.c.a.i.AdminMetadataManager         : [AdminClient clientId=adminclient-1] Rebootstrapping with Cluster(id = null, nodes = [localhost:9092 (id: -1 rack: null isFenced: false)], partitions = [], controller = null)
2025-04-15T20:21:37.963+07:00  INFO 18500 --- [monitor-service] [| adminclient-1] o.a.k.c.a.i.AdminMetadataManager         : [AdminClient clientId=adminclient-1] Rebootstrapping with Cluster(id = null, nodes = [localhost:9092 (id: -1 rack: null isFenced: false)], partitions = [], controller = null)
2025-04-15T20:21:37.963+07:00  INFO 18500 --- [monitor-service] [| adminclient-1] o.a.k.c.a.i.AdminMetadataManager         : [AdminClient clientId=adminclient-1] Rebootstrapping with Cluster(id = null, nodes = [localhost:9092 (id: -1 rack: null isFenced: false)], partitions = [], controller = null)
2025-04-15T20:21:37.963+07:00  INFO 18500 --- [monitor-service] [| adminclient-1] o.a.k.c.a.i.AdminMetadataManager         : [AdminClient clientId=adminclient-1] Rebootstrapping with Cluster(id = null, nodes = [localhost:9092 (id: -1 rack: null isFenced: false)], partitions = [], controller = null)
2025-04-15T20:21:37.963+07:00  INFO 18500 --- [monitor-service] [| adminclient-1] o.a.k.c.a.i.AdminMetadataManager         : [AdminClient clientId=adminclient-1] Rebootstrapping with Cluster(id = null, nodes = [localhost:9092 (id: -1 rack: null isFenced: false)], partitions = [], controller = null)
2025-04-15T20:21:37.963+07:00  INFO 18500 --- [monitor-service] [| adminclient-1] o.a.k.c.a.i.AdminMetadataManager         : [AdminClient clientId=adminclient-1] Rebootstrapping with Cluster(id = null, nodes = [localhost:9092 (id: -1 rack: null isFenced: false)], partitions = [], controller = null)
2025-04-15T20:21:37.971+07:00  INFO 18500 --- [monitor-service] [           main] o.s.d.j.r.query.QueryEnhancerFactory     : Hibernate is in classpath; If applicable, HQL parser will be used.
2025-04-15T20:21:38.070+07:00  INFO 18500 --- [monitor-service] [| adminclient-1] o.a.k.c.a.i.AdminMetadataManager         : [AdminClient clientId=adminclient-1] Rebootstrapping with Cluster(id = null, nodes = [localhost:9092 (id: -1 rack: null isFenced: false)], partitions = [], controller = null)
2025-04-15T20:21:38.070+07:00  INFO 18500 --- [monitor-service] [| adminclient-1] o.a.k.c.a.i.AdminMetadataManager         : [AdminClient clientId=adminclient-1] Rebootstrapping with Cluster(id = null, nodes = [localhost:9092 (id: -1 rack: null isFenced: false)], partitions = [], controller = null)
2025-04-15T20:21:38.071+07:00  INFO 18500 --- [monitor-service] [| adminclient-1] o.a.k.c.a.i.AdminMetadataManager         : [AdminClient clientId=adminclient-1] Rebootstrapping with Cluster(id = null, nodes = [localhost:9092 (id: -1 rack: null isFenced: false)], partitions = [], controller = null)
2025-04-15T20:21:38.071+07:00  INFO 18500 --- [monitor-service] [| adminclient-1] o.a.k.c.a.i.AdminMetadataManager         : [AdminClient clientId=adminclient-1] Rebootstrapping with Cluster(id = null, nodes = [localhost:9092 (id: -1 rack: null isFenced: false)], partitions = [], controller = null)
2025-04-15T20:21:38.071+07:00  INFO 18500 --- [monitor-service] [| adminclient-1] o.a.k.c.a.i.AdminMetadataManager         : [AdminClient clientId=adminclient-1] Rebootstrapping with Cluster(id = null, nodes = [localhost:9092 (id: -1 rack: null isFenced: false)], partitions = [], controller = null)
2025-04-15T20:21:38.071+07:00  INFO 18500 --- [monitor-service] [| adminclient-1] o.a.k.c.a.i.AdminMetadataManager         : [AdminClient clientId=adminclient-1] Rebootstrapping with Cluster(id = null, nodes = [localhost:9092 (id: -1 rack: null isFenced: false)], partitions = [], controller = null)
2025-04-15T20:21:38.071+07:00  INFO 18500 --- [monitor-service] [| adminclient-1] o.a.k.c.a.i.AdminMetadataManager         : [AdminClient clientId=adminclient-1] Rebootstrapping with Cluster(id = null, nodes = [localhost:9092 (id: -1 rack: null isFenced: false)], partitions = [], controller = null)
2025-04-15T20:21:38.172+07:00  INFO 18500 --- [monitor-service] [| adminclient-1] o.a.k.c.a.i.AdminMetadataManager         : [AdminClient clientId=adminclient-1] Rebootstrapping with Cluster(id = null, nodes = [localhost:9092 (id: -1 rack: null isFenced: false)], partitions = [], controller = null)
2025-04-15T20:21:38.172+07:00  INFO 18500 --- [monitor-service] [| adminclient-1] o.a.k.c.a.i.AdminMetadataManager         : [AdminClient clientId=adminclient-1] Rebootstrapping with Cluster(id = null, nodes = [localhost:9092 (id: -1 rack: null isFenced: false)], partitions = [], controller = null)
2025-04-15T20:21:38.172+07:00  INFO 18500 --- [monitor-service] [| adminclient-1] o.a.k.c.a.i.AdminMetadataManager         : [AdminClient clientId=adminclient-1] Rebootstrapping with Cluster(id = null, nodes = [localhost:9092 (id: -1 rack: null isFenced: false)], partitions = [], controller = null)
2025-04-15T20:21:38.172+07:00  INFO 18500 --- [monitor-service] [| adminclient-1] o.a.k.c.a.i.AdminMetadataManager         : [AdminClient clientId=adminclient-1] Rebootstrapping with Cluster(id = null, nodes = [localhost:9092 (id: -1 rack: null isFenced: false)], partitions = [], controller = null)
2025-04-15T20:21:38.173+07:00  INFO 18500 --- [monitor-service] [| adminclient-1] o.a.k.c.a.i.AdminMetadataManager         : [AdminClient clientId=adminclient-1] Rebootstrapping with Cluster(id = null, nodes = [localhost:9092 (id: -1 rack: null isFenced: false)], partitions = [], controller = null)
2025-04-15T20:21:38.173+07:00  INFO 18500 --- [monitor-service] [| adminclient-1] o.a.k.c.a.i.AdminMetadataManager         : [AdminClient clientId=adminclient-1] Rebootstrapping with Cluster(id = null, nodes = [localhost:9092 (id: -1 rack: null isFenced: false)], partitions = [], controller = null)
2025-04-15T20:21:38.174+07:00  INFO 18500 --- [monitor-service] [| adminclient-1] o.a.k.c.a.i.AdminMetadataManager         : [AdminClient clientId=adminclient-1] Rebootstrapping with Cluster(id = null, nodes = [localhost:9092 (id: -1 rack: null isFenced: false)], partitions = [], controller = null)
2025-04-15T20:21:38.174+07:00  INFO 18500 --- [monitor-service] [| adminclient-1] o.a.k.c.a.i.AdminMetadataManager         : [AdminClient clientId=adminclient-1] Rebootstrapping with Cluster(id = null, nodes = [localhost:9092 (id: -1 rack: null isFenced: false)], partitions = [], controller = null)
2025-04-15T20:21:38.285+07:00  INFO 18500 --- [monitor-service] [| adminclient-1] o.a.k.c.a.i.AdminMetadataManager         : [AdminClient clientId=adminclient-1] Rebootstrapping with Cluster(id = null, nodes = [localhost:9092 (id: -1 rack: null isFenced: false)], partitions = [], controller = null)
2025-04-15T20:21:38.287+07:00  INFO 18500 --- [monitor-service] [| adminclient-1] o.a.k.c.a.i.AdminMetadataManager         : [AdminClient clientId=adminclient-1] Rebootstrapping with Cluster(id = null, nodes = [localhost:9092 (id: -1 rack: null isFenced: false)], partitions = [], controller = null)
2025-04-15T20:21:38.287+07:00  INFO 18500 --- [monitor-service] [| adminclient-1] o.a.k.c.a.i.AdminMetadataManager         : [AdminClient clientId=adminclient-1] Rebootstrapping with Cluster(id = null, nodes = [localhost:9092 (id: -1 rack: null isFenced: false)], partitions = [], controller = null)
2025-04-15T20:21:38.287+07:00  INFO 18500 --- [monitor-service] [| adminclient-1] o.a.k.c.a.i.AdminMetadataManager         : [AdminClient clientId=adminclient-1] Rebootstrapping with Cluster(id = null, nodes = [localhost:9092 (id: -1 rack: null isFenced: false)], partitions = [], controller = null)
2025-04-15T20:21:38.287+07:00  INFO 18500 --- [monitor-service] [| adminclient-1] o.a.k.c.a.i.AdminMetadataManager         : [AdminClient clientId=adminclient-1] Rebootstrapping with Cluster(id = null, nodes = [localhost:9092 (id: -1 rack: null isFenced: false)], partitions = [], controller = null)
2025-04-15T20:21:38.287+07:00  INFO 18500 --- [monitor-service] [| adminclient-1] o.a.k.c.a.i.AdminMetadataManager         : [AdminClient clientId=adminclient-1] Rebootstrapping with Cluster(id = null, nodes = [localhost:9092 (id: -1 rack: null isFenced: false)], partitions = [], controller = null)
2025-04-15T20:21:38.288+07:00  INFO 18500 --- [monitor-service] [| adminclient-1] o.a.k.c.a.i.AdminMetadataManager         : [AdminClient clientId=adminclient-1] Rebootstrapping with Cluster(id = null, nodes = [localhost:9092 (id: -1 rack: null isFenced: false)], partitions = [], controller = null)
2025-04-15T20:21:38.288+07:00  INFO 18500 --- [monitor-service] [| adminclient-1] o.a.k.c.a.i.AdminMetadataManager         : [AdminClient clientId=adminclient-1] Rebootstrapping with Cluster(id = null, nodes = [localhost:9092 (id: -1 rack: null isFenced: false)], partitions = [], controller = null)
2025-04-15T20:21:38.288+07:00  INFO 18500 --- [monitor-service] [| adminclient-1] o.a.k.c.a.i.AdminMetadataManager         : [AdminClient clientId=adminclient-1] Rebootstrapping with Cluster(id = null, nodes = [localhost:9092 (id: -1 rack: null isFenced: false)], partitions = [], controller = null)
2025-04-15T20:21:38.388+07:00  INFO 18500 --- [monitor-service] [| adminclient-1] o.a.k.c.a.i.AdminMetadataManager         : [AdminClient clientId=adminclient-1] Rebootstrapping with Cluster(id = null, nodes = [localhost:9092 (id: -1 rack: null isFenced: false)], partitions = [], controller = null)
2025-04-15T20:21:38.388+07:00  INFO 18500 --- [monitor-service] [| adminclient-1] o.a.k.c.a.i.AdminMetadataManager         : [AdminClient clientId=adminclient-1] Rebootstrapping with Cluster(id = null, nodes = [localhost:9092 (id: -1 rack: null isFenced: false)], partitions = [], controller = null)
2025-04-15T20:21:38.389+07:00  INFO 18500 --- [monitor-service] [| adminclient-1] o.a.k.c.a.i.AdminMetadataManager         : [AdminClient clientId=adminclient-1] Rebootstrapping with Cluster(id = null, nodes = [localhost:9092 (id: -1 rack: null isFenced: false)], partitions = [], controller = null)
2025-04-15T20:21:38.389+07:00  INFO 18500 --- [monitor-service] [| adminclient-1] o.a.k.c.a.i.AdminMetadataManager         : [AdminClient clientId=adminclient-1] Rebootstrapping with Cluster(id = null, nodes = [localhost:9092 (id: -1 rack: null isFenced: false)], partitions = [], controller = null)
2025-04-15T20:21:38.389+07:00  INFO 18500 --- [monitor-service] [| adminclient-1] o.a.k.c.a.i.AdminMetadataManager         : [AdminClient clientId=adminclient-1] Rebootstrapping with Cluster(id = null, nodes = [localhost:9092 (id: -1 rack: null isFenced: false)], partitions = [], controller = null)
2025-04-15T20:21:38.389+07:00  INFO 18500 --- [monitor-service] [| adminclient-1] o.a.k.c.a.i.AdminMetadataManager         : [AdminClient clientId=adminclient-1] Rebootstrapping with Cluster(id = null, nodes = [localhost:9092 (id: -1 rack: null isFenced: false)], partitions = [], controller = null)
2025-04-15T20:21:38.389+07:00  INFO 18500 --- [monitor-service] [| adminclient-1] o.a.k.c.a.i.AdminMetadataManager         : [AdminClient clientId=adminclient-1] Rebootstrapping with Cluster(id = null, nodes = [localhost:9092 (id: -1 rack: null isFenced: false)], partitions = [], controller = null)
2025-04-15T20:21:38.389+07:00  INFO 18500 --- [monitor-service] [| adminclient-1] o.a.k.c.a.i.AdminMetadataManager         : [AdminClient clientId=adminclient-1] Rebootstrapping with Cluster(id = null, nodes = [localhost:9092 (id: -1 rack: null isFenced: false)], partitions = [], controller = null)
2025-04-15T20:21:38.390+07:00  INFO 18500 --- [monitor-service] [| adminclient-1] o.a.k.c.a.i.AdminMetadataManager         : [AdminClient clientId=adminclient-1] Rebootstrapping with Cluster(id = null, nodes = [localhost:9092 (id: -1 rack: null isFenced: false)], partitions = [], controller = null)
2025-04-15T20:21:38.390+07:00  INFO 18500 --- [monitor-service] [| adminclient-1] o.a.k.c.a.i.AdminMetadataManager         : [AdminClient clientId=adminclient-1] Rebootstrapping with Cluster(id = null, nodes = [localhost:9092 (id: -1 rack: null isFenced: false)], partitions = [], controller = null)
2025-04-15T20:21:38.491+07:00  INFO 18500 --- [monitor-service] [| adminclient-1] org.apache.kafka.clients.NetworkClient   : [AdminClient clientId=adminclient-1] Node -1 disconnected.
2025-04-15T20:21:38.491+07:00  WARN 18500 --- [monitor-service] [| adminclient-1] org.apache.kafka.clients.NetworkClient   : [AdminClient clientId=adminclient-1] Connection to node -1 (localhost/127.0.0.1:9092) could not be established. Node may not be available.
2025-04-15T20:21:38.492+07:00  INFO 18500 --- [monitor-service] [| adminclient-1] o.a.k.c.a.i.AdminMetadataManager         : [AdminClient clientId=adminclient-1] Rebootstrapping with Cluster(id = null, nodes = [localhost:9092 (id: -1 rack: null isFenced: false)], partitions = [], controller = null)
2025-04-15T20:21:38.492+07:00  INFO 18500 --- [monitor-service] [| adminclient-1] o.a.k.c.a.i.AdminMetadataManager         : [AdminClient clientId=adminclient-1] Rebootstrapping with Cluster(id = null, nodes = [localhost:9092 (id: -1 rack: null isFenced: false)], partitions = [], controller = null)
2025-04-15T20:21:38.492+07:00  INFO 18500 --- [monitor-service] [| adminclient-1] o.a.k.c.a.i.AdminMetadataManager         : [AdminClient clientId=adminclient-1] Rebootstrapping with Cluster(id = null, nodes = [localhost:9092 (id: -1 rack: null isFenced: false)], partitions = [], controller = null)
2025-04-15T20:21:38.492+07:00  INFO 18500 --- [monitor-service] [| adminclient-1] o.a.k.c.a.i.AdminMetadataManager         : [AdminClient clientId=adminclient-1] Rebootstrapping with Cluster(id = null, nodes = [localhost:9092 (id: -1 rack: null isFenced: false)], partitions = [], controller = null)
2025-04-15T20:21:38.492+07:00  INFO 18500 --- [monitor-service] [| adminclient-1] o.a.k.c.a.i.AdminMetadataManager         : [AdminClient clientId=adminclient-1] Rebootstrapping with Cluster(id = null, nodes = [localhost:9092 (id: -1 rack: null isFenced: false)], partitions = [], controller = null)
2025-04-15T20:21:38.492+07:00  INFO 18500 --- [monitor-service] [| adminclient-1] o.a.k.c.a.i.AdminMetadataManager         : [AdminClient clientId=adminclient-1] Rebootstrapping with Cluster(id = null, nodes = [localhost:9092 (id: -1 rack: null isFenced: false)], partitions = [], controller = null)
2025-04-15T20:21:38.492+07:00  INFO 18500 --- [monitor-service] [| adminclient-1] o.a.k.c.a.i.AdminMetadataManager         : [AdminClient clientId=adminclient-1] Rebootstrapping with Cluster(id = null, nodes = [localhost:9092 (id: -1 rack: null isFenced: false)], partitions = [], controller = null)
2025-04-15T20:21:38.492+07:00  INFO 18500 --- [monitor-service] [| adminclient-1] o.a.k.c.a.i.AdminMetadataManager         : [AdminClient clientId=adminclient-1] Rebootstrapping with Cluster(id = null, nodes = [localhost:9092 (id: -1 rack: null isFenced: false)], partitions = [], controller = null)
2025-04-15T20:21:38.492+07:00  INFO 18500 --- [monitor-service] [| adminclient-1] o.a.k.c.a.i.AdminMetadataManager         : [AdminClient clientId=adminclient-1] Rebootstrapping with Cluster(id = null, nodes = [localhost:9092 (id: -1 rack: null isFenced: false)], partitions = [], controller = null)
2025-04-15T20:21:38.492+07:00  INFO 18500 --- [monitor-service] [| adminclient-1] o.a.k.c.a.i.AdminMetadataManager         : [AdminClient clientId=adminclient-1] Rebootstrapping with Cluster(id = null, nodes = [localhost:9092 (id: -1 rack: null isFenced: false)], partitions = [], controller = null)
2025-04-15T20:21:38.492+07:00  INFO 18500 --- [monitor-service] [| adminclient-1] o.a.k.c.a.i.AdminMetadataManager         : [AdminClient clientId=adminclient-1] Rebootstrapping with Cluster(id = null, nodes = [localhost:9092 (id: -1 rack: null isFenced: false)], partitions = [], controller = null)
2025-04-15T20:21:38.593+07:00  INFO 18500 --- [monitor-service] [| adminclient-1] o.a.k.c.a.i.AdminMetadataManager         : [AdminClient clientId=adminclient-1] Rebootstrapping with Cluster(id = null, nodes = [localhost:9092 (id: -1 rack: null isFenced: false)], partitions = [], controller = null)
2025-04-15T20:21:38.593+07:00  INFO 18500 --- [monitor-service] [| adminclient-1] o.a.k.c.a.i.AdminMetadataManager         : [AdminClient clientId=adminclient-1] Rebootstrapping with Cluster(id = null, nodes = [localhost:9092 (id: -1 rack: null isFenced: false)], partitions = [], controller = null)
2025-04-15T20:21:38.593+07:00  INFO 18500 --- [monitor-service] [| adminclient-1] o.a.k.c.a.i.AdminMetadataManager         : [AdminClient clientId=adminclient-1] Rebootstrapping with Cluster(id = null, nodes = [localhost:9092 (id: -1 rack: null isFenced: false)], partitions = [], controller = null)
2025-04-15T20:21:38.593+07:00  INFO 18500 --- [monitor-service] [| adminclient-1] o.a.k.c.a.i.AdminMetadataManager         : [AdminClient clientId=adminclient-1] Rebootstrapping with Cluster(id = null, nodes = [localhost:9092 (id: -1 rack: null isFenced: false)], partitions = [], controller = null)
2025-04-15T20:21:38.593+07:00  INFO 18500 --- [monitor-service] [| adminclient-1] o.a.k.c.a.i.AdminMetadataManager         : [AdminClient clientId=adminclient-1] Rebootstrapping with Cluster(id = null, nodes = [localhost:9092 (id: -1 rack: null isFenced: false)], partitions = [], controller = null)
2025-04-15T20:21:38.593+07:00  INFO 18500 --- [monitor-service] [| adminclient-1] o.a.k.c.a.i.AdminMetadataManager         : [AdminClient clientId=adminclient-1] Rebootstrapping with Cluster(id = null, nodes = [localhost:9092 (id: -1 rack: null isFenced: false)], partitions = [], controller = null)
2025-04-15T20:21:38.593+07:00  INFO 18500 --- [monitor-service] [| adminclient-1] o.a.k.c.a.i.AdminMetadataManager         : [AdminClient clientId=adminclient-1] Rebootstrapping with Cluster(id = null, nodes = [localhost:9092 (id: -1 rack: null isFenced: false)], partitions = [], controller = null)
2025-04-15T20:21:38.593+07:00  INFO 18500 --- [monitor-service] [| adminclient-1] o.a.k.c.a.i.AdminMetadataManager         : [AdminClient clientId=adminclient-1] Rebootstrapping with Cluster(id = null, nodes = [localhost:9092 (id: -1 rack: null isFenced: false)], partitions = [], controller = null)
2025-04-15T20:21:38.594+07:00  INFO 18500 --- [monitor-service] [| adminclient-1] o.a.k.c.a.i.AdminMetadataManager         : [AdminClient clientId=adminclient-1] Rebootstrapping with Cluster(id = null, nodes = [localhost:9092 (id: -1 rack: null isFenced: false)], partitions = [], controller = null)
2025-04-15T20:21:38.594+07:00  INFO 18500 --- [monitor-service] [| adminclient-1] o.a.k.c.a.i.AdminMetadataManager         : [AdminClient clientId=adminclient-1] Rebootstrapping with Cluster(id = null, nodes = [localhost:9092 (id: -1 rack: null isFenced: false)], partitions = [], controller = null)
2025-04-15T20:21:38.594+07:00  INFO 18500 --- [monitor-service] [| adminclient-1] o.a.k.c.a.i.AdminMetadataManager         : [AdminClient clientId=adminclient-1] Rebootstrapping with Cluster(id = null, nodes = [localhost:9092 (id: -1 rack: null isFenced: false)], partitions = [], controller = null)
2025-04-15T20:21:38.594+07:00  INFO 18500 --- [monitor-service] [| adminclient-1] o.a.k.c.a.i.AdminMetadataManager         : [AdminClient clientId=adminclient-1] Rebootstrapping with Cluster(id = null, nodes = [localhost:9092 (id: -1 rack: null isFenced: false)], partitions = [], controller = null)
2025-04-15T20:21:38.694+07:00  INFO 18500 --- [monitor-service] [| adminclient-1] o.a.k.c.a.i.AdminMetadataManager         : [AdminClient clientId=adminclient-1] Rebootstrapping with Cluster(id = null, nodes = [localhost:9092 (id: -1 rack: null isFenced: false)], partitions = [], controller = null)
2025-04-15T20:21:38.694+07:00  INFO 18500 --- [monitor-service] [| adminclient-1] o.a.k.c.a.i.AdminMetadataManager         : [AdminClient clientId=adminclient-1] Rebootstrapping with Cluster(id = null, nodes = [localhost:9092 (id: -1 rack: null isFenced: false)], partitions = [], controller = null)
2025-04-15T20:21:38.694+07:00  INFO 18500 --- [monitor-service] [| adminclient-1] o.a.k.c.a.i.AdminMetadataManager         : [AdminClient clientId=adminclient-1] Rebootstrapping with Cluster(id = null, nodes = [localhost:9092 (id: -1 rack: null isFenced: false)], partitions = [], controller = null)
2025-04-15T20:21:38.694+07:00  INFO 18500 --- [monitor-service] [| adminclient-1] o.a.k.c.a.i.AdminMetadataManager         : [AdminClient clientId=adminclient-1] Rebootstrapping with Cluster(id = null, nodes = [localhost:9092 (id: -1 rack: null isFenced: false)], partitions = [], controller = null)
2025-04-15T20:21:38.694+07:00  INFO 18500 --- [monitor-service] [| adminclient-1] o.a.k.c.a.i.AdminMetadataManager         : [AdminClient clientId=adminclient-1] Rebootstrapping with Cluster(id = null, nodes = [localhost:9092 (id: -1 rack: null isFenced: false)], partitions = [], controller = null)
2025-04-15T20:21:38.694+07:00  INFO 18500 --- [monitor-service] [| adminclient-1] o.a.k.c.a.i.AdminMetadataManager         : [AdminClient clientId=adminclient-1] Rebootstrapping with Cluster(id = null, nodes = [localhost:9092 (id: -1 rack: null isFenced: false)], partitions = [], controller = null)
2025-04-15T20:21:38.695+07:00  INFO 18500 --- [monitor-service] [| adminclient-1] o.a.k.c.a.i.AdminMetadataManager         : [AdminClient clientId=adminclient-1] Rebootstrapping with Cluster(id = null, nodes = [localhost:9092 (id: -1 rack: null isFenced: false)], partitions = [], controller = null)
2025-04-15T20:21:38.695+07:00  INFO 18500 --- [monitor-service] [| adminclient-1] o.a.k.c.a.i.AdminMetadataManager         : [AdminClient clientId=adminclient-1] Rebootstrapping with Cluster(id = null, nodes = [localhost:9092 (id: -1 rack: null isFenced: false)], partitions = [], controller = null)
2025-04-15T20:21:38.695+07:00  INFO 18500 --- [monitor-service] [| adminclient-1] o.a.k.c.a.i.AdminMetadataManager         : [AdminClient clientId=adminclient-1] Rebootstrapping with Cluster(id = null, nodes = [localhost:9092 (id: -1 rack: null isFenced: false)], partitions = [], controller = null)
2025-04-15T20:21:38.695+07:00  INFO 18500 --- [monitor-service] [| adminclient-1] o.a.k.c.a.i.AdminMetadataManager         : [AdminClient clientId=adminclient-1] Rebootstrapping with Cluster(id = null, nodes = [localhost:9092 (id: -1 rack: null isFenced: false)], partitions = [], controller = null)
2025-04-15T20:21:38.695+07:00  INFO 18500 --- [monitor-service] [| adminclient-1] o.a.k.c.a.i.AdminMetadataManager         : [AdminClient clientId=adminclient-1] Rebootstrapping with Cluster(id = null, nodes = [localhost:9092 (id: -1 rack: null isFenced: false)], partitions = [], controller = null)
2025-04-15T20:21:38.695+07:00  INFO 18500 --- [monitor-service] [| adminclient-1] o.a.k.c.a.i.AdminMetadataManager         : [AdminClient clientId=adminclient-1] Rebootstrapping with Cluster(id = null, nodes = [localhost:9092 (id: -1 rack: null isFenced: false)], partitions = [], controller = null)
2025-04-15T20:21:38.695+07:00  INFO 18500 --- [monitor-service] [| adminclient-1] o.a.k.c.a.i.AdminMetadataManager         : [AdminClient clientId=adminclient-1] Rebootstrapping with Cluster(id = null, nodes = [localhost:9092 (id: -1 rack: null isFenced: false)], partitions = [], controller = null)
2025-04-15T20:21:38.796+07:00  INFO 18500 --- [monitor-service] [| adminclient-1] o.a.k.c.a.i.AdminMetadataManager         : [AdminClient clientId=adminclient-1] Rebootstrapping with Cluster(id = null, nodes = [localhost:9092 (id: -1 rack: null isFenced: false)], partitions = [], controller = null)
2025-04-15T20:21:38.796+07:00  INFO 18500 --- [monitor-service] [| adminclient-1] o.a.k.c.a.i.AdminMetadataManager         : [AdminClient clientId=adminclient-1] Rebootstrapping with Cluster(id = null, nodes = [localhost:9092 (id: -1 rack: null isFenced: false)], partitions = [], controller = null)
2025-04-15T20:21:38.796+07:00  INFO 18500 --- [monitor-service] [| adminclient-1] o.a.k.c.a.i.AdminMetadataManager         : [AdminClient clientId=adminclient-1] Rebootstrapping with Cluster(id = null, nodes = [localhost:9092 (id: -1 rack: null isFenced: false)], partitions = [], controller = null)
2025-04-15T20:21:38.796+07:00  INFO 18500 --- [monitor-service] [| adminclient-1] o.a.k.c.a.i.AdminMetadataManager         : [AdminClient clientId=adminclient-1] Rebootstrapping with Cluster(id = null, nodes = [localhost:9092 (id: -1 rack: null isFenced: false)], partitions = [], controller = null)
2025-04-15T20:21:38.796+07:00  INFO 18500 --- [monitor-service] [| adminclient-1] o.a.k.c.a.i.AdminMetadataManager         : [AdminClient clientId=adminclient-1] Rebootstrapping with Cluster(id = null, nodes = [localhost:9092 (id: -1 rack: null isFenced: false)], partitions = [], controller = null)
2025-04-15T20:21:38.796+07:00  INFO 18500 --- [monitor-service] [| adminclient-1] o.a.k.c.a.i.AdminMetadataManager         : [AdminClient clientId=adminclient-1] Rebootstrapping with Cluster(id = null, nodes = [localhost:9092 (id: -1 rack: null isFenced: false)], partitions = [], controller = null)
2025-04-15T20:21:38.796+07:00  INFO 18500 --- [monitor-service] [| adminclient-1] o.a.k.c.a.i.AdminMetadataManager         : [AdminClient clientId=adminclient-1] Rebootstrapping with Cluster(id = null, nodes = [localhost:9092 (id: -1 rack: null isFenced: false)], partitions = [], controller = null)
2025-04-15T20:21:38.796+07:00  INFO 18500 --- [monitor-service] [| adminclient-1] o.a.k.c.a.i.AdminMetadataManager         : [AdminClient clientId=adminclient-1] Rebootstrapping with Cluster(id = null, nodes = [localhost:9092 (id: -1 rack: null isFenced: false)], partitions = [], controller = null)
2025-04-15T20:21:38.797+07:00  INFO 18500 --- [monitor-service] [| adminclient-1] o.a.k.c.a.i.AdminMetadataManager         : [AdminClient clientId=adminclient-1] Rebootstrapping with Cluster(id = null, nodes = [localhost:9092 (id: -1 rack: null isFenced: false)], partitions = [], controller = null)
2025-04-15T20:21:38.797+07:00  INFO 18500 --- [monitor-service] [| adminclient-1] o.a.k.c.a.i.AdminMetadataManager         : [AdminClient clientId=adminclient-1] Rebootstrapping with Cluster(id = null, nodes = [localhost:9092 (id: -1 rack: null isFenced: false)], partitions = [], controller = null)
2025-04-15T20:21:38.797+07:00  INFO 18500 --- [monitor-service] [| adminclient-1] o.a.k.c.a.i.AdminMetadataManager         : [AdminClient clientId=adminclient-1] Rebootstrapping with Cluster(id = null, nodes = [localhost:9092 (id: -1 rack: null isFenced: false)], partitions = [], controller = null)
2025-04-15T20:21:38.797+07:00  INFO 18500 --- [monitor-service] [| adminclient-1] o.a.k.c.a.i.AdminMetadataManager         : [AdminClient clientId=adminclient-1] Rebootstrapping with Cluster(id = null, nodes = [localhost:9092 (id: -1 rack: null isFenced: false)], partitions = [], controller = null)
2025-04-15T20:21:38.797+07:00  INFO 18500 --- [monitor-service] [| adminclient-1] o.a.k.c.a.i.AdminMetadataManager         : [AdminClient clientId=adminclient-1] Rebootstrapping with Cluster(id = null, nodes = [localhost:9092 (id: -1 rack: null isFenced: false)], partitions = [], controller = null)
2025-04-15T20:21:38.798+07:00  INFO 18500 --- [monitor-service] [| adminclient-1] o.a.k.c.a.i.AdminMetadataManager         : [AdminClient clientId=adminclient-1] Rebootstrapping with Cluster(id = null, nodes = [localhost:9092 (id: -1 rack: null isFenced: false)], partitions = [], controller = null)
2025-04-15T20:21:38.900+07:00  INFO 18500 --- [monitor-service] [| adminclient-1] o.a.k.c.a.i.AdminMetadataManager         : [AdminClient clientId=adminclient-1] Rebootstrapping with Cluster(id = null, nodes = [localhost:9092 (id: -1 rack: null isFenced: false)], partitions = [], controller = null)
2025-04-15T20:21:38.900+07:00  INFO 18500 --- [monitor-service] [| adminclient-1] o.a.k.c.a.i.AdminMetadataManager         : [AdminClient clientId=adminclient-1] Rebootstrapping with Cluster(id = null, nodes = [localhost:9092 (id: -1 rack: null isFenced: false)], partitions = [], controller = null)
2025-04-15T20:21:38.900+07:00  INFO 18500 --- [monitor-service] [| adminclient-1] o.a.k.c.a.i.AdminMetadataManager         : [AdminClient clientId=adminclient-1] Rebootstrapping with Cluster(id = null, nodes = [localhost:9092 (id: -1 rack: null isFenced: false)], partitions = [], controller = null)
2025-04-15T20:21:38.900+07:00  INFO 18500 --- [monitor-service] [| adminclient-1] o.a.k.c.a.i.AdminMetadataManager         : [AdminClient clientId=adminclient-1] Rebootstrapping with Cluster(id = null, nodes = [localhost:9092 (id: -1 rack: null isFenced: false)], partitions = [], controller = null)
2025-04-15T20:21:38.900+07:00  INFO 18500 --- [monitor-service] [| adminclient-1] o.a.k.c.a.i.AdminMetadataManager         : [AdminClient clientId=adminclient-1] Rebootstrapping with Cluster(id = null, nodes = [localhost:9092 (id: -1 rack: null isFenced: false)], partitions = [], controller = null)
2025-04-15T20:21:38.900+07:00  INFO 18500 --- [monitor-service] [| adminclient-1] o.a.k.c.a.i.AdminMetadataManager         : [AdminClient clientId=adminclient-1] Rebootstrapping with Cluster(id = null, nodes = [localhost:9092 (id: -1 rack: null isFenced: false)], partitions = [], controller = null)
2025-04-15T20:21:38.900+07:00  INFO 18500 --- [monitor-service] [| adminclient-1] o.a.k.c.a.i.AdminMetadataManager         : [AdminClient clientId=adminclient-1] Rebootstrapping with Cluster(id = null, nodes = [localhost:9092 (id: -1 rack: null isFenced: false)], partitions = [], controller = null)
2025-04-15T20:21:38.900+07:00  INFO 18500 --- [monitor-service] [| adminclient-1] o.a.k.c.a.i.AdminMetadataManager         : [AdminClient clientId=adminclient-1] Rebootstrapping with Cluster(id = null, nodes = [localhost:9092 (id: -1 rack: null isFenced: false)], partitions = [], controller = null)
2025-04-15T20:21:38.901+07:00  INFO 18500 --- [monitor-service] [| adminclient-1] o.a.k.c.a.i.AdminMetadataManager         : [AdminClient clientId=adminclient-1] Rebootstrapping with Cluster(id = null, nodes = [localhost:9092 (id: -1 rack: null isFenced: false)], partitions = [], controller = null)
2025-04-15T20:21:38.901+07:00  INFO 18500 --- [monitor-service] [| adminclient-1] o.a.k.c.a.i.AdminMetadataManager         : [AdminClient clientId=adminclient-1] Rebootstrapping with Cluster(id = null, nodes = [localhost:9092 (id: -1 rack: null isFenced: false)], partitions = [], controller = null)
2025-04-15T20:21:38.901+07:00  INFO 18500 --- [monitor-service] [| adminclient-1] o.a.k.c.a.i.AdminMetadataManager         : [AdminClient clientId=adminclient-1] Rebootstrapping with Cluster(id = null, nodes = [localhost:9092 (id: -1 rack: null isFenced: false)], partitions = [], controller = null)
2025-04-15T20:21:38.901+07:00  INFO 18500 --- [monitor-service] [| adminclient-1] o.a.k.c.a.i.AdminMetadataManager         : [AdminClient clientId=adminclient-1] Rebootstrapping with Cluster(id = null, nodes = [localhost:9092 (id: -1 rack: null isFenced: false)], partitions = [], controller = null)
2025-04-15T20:21:38.901+07:00  INFO 18500 --- [monitor-service] [| adminclient-1] o.a.k.c.a.i.AdminMetadataManager         : [AdminClient clientId=adminclient-1] Rebootstrapping with Cluster(id = null, nodes = [localhost:9092 (id: -1 rack: null isFenced: false)], partitions = [], controller = null)
2025-04-15T20:21:38.901+07:00  INFO 18500 --- [monitor-service] [| adminclient-1] o.a.k.c.a.i.AdminMetadataManager         : [AdminClient clientId=adminclient-1] Rebootstrapping with Cluster(id = null, nodes = [localhost:9092 (id: -1 rack: null isFenced: false)], partitions = [], controller = null)
2025-04-15T20:21:38.901+07:00  INFO 18500 --- [monitor-service] [| adminclient-1] o.a.k.c.a.i.AdminMetadataManager         : [AdminClient clientId=adminclient-1] Rebootstrapping with Cluster(id = null, nodes = [localhost:9092 (id: -1 rack: null isFenced: false)], partitions = [], controller = null)
2025-04-15T20:21:38.923+07:00  INFO 18500 --- [monitor-service] [           main] io.jaegertracing.Configuration           : Initialized tracer=JaegerTracer(version=Java-1.3.2, serviceName=monitor-service, reporter=CompositeReporter(reporters=[RemoteReporter(sender=UdpSender(host=localhost, port=6831), closeEnqueueTimeout=1000), LoggingReporter(logger=Logger[io.jaegertracing.internal.reporters.LoggingReporter])]), sampler=ConstSampler(decision=true, tags={sampler.type=const, sampler.param=true}), tags={hostname=LL, jaeger.version=Java-1.3.2, ip=169.254.123.123}, zipkinSharedRpcSpan=false, expandExceptionLogs=false, useTraceId128Bit=false)
2025-04-15T20:21:39.001+07:00  INFO 18500 --- [monitor-service] [| adminclient-1] o.a.k.c.a.i.AdminMetadataManager         : [AdminClient clientId=adminclient-1] Rebootstrapping with Cluster(id = null, nodes = [localhost:9092 (id: -1 rack: null isFenced: false)], partitions = [], controller = null)
2025-04-15T20:21:39.001+07:00  INFO 18500 --- [monitor-service] [| adminclient-1] o.a.k.c.a.i.AdminMetadataManager         : [AdminClient clientId=adminclient-1] Rebootstrapping with Cluster(id = null, nodes = [localhost:9092 (id: -1 rack: null isFenced: false)], partitions = [], controller = null)
2025-04-15T20:21:39.001+07:00  INFO 18500 --- [monitor-service] [| adminclient-1] o.a.k.c.a.i.AdminMetadataManager         : [AdminClient clientId=adminclient-1] Rebootstrapping with Cluster(id = null, nodes = [localhost:9092 (id: -1 rack: null isFenced: false)], partitions = [], controller = null)
2025-04-15T20:21:39.001+07:00  INFO 18500 --- [monitor-service] [| adminclient-1] o.a.k.c.a.i.AdminMetadataManager         : [AdminClient clientId=adminclient-1] Rebootstrapping with Cluster(id = null, nodes = [localhost:9092 (id: -1 rack: null isFenced: false)], partitions = [], controller = null)
2025-04-15T20:21:39.001+07:00  INFO 18500 --- [monitor-service] [| adminclient-1] o.a.k.c.a.i.AdminMetadataManager         : [AdminClient clientId=adminclient-1] Rebootstrapping with Cluster(id = null, nodes = [localhost:9092 (id: -1 rack: null isFenced: false)], partitions = [], controller = null)
2025-04-15T20:21:39.001+07:00  INFO 18500 --- [monitor-service] [| adminclient-1] o.a.k.c.a.i.AdminMetadataManager         : [AdminClient clientId=adminclient-1] Rebootstrapping with Cluster(id = null, nodes = [localhost:9092 (id: -1 rack: null isFenced: false)], partitions = [], controller = null)
2025-04-15T20:21:39.001+07:00  INFO 18500 --- [monitor-service] [| adminclient-1] o.a.k.c.a.i.AdminMetadataManager         : [AdminClient clientId=adminclient-1] Rebootstrapping with Cluster(id = null, nodes = [localhost:9092 (id: -1 rack: null isFenced: false)], partitions = [], controller = null)
2025-04-15T20:21:39.001+07:00  INFO 18500 --- [monitor-service] [| adminclient-1] o.a.k.c.a.i.AdminMetadataManager         : [AdminClient clientId=adminclient-1] Rebootstrapping with Cluster(id = null, nodes = [localhost:9092 (id: -1 rack: null isFenced: false)], partitions = [], controller = null)
2025-04-15T20:21:39.001+07:00  INFO 18500 --- [monitor-service] [| adminclient-1] o.a.k.c.a.i.AdminMetadataManager         : [AdminClient clientId=adminclient-1] Rebootstrapping with Cluster(id = null, nodes = [localhost:9092 (id: -1 rack: null isFenced: false)], partitions = [], controller = null)
2025-04-15T20:21:39.001+07:00  INFO 18500 --- [monitor-service] [| adminclient-1] o.a.k.c.a.i.AdminMetadataManager         : [AdminClient clientId=adminclient-1] Rebootstrapping with Cluster(id = null, nodes = [localhost:9092 (id: -1 rack: null isFenced: false)], partitions = [], controller = null)
2025-04-15T20:21:39.001+07:00  INFO 18500 --- [monitor-service] [| adminclient-1] o.a.k.c.a.i.AdminMetadataManager         : [AdminClient clientId=adminclient-1] Rebootstrapping with Cluster(id = null, nodes = [localhost:9092 (id: -1 rack: null isFenced: false)], partitions = [], controller = null)
2025-04-15T20:21:39.002+07:00  INFO 18500 --- [monitor-service] [| adminclient-1] o.a.k.c.a.i.AdminMetadataManager         : [AdminClient clientId=adminclient-1] Rebootstrapping with Cluster(id = null, nodes = [localhost:9092 (id: -1 rack: null isFenced: false)], partitions = [], controller = null)
2025-04-15T20:21:39.002+07:00  INFO 18500 --- [monitor-service] [| adminclient-1] o.a.k.c.a.i.AdminMetadataManager         : [AdminClient clientId=adminclient-1] Rebootstrapping with Cluster(id = null, nodes = [localhost:9092 (id: -1 rack: null isFenced: false)], partitions = [], controller = null)
2025-04-15T20:21:39.002+07:00  INFO 18500 --- [monitor-service] [| adminclient-1] o.a.k.c.a.i.AdminMetadataManager         : [AdminClient clientId=adminclient-1] Rebootstrapping with Cluster(id = null, nodes = [localhost:9092 (id: -1 rack: null isFenced: false)], partitions = [], controller = null)
2025-04-15T20:21:39.002+07:00  INFO 18500 --- [monitor-service] [| adminclient-1] o.a.k.c.a.i.AdminMetadataManager         : [AdminClient clientId=adminclient-1] Rebootstrapping with Cluster(id = null, nodes = [localhost:9092 (id: -1 rack: null isFenced: false)], partitions = [], controller = null)
2025-04-15T20:21:39.002+07:00  INFO 18500 --- [monitor-service] [| adminclient-1] o.a.k.c.a.i.AdminMetadataManager         : [AdminClient clientId=adminclient-1] Rebootstrapping with Cluster(id = null, nodes = [localhost:9092 (id: -1 rack: null isFenced: false)], partitions = [], controller = null)
2025-04-15T20:21:39.103+07:00  INFO 18500 --- [monitor-service] [| adminclient-1] o.a.k.c.a.i.AdminMetadataManager         : [AdminClient clientId=adminclient-1] Rebootstrapping with Cluster(id = null, nodes = [localhost:9092 (id: -1 rack: null isFenced: false)], partitions = [], controller = null)
2025-04-15T20:21:39.103+07:00  INFO 18500 --- [monitor-service] [| adminclient-1] o.a.k.c.a.i.AdminMetadataManager         : [AdminClient clientId=adminclient-1] Rebootstrapping with Cluster(id = null, nodes = [localhost:9092 (id: -1 rack: null isFenced: false)], partitions = [], controller = null)
2025-04-15T20:21:39.103+07:00  INFO 18500 --- [monitor-service] [| adminclient-1] o.a.k.c.a.i.AdminMetadataManager         : [AdminClient clientId=adminclient-1] Rebootstrapping with Cluster(id = null, nodes = [localhost:9092 (id: -1 rack: null isFenced: false)], partitions = [], controller = null)
2025-04-15T20:21:39.103+07:00  INFO 18500 --- [monitor-service] [| adminclient-1] o.a.k.c.a.i.AdminMetadataManager         : [AdminClient clientId=adminclient-1] Rebootstrapping with Cluster(id = null, nodes = [localhost:9092 (id: -1 rack: null isFenced: false)], partitions = [], controller = null)
2025-04-15T20:21:39.103+07:00  INFO 18500 --- [monitor-service] [| adminclient-1] o.a.k.c.a.i.AdminMetadataManager         : [AdminClient clientId=adminclient-1] Rebootstrapping with Cluster(id = null, nodes = [localhost:9092 (id: -1 rack: null isFenced: false)], partitions = [], controller = null)
2025-04-15T20:21:39.103+07:00  INFO 18500 --- [monitor-service] [| adminclient-1] o.a.k.c.a.i.AdminMetadataManager         : [AdminClient clientId=adminclient-1] Rebootstrapping with Cluster(id = null, nodes = [localhost:9092 (id: -1 rack: null isFenced: false)], partitions = [], controller = null)
2025-04-15T20:21:39.104+07:00  INFO 18500 --- [monitor-service] [| adminclient-1] o.a.k.c.a.i.AdminMetadataManager         : [AdminClient clientId=adminclient-1] Rebootstrapping with Cluster(id = null, nodes = [localhost:9092 (id: -1 rack: null isFenced: false)], partitions = [], controller = null)
2025-04-15T20:21:39.104+07:00  INFO 18500 --- [monitor-service] [| adminclient-1] o.a.k.c.a.i.AdminMetadataManager         : [AdminClient clientId=adminclient-1] Rebootstrapping with Cluster(id = null, nodes = [localhost:9092 (id: -1 rack: null isFenced: false)], partitions = [], controller = null)
2025-04-15T20:21:39.104+07:00  INFO 18500 --- [monitor-service] [| adminclient-1] o.a.k.c.a.i.AdminMetadataManager         : [AdminClient clientId=adminclient-1] Rebootstrapping with Cluster(id = null, nodes = [localhost:9092 (id: -1 rack: null isFenced: false)], partitions = [], controller = null)
2025-04-15T20:21:39.104+07:00  INFO 18500 --- [monitor-service] [| adminclient-1] o.a.k.c.a.i.AdminMetadataManager         : [AdminClient clientId=adminclient-1] Rebootstrapping with Cluster(id = null, nodes = [localhost:9092 (id: -1 rack: null isFenced: false)], partitions = [], controller = null)
2025-04-15T20:21:39.104+07:00  INFO 18500 --- [monitor-service] [| adminclient-1] o.a.k.c.a.i.AdminMetadataManager         : [AdminClient clientId=adminclient-1] Rebootstrapping with Cluster(id = null, nodes = [localhost:9092 (id: -1 rack: null isFenced: false)], partitions = [], controller = null)
2025-04-15T20:21:39.104+07:00  INFO 18500 --- [monitor-service] [| adminclient-1] o.a.k.c.a.i.AdminMetadataManager         : [AdminClient clientId=adminclient-1] Rebootstrapping with Cluster(id = null, nodes = [localhost:9092 (id: -1 rack: null isFenced: false)], partitions = [], controller = null)
2025-04-15T20:21:39.104+07:00  INFO 18500 --- [monitor-service] [| adminclient-1] o.a.k.c.a.i.AdminMetadataManager         : [AdminClient clientId=adminclient-1] Rebootstrapping with Cluster(id = null, nodes = [localhost:9092 (id: -1 rack: null isFenced: false)], partitions = [], controller = null)
2025-04-15T20:21:39.104+07:00  INFO 18500 --- [monitor-service] [| adminclient-1] o.a.k.c.a.i.AdminMetadataManager         : [AdminClient clientId=adminclient-1] Rebootstrapping with Cluster(id = null, nodes = [localhost:9092 (id: -1 rack: null isFenced: false)], partitions = [], controller = null)
2025-04-15T20:21:39.104+07:00  INFO 18500 --- [monitor-service] [| adminclient-1] o.a.k.c.a.i.AdminMetadataManager         : [AdminClient clientId=adminclient-1] Rebootstrapping with Cluster(id = null, nodes = [localhost:9092 (id: -1 rack: null isFenced: false)], partitions = [], controller = null)
2025-04-15T20:21:39.104+07:00  INFO 18500 --- [monitor-service] [| adminclient-1] o.a.k.c.a.i.AdminMetadataManager         : [AdminClient clientId=adminclient-1] Rebootstrapping with Cluster(id = null, nodes = [localhost:9092 (id: -1 rack: null isFenced: false)], partitions = [], controller = null)
2025-04-15T20:21:39.104+07:00  INFO 18500 --- [monitor-service] [| adminclient-1] o.a.k.c.a.i.AdminMetadataManager         : [AdminClient clientId=adminclient-1] Rebootstrapping with Cluster(id = null, nodes = [localhost:9092 (id: -1 rack: null isFenced: false)], partitions = [], controller = null)
2025-04-15T20:21:39.205+07:00  INFO 18500 --- [monitor-service] [| adminclient-1] o.a.k.c.a.i.AdminMetadataManager         : [AdminClient clientId=adminclient-1] Rebootstrapping with Cluster(id = null, nodes = [localhost:9092 (id: -1 rack: null isFenced: false)], partitions = [], controller = null)
2025-04-15T20:21:39.205+07:00  INFO 18500 --- [monitor-service] [| adminclient-1] o.a.k.c.a.i.AdminMetadataManager         : [AdminClient clientId=adminclient-1] Rebootstrapping with Cluster(id = null, nodes = [localhost:9092 (id: -1 rack: null isFenced: false)], partitions = [], controller = null)
2025-04-15T20:21:39.205+07:00  INFO 18500 --- [monitor-service] [| adminclient-1] o.a.k.c.a.i.AdminMetadataManager         : [AdminClient clientId=adminclient-1] Rebootstrapping with Cluster(id = null, nodes = [localhost:9092 (id: -1 rack: null isFenced: false)], partitions = [], controller = null)
2025-04-15T20:21:39.205+07:00  INFO 18500 --- [monitor-service] [| adminclient-1] o.a.k.c.a.i.AdminMetadataManager         : [AdminClient clientId=adminclient-1] Rebootstrapping with Cluster(id = null, nodes = [localhost:9092 (id: -1 rack: null isFenced: false)], partitions = [], controller = null)
2025-04-15T20:21:39.205+07:00  INFO 18500 --- [monitor-service] [| adminclient-1] o.a.k.c.a.i.AdminMetadataManager         : [AdminClient clientId=adminclient-1] Rebootstrapping with Cluster(id = null, nodes = [localhost:9092 (id: -1 rack: null isFenced: false)], partitions = [], controller = null)
2025-04-15T20:21:39.206+07:00  INFO 18500 --- [monitor-service] [| adminclient-1] o.a.k.c.a.i.AdminMetadataManager         : [AdminClient clientId=adminclient-1] Rebootstrapping with Cluster(id = null, nodes = [localhost:9092 (id: -1 rack: null isFenced: false)], partitions = [], controller = null)
2025-04-15T20:21:39.206+07:00  INFO 18500 --- [monitor-service] [| adminclient-1] o.a.k.c.a.i.AdminMetadataManager         : [AdminClient clientId=adminclient-1] Rebootstrapping with Cluster(id = null, nodes = [localhost:9092 (id: -1 rack: null isFenced: false)], partitions = [], controller = null)
2025-04-15T20:21:39.206+07:00  INFO 18500 --- [monitor-service] [| adminclient-1] o.a.k.c.a.i.AdminMetadataManager         : [AdminClient clientId=adminclient-1] Rebootstrapping with Cluster(id = null, nodes = [localhost:9092 (id: -1 rack: null isFenced: false)], partitions = [], controller = null)
2025-04-15T20:21:39.206+07:00  INFO 18500 --- [monitor-service] [| adminclient-1] o.a.k.c.a.i.AdminMetadataManager         : [AdminClient clientId=adminclient-1] Rebootstrapping with Cluster(id = null, nodes = [localhost:9092 (id: -1 rack: null isFenced: false)], partitions = [], controller = null)
2025-04-15T20:21:39.206+07:00  INFO 18500 --- [monitor-service] [| adminclient-1] o.a.k.c.a.i.AdminMetadataManager         : [AdminClient clientId=adminclient-1] Rebootstrapping with Cluster(id = null, nodes = [localhost:9092 (id: -1 rack: null isFenced: false)], partitions = [], controller = null)
2025-04-15T20:21:39.206+07:00  INFO 18500 --- [monitor-service] [| adminclient-1] o.a.k.c.a.i.AdminMetadataManager         : [AdminClient clientId=adminclient-1] Rebootstrapping with Cluster(id = null, nodes = [localhost:9092 (id: -1 rack: null isFenced: false)], partitions = [], controller = null)
2025-04-15T20:21:39.206+07:00  INFO 18500 --- [monitor-service] [| adminclient-1] o.a.k.c.a.i.AdminMetadataManager         : [AdminClient clientId=adminclient-1] Rebootstrapping with Cluster(id = null, nodes = [localhost:9092 (id: -1 rack: null isFenced: false)], partitions = [], controller = null)
2025-04-15T20:21:39.206+07:00  INFO 18500 --- [monitor-service] [| adminclient-1] o.a.k.c.a.i.AdminMetadataManager         : [AdminClient clientId=adminclient-1] Rebootstrapping with Cluster(id = null, nodes = [localhost:9092 (id: -1 rack: null isFenced: false)], partitions = [], controller = null)
2025-04-15T20:21:39.206+07:00  INFO 18500 --- [monitor-service] [| adminclient-1] o.a.k.c.a.i.AdminMetadataManager         : [AdminClient clientId=adminclient-1] Rebootstrapping with Cluster(id = null, nodes = [localhost:9092 (id: -1 rack: null isFenced: false)], partitions = [], controller = null)
2025-04-15T20:21:39.206+07:00  INFO 18500 --- [monitor-service] [| adminclient-1] o.a.k.c.a.i.AdminMetadataManager         : [AdminClient clientId=adminclient-1] Rebootstrapping with Cluster(id = null, nodes = [localhost:9092 (id: -1 rack: null isFenced: false)], partitions = [], controller = null)
2025-04-15T20:21:39.206+07:00  INFO 18500 --- [monitor-service] [| adminclient-1] o.a.k.c.a.i.AdminMetadataManager         : [AdminClient clientId=adminclient-1] Rebootstrapping with Cluster(id = null, nodes = [localhost:9092 (id: -1 rack: null isFenced: false)], partitions = [], controller = null)
2025-04-15T20:21:39.206+07:00  INFO 18500 --- [monitor-service] [| adminclient-1] o.a.k.c.a.i.AdminMetadataManager         : [AdminClient clientId=adminclient-1] Rebootstrapping with Cluster(id = null, nodes = [localhost:9092 (id: -1 rack: null isFenced: false)], partitions = [], controller = null)
2025-04-15T20:21:39.206+07:00  INFO 18500 --- [monitor-service] [| adminclient-1] o.a.k.c.a.i.AdminMetadataManager         : [AdminClient clientId=adminclient-1] Rebootstrapping with Cluster(id = null, nodes = [localhost:9092 (id: -1 rack: null isFenced: false)], partitions = [], controller = null)
2025-04-15T20:21:39.214+07:00  WARN 18500 --- [monitor-service] [           main] JpaBaseConfiguration$JpaWebConfiguration : spring.jpa.open-in-view is enabled by default. Therefore, database queries may be performed during view rendering. Explicitly configure spring.jpa.open-in-view to disable this warning
2025-04-15T20:21:39.308+07:00  INFO 18500 --- [monitor-service] [| adminclient-1] o.a.k.c.a.i.AdminMetadataManager         : [AdminClient clientId=adminclient-1] Rebootstrapping with Cluster(id = null, nodes = [localhost:9092 (id: -1 rack: null isFenced: false)], partitions = [], controller = null)
2025-04-15T20:21:39.308+07:00  INFO 18500 --- [monitor-service] [| adminclient-1] o.a.k.c.a.i.AdminMetadataManager         : [AdminClient clientId=adminclient-1] Rebootstrapping with Cluster(id = null, nodes = [localhost:9092 (id: -1 rack: null isFenced: false)], partitions = [], controller = null)
2025-04-15T20:21:39.308+07:00  INFO 18500 --- [monitor-service] [| adminclient-1] o.a.k.c.a.i.AdminMetadataManager         : [AdminClient clientId=adminclient-1] Rebootstrapping with Cluster(id = null, nodes = [localhost:9092 (id: -1 rack: null isFenced: false)], partitions = [], controller = null)
2025-04-15T20:21:39.308+07:00  INFO 18500 --- [monitor-service] [| adminclient-1] o.a.k.c.a.i.AdminMetadataManager         : [AdminClient clientId=adminclient-1] Rebootstrapping with Cluster(id = null, nodes = [localhost:9092 (id: -1 rack: null isFenced: false)], partitions = [], controller = null)
2025-04-15T20:21:39.308+07:00  INFO 18500 --- [monitor-service] [| adminclient-1] o.a.k.c.a.i.AdminMetadataManager         : [AdminClient clientId=adminclient-1] Rebootstrapping with Cluster(id = null, nodes = [localhost:9092 (id: -1 rack: null isFenced: false)], partitions = [], controller = null)
2025-04-15T20:21:39.308+07:00  INFO 18500 --- [monitor-service] [| adminclient-1] o.a.k.c.a.i.AdminMetadataManager         : [AdminClient clientId=adminclient-1] Rebootstrapping with Cluster(id = null, nodes = [localhost:9092 (id: -1 rack: null isFenced: false)], partitions = [], controller = null)
2025-04-15T20:21:39.308+07:00  INFO 18500 --- [monitor-service] [| adminclient-1] o.a.k.c.a.i.AdminMetadataManager         : [AdminClient clientId=adminclient-1] Rebootstrapping with Cluster(id = null, nodes = [localhost:9092 (id: -1 rack: null isFenced: false)], partitions = [], controller = null)
2025-04-15T20:21:39.308+07:00  INFO 18500 --- [monitor-service] [| adminclient-1] o.a.k.c.a.i.AdminMetadataManager         : [AdminClient clientId=adminclient-1] Rebootstrapping with Cluster(id = null, nodes = [localhost:9092 (id: -1 rack: null isFenced: false)], partitions = [], controller = null)
2025-04-15T20:21:39.308+07:00  INFO 18500 --- [monitor-service] [| adminclient-1] o.a.k.c.a.i.AdminMetadataManager         : [AdminClient clientId=adminclient-1] Rebootstrapping with Cluster(id = null, nodes = [localhost:9092 (id: -1 rack: null isFenced: false)], partitions = [], controller = null)
2025-04-15T20:21:39.308+07:00  INFO 18500 --- [monitor-service] [| adminclient-1] o.a.k.c.a.i.AdminMetadataManager         : [AdminClient clientId=adminclient-1] Rebootstrapping with Cluster(id = null, nodes = [localhost:9092 (id: -1 rack: null isFenced: false)], partitions = [], controller = null)
2025-04-15T20:21:39.308+07:00  INFO 18500 --- [monitor-service] [| adminclient-1] o.a.k.c.a.i.AdminMetadataManager         : [AdminClient clientId=adminclient-1] Rebootstrapping with Cluster(id = null, nodes = [localhost:9092 (id: -1 rack: null isFenced: false)], partitions = [], controller = null)
2025-04-15T20:21:39.308+07:00  INFO 18500 --- [monitor-service] [| adminclient-1] o.a.k.c.a.i.AdminMetadataManager         : [AdminClient clientId=adminclient-1] Rebootstrapping with Cluster(id = null, nodes = [localhost:9092 (id: -1 rack: null isFenced: false)], partitions = [], controller = null)
2025-04-15T20:21:39.308+07:00  INFO 18500 --- [monitor-service] [| adminclient-1] o.a.k.c.a.i.AdminMetadataManager         : [AdminClient clientId=adminclient-1] Rebootstrapping with Cluster(id = null, nodes = [localhost:9092 (id: -1 rack: null isFenced: false)], partitions = [], controller = null)
2025-04-15T20:21:39.308+07:00  INFO 18500 --- [monitor-service] [| adminclient-1] o.a.k.c.a.i.AdminMetadataManager         : [AdminClient clientId=adminclient-1] Rebootstrapping with Cluster(id = null, nodes = [localhost:9092 (id: -1 rack: null isFenced: false)], partitions = [], controller = null)
2025-04-15T20:21:39.308+07:00  INFO 18500 --- [monitor-service] [| adminclient-1] o.a.k.c.a.i.AdminMetadataManager         : [AdminClient clientId=adminclient-1] Rebootstrapping with Cluster(id = null, nodes = [localhost:9092 (id: -1 rack: null isFenced: false)], partitions = [], controller = null)
2025-04-15T20:21:39.308+07:00  INFO 18500 --- [monitor-service] [| adminclient-1] o.a.k.c.a.i.AdminMetadataManager         : [AdminClient clientId=adminclient-1] Rebootstrapping with Cluster(id = null, nodes = [localhost:9092 (id: -1 rack: null isFenced: false)], partitions = [], controller = null)
2025-04-15T20:21:39.308+07:00  INFO 18500 --- [monitor-service] [| adminclient-1] o.a.k.c.a.i.AdminMetadataManager         : [AdminClient clientId=adminclient-1] Rebootstrapping with Cluster(id = null, nodes = [localhost:9092 (id: -1 rack: null isFenced: false)], partitions = [], controller = null)
2025-04-15T20:21:39.310+07:00  INFO 18500 --- [monitor-service] [| adminclient-1] o.a.k.c.a.i.AdminMetadataManager         : [AdminClient clientId=adminclient-1] Rebootstrapping with Cluster(id = null, nodes = [localhost:9092 (id: -1 rack: null isFenced: false)], partitions = [], controller = null)
2025-04-15T20:21:39.310+07:00  INFO 18500 --- [monitor-service] [| adminclient-1] o.a.k.c.a.i.AdminMetadataManager         : [AdminClient clientId=adminclient-1] Rebootstrapping with Cluster(id = null, nodes = [localhost:9092 (id: -1 rack: null isFenced: false)], partitions = [], controller = null)
2025-04-15T20:21:39.398+07:00 DEBUG 18500 --- [monitor-service] [           main] s.w.s.m.m.a.RequestMappingHandlerMapping : 41 mappings in 'requestMappingHandlerMapping'
2025-04-15T20:21:39.412+07:00  INFO 18500 --- [monitor-service] [| adminclient-1] org.apache.kafka.clients.NetworkClient   : [AdminClient clientId=adminclient-1] Node -1 disconnected.
2025-04-15T20:21:39.412+07:00  WARN 18500 --- [monitor-service] [| adminclient-1] org.apache.kafka.clients.NetworkClient   : [AdminClient clientId=adminclient-1] Connection to node -1 (localhost/127.0.0.1:9092) could not be established. Node may not be available.
2025-04-15T20:21:39.412+07:00  INFO 18500 --- [monitor-service] [| adminclient-1] o.a.k.c.a.i.AdminMetadataManager         : [AdminClient clientId=adminclient-1] Rebootstrapping with Cluster(id = null, nodes = [localhost:9092 (id: -1 rack: null isFenced: false)], partitions = [], controller = null)
2025-04-15T20:21:39.412+07:00  INFO 18500 --- [monitor-service] [| adminclient-1] o.a.k.c.a.i.AdminMetadataManager         : [AdminClient clientId=adminclient-1] Rebootstrapping with Cluster(id = null, nodes = [localhost:9092 (id: -1 rack: null isFenced: false)], partitions = [], controller = null)
2025-04-15T20:21:39.412+07:00  INFO 18500 --- [monitor-service] [| adminclient-1] o.a.k.c.a.i.AdminMetadataManager         : [AdminClient clientId=adminclient-1] Rebootstrapping with Cluster(id = null, nodes = [localhost:9092 (id: -1 rack: null isFenced: false)], partitions = [], controller = null)
2025-04-15T20:21:39.412+07:00  INFO 18500 --- [monitor-service] [| adminclient-1] o.a.k.c.a.i.AdminMetadataManager         : [AdminClient clientId=adminclient-1] Rebootstrapping with Cluster(id = null, nodes = [localhost:9092 (id: -1 rack: null isFenced: false)], partitions = [], controller = null)
2025-04-15T20:21:39.413+07:00  INFO 18500 --- [monitor-service] [| adminclient-1] o.a.k.c.a.i.AdminMetadataManager         : [AdminClient clientId=adminclient-1] Rebootstrapping with Cluster(id = null, nodes = [localhost:9092 (id: -1 rack: null isFenced: false)], partitions = [], controller = null)
2025-04-15T20:21:39.413+07:00  INFO 18500 --- [monitor-service] [| adminclient-1] o.a.k.c.a.i.AdminMetadataManager         : [AdminClient clientId=adminclient-1] Rebootstrapping with Cluster(id = null, nodes = [localhost:9092 (id: -1 rack: null isFenced: false)], partitions = [], controller = null)
2025-04-15T20:21:39.413+07:00  INFO 18500 --- [monitor-service] [| adminclient-1] o.a.k.c.a.i.AdminMetadataManager         : [AdminClient clientId=adminclient-1] Rebootstrapping with Cluster(id = null, nodes = [localhost:9092 (id: -1 rack: null isFenced: false)], partitions = [], controller = null)
2025-04-15T20:21:39.413+07:00  INFO 18500 --- [monitor-service] [| adminclient-1] o.a.k.c.a.i.AdminMetadataManager         : [AdminClient clientId=adminclient-1] Rebootstrapping with Cluster(id = null, nodes = [localhost:9092 (id: -1 rack: null isFenced: false)], partitions = [], controller = null)
2025-04-15T20:21:39.413+07:00  INFO 18500 --- [monitor-service] [| adminclient-1] o.a.k.c.a.i.AdminMetadataManager         : [AdminClient clientId=adminclient-1] Rebootstrapping with Cluster(id = null, nodes = [localhost:9092 (id: -1 rack: null isFenced: false)], partitions = [], controller = null)
2025-04-15T20:21:39.413+07:00  INFO 18500 --- [monitor-service] [| adminclient-1] o.a.k.c.a.i.AdminMetadataManager         : [AdminClient clientId=adminclient-1] Rebootstrapping with Cluster(id = null, nodes = [localhost:9092 (id: -1 rack: null isFenced: false)], partitions = [], controller = null)
2025-04-15T20:21:39.413+07:00  INFO 18500 --- [monitor-service] [| adminclient-1] o.a.k.c.a.i.AdminMetadataManager         : [AdminClient clientId=adminclient-1] Rebootstrapping with Cluster(id = null, nodes = [localhost:9092 (id: -1 rack: null isFenced: false)], partitions = [], controller = null)
2025-04-15T20:21:39.413+07:00  INFO 18500 --- [monitor-service] [| adminclient-1] o.a.k.c.a.i.AdminMetadataManager         : [AdminClient clientId=adminclient-1] Rebootstrapping with Cluster(id = null, nodes = [localhost:9092 (id: -1 rack: null isFenced: false)], partitions = [], controller = null)
2025-04-15T20:21:39.413+07:00  INFO 18500 --- [monitor-service] [| adminclient-1] o.a.k.c.a.i.AdminMetadataManager         : [AdminClient clientId=adminclient-1] Rebootstrapping with Cluster(id = null, nodes = [localhost:9092 (id: -1 rack: null isFenced: false)], partitions = [], controller = null)
2025-04-15T20:21:39.413+07:00  INFO 18500 --- [monitor-service] [| adminclient-1] o.a.k.c.a.i.AdminMetadataManager         : [AdminClient clientId=adminclient-1] Rebootstrapping with Cluster(id = null, nodes = [localhost:9092 (id: -1 rack: null isFenced: false)], partitions = [], controller = null)
2025-04-15T20:21:39.413+07:00  INFO 18500 --- [monitor-service] [| adminclient-1] o.a.k.c.a.i.AdminMetadataManager         : [AdminClient clientId=adminclient-1] Rebootstrapping with Cluster(id = null, nodes = [localhost:9092 (id: -1 rack: null isFenced: false)], partitions = [], controller = null)
2025-04-15T20:21:39.413+07:00  INFO 18500 --- [monitor-service] [| adminclient-1] o.a.k.c.a.i.AdminMetadataManager         : [AdminClient clientId=adminclient-1] Rebootstrapping with Cluster(id = null, nodes = [localhost:9092 (id: -1 rack: null isFenced: false)], partitions = [], controller = null)
2025-04-15T20:21:39.413+07:00  INFO 18500 --- [monitor-service] [| adminclient-1] o.a.k.c.a.i.AdminMetadataManager         : [AdminClient clientId=adminclient-1] Rebootstrapping with Cluster(id = null, nodes = [localhost:9092 (id: -1 rack: null isFenced: false)], partitions = [], controller = null)
2025-04-15T20:21:39.414+07:00  INFO 18500 --- [monitor-service] [| adminclient-1] o.a.k.c.a.i.AdminMetadataManager         : [AdminClient clientId=adminclient-1] Rebootstrapping with Cluster(id = null, nodes = [localhost:9092 (id: -1 rack: null isFenced: false)], partitions = [], controller = null)
2025-04-15T20:21:39.414+07:00  INFO 18500 --- [monitor-service] [| adminclient-1] o.a.k.c.a.i.AdminMetadataManager         : [AdminClient clientId=adminclient-1] Rebootstrapping with Cluster(id = null, nodes = [localhost:9092 (id: -1 rack: null isFenced: false)], partitions = [], controller = null)
2025-04-15T20:21:39.414+07:00  INFO 18500 --- [monitor-service] [| adminclient-1] o.a.k.c.a.i.AdminMetadataManager         : [AdminClient clientId=adminclient-1] Rebootstrapping with Cluster(id = null, nodes = [localhost:9092 (id: -1 rack: null isFenced: false)], partitions = [], controller = null)
2025-04-15T20:21:39.513+07:00  INFO 18500 --- [monitor-service] [| adminclient-1] o.a.k.c.a.i.AdminMetadataManager         : [AdminClient clientId=adminclient-1] Rebootstrapping with Cluster(id = null, nodes = [localhost:9092 (id: -1 rack: null isFenced: false)], partitions = [], controller = null)
2025-04-15T20:21:39.514+07:00  INFO 18500 --- [monitor-service] [| adminclient-1] o.a.k.c.a.i.AdminMetadataManager         : [AdminClient clientId=adminclient-1] Rebootstrapping with Cluster(id = null, nodes = [localhost:9092 (id: -1 rack: null isFenced: false)], partitions = [], controller = null)
2025-04-15T20:21:39.514+07:00  INFO 18500 --- [monitor-service] [| adminclient-1] o.a.k.c.a.i.AdminMetadataManager         : [AdminClient clientId=adminclient-1] Rebootstrapping with Cluster(id = null, nodes = [localhost:9092 (id: -1 rack: null isFenced: false)], partitions = [], controller = null)
2025-04-15T20:21:39.514+07:00  INFO 18500 --- [monitor-service] [| adminclient-1] o.a.k.c.a.i.AdminMetadataManager         : [AdminClient clientId=adminclient-1] Rebootstrapping with Cluster(id = null, nodes = [localhost:9092 (id: -1 rack: null isFenced: false)], partitions = [], controller = null)
2025-04-15T20:21:39.514+07:00  INFO 18500 --- [monitor-service] [| adminclient-1] o.a.k.c.a.i.AdminMetadataManager         : [AdminClient clientId=adminclient-1] Rebootstrapping with Cluster(id = null, nodes = [localhost:9092 (id: -1 rack: null isFenced: false)], partitions = [], controller = null)
2025-04-15T20:21:39.514+07:00  INFO 18500 --- [monitor-service] [| adminclient-1] o.a.k.c.a.i.AdminMetadataManager         : [AdminClient clientId=adminclient-1] Rebootstrapping with Cluster(id = null, nodes = [localhost:9092 (id: -1 rack: null isFenced: false)], partitions = [], controller = null)
2025-04-15T20:21:39.514+07:00  INFO 18500 --- [monitor-service] [| adminclient-1] o.a.k.c.a.i.AdminMetadataManager         : [AdminClient clientId=adminclient-1] Rebootstrapping with Cluster(id = null, nodes = [localhost:9092 (id: -1 rack: null isFenced: false)], partitions = [], controller = null)
2025-04-15T20:21:39.514+07:00  INFO 18500 --- [monitor-service] [| adminclient-1] o.a.k.c.a.i.AdminMetadataManager         : [AdminClient clientId=adminclient-1] Rebootstrapping with Cluster(id = null, nodes = [localhost:9092 (id: -1 rack: null isFenced: false)], partitions = [], controller = null)
2025-04-15T20:21:39.514+07:00  INFO 18500 --- [monitor-service] [| adminclient-1] o.a.k.c.a.i.AdminMetadataManager         : [AdminClient clientId=adminclient-1] Rebootstrapping with Cluster(id = null, nodes = [localhost:9092 (id: -1 rack: null isFenced: false)], partitions = [], controller = null)
2025-04-15T20:21:39.514+07:00  INFO 18500 --- [monitor-service] [| adminclient-1] o.a.k.c.a.i.AdminMetadataManager         : [AdminClient clientId=adminclient-1] Rebootstrapping with Cluster(id = null, nodes = [localhost:9092 (id: -1 rack: null isFenced: false)], partitions = [], controller = null)
2025-04-15T20:21:39.514+07:00  INFO 18500 --- [monitor-service] [| adminclient-1] o.a.k.c.a.i.AdminMetadataManager         : [AdminClient clientId=adminclient-1] Rebootstrapping with Cluster(id = null, nodes = [localhost:9092 (id: -1 rack: null isFenced: false)], partitions = [], controller = null)
2025-04-15T20:21:39.514+07:00  INFO 18500 --- [monitor-service] [| adminclient-1] o.a.k.c.a.i.AdminMetadataManager         : [AdminClient clientId=adminclient-1] Rebootstrapping with Cluster(id = null, nodes = [localhost:9092 (id: -1 rack: null isFenced: false)], partitions = [], controller = null)
2025-04-15T20:21:39.514+07:00  INFO 18500 --- [monitor-service] [| adminclient-1] o.a.k.c.a.i.AdminMetadataManager         : [AdminClient clientId=adminclient-1] Rebootstrapping with Cluster(id = null, nodes = [localhost:9092 (id: -1 rack: null isFenced: false)], partitions = [], controller = null)
2025-04-15T20:21:39.514+07:00  INFO 18500 --- [monitor-service] [| adminclient-1] o.a.k.c.a.i.AdminMetadataManager         : [AdminClient clientId=adminclient-1] Rebootstrapping with Cluster(id = null, nodes = [localhost:9092 (id: -1 rack: null isFenced: false)], partitions = [], controller = null)
2025-04-15T20:21:39.516+07:00  INFO 18500 --- [monitor-service] [| adminclient-1] o.a.k.c.a.i.AdminMetadataManager         : [AdminClient clientId=adminclient-1] Rebootstrapping with Cluster(id = null, nodes = [localhost:9092 (id: -1 rack: null isFenced: false)], partitions = [], controller = null)
2025-04-15T20:21:39.516+07:00  INFO 18500 --- [monitor-service] [| adminclient-1] o.a.k.c.a.i.AdminMetadataManager         : [AdminClient clientId=adminclient-1] Rebootstrapping with Cluster(id = null, nodes = [localhost:9092 (id: -1 rack: null isFenced: false)], partitions = [], controller = null)
2025-04-15T20:21:39.516+07:00  INFO 18500 --- [monitor-service] [| adminclient-1] o.a.k.c.a.i.AdminMetadataManager         : [AdminClient clientId=adminclient-1] Rebootstrapping with Cluster(id = null, nodes = [localhost:9092 (id: -1 rack: null isFenced: false)], partitions = [], controller = null)
2025-04-15T20:21:39.516+07:00  INFO 18500 --- [monitor-service] [| adminclient-1] o.a.k.c.a.i.AdminMetadataManager         : [AdminClient clientId=adminclient-1] Rebootstrapping with Cluster(id = null, nodes = [localhost:9092 (id: -1 rack: null isFenced: false)], partitions = [], controller = null)
2025-04-15T20:21:39.516+07:00  INFO 18500 --- [monitor-service] [| adminclient-1] o.a.k.c.a.i.AdminMetadataManager         : [AdminClient clientId=adminclient-1] Rebootstrapping with Cluster(id = null, nodes = [localhost:9092 (id: -1 rack: null isFenced: false)], partitions = [], controller = null)
2025-04-15T20:21:39.516+07:00  INFO 18500 --- [monitor-service] [| adminclient-1] o.a.k.c.a.i.AdminMetadataManager         : [AdminClient clientId=adminclient-1] Rebootstrapping with Cluster(id = null, nodes = [localhost:9092 (id: -1 rack: null isFenced: false)], partitions = [], controller = null)
2025-04-15T20:21:39.516+07:00  INFO 18500 --- [monitor-service] [| adminclient-1] o.a.k.c.a.i.AdminMetadataManager         : [AdminClient clientId=adminclient-1] Rebootstrapping with Cluster(id = null, nodes = [localhost:9092 (id: -1 rack: null isFenced: false)], partitions = [], controller = null)
2025-04-15T20:21:39.616+07:00  INFO 18500 --- [monitor-service] [| adminclient-1] o.a.k.c.a.i.AdminMetadataManager         : [AdminClient clientId=adminclient-1] Rebootstrapping with Cluster(id = null, nodes = [localhost:9092 (id: -1 rack: null isFenced: false)], partitions = [], controller = null)
2025-04-15T20:21:39.616+07:00  INFO 18500 --- [monitor-service] [| adminclient-1] o.a.k.c.a.i.AdminMetadataManager         : [AdminClient clientId=adminclient-1] Rebootstrapping with Cluster(id = null, nodes = [localhost:9092 (id: -1 rack: null isFenced: false)], partitions = [], controller = null)
2025-04-15T20:21:39.616+07:00  INFO 18500 --- [monitor-service] [| adminclient-1] o.a.k.c.a.i.AdminMetadataManager         : [AdminClient clientId=adminclient-1] Rebootstrapping with Cluster(id = null, nodes = [localhost:9092 (id: -1 rack: null isFenced: false)], partitions = [], controller = null)
2025-04-15T20:21:39.616+07:00  INFO 18500 --- [monitor-service] [| adminclient-1] o.a.k.c.a.i.AdminMetadataManager         : [AdminClient clientId=adminclient-1] Rebootstrapping with Cluster(id = null, nodes = [localhost:9092 (id: -1 rack: null isFenced: false)], partitions = [], controller = null)
2025-04-15T20:21:39.616+07:00  INFO 18500 --- [monitor-service] [| adminclient-1] o.a.k.c.a.i.AdminMetadataManager         : [AdminClient clientId=adminclient-1] Rebootstrapping with Cluster(id = null, nodes = [localhost:9092 (id: -1 rack: null isFenced: false)], partitions = [], controller = null)
2025-04-15T20:21:39.617+07:00  INFO 18500 --- [monitor-service] [| adminclient-1] o.a.k.c.a.i.AdminMetadataManager         : [AdminClient clientId=adminclient-1] Rebootstrapping with Cluster(id = null, nodes = [localhost:9092 (id: -1 rack: null isFenced: false)], partitions = [], controller = null)
2025-04-15T20:21:39.617+07:00  INFO 18500 --- [monitor-service] [| adminclient-1] o.a.k.c.a.i.AdminMetadataManager         : [AdminClient clientId=adminclient-1] Rebootstrapping with Cluster(id = null, nodes = [localhost:9092 (id: -1 rack: null isFenced: false)], partitions = [], controller = null)
2025-04-15T20:21:39.617+07:00  INFO 18500 --- [monitor-service] [| adminclient-1] o.a.k.c.a.i.AdminMetadataManager         : [AdminClient clientId=adminclient-1] Rebootstrapping with Cluster(id = null, nodes = [localhost:9092 (id: -1 rack: null isFenced: false)], partitions = [], controller = null)
2025-04-15T20:21:39.617+07:00  INFO 18500 --- [monitor-service] [| adminclient-1] o.a.k.c.a.i.AdminMetadataManager         : [AdminClient clientId=adminclient-1] Rebootstrapping with Cluster(id = null, nodes = [localhost:9092 (id: -1 rack: null isFenced: false)], partitions = [], controller = null)
2025-04-15T20:21:39.617+07:00  INFO 18500 --- [monitor-service] [| adminclient-1] o.a.k.c.a.i.AdminMetadataManager         : [AdminClient clientId=adminclient-1] Rebootstrapping with Cluster(id = null, nodes = [localhost:9092 (id: -1 rack: null isFenced: false)], partitions = [], controller = null)
2025-04-15T20:21:39.617+07:00  INFO 18500 --- [monitor-service] [| adminclient-1] o.a.k.c.a.i.AdminMetadataManager         : [AdminClient clientId=adminclient-1] Rebootstrapping with Cluster(id = null, nodes = [localhost:9092 (id: -1 rack: null isFenced: false)], partitions = [], controller = null)
2025-04-15T20:21:39.617+07:00  INFO 18500 --- [monitor-service] [| adminclient-1] o.a.k.c.a.i.AdminMetadataManager         : [AdminClient clientId=adminclient-1] Rebootstrapping with Cluster(id = null, nodes = [localhost:9092 (id: -1 rack: null isFenced: false)], partitions = [], controller = null)
2025-04-15T20:21:39.617+07:00  INFO 18500 --- [monitor-service] [| adminclient-1] o.a.k.c.a.i.AdminMetadataManager         : [AdminClient clientId=adminclient-1] Rebootstrapping with Cluster(id = null, nodes = [localhost:9092 (id: -1 rack: null isFenced: false)], partitions = [], controller = null)
2025-04-15T20:21:39.617+07:00  INFO 18500 --- [monitor-service] [| adminclient-1] o.a.k.c.a.i.AdminMetadataManager         : [AdminClient clientId=adminclient-1] Rebootstrapping with Cluster(id = null, nodes = [localhost:9092 (id: -1 rack: null isFenced: false)], partitions = [], controller = null)
2025-04-15T20:21:39.617+07:00  INFO 18500 --- [monitor-service] [| adminclient-1] o.a.k.c.a.i.AdminMetadataManager         : [AdminClient clientId=adminclient-1] Rebootstrapping with Cluster(id = null, nodes = [localhost:9092 (id: -1 rack: null isFenced: false)], partitions = [], controller = null)
2025-04-15T20:21:39.617+07:00  INFO 18500 --- [monitor-service] [| adminclient-1] o.a.k.c.a.i.AdminMetadataManager         : [AdminClient clientId=adminclient-1] Rebootstrapping with Cluster(id = null, nodes = [localhost:9092 (id: -1 rack: null isFenced: false)], partitions = [], controller = null)
2025-04-15T20:21:39.617+07:00  INFO 18500 --- [monitor-service] [| adminclient-1] o.a.k.c.a.i.AdminMetadataManager         : [AdminClient clientId=adminclient-1] Rebootstrapping with Cluster(id = null, nodes = [localhost:9092 (id: -1 rack: null isFenced: false)], partitions = [], controller = null)
2025-04-15T20:21:39.617+07:00  INFO 18500 --- [monitor-service] [| adminclient-1] o.a.k.c.a.i.AdminMetadataManager         : [AdminClient clientId=adminclient-1] Rebootstrapping with Cluster(id = null, nodes = [localhost:9092 (id: -1 rack: null isFenced: false)], partitions = [], controller = null)
2025-04-15T20:21:39.617+07:00  INFO 18500 --- [monitor-service] [| adminclient-1] o.a.k.c.a.i.AdminMetadataManager         : [AdminClient clientId=adminclient-1] Rebootstrapping with Cluster(id = null, nodes = [localhost:9092 (id: -1 rack: null isFenced: false)], partitions = [], controller = null)
2025-04-15T20:21:39.617+07:00  INFO 18500 --- [monitor-service] [| adminclient-1] o.a.k.c.a.i.AdminMetadataManager         : [AdminClient clientId=adminclient-1] Rebootstrapping with Cluster(id = null, nodes = [localhost:9092 (id: -1 rack: null isFenced: false)], partitions = [], controller = null)
2025-04-15T20:21:39.617+07:00  INFO 18500 --- [monitor-service] [| adminclient-1] o.a.k.c.a.i.AdminMetadataManager         : [AdminClient clientId=adminclient-1] Rebootstrapping with Cluster(id = null, nodes = [localhost:9092 (id: -1 rack: null isFenced: false)], partitions = [], controller = null)
2025-04-15T20:21:39.617+07:00  INFO 18500 --- [monitor-service] [| adminclient-1] o.a.k.c.a.i.AdminMetadataManager         : [AdminClient clientId=adminclient-1] Rebootstrapping with Cluster(id = null, nodes = [localhost:9092 (id: -1 rack: null isFenced: false)], partitions = [], controller = null)
2025-04-15T20:21:39.718+07:00  INFO 18500 --- [monitor-service] [| adminclient-1] o.a.k.c.a.i.AdminMetadataManager         : [AdminClient clientId=adminclient-1] Rebootstrapping with Cluster(id = null, nodes = [localhost:9092 (id: -1 rack: null isFenced: false)], partitions = [], controller = null)
2025-04-15T20:21:39.718+07:00  INFO 18500 --- [monitor-service] [| adminclient-1] o.a.k.c.a.i.AdminMetadataManager         : [AdminClient clientId=adminclient-1] Rebootstrapping with Cluster(id = null, nodes = [localhost:9092 (id: -1 rack: null isFenced: false)], partitions = [], controller = null)
2025-04-15T20:21:39.718+07:00  INFO 18500 --- [monitor-service] [| adminclient-1] o.a.k.c.a.i.AdminMetadataManager         : [AdminClient clientId=adminclient-1] Rebootstrapping with Cluster(id = null, nodes = [localhost:9092 (id: -1 rack: null isFenced: false)], partitions = [], controller = null)
2025-04-15T20:21:39.720+07:00  INFO 18500 --- [monitor-service] [| adminclient-1] o.a.k.c.a.i.AdminMetadataManager         : [AdminClient clientId=adminclient-1] Rebootstrapping with Cluster(id = null, nodes = [localhost:9092 (id: -1 rack: null isFenced: false)], partitions = [], controller = null)
2025-04-15T20:21:39.720+07:00  INFO 18500 --- [monitor-service] [| adminclient-1] o.a.k.c.a.i.AdminMetadataManager         : [AdminClient clientId=adminclient-1] Rebootstrapping with Cluster(id = null, nodes = [localhost:9092 (id: -1 rack: null isFenced: false)], partitions = [], controller = null)
2025-04-15T20:21:39.720+07:00  INFO 18500 --- [monitor-service] [| adminclient-1] o.a.k.c.a.i.AdminMetadataManager         : [AdminClient clientId=adminclient-1] Rebootstrapping with Cluster(id = null, nodes = [localhost:9092 (id: -1 rack: null isFenced: false)], partitions = [], controller = null)
2025-04-15T20:21:39.720+07:00  INFO 18500 --- [monitor-service] [| adminclient-1] o.a.k.c.a.i.AdminMetadataManager         : [AdminClient clientId=adminclient-1] Rebootstrapping with Cluster(id = null, nodes = [localhost:9092 (id: -1 rack: null isFenced: false)], partitions = [], controller = null)
2025-04-15T20:21:39.720+07:00  INFO 18500 --- [monitor-service] [| adminclient-1] o.a.k.c.a.i.AdminMetadataManager         : [AdminClient clientId=adminclient-1] Rebootstrapping with Cluster(id = null, nodes = [localhost:9092 (id: -1 rack: null isFenced: false)], partitions = [], controller = null)
2025-04-15T20:21:39.720+07:00  INFO 18500 --- [monitor-service] [| adminclient-1] o.a.k.c.a.i.AdminMetadataManager         : [AdminClient clientId=adminclient-1] Rebootstrapping with Cluster(id = null, nodes = [localhost:9092 (id: -1 rack: null isFenced: false)], partitions = [], controller = null)
2025-04-15T20:21:39.720+07:00  INFO 18500 --- [monitor-service] [| adminclient-1] o.a.k.c.a.i.AdminMetadataManager         : [AdminClient clientId=adminclient-1] Rebootstrapping with Cluster(id = null, nodes = [localhost:9092 (id: -1 rack: null isFenced: false)], partitions = [], controller = null)
2025-04-15T20:21:39.721+07:00  INFO 18500 --- [monitor-service] [| adminclient-1] o.a.k.c.a.i.AdminMetadataManager         : [AdminClient clientId=adminclient-1] Rebootstrapping with Cluster(id = null, nodes = [localhost:9092 (id: -1 rack: null isFenced: false)], partitions = [], controller = null)
2025-04-15T20:21:39.721+07:00  INFO 18500 --- [monitor-service] [| adminclient-1] o.a.k.c.a.i.AdminMetadataManager         : [AdminClient clientId=adminclient-1] Rebootstrapping with Cluster(id = null, nodes = [localhost:9092 (id: -1 rack: null isFenced: false)], partitions = [], controller = null)
2025-04-15T20:21:39.722+07:00  INFO 18500 --- [monitor-service] [| adminclient-1] o.a.k.c.a.i.AdminMetadataManager         : [AdminClient clientId=adminclient-1] Rebootstrapping with Cluster(id = null, nodes = [localhost:9092 (id: -1 rack: null isFenced: false)], partitions = [], controller = null)
2025-04-15T20:21:39.722+07:00  INFO 18500 --- [monitor-service] [| adminclient-1] o.a.k.c.a.i.AdminMetadataManager         : [AdminClient clientId=adminclient-1] Rebootstrapping with Cluster(id = null, nodes = [localhost:9092 (id: -1 rack: null isFenced: false)], partitions = [], controller = null)
2025-04-15T20:21:39.722+07:00  INFO 18500 --- [monitor-service] [| adminclient-1] o.a.k.c.a.i.AdminMetadataManager         : [AdminClient clientId=adminclient-1] Rebootstrapping with Cluster(id = null, nodes = [localhost:9092 (id: -1 rack: null isFenced: false)], partitions = [], controller = null)
2025-04-15T20:21:39.722+07:00  INFO 18500 --- [monitor-service] [| adminclient-1] o.a.k.c.a.i.AdminMetadataManager         : [AdminClient clientId=adminclient-1] Rebootstrapping with Cluster(id = null, nodes = [localhost:9092 (id: -1 rack: null isFenced: false)], partitions = [], controller = null)
2025-04-15T20:21:39.722+07:00  INFO 18500 --- [monitor-service] [| adminclient-1] o.a.k.c.a.i.AdminMetadataManager         : [AdminClient clientId=adminclient-1] Rebootstrapping with Cluster(id = null, nodes = [localhost:9092 (id: -1 rack: null isFenced: false)], partitions = [], controller = null)
2025-04-15T20:21:39.722+07:00  INFO 18500 --- [monitor-service] [| adminclient-1] o.a.k.c.a.i.AdminMetadataManager         : [AdminClient clientId=adminclient-1] Rebootstrapping with Cluster(id = null, nodes = [localhost:9092 (id: -1 rack: null isFenced: false)], partitions = [], controller = null)
2025-04-15T20:21:39.722+07:00  INFO 18500 --- [monitor-service] [| adminclient-1] o.a.k.c.a.i.AdminMetadataManager         : [AdminClient clientId=adminclient-1] Rebootstrapping with Cluster(id = null, nodes = [localhost:9092 (id: -1 rack: null isFenced: false)], partitions = [], controller = null)
2025-04-15T20:21:39.722+07:00  INFO 18500 --- [monitor-service] [| adminclient-1] o.a.k.c.a.i.AdminMetadataManager         : [AdminClient clientId=adminclient-1] Rebootstrapping with Cluster(id = null, nodes = [localhost:9092 (id: -1 rack: null isFenced: false)], partitions = [], controller = null)
2025-04-15T20:21:39.722+07:00  INFO 18500 --- [monitor-service] [| adminclient-1] o.a.k.c.a.i.AdminMetadataManager         : [AdminClient clientId=adminclient-1] Rebootstrapping with Cluster(id = null, nodes = [localhost:9092 (id: -1 rack: null isFenced: false)], partitions = [], controller = null)
2025-04-15T20:21:39.722+07:00  INFO 18500 --- [monitor-service] [| adminclient-1] o.a.k.c.a.i.AdminMetadataManager         : [AdminClient clientId=adminclient-1] Rebootstrapping with Cluster(id = null, nodes = [localhost:9092 (id: -1 rack: null isFenced: false)], partitions = [], controller = null)
2025-04-15T20:21:39.722+07:00  INFO 18500 --- [monitor-service] [| adminclient-1] o.a.k.c.a.i.AdminMetadataManager         : [AdminClient clientId=adminclient-1] Rebootstrapping with Cluster(id = null, nodes = [localhost:9092 (id: -1 rack: null isFenced: false)], partitions = [], controller = null)
2025-04-15T20:21:39.725+07:00 DEBUG 18500 --- [monitor-service] [           main] o.s.w.s.handler.SimpleUrlHandlerMapping  : Patterns [/webjars/**, /**] in 'resourceHandlerMapping'
2025-04-15T20:21:39.823+07:00  INFO 18500 --- [monitor-service] [| adminclient-1] o.a.k.c.a.i.AdminMetadataManager         : [AdminClient clientId=adminclient-1] Rebootstrapping with Cluster(id = null, nodes = [localhost:9092 (id: -1 rack: null isFenced: false)], partitions = [], controller = null)
2025-04-15T20:21:39.824+07:00  INFO 18500 --- [monitor-service] [| adminclient-1] o.a.k.c.a.i.AdminMetadataManager         : [AdminClient clientId=adminclient-1] Rebootstrapping with Cluster(id = null, nodes = [localhost:9092 (id: -1 rack: null isFenced: false)], partitions = [], controller = null)
2025-04-15T20:21:39.824+07:00  INFO 18500 --- [monitor-service] [| adminclient-1] o.a.k.c.a.i.AdminMetadataManager         : [AdminClient clientId=adminclient-1] Rebootstrapping with Cluster(id = null, nodes = [localhost:9092 (id: -1 rack: null isFenced: false)], partitions = [], controller = null)
2025-04-15T20:21:39.824+07:00  INFO 18500 --- [monitor-service] [| adminclient-1] o.a.k.c.a.i.AdminMetadataManager         : [AdminClient clientId=adminclient-1] Rebootstrapping with Cluster(id = null, nodes = [localhost:9092 (id: -1 rack: null isFenced: false)], partitions = [], controller = null)
2025-04-15T20:21:39.824+07:00  INFO 18500 --- [monitor-service] [| adminclient-1] o.a.k.c.a.i.AdminMetadataManager         : [AdminClient clientId=adminclient-1] Rebootstrapping with Cluster(id = null, nodes = [localhost:9092 (id: -1 rack: null isFenced: false)], partitions = [], controller = null)
2025-04-15T20:21:39.824+07:00  INFO 18500 --- [monitor-service] [| adminclient-1] o.a.k.c.a.i.AdminMetadataManager         : [AdminClient clientId=adminclient-1] Rebootstrapping with Cluster(id = null, nodes = [localhost:9092 (id: -1 rack: null isFenced: false)], partitions = [], controller = null)
2025-04-15T20:21:39.824+07:00  INFO 18500 --- [monitor-service] [| adminclient-1] o.a.k.c.a.i.AdminMetadataManager         : [AdminClient clientId=adminclient-1] Rebootstrapping with Cluster(id = null, nodes = [localhost:9092 (id: -1 rack: null isFenced: false)], partitions = [], controller = null)
2025-04-15T20:21:39.824+07:00  INFO 18500 --- [monitor-service] [| adminclient-1] o.a.k.c.a.i.AdminMetadataManager         : [AdminClient clientId=adminclient-1] Rebootstrapping with Cluster(id = null, nodes = [localhost:9092 (id: -1 rack: null isFenced: false)], partitions = [], controller = null)
2025-04-15T20:21:39.824+07:00  INFO 18500 --- [monitor-service] [| adminclient-1] o.a.k.c.a.i.AdminMetadataManager         : [AdminClient clientId=adminclient-1] Rebootstrapping with Cluster(id = null, nodes = [localhost:9092 (id: -1 rack: null isFenced: false)], partitions = [], controller = null)
2025-04-15T20:21:39.824+07:00  INFO 18500 --- [monitor-service] [| adminclient-1] o.a.k.c.a.i.AdminMetadataManager         : [AdminClient clientId=adminclient-1] Rebootstrapping with Cluster(id = null, nodes = [localhost:9092 (id: -1 rack: null isFenced: false)], partitions = [], controller = null)
2025-04-15T20:21:39.824+07:00  INFO 18500 --- [monitor-service] [| adminclient-1] o.a.k.c.a.i.AdminMetadataManager         : [AdminClient clientId=adminclient-1] Rebootstrapping with Cluster(id = null, nodes = [localhost:9092 (id: -1 rack: null isFenced: false)], partitions = [], controller = null)
2025-04-15T20:21:39.824+07:00  INFO 18500 --- [monitor-service] [| adminclient-1] o.a.k.c.a.i.AdminMetadataManager         : [AdminClient clientId=adminclient-1] Rebootstrapping with Cluster(id = null, nodes = [localhost:9092 (id: -1 rack: null isFenced: false)], partitions = [], controller = null)
2025-04-15T20:21:39.824+07:00  INFO 18500 --- [monitor-service] [| adminclient-1] o.a.k.c.a.i.AdminMetadataManager         : [AdminClient clientId=adminclient-1] Rebootstrapping with Cluster(id = null, nodes = [localhost:9092 (id: -1 rack: null isFenced: false)], partitions = [], controller = null)
2025-04-15T20:21:39.825+07:00  INFO 18500 --- [monitor-service] [| adminclient-1] o.a.k.c.a.i.AdminMetadataManager         : [AdminClient clientId=adminclient-1] Rebootstrapping with Cluster(id = null, nodes = [localhost:9092 (id: -1 rack: null isFenced: false)], partitions = [], controller = null)
2025-04-15T20:21:39.825+07:00  INFO 18500 --- [monitor-service] [| adminclient-1] o.a.k.c.a.i.AdminMetadataManager         : [AdminClient clientId=adminclient-1] Rebootstrapping with Cluster(id = null, nodes = [localhost:9092 (id: -1 rack: null isFenced: false)], partitions = [], controller = null)
2025-04-15T20:21:39.825+07:00  INFO 18500 --- [monitor-service] [| adminclient-1] o.a.k.c.a.i.AdminMetadataManager         : [AdminClient clientId=adminclient-1] Rebootstrapping with Cluster(id = null, nodes = [localhost:9092 (id: -1 rack: null isFenced: false)], partitions = [], controller = null)
2025-04-15T20:21:39.825+07:00  INFO 18500 --- [monitor-service] [| adminclient-1] o.a.k.c.a.i.AdminMetadataManager         : [AdminClient clientId=adminclient-1] Rebootstrapping with Cluster(id = null, nodes = [localhost:9092 (id: -1 rack: null isFenced: false)], partitions = [], controller = null)
2025-04-15T20:21:39.825+07:00  INFO 18500 --- [monitor-service] [| adminclient-1] o.a.k.c.a.i.AdminMetadataManager         : [AdminClient clientId=adminclient-1] Rebootstrapping with Cluster(id = null, nodes = [localhost:9092 (id: -1 rack: null isFenced: false)], partitions = [], controller = null)
2025-04-15T20:21:39.825+07:00  INFO 18500 --- [monitor-service] [| adminclient-1] o.a.k.c.a.i.AdminMetadataManager         : [AdminClient clientId=adminclient-1] Rebootstrapping with Cluster(id = null, nodes = [localhost:9092 (id: -1 rack: null isFenced: false)], partitions = [], controller = null)
2025-04-15T20:21:39.825+07:00  INFO 18500 --- [monitor-service] [| adminclient-1] o.a.k.c.a.i.AdminMetadataManager         : [AdminClient clientId=adminclient-1] Rebootstrapping with Cluster(id = null, nodes = [localhost:9092 (id: -1 rack: null isFenced: false)], partitions = [], controller = null)
2025-04-15T20:21:39.825+07:00  INFO 18500 --- [monitor-service] [| adminclient-1] o.a.k.c.a.i.AdminMetadataManager         : [AdminClient clientId=adminclient-1] Rebootstrapping with Cluster(id = null, nodes = [localhost:9092 (id: -1 rack: null isFenced: false)], partitions = [], controller = null)
2025-04-15T20:21:39.825+07:00  INFO 18500 --- [monitor-service] [| adminclient-1] o.a.k.c.a.i.AdminMetadataManager         : [AdminClient clientId=adminclient-1] Rebootstrapping with Cluster(id = null, nodes = [localhost:9092 (id: -1 rack: null isFenced: false)], partitions = [], controller = null)
2025-04-15T20:21:39.825+07:00  INFO 18500 --- [monitor-service] [| adminclient-1] o.a.k.c.a.i.AdminMetadataManager         : [AdminClient clientId=adminclient-1] Rebootstrapping with Cluster(id = null, nodes = [localhost:9092 (id: -1 rack: null isFenced: false)], partitions = [], controller = null)
2025-04-15T20:21:39.825+07:00  INFO 18500 --- [monitor-service] [| adminclient-1] o.a.k.c.a.i.AdminMetadataManager         : [AdminClient clientId=adminclient-1] Rebootstrapping with Cluster(id = null, nodes = [localhost:9092 (id: -1 rack: null isFenced: false)], partitions = [], controller = null)
2025-04-15T20:21:39.826+07:00 DEBUG 18500 --- [monitor-service] [           main] s.w.s.m.m.a.RequestMappingHandlerAdapter : ControllerAdvice beans: 0 @ModelAttribute, 0 @InitBinder, 1 RequestBodyAdvice, 1 ResponseBodyAdvice
2025-04-15T20:21:39.924+07:00 DEBUG 18500 --- [monitor-service] [           main] .m.m.a.ExceptionHandlerExceptionResolver : ControllerAdvice beans: 0 @ExceptionHandler, 1 ResponseBodyAdvice
2025-04-15T20:21:39.926+07:00  INFO 18500 --- [monitor-service] [| adminclient-1] o.a.k.c.a.i.AdminMetadataManager         : [AdminClient clientId=adminclient-1] Rebootstrapping with Cluster(id = null, nodes = [localhost:9092 (id: -1 rack: null isFenced: false)], partitions = [], controller = null)
2025-04-15T20:21:39.926+07:00  INFO 18500 --- [monitor-service] [| adminclient-1] o.a.k.c.a.i.AdminMetadataManager         : [AdminClient clientId=adminclient-1] Rebootstrapping with Cluster(id = null, nodes = [localhost:9092 (id: -1 rack: null isFenced: false)], partitions = [], controller = null)
2025-04-15T20:21:39.926+07:00  INFO 18500 --- [monitor-service] [| adminclient-1] o.a.k.c.a.i.AdminMetadataManager         : [AdminClient clientId=adminclient-1] Rebootstrapping with Cluster(id = null, nodes = [localhost:9092 (id: -1 rack: null isFenced: false)], partitions = [], controller = null)
2025-04-15T20:21:39.926+07:00  INFO 18500 --- [monitor-service] [| adminclient-1] o.a.k.c.a.i.AdminMetadataManager         : [AdminClient clientId=adminclient-1] Rebootstrapping with Cluster(id = null, nodes = [localhost:9092 (id: -1 rack: null isFenced: false)], partitions = [], controller = null)
2025-04-15T20:21:39.926+07:00  INFO 18500 --- [monitor-service] [| adminclient-1] o.a.k.c.a.i.AdminMetadataManager         : [AdminClient clientId=adminclient-1] Rebootstrapping with Cluster(id = null, nodes = [localhost:9092 (id: -1 rack: null isFenced: false)], partitions = [], controller = null)
2025-04-15T20:21:39.926+07:00  INFO 18500 --- [monitor-service] [| adminclient-1] o.a.k.c.a.i.AdminMetadataManager         : [AdminClient clientId=adminclient-1] Rebootstrapping with Cluster(id = null, nodes = [localhost:9092 (id: -1 rack: null isFenced: false)], partitions = [], controller = null)
2025-04-15T20:21:39.926+07:00  INFO 18500 --- [monitor-service] [| adminclient-1] o.a.k.c.a.i.AdminMetadataManager         : [AdminClient clientId=adminclient-1] Rebootstrapping with Cluster(id = null, nodes = [localhost:9092 (id: -1 rack: null isFenced: false)], partitions = [], controller = null)
2025-04-15T20:21:39.926+07:00  INFO 18500 --- [monitor-service] [| adminclient-1] o.a.k.c.a.i.AdminMetadataManager         : [AdminClient clientId=adminclient-1] Rebootstrapping with Cluster(id = null, nodes = [localhost:9092 (id: -1 rack: null isFenced: false)], partitions = [], controller = null)
2025-04-15T20:21:39.926+07:00  INFO 18500 --- [monitor-service] [| adminclient-1] o.a.k.c.a.i.AdminMetadataManager         : [AdminClient clientId=adminclient-1] Rebootstrapping with Cluster(id = null, nodes = [localhost:9092 (id: -1 rack: null isFenced: false)], partitions = [], controller = null)
2025-04-15T20:21:39.926+07:00  INFO 18500 --- [monitor-service] [| adminclient-1] o.a.k.c.a.i.AdminMetadataManager         : [AdminClient clientId=adminclient-1] Rebootstrapping with Cluster(id = null, nodes = [localhost:9092 (id: -1 rack: null isFenced: false)], partitions = [], controller = null)
2025-04-15T20:21:39.926+07:00  INFO 18500 --- [monitor-service] [| adminclient-1] o.a.k.c.a.i.AdminMetadataManager         : [AdminClient clientId=adminclient-1] Rebootstrapping with Cluster(id = null, nodes = [localhost:9092 (id: -1 rack: null isFenced: false)], partitions = [], controller = null)
2025-04-15T20:21:39.926+07:00  INFO 18500 --- [monitor-service] [| adminclient-1] o.a.k.c.a.i.AdminMetadataManager         : [AdminClient clientId=adminclient-1] Rebootstrapping with Cluster(id = null, nodes = [localhost:9092 (id: -1 rack: null isFenced: false)], partitions = [], controller = null)
2025-04-15T20:21:39.926+07:00  INFO 18500 --- [monitor-service] [| adminclient-1] o.a.k.c.a.i.AdminMetadataManager         : [AdminClient clientId=adminclient-1] Rebootstrapping with Cluster(id = null, nodes = [localhost:9092 (id: -1 rack: null isFenced: false)], partitions = [], controller = null)
2025-04-15T20:21:39.926+07:00  INFO 18500 --- [monitor-service] [| adminclient-1] o.a.k.c.a.i.AdminMetadataManager         : [AdminClient clientId=adminclient-1] Rebootstrapping with Cluster(id = null, nodes = [localhost:9092 (id: -1 rack: null isFenced: false)], partitions = [], controller = null)
2025-04-15T20:21:39.926+07:00  INFO 18500 --- [monitor-service] [| adminclient-1] o.a.k.c.a.i.AdminMetadataManager         : [AdminClient clientId=adminclient-1] Rebootstrapping with Cluster(id = null, nodes = [localhost:9092 (id: -1 rack: null isFenced: false)], partitions = [], controller = null)
2025-04-15T20:21:39.926+07:00  INFO 18500 --- [monitor-service] [| adminclient-1] o.a.k.c.a.i.AdminMetadataManager         : [AdminClient clientId=adminclient-1] Rebootstrapping with Cluster(id = null, nodes = [localhost:9092 (id: -1 rack: null isFenced: false)], partitions = [], controller = null)
2025-04-15T20:21:39.926+07:00  INFO 18500 --- [monitor-service] [| adminclient-1] o.a.k.c.a.i.AdminMetadataManager         : [AdminClient clientId=adminclient-1] Rebootstrapping with Cluster(id = null, nodes = [localhost:9092 (id: -1 rack: null isFenced: false)], partitions = [], controller = null)
2025-04-15T20:21:39.926+07:00  INFO 18500 --- [monitor-service] [| adminclient-1] o.a.k.c.a.i.AdminMetadataManager         : [AdminClient clientId=adminclient-1] Rebootstrapping with Cluster(id = null, nodes = [localhost:9092 (id: -1 rack: null isFenced: false)], partitions = [], controller = null)
2025-04-15T20:21:39.926+07:00  INFO 18500 --- [monitor-service] [| adminclient-1] o.a.k.c.a.i.AdminMetadataManager         : [AdminClient clientId=adminclient-1] Rebootstrapping with Cluster(id = null, nodes = [localhost:9092 (id: -1 rack: null isFenced: false)], partitions = [], controller = null)
2025-04-15T20:21:39.927+07:00  INFO 18500 --- [monitor-service] [| adminclient-1] o.a.k.c.a.i.AdminMetadataManager         : [AdminClient clientId=adminclient-1] Rebootstrapping with Cluster(id = null, nodes = [localhost:9092 (id: -1 rack: null isFenced: false)], partitions = [], controller = null)
2025-04-15T20:21:39.927+07:00  INFO 18500 --- [monitor-service] [| adminclient-1] o.a.k.c.a.i.AdminMetadataManager         : [AdminClient clientId=adminclient-1] Rebootstrapping with Cluster(id = null, nodes = [localhost:9092 (id: -1 rack: null isFenced: false)], partitions = [], controller = null)
2025-04-15T20:21:39.927+07:00  INFO 18500 --- [monitor-service] [| adminclient-1] o.a.k.c.a.i.AdminMetadataManager         : [AdminClient clientId=adminclient-1] Rebootstrapping with Cluster(id = null, nodes = [localhost:9092 (id: -1 rack: null isFenced: false)], partitions = [], controller = null)
2025-04-15T20:21:39.927+07:00  INFO 18500 --- [monitor-service] [| adminclient-1] o.a.k.c.a.i.AdminMetadataManager         : [AdminClient clientId=adminclient-1] Rebootstrapping with Cluster(id = null, nodes = [localhost:9092 (id: -1 rack: null isFenced: false)], partitions = [], controller = null)
2025-04-15T20:21:39.927+07:00  INFO 18500 --- [monitor-service] [| adminclient-1] o.a.k.c.a.i.AdminMetadataManager         : [AdminClient clientId=adminclient-1] Rebootstrapping with Cluster(id = null, nodes = [localhost:9092 (id: -1 rack: null isFenced: false)], partitions = [], controller = null)
2025-04-15T20:21:39.927+07:00  INFO 18500 --- [monitor-service] [| adminclient-1] o.a.k.c.a.i.AdminMetadataManager         : [AdminClient clientId=adminclient-1] Rebootstrapping with Cluster(id = null, nodes = [localhost:9092 (id: -1 rack: null isFenced: false)], partitions = [], controller = null)
2025-04-15T20:21:40.028+07:00  INFO 18500 --- [monitor-service] [| adminclient-1] o.a.k.c.a.i.AdminMetadataManager         : [AdminClient clientId=adminclient-1] Rebootstrapping with Cluster(id = null, nodes = [localhost:9092 (id: -1 rack: null isFenced: false)], partitions = [], controller = null)
2025-04-15T20:21:40.028+07:00  INFO 18500 --- [monitor-service] [| adminclient-1] o.a.k.c.a.i.AdminMetadataManager         : [AdminClient clientId=adminclient-1] Rebootstrapping with Cluster(id = null, nodes = [localhost:9092 (id: -1 rack: null isFenced: false)], partitions = [], controller = null)
2025-04-15T20:21:40.028+07:00  INFO 18500 --- [monitor-service] [| adminclient-1] o.a.k.c.a.i.AdminMetadataManager         : [AdminClient clientId=adminclient-1] Rebootstrapping with Cluster(id = null, nodes = [localhost:9092 (id: -1 rack: null isFenced: false)], partitions = [], controller = null)
2025-04-15T20:21:40.028+07:00  INFO 18500 --- [monitor-service] [| adminclient-1] o.a.k.c.a.i.AdminMetadataManager         : [AdminClient clientId=adminclient-1] Rebootstrapping with Cluster(id = null, nodes = [localhost:9092 (id: -1 rack: null isFenced: false)], partitions = [], controller = null)
2025-04-15T20:21:40.028+07:00  INFO 18500 --- [monitor-service] [| adminclient-1] o.a.k.c.a.i.AdminMetadataManager         : [AdminClient clientId=adminclient-1] Rebootstrapping with Cluster(id = null, nodes = [localhost:9092 (id: -1 rack: null isFenced: false)], partitions = [], controller = null)
2025-04-15T20:21:40.028+07:00  INFO 18500 --- [monitor-service] [| adminclient-1] o.a.k.c.a.i.AdminMetadataManager         : [AdminClient clientId=adminclient-1] Rebootstrapping with Cluster(id = null, nodes = [localhost:9092 (id: -1 rack: null isFenced: false)], partitions = [], controller = null)
2025-04-15T20:21:40.028+07:00  INFO 18500 --- [monitor-service] [| adminclient-1] o.a.k.c.a.i.AdminMetadataManager         : [AdminClient clientId=adminclient-1] Rebootstrapping with Cluster(id = null, nodes = [localhost:9092 (id: -1 rack: null isFenced: false)], partitions = [], controller = null)
2025-04-15T20:21:40.028+07:00  INFO 18500 --- [monitor-service] [| adminclient-1] o.a.k.c.a.i.AdminMetadataManager         : [AdminClient clientId=adminclient-1] Rebootstrapping with Cluster(id = null, nodes = [localhost:9092 (id: -1 rack: null isFenced: false)], partitions = [], controller = null)
2025-04-15T20:21:40.028+07:00  INFO 18500 --- [monitor-service] [| adminclient-1] o.a.k.c.a.i.AdminMetadataManager         : [AdminClient clientId=adminclient-1] Rebootstrapping with Cluster(id = null, nodes = [localhost:9092 (id: -1 rack: null isFenced: false)], partitions = [], controller = null)
2025-04-15T20:21:40.029+07:00  INFO 18500 --- [monitor-service] [| adminclient-1] o.a.k.c.a.i.AdminMetadataManager         : [AdminClient clientId=adminclient-1] Rebootstrapping with Cluster(id = null, nodes = [localhost:9092 (id: -1 rack: null isFenced: false)], partitions = [], controller = null)
2025-04-15T20:21:40.029+07:00  INFO 18500 --- [monitor-service] [| adminclient-1] o.a.k.c.a.i.AdminMetadataManager         : [AdminClient clientId=adminclient-1] Rebootstrapping with Cluster(id = null, nodes = [localhost:9092 (id: -1 rack: null isFenced: false)], partitions = [], controller = null)
2025-04-15T20:21:40.029+07:00  INFO 18500 --- [monitor-service] [| adminclient-1] o.a.k.c.a.i.AdminMetadataManager         : [AdminClient clientId=adminclient-1] Rebootstrapping with Cluster(id = null, nodes = [localhost:9092 (id: -1 rack: null isFenced: false)], partitions = [], controller = null)
2025-04-15T20:21:40.029+07:00  INFO 18500 --- [monitor-service] [| adminclient-1] o.a.k.c.a.i.AdminMetadataManager         : [AdminClient clientId=adminclient-1] Rebootstrapping with Cluster(id = null, nodes = [localhost:9092 (id: -1 rack: null isFenced: false)], partitions = [], controller = null)
2025-04-15T20:21:40.029+07:00  INFO 18500 --- [monitor-service] [| adminclient-1] o.a.k.c.a.i.AdminMetadataManager         : [AdminClient clientId=adminclient-1] Rebootstrapping with Cluster(id = null, nodes = [localhost:9092 (id: -1 rack: null isFenced: false)], partitions = [], controller = null)
2025-04-15T20:21:40.029+07:00  INFO 18500 --- [monitor-service] [| adminclient-1] o.a.k.c.a.i.AdminMetadataManager         : [AdminClient clientId=adminclient-1] Rebootstrapping with Cluster(id = null, nodes = [localhost:9092 (id: -1 rack: null isFenced: false)], partitions = [], controller = null)
2025-04-15T20:21:40.029+07:00  INFO 18500 --- [monitor-service] [| adminclient-1] o.a.k.c.a.i.AdminMetadataManager         : [AdminClient clientId=adminclient-1] Rebootstrapping with Cluster(id = null, nodes = [localhost:9092 (id: -1 rack: null isFenced: false)], partitions = [], controller = null)
2025-04-15T20:21:40.029+07:00  INFO 18500 --- [monitor-service] [| adminclient-1] o.a.k.c.a.i.AdminMetadataManager         : [AdminClient clientId=adminclient-1] Rebootstrapping with Cluster(id = null, nodes = [localhost:9092 (id: -1 rack: null isFenced: false)], partitions = [], controller = null)
2025-04-15T20:21:40.029+07:00  INFO 18500 --- [monitor-service] [| adminclient-1] o.a.k.c.a.i.AdminMetadataManager         : [AdminClient clientId=adminclient-1] Rebootstrapping with Cluster(id = null, nodes = [localhost:9092 (id: -1 rack: null isFenced: false)], partitions = [], controller = null)
2025-04-15T20:21:40.029+07:00  INFO 18500 --- [monitor-service] [| adminclient-1] o.a.k.c.a.i.AdminMetadataManager         : [AdminClient clientId=adminclient-1] Rebootstrapping with Cluster(id = null, nodes = [localhost:9092 (id: -1 rack: null isFenced: false)], partitions = [], controller = null)
2025-04-15T20:21:40.029+07:00  INFO 18500 --- [monitor-service] [| adminclient-1] o.a.k.c.a.i.AdminMetadataManager         : [AdminClient clientId=adminclient-1] Rebootstrapping with Cluster(id = null, nodes = [localhost:9092 (id: -1 rack: null isFenced: false)], partitions = [], controller = null)
2025-04-15T20:21:40.029+07:00  INFO 18500 --- [monitor-service] [| adminclient-1] o.a.k.c.a.i.AdminMetadataManager         : [AdminClient clientId=adminclient-1] Rebootstrapping with Cluster(id = null, nodes = [localhost:9092 (id: -1 rack: null isFenced: false)], partitions = [], controller = null)
2025-04-15T20:21:40.029+07:00  INFO 18500 --- [monitor-service] [| adminclient-1] o.a.k.c.a.i.AdminMetadataManager         : [AdminClient clientId=adminclient-1] Rebootstrapping with Cluster(id = null, nodes = [localhost:9092 (id: -1 rack: null isFenced: false)], partitions = [], controller = null)
2025-04-15T20:21:40.029+07:00  INFO 18500 --- [monitor-service] [| adminclient-1] o.a.k.c.a.i.AdminMetadataManager         : [AdminClient clientId=adminclient-1] Rebootstrapping with Cluster(id = null, nodes = [localhost:9092 (id: -1 rack: null isFenced: false)], partitions = [], controller = null)
2025-04-15T20:21:40.029+07:00  INFO 18500 --- [monitor-service] [| adminclient-1] o.a.k.c.a.i.AdminMetadataManager         : [AdminClient clientId=adminclient-1] Rebootstrapping with Cluster(id = null, nodes = [localhost:9092 (id: -1 rack: null isFenced: false)], partitions = [], controller = null)
2025-04-15T20:21:40.029+07:00  INFO 18500 --- [monitor-service] [| adminclient-1] o.a.k.c.a.i.AdminMetadataManager         : [AdminClient clientId=adminclient-1] Rebootstrapping with Cluster(id = null, nodes = [localhost:9092 (id: -1 rack: null isFenced: false)], partitions = [], controller = null)
2025-04-15T20:21:40.029+07:00  INFO 18500 --- [monitor-service] [| adminclient-1] o.a.k.c.a.i.AdminMetadataManager         : [AdminClient clientId=adminclient-1] Rebootstrapping with Cluster(id = null, nodes = [localhost:9092 (id: -1 rack: null isFenced: false)], partitions = [], controller = null)
2025-04-15T20:21:40.129+07:00  INFO 18500 --- [monitor-service] [| adminclient-1] o.a.k.c.a.i.AdminMetadataManager         : [AdminClient clientId=adminclient-1] Rebootstrapping with Cluster(id = null, nodes = [localhost:9092 (id: -1 rack: null isFenced: false)], partitions = [], controller = null)
2025-04-15T20:21:40.129+07:00  INFO 18500 --- [monitor-service] [| adminclient-1] o.a.k.c.a.i.AdminMetadataManager         : [AdminClient clientId=adminclient-1] Rebootstrapping with Cluster(id = null, nodes = [localhost:9092 (id: -1 rack: null isFenced: false)], partitions = [], controller = null)
2025-04-15T20:21:40.129+07:00  INFO 18500 --- [monitor-service] [| adminclient-1] o.a.k.c.a.i.AdminMetadataManager         : [AdminClient clientId=adminclient-1] Rebootstrapping with Cluster(id = null, nodes = [localhost:9092 (id: -1 rack: null isFenced: false)], partitions = [], controller = null)
2025-04-15T20:21:40.129+07:00  INFO 18500 --- [monitor-service] [| adminclient-1] o.a.k.c.a.i.AdminMetadataManager         : [AdminClient clientId=adminclient-1] Rebootstrapping with Cluster(id = null, nodes = [localhost:9092 (id: -1 rack: null isFenced: false)], partitions = [], controller = null)
2025-04-15T20:21:40.129+07:00  INFO 18500 --- [monitor-service] [| adminclient-1] o.a.k.c.a.i.AdminMetadataManager         : [AdminClient clientId=adminclient-1] Rebootstrapping with Cluster(id = null, nodes = [localhost:9092 (id: -1 rack: null isFenced: false)], partitions = [], controller = null)
2025-04-15T20:21:40.129+07:00  INFO 18500 --- [monitor-service] [| adminclient-1] o.a.k.c.a.i.AdminMetadataManager         : [AdminClient clientId=adminclient-1] Rebootstrapping with Cluster(id = null, nodes = [localhost:9092 (id: -1 rack: null isFenced: false)], partitions = [], controller = null)
2025-04-15T20:21:40.129+07:00  INFO 18500 --- [monitor-service] [| adminclient-1] o.a.k.c.a.i.AdminMetadataManager         : [AdminClient clientId=adminclient-1] Rebootstrapping with Cluster(id = null, nodes = [localhost:9092 (id: -1 rack: null isFenced: false)], partitions = [], controller = null)
2025-04-15T20:21:40.129+07:00  INFO 18500 --- [monitor-service] [| adminclient-1] o.a.k.c.a.i.AdminMetadataManager         : [AdminClient clientId=adminclient-1] Rebootstrapping with Cluster(id = null, nodes = [localhost:9092 (id: -1 rack: null isFenced: false)], partitions = [], controller = null)
2025-04-15T20:21:40.129+07:00  INFO 18500 --- [monitor-service] [| adminclient-1] o.a.k.c.a.i.AdminMetadataManager         : [AdminClient clientId=adminclient-1] Rebootstrapping with Cluster(id = null, nodes = [localhost:9092 (id: -1 rack: null isFenced: false)], partitions = [], controller = null)
2025-04-15T20:21:40.129+07:00  INFO 18500 --- [monitor-service] [| adminclient-1] o.a.k.c.a.i.AdminMetadataManager         : [AdminClient clientId=adminclient-1] Rebootstrapping with Cluster(id = null, nodes = [localhost:9092 (id: -1 rack: null isFenced: false)], partitions = [], controller = null)
2025-04-15T20:21:40.129+07:00  INFO 18500 --- [monitor-service] [| adminclient-1] o.a.k.c.a.i.AdminMetadataManager         : [AdminClient clientId=adminclient-1] Rebootstrapping with Cluster(id = null, nodes = [localhost:9092 (id: -1 rack: null isFenced: false)], partitions = [], controller = null)
2025-04-15T20:21:40.129+07:00  INFO 18500 --- [monitor-service] [| adminclient-1] o.a.k.c.a.i.AdminMetadataManager         : [AdminClient clientId=adminclient-1] Rebootstrapping with Cluster(id = null, nodes = [localhost:9092 (id: -1 rack: null isFenced: false)], partitions = [], controller = null)
2025-04-15T20:21:40.129+07:00  INFO 18500 --- [monitor-service] [| adminclient-1] o.a.k.c.a.i.AdminMetadataManager         : [AdminClient clientId=adminclient-1] Rebootstrapping with Cluster(id = null, nodes = [localhost:9092 (id: -1 rack: null isFenced: false)], partitions = [], controller = null)
2025-04-15T20:21:40.129+07:00  INFO 18500 --- [monitor-service] [| adminclient-1] o.a.k.c.a.i.AdminMetadataManager         : [AdminClient clientId=adminclient-1] Rebootstrapping with Cluster(id = null, nodes = [localhost:9092 (id: -1 rack: null isFenced: false)], partitions = [], controller = null)
2025-04-15T20:21:40.130+07:00  INFO 18500 --- [monitor-service] [| adminclient-1] o.a.k.c.a.i.AdminMetadataManager         : [AdminClient clientId=adminclient-1] Rebootstrapping with Cluster(id = null, nodes = [localhost:9092 (id: -1 rack: null isFenced: false)], partitions = [], controller = null)
2025-04-15T20:21:40.130+07:00  INFO 18500 --- [monitor-service] [| adminclient-1] o.a.k.c.a.i.AdminMetadataManager         : [AdminClient clientId=adminclient-1] Rebootstrapping with Cluster(id = null, nodes = [localhost:9092 (id: -1 rack: null isFenced: false)], partitions = [], controller = null)
2025-04-15T20:21:40.130+07:00  INFO 18500 --- [monitor-service] [| adminclient-1] o.a.k.c.a.i.AdminMetadataManager         : [AdminClient clientId=adminclient-1] Rebootstrapping with Cluster(id = null, nodes = [localhost:9092 (id: -1 rack: null isFenced: false)], partitions = [], controller = null)
2025-04-15T20:21:40.130+07:00  INFO 18500 --- [monitor-service] [| adminclient-1] o.a.k.c.a.i.AdminMetadataManager         : [AdminClient clientId=adminclient-1] Rebootstrapping with Cluster(id = null, nodes = [localhost:9092 (id: -1 rack: null isFenced: false)], partitions = [], controller = null)
2025-04-15T20:21:40.130+07:00  INFO 18500 --- [monitor-service] [| adminclient-1] o.a.k.c.a.i.AdminMetadataManager         : [AdminClient clientId=adminclient-1] Rebootstrapping with Cluster(id = null, nodes = [localhost:9092 (id: -1 rack: null isFenced: false)], partitions = [], controller = null)
2025-04-15T20:21:40.130+07:00  INFO 18500 --- [monitor-service] [| adminclient-1] o.a.k.c.a.i.AdminMetadataManager         : [AdminClient clientId=adminclient-1] Rebootstrapping with Cluster(id = null, nodes = [localhost:9092 (id: -1 rack: null isFenced: false)], partitions = [], controller = null)
2025-04-15T20:21:40.130+07:00  INFO 18500 --- [monitor-service] [| adminclient-1] o.a.k.c.a.i.AdminMetadataManager         : [AdminClient clientId=adminclient-1] Rebootstrapping with Cluster(id = null, nodes = [localhost:9092 (id: -1 rack: null isFenced: false)], partitions = [], controller = null)
2025-04-15T20:21:40.130+07:00  INFO 18500 --- [monitor-service] [| adminclient-1] o.a.k.c.a.i.AdminMetadataManager         : [AdminClient clientId=adminclient-1] Rebootstrapping with Cluster(id = null, nodes = [localhost:9092 (id: -1 rack: null isFenced: false)], partitions = [], controller = null)
2025-04-15T20:21:40.130+07:00  INFO 18500 --- [monitor-service] [| adminclient-1] o.a.k.c.a.i.AdminMetadataManager         : [AdminClient clientId=adminclient-1] Rebootstrapping with Cluster(id = null, nodes = [localhost:9092 (id: -1 rack: null isFenced: false)], partitions = [], controller = null)
2025-04-15T20:21:40.130+07:00  INFO 18500 --- [monitor-service] [| adminclient-1] o.a.k.c.a.i.AdminMetadataManager         : [AdminClient clientId=adminclient-1] Rebootstrapping with Cluster(id = null, nodes = [localhost:9092 (id: -1 rack: null isFenced: false)], partitions = [], controller = null)
2025-04-15T20:21:40.130+07:00  INFO 18500 --- [monitor-service] [| adminclient-1] o.a.k.c.a.i.AdminMetadataManager         : [AdminClient clientId=adminclient-1] Rebootstrapping with Cluster(id = null, nodes = [localhost:9092 (id: -1 rack: null isFenced: false)], partitions = [], controller = null)
2025-04-15T20:21:40.130+07:00  INFO 18500 --- [monitor-service] [| adminclient-1] o.a.k.c.a.i.AdminMetadataManager         : [AdminClient clientId=adminclient-1] Rebootstrapping with Cluster(id = null, nodes = [localhost:9092 (id: -1 rack: null isFenced: false)], partitions = [], controller = null)
2025-04-15T20:21:40.130+07:00  INFO 18500 --- [monitor-service] [| adminclient-1] o.a.k.c.a.i.AdminMetadataManager         : [AdminClient clientId=adminclient-1] Rebootstrapping with Cluster(id = null, nodes = [localhost:9092 (id: -1 rack: null isFenced: false)], partitions = [], controller = null)
2025-04-15T20:21:40.233+07:00  INFO 18500 --- [monitor-service] [| adminclient-1] org.apache.kafka.clients.NetworkClient   : [AdminClient clientId=adminclient-1] Node -1 disconnected.
2025-04-15T20:21:40.233+07:00  WARN 18500 --- [monitor-service] [| adminclient-1] org.apache.kafka.clients.NetworkClient   : [AdminClient clientId=adminclient-1] Connection to node -1 (localhost/127.0.0.1:9092) could not be established. Node may not be available.
2025-04-15T20:21:40.233+07:00  INFO 18500 --- [monitor-service] [| adminclient-1] o.a.k.c.a.i.AdminMetadataManager         : [AdminClient clientId=adminclient-1] Rebootstrapping with Cluster(id = null, nodes = [localhost:9092 (id: -1 rack: null isFenced: false)], partitions = [], controller = null)
2025-04-15T20:21:40.233+07:00  INFO 18500 --- [monitor-service] [| adminclient-1] o.a.k.c.a.i.AdminMetadataManager         : [AdminClient clientId=adminclient-1] Rebootstrapping with Cluster(id = null, nodes = [localhost:9092 (id: -1 rack: null isFenced: false)], partitions = [], controller = null)
2025-04-15T20:21:40.233+07:00  INFO 18500 --- [monitor-service] [| adminclient-1] o.a.k.c.a.i.AdminMetadataManager         : [AdminClient clientId=adminclient-1] Rebootstrapping with Cluster(id = null, nodes = [localhost:9092 (id: -1 rack: null isFenced: false)], partitions = [], controller = null)
2025-04-15T20:21:40.233+07:00  INFO 18500 --- [monitor-service] [| adminclient-1] o.a.k.c.a.i.AdminMetadataManager         : [AdminClient clientId=adminclient-1] Rebootstrapping with Cluster(id = null, nodes = [localhost:9092 (id: -1 rack: null isFenced: false)], partitions = [], controller = null)
2025-04-15T20:21:40.233+07:00  INFO 18500 --- [monitor-service] [| adminclient-1] o.a.k.c.a.i.AdminMetadataManager         : [AdminClient clientId=adminclient-1] Rebootstrapping with Cluster(id = null, nodes = [localhost:9092 (id: -1 rack: null isFenced: false)], partitions = [], controller = null)
2025-04-15T20:21:40.235+07:00  INFO 18500 --- [monitor-service] [| adminclient-1] o.a.k.c.a.i.AdminMetadataManager         : [AdminClient clientId=adminclient-1] Rebootstrapping with Cluster(id = null, nodes = [localhost:9092 (id: -1 rack: null isFenced: false)], partitions = [], controller = null)
2025-04-15T20:21:40.235+07:00  INFO 18500 --- [monitor-service] [| adminclient-1] o.a.k.c.a.i.AdminMetadataManager         : [AdminClient clientId=adminclient-1] Rebootstrapping with Cluster(id = null, nodes = [localhost:9092 (id: -1 rack: null isFenced: false)], partitions = [], controller = null)
2025-04-15T20:21:40.235+07:00  INFO 18500 --- [monitor-service] [| adminclient-1] o.a.k.c.a.i.AdminMetadataManager         : [AdminClient clientId=adminclient-1] Rebootstrapping with Cluster(id = null, nodes = [localhost:9092 (id: -1 rack: null isFenced: false)], partitions = [], controller = null)
2025-04-15T20:21:40.235+07:00  INFO 18500 --- [monitor-service] [| adminclient-1] o.a.k.c.a.i.AdminMetadataManager         : [AdminClient clientId=adminclient-1] Rebootstrapping with Cluster(id = null, nodes = [localhost:9092 (id: -1 rack: null isFenced: false)], partitions = [], controller = null)
2025-04-15T20:21:40.235+07:00  INFO 18500 --- [monitor-service] [| adminclient-1] o.a.k.c.a.i.AdminMetadataManager         : [AdminClient clientId=adminclient-1] Rebootstrapping with Cluster(id = null, nodes = [localhost:9092 (id: -1 rack: null isFenced: false)], partitions = [], controller = null)
2025-04-15T20:21:40.235+07:00  INFO 18500 --- [monitor-service] [| adminclient-1] o.a.k.c.a.i.AdminMetadataManager         : [AdminClient clientId=adminclient-1] Rebootstrapping with Cluster(id = null, nodes = [localhost:9092 (id: -1 rack: null isFenced: false)], partitions = [], controller = null)
2025-04-15T20:21:40.235+07:00  INFO 18500 --- [monitor-service] [| adminclient-1] o.a.k.c.a.i.AdminMetadataManager         : [AdminClient clientId=adminclient-1] Rebootstrapping with Cluster(id = null, nodes = [localhost:9092 (id: -1 rack: null isFenced: false)], partitions = [], controller = null)
2025-04-15T20:21:40.235+07:00  INFO 18500 --- [monitor-service] [| adminclient-1] o.a.k.c.a.i.AdminMetadataManager         : [AdminClient clientId=adminclient-1] Rebootstrapping with Cluster(id = null, nodes = [localhost:9092 (id: -1 rack: null isFenced: false)], partitions = [], controller = null)
2025-04-15T20:21:40.235+07:00  INFO 18500 --- [monitor-service] [| adminclient-1] o.a.k.c.a.i.AdminMetadataManager         : [AdminClient clientId=adminclient-1] Rebootstrapping with Cluster(id = null, nodes = [localhost:9092 (id: -1 rack: null isFenced: false)], partitions = [], controller = null)
2025-04-15T20:21:40.235+07:00  INFO 18500 --- [monitor-service] [| adminclient-1] o.a.k.c.a.i.AdminMetadataManager         : [AdminClient clientId=adminclient-1] Rebootstrapping with Cluster(id = null, nodes = [localhost:9092 (id: -1 rack: null isFenced: false)], partitions = [], controller = null)
2025-04-15T20:21:40.235+07:00  INFO 18500 --- [monitor-service] [| adminclient-1] o.a.k.c.a.i.AdminMetadataManager         : [AdminClient clientId=adminclient-1] Rebootstrapping with Cluster(id = null, nodes = [localhost:9092 (id: -1 rack: null isFenced: false)], partitions = [], controller = null)
2025-04-15T20:21:40.235+07:00  INFO 18500 --- [monitor-service] [| adminclient-1] o.a.k.c.a.i.AdminMetadataManager         : [AdminClient clientId=adminclient-1] Rebootstrapping with Cluster(id = null, nodes = [localhost:9092 (id: -1 rack: null isFenced: false)], partitions = [], controller = null)
2025-04-15T20:21:40.235+07:00  INFO 18500 --- [monitor-service] [| adminclient-1] o.a.k.c.a.i.AdminMetadataManager         : [AdminClient clientId=adminclient-1] Rebootstrapping with Cluster(id = null, nodes = [localhost:9092 (id: -1 rack: null isFenced: false)], partitions = [], controller = null)
2025-04-15T20:21:40.235+07:00  INFO 18500 --- [monitor-service] [| adminclient-1] o.a.k.c.a.i.AdminMetadataManager         : [AdminClient clientId=adminclient-1] Rebootstrapping with Cluster(id = null, nodes = [localhost:9092 (id: -1 rack: null isFenced: false)], partitions = [], controller = null)
2025-04-15T20:21:40.235+07:00  INFO 18500 --- [monitor-service] [| adminclient-1] o.a.k.c.a.i.AdminMetadataManager         : [AdminClient clientId=adminclient-1] Rebootstrapping with Cluster(id = null, nodes = [localhost:9092 (id: -1 rack: null isFenced: false)], partitions = [], controller = null)
2025-04-15T20:21:40.235+07:00  INFO 18500 --- [monitor-service] [| adminclient-1] o.a.k.c.a.i.AdminMetadataManager         : [AdminClient clientId=adminclient-1] Rebootstrapping with Cluster(id = null, nodes = [localhost:9092 (id: -1 rack: null isFenced: false)], partitions = [], controller = null)
2025-04-15T20:21:40.235+07:00  INFO 18500 --- [monitor-service] [| adminclient-1] o.a.k.c.a.i.AdminMetadataManager         : [AdminClient clientId=adminclient-1] Rebootstrapping with Cluster(id = null, nodes = [localhost:9092 (id: -1 rack: null isFenced: false)], partitions = [], controller = null)
2025-04-15T20:21:40.235+07:00  INFO 18500 --- [monitor-service] [| adminclient-1] o.a.k.c.a.i.AdminMetadataManager         : [AdminClient clientId=adminclient-1] Rebootstrapping with Cluster(id = null, nodes = [localhost:9092 (id: -1 rack: null isFenced: false)], partitions = [], controller = null)
2025-04-15T20:21:40.236+07:00  INFO 18500 --- [monitor-service] [| adminclient-1] o.a.k.c.a.i.AdminMetadataManager         : [AdminClient clientId=adminclient-1] Rebootstrapping with Cluster(id = null, nodes = [localhost:9092 (id: -1 rack: null isFenced: false)], partitions = [], controller = null)
2025-04-15T20:21:40.236+07:00  INFO 18500 --- [monitor-service] [| adminclient-1] o.a.k.c.a.i.AdminMetadataManager         : [AdminClient clientId=adminclient-1] Rebootstrapping with Cluster(id = null, nodes = [localhost:9092 (id: -1 rack: null isFenced: false)], partitions = [], controller = null)
2025-04-15T20:21:40.236+07:00  INFO 18500 --- [monitor-service] [| adminclient-1] o.a.k.c.a.i.AdminMetadataManager         : [AdminClient clientId=adminclient-1] Rebootstrapping with Cluster(id = null, nodes = [localhost:9092 (id: -1 rack: null isFenced: false)], partitions = [], controller = null)
2025-04-15T20:21:40.236+07:00  INFO 18500 --- [monitor-service] [| adminclient-1] o.a.k.c.a.i.AdminMetadataManager         : [AdminClient clientId=adminclient-1] Rebootstrapping with Cluster(id = null, nodes = [localhost:9092 (id: -1 rack: null isFenced: false)], partitions = [], controller = null)
2025-04-15T20:21:40.236+07:00  INFO 18500 --- [monitor-service] [| adminclient-1] o.a.k.c.a.i.AdminMetadataManager         : [AdminClient clientId=adminclient-1] Rebootstrapping with Cluster(id = null, nodes = [localhost:9092 (id: -1 rack: null isFenced: false)], partitions = [], controller = null)
2025-04-15T20:21:40.333+07:00  INFO 18500 --- [monitor-service] [| adminclient-1] o.a.k.c.a.i.AdminMetadataManager         : [AdminClient clientId=adminclient-1] Rebootstrapping with Cluster(id = null, nodes = [localhost:9092 (id: -1 rack: null isFenced: false)], partitions = [], controller = null)
2025-04-15T20:21:40.333+07:00  INFO 18500 --- [monitor-service] [| adminclient-1] o.a.k.c.a.i.AdminMetadataManager         : [AdminClient clientId=adminclient-1] Rebootstrapping with Cluster(id = null, nodes = [localhost:9092 (id: -1 rack: null isFenced: false)], partitions = [], controller = null)
2025-04-15T20:21:40.333+07:00  INFO 18500 --- [monitor-service] [| adminclient-1] o.a.k.c.a.i.AdminMetadataManager         : [AdminClient clientId=adminclient-1] Rebootstrapping with Cluster(id = null, nodes = [localhost:9092 (id: -1 rack: null isFenced: false)], partitions = [], controller = null)
2025-04-15T20:21:40.333+07:00  INFO 18500 --- [monitor-service] [| adminclient-1] o.a.k.c.a.i.AdminMetadataManager         : [AdminClient clientId=adminclient-1] Rebootstrapping with Cluster(id = null, nodes = [localhost:9092 (id: -1 rack: null isFenced: false)], partitions = [], controller = null)
2025-04-15T20:21:40.333+07:00  INFO 18500 --- [monitor-service] [| adminclient-1] o.a.k.c.a.i.AdminMetadataManager         : [AdminClient clientId=adminclient-1] Rebootstrapping with Cluster(id = null, nodes = [localhost:9092 (id: -1 rack: null isFenced: false)], partitions = [], controller = null)
2025-04-15T20:21:40.333+07:00  INFO 18500 --- [monitor-service] [| adminclient-1] o.a.k.c.a.i.AdminMetadataManager         : [AdminClient clientId=adminclient-1] Rebootstrapping with Cluster(id = null, nodes = [localhost:9092 (id: -1 rack: null isFenced: false)], partitions = [], controller = null)
2025-04-15T20:21:40.333+07:00  INFO 18500 --- [monitor-service] [| adminclient-1] o.a.k.c.a.i.AdminMetadataManager         : [AdminClient clientId=adminclient-1] Rebootstrapping with Cluster(id = null, nodes = [localhost:9092 (id: -1 rack: null isFenced: false)], partitions = [], controller = null)
2025-04-15T20:21:40.333+07:00  INFO 18500 --- [monitor-service] [| adminclient-1] o.a.k.c.a.i.AdminMetadataManager         : [AdminClient clientId=adminclient-1] Rebootstrapping with Cluster(id = null, nodes = [localhost:9092 (id: -1 rack: null isFenced: false)], partitions = [], controller = null)
2025-04-15T20:21:40.333+07:00  INFO 18500 --- [monitor-service] [| adminclient-1] o.a.k.c.a.i.AdminMetadataManager         : [AdminClient clientId=adminclient-1] Rebootstrapping with Cluster(id = null, nodes = [localhost:9092 (id: -1 rack: null isFenced: false)], partitions = [], controller = null)
2025-04-15T20:21:40.333+07:00  INFO 18500 --- [monitor-service] [| adminclient-1] o.a.k.c.a.i.AdminMetadataManager         : [AdminClient clientId=adminclient-1] Rebootstrapping with Cluster(id = null, nodes = [localhost:9092 (id: -1 rack: null isFenced: false)], partitions = [], controller = null)
2025-04-15T20:21:40.333+07:00  INFO 18500 --- [monitor-service] [| adminclient-1] o.a.k.c.a.i.AdminMetadataManager         : [AdminClient clientId=adminclient-1] Rebootstrapping with Cluster(id = null, nodes = [localhost:9092 (id: -1 rack: null isFenced: false)], partitions = [], controller = null)
2025-04-15T20:21:40.333+07:00  INFO 18500 --- [monitor-service] [| adminclient-1] o.a.k.c.a.i.AdminMetadataManager         : [AdminClient clientId=adminclient-1] Rebootstrapping with Cluster(id = null, nodes = [localhost:9092 (id: -1 rack: null isFenced: false)], partitions = [], controller = null)
2025-04-15T20:21:40.333+07:00  INFO 18500 --- [monitor-service] [| adminclient-1] o.a.k.c.a.i.AdminMetadataManager         : [AdminClient clientId=adminclient-1] Rebootstrapping with Cluster(id = null, nodes = [localhost:9092 (id: -1 rack: null isFenced: false)], partitions = [], controller = null)
2025-04-15T20:21:40.333+07:00  INFO 18500 --- [monitor-service] [| adminclient-1] o.a.k.c.a.i.AdminMetadataManager         : [AdminClient clientId=adminclient-1] Rebootstrapping with Cluster(id = null, nodes = [localhost:9092 (id: -1 rack: null isFenced: false)], partitions = [], controller = null)
2025-04-15T20:21:40.333+07:00  INFO 18500 --- [monitor-service] [| adminclient-1] o.a.k.c.a.i.AdminMetadataManager         : [AdminClient clientId=adminclient-1] Rebootstrapping with Cluster(id = null, nodes = [localhost:9092 (id: -1 rack: null isFenced: false)], partitions = [], controller = null)
2025-04-15T20:21:40.333+07:00  INFO 18500 --- [monitor-service] [| adminclient-1] o.a.k.c.a.i.AdminMetadataManager         : [AdminClient clientId=adminclient-1] Rebootstrapping with Cluster(id = null, nodes = [localhost:9092 (id: -1 rack: null isFenced: false)], partitions = [], controller = null)
2025-04-15T20:21:40.333+07:00  INFO 18500 --- [monitor-service] [| adminclient-1] o.a.k.c.a.i.AdminMetadataManager         : [AdminClient clientId=adminclient-1] Rebootstrapping with Cluster(id = null, nodes = [localhost:9092 (id: -1 rack: null isFenced: false)], partitions = [], controller = null)
2025-04-15T20:21:40.333+07:00  INFO 18500 --- [monitor-service] [| adminclient-1] o.a.k.c.a.i.AdminMetadataManager         : [AdminClient clientId=adminclient-1] Rebootstrapping with Cluster(id = null, nodes = [localhost:9092 (id: -1 rack: null isFenced: false)], partitions = [], controller = null)
2025-04-15T20:21:40.333+07:00  INFO 18500 --- [monitor-service] [| adminclient-1] o.a.k.c.a.i.AdminMetadataManager         : [AdminClient clientId=adminclient-1] Rebootstrapping with Cluster(id = null, nodes = [localhost:9092 (id: -1 rack: null isFenced: false)], partitions = [], controller = null)
2025-04-15T20:21:40.333+07:00  INFO 18500 --- [monitor-service] [| adminclient-1] o.a.k.c.a.i.AdminMetadataManager         : [AdminClient clientId=adminclient-1] Rebootstrapping with Cluster(id = null, nodes = [localhost:9092 (id: -1 rack: null isFenced: false)], partitions = [], controller = null)
2025-04-15T20:21:40.333+07:00  INFO 18500 --- [monitor-service] [| adminclient-1] o.a.k.c.a.i.AdminMetadataManager         : [AdminClient clientId=adminclient-1] Rebootstrapping with Cluster(id = null, nodes = [localhost:9092 (id: -1 rack: null isFenced: false)], partitions = [], controller = null)
2025-04-15T20:21:40.333+07:00  INFO 18500 --- [monitor-service] [| adminclient-1] o.a.k.c.a.i.AdminMetadataManager         : [AdminClient clientId=adminclient-1] Rebootstrapping with Cluster(id = null, nodes = [localhost:9092 (id: -1 rack: null isFenced: false)], partitions = [], controller = null)
2025-04-15T20:21:40.333+07:00  INFO 18500 --- [monitor-service] [| adminclient-1] o.a.k.c.a.i.AdminMetadataManager         : [AdminClient clientId=adminclient-1] Rebootstrapping with Cluster(id = null, nodes = [localhost:9092 (id: -1 rack: null isFenced: false)], partitions = [], controller = null)
2025-04-15T20:21:40.333+07:00  INFO 18500 --- [monitor-service] [| adminclient-1] o.a.k.c.a.i.AdminMetadataManager         : [AdminClient clientId=adminclient-1] Rebootstrapping with Cluster(id = null, nodes = [localhost:9092 (id: -1 rack: null isFenced: false)], partitions = [], controller = null)
2025-04-15T20:21:40.333+07:00  INFO 18500 --- [monitor-service] [| adminclient-1] o.a.k.c.a.i.AdminMetadataManager         : [AdminClient clientId=adminclient-1] Rebootstrapping with Cluster(id = null, nodes = [localhost:9092 (id: -1 rack: null isFenced: false)], partitions = [], controller = null)
2025-04-15T20:21:40.333+07:00  INFO 18500 --- [monitor-service] [| adminclient-1] o.a.k.c.a.i.AdminMetadataManager         : [AdminClient clientId=adminclient-1] Rebootstrapping with Cluster(id = null, nodes = [localhost:9092 (id: -1 rack: null isFenced: false)], partitions = [], controller = null)
2025-04-15T20:21:40.333+07:00  INFO 18500 --- [monitor-service] [| adminclient-1] o.a.k.c.a.i.AdminMetadataManager         : [AdminClient clientId=adminclient-1] Rebootstrapping with Cluster(id = null, nodes = [localhost:9092 (id: -1 rack: null isFenced: false)], partitions = [], controller = null)
2025-04-15T20:21:40.333+07:00  INFO 18500 --- [monitor-service] [| adminclient-1] o.a.k.c.a.i.AdminMetadataManager         : [AdminClient clientId=adminclient-1] Rebootstrapping with Cluster(id = null, nodes = [localhost:9092 (id: -1 rack: null isFenced: false)], partitions = [], controller = null)
2025-04-15T20:21:40.333+07:00  INFO 18500 --- [monitor-service] [| adminclient-1] o.a.k.c.a.i.AdminMetadataManager         : [AdminClient clientId=adminclient-1] Rebootstrapping with Cluster(id = null, nodes = [localhost:9092 (id: -1 rack: null isFenced: false)], partitions = [], controller = null)
2025-04-15T20:21:40.434+07:00  INFO 18500 --- [monitor-service] [| adminclient-1] o.a.k.c.a.i.AdminMetadataManager         : [AdminClient clientId=adminclient-1] Rebootstrapping with Cluster(id = null, nodes = [localhost:9092 (id: -1 rack: null isFenced: false)], partitions = [], controller = null)
2025-04-15T20:21:40.434+07:00  INFO 18500 --- [monitor-service] [| adminclient-1] o.a.k.c.a.i.AdminMetadataManager         : [AdminClient clientId=adminclient-1] Rebootstrapping with Cluster(id = null, nodes = [localhost:9092 (id: -1 rack: null isFenced: false)], partitions = [], controller = null)
2025-04-15T20:21:40.434+07:00  INFO 18500 --- [monitor-service] [| adminclient-1] o.a.k.c.a.i.AdminMetadataManager         : [AdminClient clientId=adminclient-1] Rebootstrapping with Cluster(id = null, nodes = [localhost:9092 (id: -1 rack: null isFenced: false)], partitions = [], controller = null)
2025-04-15T20:21:40.434+07:00  INFO 18500 --- [monitor-service] [| adminclient-1] o.a.k.c.a.i.AdminMetadataManager         : [AdminClient clientId=adminclient-1] Rebootstrapping with Cluster(id = null, nodes = [localhost:9092 (id: -1 rack: null isFenced: false)], partitions = [], controller = null)
2025-04-15T20:21:40.434+07:00  INFO 18500 --- [monitor-service] [| adminclient-1] o.a.k.c.a.i.AdminMetadataManager         : [AdminClient clientId=adminclient-1] Rebootstrapping with Cluster(id = null, nodes = [localhost:9092 (id: -1 rack: null isFenced: false)], partitions = [], controller = null)
2025-04-15T20:21:40.434+07:00  INFO 18500 --- [monitor-service] [| adminclient-1] o.a.k.c.a.i.AdminMetadataManager         : [AdminClient clientId=adminclient-1] Rebootstrapping with Cluster(id = null, nodes = [localhost:9092 (id: -1 rack: null isFenced: false)], partitions = [], controller = null)
2025-04-15T20:21:40.434+07:00  INFO 18500 --- [monitor-service] [| adminclient-1] o.a.k.c.a.i.AdminMetadataManager         : [AdminClient clientId=adminclient-1] Rebootstrapping with Cluster(id = null, nodes = [localhost:9092 (id: -1 rack: null isFenced: false)], partitions = [], controller = null)
2025-04-15T20:21:40.434+07:00  INFO 18500 --- [monitor-service] [| adminclient-1] o.a.k.c.a.i.AdminMetadataManager         : [AdminClient clientId=adminclient-1] Rebootstrapping with Cluster(id = null, nodes = [localhost:9092 (id: -1 rack: null isFenced: false)], partitions = [], controller = null)
2025-04-15T20:21:40.434+07:00  INFO 18500 --- [monitor-service] [| adminclient-1] o.a.k.c.a.i.AdminMetadataManager         : [AdminClient clientId=adminclient-1] Rebootstrapping with Cluster(id = null, nodes = [localhost:9092 (id: -1 rack: null isFenced: false)], partitions = [], controller = null)
2025-04-15T20:21:40.434+07:00  INFO 18500 --- [monitor-service] [| adminclient-1] o.a.k.c.a.i.AdminMetadataManager         : [AdminClient clientId=adminclient-1] Rebootstrapping with Cluster(id = null, nodes = [localhost:9092 (id: -1 rack: null isFenced: false)], partitions = [], controller = null)
2025-04-15T20:21:40.434+07:00  INFO 18500 --- [monitor-service] [| adminclient-1] o.a.k.c.a.i.AdminMetadataManager         : [AdminClient clientId=adminclient-1] Rebootstrapping with Cluster(id = null, nodes = [localhost:9092 (id: -1 rack: null isFenced: false)], partitions = [], controller = null)
2025-04-15T20:21:40.434+07:00  INFO 18500 --- [monitor-service] [| adminclient-1] o.a.k.c.a.i.AdminMetadataManager         : [AdminClient clientId=adminclient-1] Rebootstrapping with Cluster(id = null, nodes = [localhost:9092 (id: -1 rack: null isFenced: false)], partitions = [], controller = null)
2025-04-15T20:21:40.434+07:00  INFO 18500 --- [monitor-service] [| adminclient-1] o.a.k.c.a.i.AdminMetadataManager         : [AdminClient clientId=adminclient-1] Rebootstrapping with Cluster(id = null, nodes = [localhost:9092 (id: -1 rack: null isFenced: false)], partitions = [], controller = null)
2025-04-15T20:21:40.434+07:00  INFO 18500 --- [monitor-service] [| adminclient-1] o.a.k.c.a.i.AdminMetadataManager         : [AdminClient clientId=adminclient-1] Rebootstrapping with Cluster(id = null, nodes = [localhost:9092 (id: -1 rack: null isFenced: false)], partitions = [], controller = null)
2025-04-15T20:21:40.434+07:00  INFO 18500 --- [monitor-service] [| adminclient-1] o.a.k.c.a.i.AdminMetadataManager         : [AdminClient clientId=adminclient-1] Rebootstrapping with Cluster(id = null, nodes = [localhost:9092 (id: -1 rack: null isFenced: false)], partitions = [], controller = null)
2025-04-15T20:21:40.434+07:00  INFO 18500 --- [monitor-service] [| adminclient-1] o.a.k.c.a.i.AdminMetadataManager         : [AdminClient clientId=adminclient-1] Rebootstrapping with Cluster(id = null, nodes = [localhost:9092 (id: -1 rack: null isFenced: false)], partitions = [], controller = null)
2025-04-15T20:21:40.434+07:00  INFO 18500 --- [monitor-service] [| adminclient-1] o.a.k.c.a.i.AdminMetadataManager         : [AdminClient clientId=adminclient-1] Rebootstrapping with Cluster(id = null, nodes = [localhost:9092 (id: -1 rack: null isFenced: false)], partitions = [], controller = null)
2025-04-15T20:21:40.434+07:00  INFO 18500 --- [monitor-service] [| adminclient-1] o.a.k.c.a.i.AdminMetadataManager         : [AdminClient clientId=adminclient-1] Rebootstrapping with Cluster(id = null, nodes = [localhost:9092 (id: -1 rack: null isFenced: false)], partitions = [], controller = null)
2025-04-15T20:21:40.434+07:00  INFO 18500 --- [monitor-service] [| adminclient-1] o.a.k.c.a.i.AdminMetadataManager         : [AdminClient clientId=adminclient-1] Rebootstrapping with Cluster(id = null, nodes = [localhost:9092 (id: -1 rack: null isFenced: false)], partitions = [], controller = null)
2025-04-15T20:21:40.434+07:00  INFO 18500 --- [monitor-service] [| adminclient-1] o.a.k.c.a.i.AdminMetadataManager         : [AdminClient clientId=adminclient-1] Rebootstrapping with Cluster(id = null, nodes = [localhost:9092 (id: -1 rack: null isFenced: false)], partitions = [], controller = null)
2025-04-15T20:21:40.435+07:00  INFO 18500 --- [monitor-service] [| adminclient-1] o.a.k.c.a.i.AdminMetadataManager         : [AdminClient clientId=adminclient-1] Rebootstrapping with Cluster(id = null, nodes = [localhost:9092 (id: -1 rack: null isFenced: false)], partitions = [], controller = null)
2025-04-15T20:21:40.435+07:00  INFO 18500 --- [monitor-service] [| adminclient-1] o.a.k.c.a.i.AdminMetadataManager         : [AdminClient clientId=adminclient-1] Rebootstrapping with Cluster(id = null, nodes = [localhost:9092 (id: -1 rack: null isFenced: false)], partitions = [], controller = null)
2025-04-15T20:21:40.435+07:00  INFO 18500 --- [monitor-service] [| adminclient-1] o.a.k.c.a.i.AdminMetadataManager         : [AdminClient clientId=adminclient-1] Rebootstrapping with Cluster(id = null, nodes = [localhost:9092 (id: -1 rack: null isFenced: false)], partitions = [], controller = null)
2025-04-15T20:21:40.435+07:00  INFO 18500 --- [monitor-service] [| adminclient-1] o.a.k.c.a.i.AdminMetadataManager         : [AdminClient clientId=adminclient-1] Rebootstrapping with Cluster(id = null, nodes = [localhost:9092 (id: -1 rack: null isFenced: false)], partitions = [], controller = null)
2025-04-15T20:21:40.435+07:00  INFO 18500 --- [monitor-service] [| adminclient-1] o.a.k.c.a.i.AdminMetadataManager         : [AdminClient clientId=adminclient-1] Rebootstrapping with Cluster(id = null, nodes = [localhost:9092 (id: -1 rack: null isFenced: false)], partitions = [], controller = null)
2025-04-15T20:21:40.435+07:00  INFO 18500 --- [monitor-service] [| adminclient-1] o.a.k.c.a.i.AdminMetadataManager         : [AdminClient clientId=adminclient-1] Rebootstrapping with Cluster(id = null, nodes = [localhost:9092 (id: -1 rack: null isFenced: false)], partitions = [], controller = null)
2025-04-15T20:21:40.435+07:00  INFO 18500 --- [monitor-service] [| adminclient-1] o.a.k.c.a.i.AdminMetadataManager         : [AdminClient clientId=adminclient-1] Rebootstrapping with Cluster(id = null, nodes = [localhost:9092 (id: -1 rack: null isFenced: false)], partitions = [], controller = null)
2025-04-15T20:21:40.435+07:00  INFO 18500 --- [monitor-service] [| adminclient-1] o.a.k.c.a.i.AdminMetadataManager         : [AdminClient clientId=adminclient-1] Rebootstrapping with Cluster(id = null, nodes = [localhost:9092 (id: -1 rack: null isFenced: false)], partitions = [], controller = null)
2025-04-15T20:21:40.435+07:00  INFO 18500 --- [monitor-service] [| adminclient-1] o.a.k.c.a.i.AdminMetadataManager         : [AdminClient clientId=adminclient-1] Rebootstrapping with Cluster(id = null, nodes = [localhost:9092 (id: -1 rack: null isFenced: false)], partitions = [], controller = null)
2025-04-15T20:21:40.435+07:00  INFO 18500 --- [monitor-service] [| adminclient-1] o.a.k.c.a.i.AdminMetadataManager         : [AdminClient clientId=adminclient-1] Rebootstrapping with Cluster(id = null, nodes = [localhost:9092 (id: -1 rack: null isFenced: false)], partitions = [], controller = null)
2025-04-15T20:21:40.535+07:00  INFO 18500 --- [monitor-service] [| adminclient-1] o.a.k.c.a.i.AdminMetadataManager         : [AdminClient clientId=adminclient-1] Rebootstrapping with Cluster(id = null, nodes = [localhost:9092 (id: -1 rack: null isFenced: false)], partitions = [], controller = null)
2025-04-15T20:21:40.535+07:00  INFO 18500 --- [monitor-service] [| adminclient-1] o.a.k.c.a.i.AdminMetadataManager         : [AdminClient clientId=adminclient-1] Rebootstrapping with Cluster(id = null, nodes = [localhost:9092 (id: -1 rack: null isFenced: false)], partitions = [], controller = null)
2025-04-15T20:21:40.535+07:00  INFO 18500 --- [monitor-service] [| adminclient-1] o.a.k.c.a.i.AdminMetadataManager         : [AdminClient clientId=adminclient-1] Rebootstrapping with Cluster(id = null, nodes = [localhost:9092 (id: -1 rack: null isFenced: false)], partitions = [], controller = null)
2025-04-15T20:21:40.535+07:00  INFO 18500 --- [monitor-service] [| adminclient-1] o.a.k.c.a.i.AdminMetadataManager         : [AdminClient clientId=adminclient-1] Rebootstrapping with Cluster(id = null, nodes = [localhost:9092 (id: -1 rack: null isFenced: false)], partitions = [], controller = null)
2025-04-15T20:21:40.535+07:00  INFO 18500 --- [monitor-service] [| adminclient-1] o.a.k.c.a.i.AdminMetadataManager         : [AdminClient clientId=adminclient-1] Rebootstrapping with Cluster(id = null, nodes = [localhost:9092 (id: -1 rack: null isFenced: false)], partitions = [], controller = null)
2025-04-15T20:21:40.535+07:00  INFO 18500 --- [monitor-service] [| adminclient-1] o.a.k.c.a.i.AdminMetadataManager         : [AdminClient clientId=adminclient-1] Rebootstrapping with Cluster(id = null, nodes = [localhost:9092 (id: -1 rack: null isFenced: false)], partitions = [], controller = null)
2025-04-15T20:21:40.535+07:00  INFO 18500 --- [monitor-service] [| adminclient-1] o.a.k.c.a.i.AdminMetadataManager         : [AdminClient clientId=adminclient-1] Rebootstrapping with Cluster(id = null, nodes = [localhost:9092 (id: -1 rack: null isFenced: false)], partitions = [], controller = null)
2025-04-15T20:21:40.535+07:00  INFO 18500 --- [monitor-service] [| adminclient-1] o.a.k.c.a.i.AdminMetadataManager         : [AdminClient clientId=adminclient-1] Rebootstrapping with Cluster(id = null, nodes = [localhost:9092 (id: -1 rack: null isFenced: false)], partitions = [], controller = null)
2025-04-15T20:21:40.535+07:00  INFO 18500 --- [monitor-service] [| adminclient-1] o.a.k.c.a.i.AdminMetadataManager         : [AdminClient clientId=adminclient-1] Rebootstrapping with Cluster(id = null, nodes = [localhost:9092 (id: -1 rack: null isFenced: false)], partitions = [], controller = null)
2025-04-15T20:21:40.535+07:00  INFO 18500 --- [monitor-service] [| adminclient-1] o.a.k.c.a.i.AdminMetadataManager         : [AdminClient clientId=adminclient-1] Rebootstrapping with Cluster(id = null, nodes = [localhost:9092 (id: -1 rack: null isFenced: false)], partitions = [], controller = null)
2025-04-15T20:21:40.535+07:00  INFO 18500 --- [monitor-service] [| adminclient-1] o.a.k.c.a.i.AdminMetadataManager         : [AdminClient clientId=adminclient-1] Rebootstrapping with Cluster(id = null, nodes = [localhost:9092 (id: -1 rack: null isFenced: false)], partitions = [], controller = null)
2025-04-15T20:21:40.535+07:00  INFO 18500 --- [monitor-service] [| adminclient-1] o.a.k.c.a.i.AdminMetadataManager         : [AdminClient clientId=adminclient-1] Rebootstrapping with Cluster(id = null, nodes = [localhost:9092 (id: -1 rack: null isFenced: false)], partitions = [], controller = null)
2025-04-15T20:21:40.535+07:00  INFO 18500 --- [monitor-service] [| adminclient-1] o.a.k.c.a.i.AdminMetadataManager         : [AdminClient clientId=adminclient-1] Rebootstrapping with Cluster(id = null, nodes = [localhost:9092 (id: -1 rack: null isFenced: false)], partitions = [], controller = null)
2025-04-15T20:21:40.536+07:00  INFO 18500 --- [monitor-service] [| adminclient-1] o.a.k.c.a.i.AdminMetadataManager         : [AdminClient clientId=adminclient-1] Rebootstrapping with Cluster(id = null, nodes = [localhost:9092 (id: -1 rack: null isFenced: false)], partitions = [], controller = null)
2025-04-15T20:21:40.536+07:00  INFO 18500 --- [monitor-service] [| adminclient-1] o.a.k.c.a.i.AdminMetadataManager         : [AdminClient clientId=adminclient-1] Rebootstrapping with Cluster(id = null, nodes = [localhost:9092 (id: -1 rack: null isFenced: false)], partitions = [], controller = null)
2025-04-15T20:21:40.536+07:00  INFO 18500 --- [monitor-service] [| adminclient-1] o.a.k.c.a.i.AdminMetadataManager         : [AdminClient clientId=adminclient-1] Rebootstrapping with Cluster(id = null, nodes = [localhost:9092 (id: -1 rack: null isFenced: false)], partitions = [], controller = null)
2025-04-15T20:21:40.536+07:00  INFO 18500 --- [monitor-service] [| adminclient-1] o.a.k.c.a.i.AdminMetadataManager         : [AdminClient clientId=adminclient-1] Rebootstrapping with Cluster(id = null, nodes = [localhost:9092 (id: -1 rack: null isFenced: false)], partitions = [], controller = null)
2025-04-15T20:21:40.536+07:00  INFO 18500 --- [monitor-service] [| adminclient-1] o.a.k.c.a.i.AdminMetadataManager         : [AdminClient clientId=adminclient-1] Rebootstrapping with Cluster(id = null, nodes = [localhost:9092 (id: -1 rack: null isFenced: false)], partitions = [], controller = null)
2025-04-15T20:21:40.536+07:00  INFO 18500 --- [monitor-service] [| adminclient-1] o.a.k.c.a.i.AdminMetadataManager         : [AdminClient clientId=adminclient-1] Rebootstrapping with Cluster(id = null, nodes = [localhost:9092 (id: -1 rack: null isFenced: false)], partitions = [], controller = null)
2025-04-15T20:21:40.536+07:00  INFO 18500 --- [monitor-service] [| adminclient-1] o.a.k.c.a.i.AdminMetadataManager         : [AdminClient clientId=adminclient-1] Rebootstrapping with Cluster(id = null, nodes = [localhost:9092 (id: -1 rack: null isFenced: false)], partitions = [], controller = null)
2025-04-15T20:21:40.536+07:00  INFO 18500 --- [monitor-service] [| adminclient-1] o.a.k.c.a.i.AdminMetadataManager         : [AdminClient clientId=adminclient-1] Rebootstrapping with Cluster(id = null, nodes = [localhost:9092 (id: -1 rack: null isFenced: false)], partitions = [], controller = null)
2025-04-15T20:21:40.536+07:00  INFO 18500 --- [monitor-service] [| adminclient-1] o.a.k.c.a.i.AdminMetadataManager         : [AdminClient clientId=adminclient-1] Rebootstrapping with Cluster(id = null, nodes = [localhost:9092 (id: -1 rack: null isFenced: false)], partitions = [], controller = null)
2025-04-15T20:21:40.536+07:00  INFO 18500 --- [monitor-service] [| adminclient-1] o.a.k.c.a.i.AdminMetadataManager         : [AdminClient clientId=adminclient-1] Rebootstrapping with Cluster(id = null, nodes = [localhost:9092 (id: -1 rack: null isFenced: false)], partitions = [], controller = null)
2025-04-15T20:21:40.536+07:00  INFO 18500 --- [monitor-service] [| adminclient-1] o.a.k.c.a.i.AdminMetadataManager         : [AdminClient clientId=adminclient-1] Rebootstrapping with Cluster(id = null, nodes = [localhost:9092 (id: -1 rack: null isFenced: false)], partitions = [], controller = null)
2025-04-15T20:21:40.536+07:00  INFO 18500 --- [monitor-service] [| adminclient-1] o.a.k.c.a.i.AdminMetadataManager         : [AdminClient clientId=adminclient-1] Rebootstrapping with Cluster(id = null, nodes = [localhost:9092 (id: -1 rack: null isFenced: false)], partitions = [], controller = null)
2025-04-15T20:21:40.536+07:00  INFO 18500 --- [monitor-service] [| adminclient-1] o.a.k.c.a.i.AdminMetadataManager         : [AdminClient clientId=adminclient-1] Rebootstrapping with Cluster(id = null, nodes = [localhost:9092 (id: -1 rack: null isFenced: false)], partitions = [], controller = null)
2025-04-15T20:21:40.536+07:00  INFO 18500 --- [monitor-service] [| adminclient-1] o.a.k.c.a.i.AdminMetadataManager         : [AdminClient clientId=adminclient-1] Rebootstrapping with Cluster(id = null, nodes = [localhost:9092 (id: -1 rack: null isFenced: false)], partitions = [], controller = null)
2025-04-15T20:21:40.536+07:00  INFO 18500 --- [monitor-service] [| adminclient-1] o.a.k.c.a.i.AdminMetadataManager         : [AdminClient clientId=adminclient-1] Rebootstrapping with Cluster(id = null, nodes = [localhost:9092 (id: -1 rack: null isFenced: false)], partitions = [], controller = null)
2025-04-15T20:21:40.536+07:00  INFO 18500 --- [monitor-service] [| adminclient-1] o.a.k.c.a.i.AdminMetadataManager         : [AdminClient clientId=adminclient-1] Rebootstrapping with Cluster(id = null, nodes = [localhost:9092 (id: -1 rack: null isFenced: false)], partitions = [], controller = null)
2025-04-15T20:21:40.536+07:00  INFO 18500 --- [monitor-service] [| adminclient-1] o.a.k.c.a.i.AdminMetadataManager         : [AdminClient clientId=adminclient-1] Rebootstrapping with Cluster(id = null, nodes = [localhost:9092 (id: -1 rack: null isFenced: false)], partitions = [], controller = null)
2025-04-15T20:21:40.536+07:00  INFO 18500 --- [monitor-service] [| adminclient-1] o.a.k.c.a.i.AdminMetadataManager         : [AdminClient clientId=adminclient-1] Rebootstrapping with Cluster(id = null, nodes = [localhost:9092 (id: -1 rack: null isFenced: false)], partitions = [], controller = null)
2025-04-15T20:21:40.637+07:00  INFO 18500 --- [monitor-service] [| adminclient-1] o.a.k.c.a.i.AdminMetadataManager         : [AdminClient clientId=adminclient-1] Rebootstrapping with Cluster(id = null, nodes = [localhost:9092 (id: -1 rack: null isFenced: false)], partitions = [], controller = null)
2025-04-15T20:21:40.637+07:00  INFO 18500 --- [monitor-service] [| adminclient-1] o.a.k.c.a.i.AdminMetadataManager         : [AdminClient clientId=adminclient-1] Rebootstrapping with Cluster(id = null, nodes = [localhost:9092 (id: -1 rack: null isFenced: false)], partitions = [], controller = null)
2025-04-15T20:21:40.637+07:00  INFO 18500 --- [monitor-service] [| adminclient-1] o.a.k.c.a.i.AdminMetadataManager         : [AdminClient clientId=adminclient-1] Rebootstrapping with Cluster(id = null, nodes = [localhost:9092 (id: -1 rack: null isFenced: false)], partitions = [], controller = null)
2025-04-15T20:21:40.637+07:00  INFO 18500 --- [monitor-service] [| adminclient-1] o.a.k.c.a.i.AdminMetadataManager         : [AdminClient clientId=adminclient-1] Rebootstrapping with Cluster(id = null, nodes = [localhost:9092 (id: -1 rack: null isFenced: false)], partitions = [], controller = null)
2025-04-15T20:21:40.637+07:00  INFO 18500 --- [monitor-service] [| adminclient-1] o.a.k.c.a.i.AdminMetadataManager         : [AdminClient clientId=adminclient-1] Rebootstrapping with Cluster(id = null, nodes = [localhost:9092 (id: -1 rack: null isFenced: false)], partitions = [], controller = null)
2025-04-15T20:21:40.637+07:00  INFO 18500 --- [monitor-service] [| adminclient-1] o.a.k.c.a.i.AdminMetadataManager         : [AdminClient clientId=adminclient-1] Rebootstrapping with Cluster(id = null, nodes = [localhost:9092 (id: -1 rack: null isFenced: false)], partitions = [], controller = null)
2025-04-15T20:21:40.637+07:00  INFO 18500 --- [monitor-service] [| adminclient-1] o.a.k.c.a.i.AdminMetadataManager         : [AdminClient clientId=adminclient-1] Rebootstrapping with Cluster(id = null, nodes = [localhost:9092 (id: -1 rack: null isFenced: false)], partitions = [], controller = null)
2025-04-15T20:21:40.637+07:00  INFO 18500 --- [monitor-service] [| adminclient-1] o.a.k.c.a.i.AdminMetadataManager         : [AdminClient clientId=adminclient-1] Rebootstrapping with Cluster(id = null, nodes = [localhost:9092 (id: -1 rack: null isFenced: false)], partitions = [], controller = null)
2025-04-15T20:21:40.637+07:00  INFO 18500 --- [monitor-service] [| adminclient-1] o.a.k.c.a.i.AdminMetadataManager         : [AdminClient clientId=adminclient-1] Rebootstrapping with Cluster(id = null, nodes = [localhost:9092 (id: -1 rack: null isFenced: false)], partitions = [], controller = null)
2025-04-15T20:21:40.637+07:00  INFO 18500 --- [monitor-service] [| adminclient-1] o.a.k.c.a.i.AdminMetadataManager         : [AdminClient clientId=adminclient-1] Rebootstrapping with Cluster(id = null, nodes = [localhost:9092 (id: -1 rack: null isFenced: false)], partitions = [], controller = null)
2025-04-15T20:21:40.637+07:00  INFO 18500 --- [monitor-service] [| adminclient-1] o.a.k.c.a.i.AdminMetadataManager         : [AdminClient clientId=adminclient-1] Rebootstrapping with Cluster(id = null, nodes = [localhost:9092 (id: -1 rack: null isFenced: false)], partitions = [], controller = null)
2025-04-15T20:21:40.637+07:00  INFO 18500 --- [monitor-service] [| adminclient-1] o.a.k.c.a.i.AdminMetadataManager         : [AdminClient clientId=adminclient-1] Rebootstrapping with Cluster(id = null, nodes = [localhost:9092 (id: -1 rack: null isFenced: false)], partitions = [], controller = null)
2025-04-15T20:21:40.637+07:00  INFO 18500 --- [monitor-service] [| adminclient-1] o.a.k.c.a.i.AdminMetadataManager         : [AdminClient clientId=adminclient-1] Rebootstrapping with Cluster(id = null, nodes = [localhost:9092 (id: -1 rack: null isFenced: false)], partitions = [], controller = null)
2025-04-15T20:21:40.637+07:00  INFO 18500 --- [monitor-service] [| adminclient-1] o.a.k.c.a.i.AdminMetadataManager         : [AdminClient clientId=adminclient-1] Rebootstrapping with Cluster(id = null, nodes = [localhost:9092 (id: -1 rack: null isFenced: false)], partitions = [], controller = null)
2025-04-15T20:21:40.637+07:00  INFO 18500 --- [monitor-service] [| adminclient-1] o.a.k.c.a.i.AdminMetadataManager         : [AdminClient clientId=adminclient-1] Rebootstrapping with Cluster(id = null, nodes = [localhost:9092 (id: -1 rack: null isFenced: false)], partitions = [], controller = null)
2025-04-15T20:21:40.637+07:00  INFO 18500 --- [monitor-service] [| adminclient-1] o.a.k.c.a.i.AdminMetadataManager         : [AdminClient clientId=adminclient-1] Rebootstrapping with Cluster(id = null, nodes = [localhost:9092 (id: -1 rack: null isFenced: false)], partitions = [], controller = null)
2025-04-15T20:21:40.637+07:00  INFO 18500 --- [monitor-service] [| adminclient-1] o.a.k.c.a.i.AdminMetadataManager         : [AdminClient clientId=adminclient-1] Rebootstrapping with Cluster(id = null, nodes = [localhost:9092 (id: -1 rack: null isFenced: false)], partitions = [], controller = null)
2025-04-15T20:21:40.637+07:00  INFO 18500 --- [monitor-service] [| adminclient-1] o.a.k.c.a.i.AdminMetadataManager         : [AdminClient clientId=adminclient-1] Rebootstrapping with Cluster(id = null, nodes = [localhost:9092 (id: -1 rack: null isFenced: false)], partitions = [], controller = null)
2025-04-15T20:21:40.637+07:00  INFO 18500 --- [monitor-service] [| adminclient-1] o.a.k.c.a.i.AdminMetadataManager         : [AdminClient clientId=adminclient-1] Rebootstrapping with Cluster(id = null, nodes = [localhost:9092 (id: -1 rack: null isFenced: false)], partitions = [], controller = null)
2025-04-15T20:21:40.637+07:00  INFO 18500 --- [monitor-service] [| adminclient-1] o.a.k.c.a.i.AdminMetadataManager         : [AdminClient clientId=adminclient-1] Rebootstrapping with Cluster(id = null, nodes = [localhost:9092 (id: -1 rack: null isFenced: false)], partitions = [], controller = null)
2025-04-15T20:21:40.638+07:00  INFO 18500 --- [monitor-service] [| adminclient-1] o.a.k.c.a.i.AdminMetadataManager         : [AdminClient clientId=adminclient-1] Rebootstrapping with Cluster(id = null, nodes = [localhost:9092 (id: -1 rack: null isFenced: false)], partitions = [], controller = null)
2025-04-15T20:21:40.638+07:00  INFO 18500 --- [monitor-service] [| adminclient-1] o.a.k.c.a.i.AdminMetadataManager         : [AdminClient clientId=adminclient-1] Rebootstrapping with Cluster(id = null, nodes = [localhost:9092 (id: -1 rack: null isFenced: false)], partitions = [], controller = null)
2025-04-15T20:21:40.638+07:00  INFO 18500 --- [monitor-service] [| adminclient-1] o.a.k.c.a.i.AdminMetadataManager         : [AdminClient clientId=adminclient-1] Rebootstrapping with Cluster(id = null, nodes = [localhost:9092 (id: -1 rack: null isFenced: false)], partitions = [], controller = null)
2025-04-15T20:21:40.638+07:00  INFO 18500 --- [monitor-service] [| adminclient-1] o.a.k.c.a.i.AdminMetadataManager         : [AdminClient clientId=adminclient-1] Rebootstrapping with Cluster(id = null, nodes = [localhost:9092 (id: -1 rack: null isFenced: false)], partitions = [], controller = null)
2025-04-15T20:21:40.638+07:00  INFO 18500 --- [monitor-service] [| adminclient-1] o.a.k.c.a.i.AdminMetadataManager         : [AdminClient clientId=adminclient-1] Rebootstrapping with Cluster(id = null, nodes = [localhost:9092 (id: -1 rack: null isFenced: false)], partitions = [], controller = null)
2025-04-15T20:21:40.638+07:00  INFO 18500 --- [monitor-service] [| adminclient-1] o.a.k.c.a.i.AdminMetadataManager         : [AdminClient clientId=adminclient-1] Rebootstrapping with Cluster(id = null, nodes = [localhost:9092 (id: -1 rack: null isFenced: false)], partitions = [], controller = null)
2025-04-15T20:21:40.638+07:00  INFO 18500 --- [monitor-service] [| adminclient-1] o.a.k.c.a.i.AdminMetadataManager         : [AdminClient clientId=adminclient-1] Rebootstrapping with Cluster(id = null, nodes = [localhost:9092 (id: -1 rack: null isFenced: false)], partitions = [], controller = null)
2025-04-15T20:21:40.638+07:00  INFO 18500 --- [monitor-service] [| adminclient-1] o.a.k.c.a.i.AdminMetadataManager         : [AdminClient clientId=adminclient-1] Rebootstrapping with Cluster(id = null, nodes = [localhost:9092 (id: -1 rack: null isFenced: false)], partitions = [], controller = null)
2025-04-15T20:21:40.638+07:00  INFO 18500 --- [monitor-service] [| adminclient-1] o.a.k.c.a.i.AdminMetadataManager         : [AdminClient clientId=adminclient-1] Rebootstrapping with Cluster(id = null, nodes = [localhost:9092 (id: -1 rack: null isFenced: false)], partitions = [], controller = null)
2025-04-15T20:21:40.638+07:00  INFO 18500 --- [monitor-service] [| adminclient-1] o.a.k.c.a.i.AdminMetadataManager         : [AdminClient clientId=adminclient-1] Rebootstrapping with Cluster(id = null, nodes = [localhost:9092 (id: -1 rack: null isFenced: false)], partitions = [], controller = null)
2025-04-15T20:21:40.638+07:00  INFO 18500 --- [monitor-service] [| adminclient-1] o.a.k.c.a.i.AdminMetadataManager         : [AdminClient clientId=adminclient-1] Rebootstrapping with Cluster(id = null, nodes = [localhost:9092 (id: -1 rack: null isFenced: false)], partitions = [], controller = null)
2025-04-15T20:21:40.638+07:00  INFO 18500 --- [monitor-service] [| adminclient-1] o.a.k.c.a.i.AdminMetadataManager         : [AdminClient clientId=adminclient-1] Rebootstrapping with Cluster(id = null, nodes = [localhost:9092 (id: -1 rack: null isFenced: false)], partitions = [], controller = null)
2025-04-15T20:21:40.679+07:00  INFO 18500 --- [monitor-service] [           main] r$InitializeUserDetailsManagerConfigurer : Global AuthenticationManager configured with UserDetailsService bean with name inMemoryUserDetailsManager
2025-04-15T20:21:40.739+07:00  INFO 18500 --- [monitor-service] [| adminclient-1] o.a.k.c.a.i.AdminMetadataManager         : [AdminClient clientId=adminclient-1] Rebootstrapping with Cluster(id = null, nodes = [localhost:9092 (id: -1 rack: null isFenced: false)], partitions = [], controller = null)
2025-04-15T20:21:40.739+07:00  INFO 18500 --- [monitor-service] [| adminclient-1] o.a.k.c.a.i.AdminMetadataManager         : [AdminClient clientId=adminclient-1] Rebootstrapping with Cluster(id = null, nodes = [localhost:9092 (id: -1 rack: null isFenced: false)], partitions = [], controller = null)
2025-04-15T20:21:40.739+07:00  INFO 18500 --- [monitor-service] [| adminclient-1] o.a.k.c.a.i.AdminMetadataManager         : [AdminClient clientId=adminclient-1] Rebootstrapping with Cluster(id = null, nodes = [localhost:9092 (id: -1 rack: null isFenced: false)], partitions = [], controller = null)
2025-04-15T20:21:40.739+07:00  INFO 18500 --- [monitor-service] [| adminclient-1] o.a.k.c.a.i.AdminMetadataManager         : [AdminClient clientId=adminclient-1] Rebootstrapping with Cluster(id = null, nodes = [localhost:9092 (id: -1 rack: null isFenced: false)], partitions = [], controller = null)
2025-04-15T20:21:40.739+07:00  INFO 18500 --- [monitor-service] [| adminclient-1] o.a.k.c.a.i.AdminMetadataManager         : [AdminClient clientId=adminclient-1] Rebootstrapping with Cluster(id = null, nodes = [localhost:9092 (id: -1 rack: null isFenced: false)], partitions = [], controller = null)
2025-04-15T20:21:40.739+07:00  INFO 18500 --- [monitor-service] [| adminclient-1] o.a.k.c.a.i.AdminMetadataManager         : [AdminClient clientId=adminclient-1] Rebootstrapping with Cluster(id = null, nodes = [localhost:9092 (id: -1 rack: null isFenced: false)], partitions = [], controller = null)
2025-04-15T20:21:40.739+07:00  INFO 18500 --- [monitor-service] [| adminclient-1] o.a.k.c.a.i.AdminMetadataManager         : [AdminClient clientId=adminclient-1] Rebootstrapping with Cluster(id = null, nodes = [localhost:9092 (id: -1 rack: null isFenced: false)], partitions = [], controller = null)
2025-04-15T20:21:40.739+07:00  INFO 18500 --- [monitor-service] [| adminclient-1] o.a.k.c.a.i.AdminMetadataManager         : [AdminClient clientId=adminclient-1] Rebootstrapping with Cluster(id = null, nodes = [localhost:9092 (id: -1 rack: null isFenced: false)], partitions = [], controller = null)
2025-04-15T20:21:40.739+07:00  INFO 18500 --- [monitor-service] [| adminclient-1] o.a.k.c.a.i.AdminMetadataManager         : [AdminClient clientId=adminclient-1] Rebootstrapping with Cluster(id = null, nodes = [localhost:9092 (id: -1 rack: null isFenced: false)], partitions = [], controller = null)
2025-04-15T20:21:40.739+07:00  INFO 18500 --- [monitor-service] [| adminclient-1] o.a.k.c.a.i.AdminMetadataManager         : [AdminClient clientId=adminclient-1] Rebootstrapping with Cluster(id = null, nodes = [localhost:9092 (id: -1 rack: null isFenced: false)], partitions = [], controller = null)
2025-04-15T20:21:40.739+07:00  INFO 18500 --- [monitor-service] [| adminclient-1] o.a.k.c.a.i.AdminMetadataManager         : [AdminClient clientId=adminclient-1] Rebootstrapping with Cluster(id = null, nodes = [localhost:9092 (id: -1 rack: null isFenced: false)], partitions = [], controller = null)
2025-04-15T20:21:40.739+07:00  INFO 18500 --- [monitor-service] [| adminclient-1] o.a.k.c.a.i.AdminMetadataManager         : [AdminClient clientId=adminclient-1] Rebootstrapping with Cluster(id = null, nodes = [localhost:9092 (id: -1 rack: null isFenced: false)], partitions = [], controller = null)
2025-04-15T20:21:40.739+07:00  INFO 18500 --- [monitor-service] [| adminclient-1] o.a.k.c.a.i.AdminMetadataManager         : [AdminClient clientId=adminclient-1] Rebootstrapping with Cluster(id = null, nodes = [localhost:9092 (id: -1 rack: null isFenced: false)], partitions = [], controller = null)
2025-04-15T20:21:40.739+07:00  INFO 18500 --- [monitor-service] [| adminclient-1] o.a.k.c.a.i.AdminMetadataManager         : [AdminClient clientId=adminclient-1] Rebootstrapping with Cluster(id = null, nodes = [localhost:9092 (id: -1 rack: null isFenced: false)], partitions = [], controller = null)
2025-04-15T20:21:40.739+07:00  INFO 18500 --- [monitor-service] [| adminclient-1] o.a.k.c.a.i.AdminMetadataManager         : [AdminClient clientId=adminclient-1] Rebootstrapping with Cluster(id = null, nodes = [localhost:9092 (id: -1 rack: null isFenced: false)], partitions = [], controller = null)
2025-04-15T20:21:40.739+07:00  INFO 18500 --- [monitor-service] [| adminclient-1] o.a.k.c.a.i.AdminMetadataManager         : [AdminClient clientId=adminclient-1] Rebootstrapping with Cluster(id = null, nodes = [localhost:9092 (id: -1 rack: null isFenced: false)], partitions = [], controller = null)
2025-04-15T20:21:40.739+07:00  INFO 18500 --- [monitor-service] [| adminclient-1] o.a.k.c.a.i.AdminMetadataManager         : [AdminClient clientId=adminclient-1] Rebootstrapping with Cluster(id = null, nodes = [localhost:9092 (id: -1 rack: null isFenced: false)], partitions = [], controller = null)
2025-04-15T20:21:40.739+07:00  INFO 18500 --- [monitor-service] [| adminclient-1] o.a.k.c.a.i.AdminMetadataManager         : [AdminClient clientId=adminclient-1] Rebootstrapping with Cluster(id = null, nodes = [localhost:9092 (id: -1 rack: null isFenced: false)], partitions = [], controller = null)
2025-04-15T20:21:40.739+07:00  INFO 18500 --- [monitor-service] [| adminclient-1] o.a.k.c.a.i.AdminMetadataManager         : [AdminClient clientId=adminclient-1] Rebootstrapping with Cluster(id = null, nodes = [localhost:9092 (id: -1 rack: null isFenced: false)], partitions = [], controller = null)
2025-04-15T20:21:40.739+07:00  INFO 18500 --- [monitor-service] [| adminclient-1] o.a.k.c.a.i.AdminMetadataManager         : [AdminClient clientId=adminclient-1] Rebootstrapping with Cluster(id = null, nodes = [localhost:9092 (id: -1 rack: null isFenced: false)], partitions = [], controller = null)
2025-04-15T20:21:40.739+07:00  INFO 18500 --- [monitor-service] [| adminclient-1] o.a.k.c.a.i.AdminMetadataManager         : [AdminClient clientId=adminclient-1] Rebootstrapping with Cluster(id = null, nodes = [localhost:9092 (id: -1 rack: null isFenced: false)], partitions = [], controller = null)
2025-04-15T20:21:40.739+07:00  INFO 18500 --- [monitor-service] [| adminclient-1] o.a.k.c.a.i.AdminMetadataManager         : [AdminClient clientId=adminclient-1] Rebootstrapping with Cluster(id = null, nodes = [localhost:9092 (id: -1 rack: null isFenced: false)], partitions = [], controller = null)
2025-04-15T20:21:40.739+07:00  INFO 18500 --- [monitor-service] [| adminclient-1] o.a.k.c.a.i.AdminMetadataManager         : [AdminClient clientId=adminclient-1] Rebootstrapping with Cluster(id = null, nodes = [localhost:9092 (id: -1 rack: null isFenced: false)], partitions = [], controller = null)
2025-04-15T20:21:40.739+07:00  INFO 18500 --- [monitor-service] [| adminclient-1] o.a.k.c.a.i.AdminMetadataManager         : [AdminClient clientId=adminclient-1] Rebootstrapping with Cluster(id = null, nodes = [localhost:9092 (id: -1 rack: null isFenced: false)], partitions = [], controller = null)
2025-04-15T20:21:40.739+07:00  INFO 18500 --- [monitor-service] [| adminclient-1] o.a.k.c.a.i.AdminMetadataManager         : [AdminClient clientId=adminclient-1] Rebootstrapping with Cluster(id = null, nodes = [localhost:9092 (id: -1 rack: null isFenced: false)], partitions = [], controller = null)
2025-04-15T20:21:40.739+07:00  INFO 18500 --- [monitor-service] [| adminclient-1] o.a.k.c.a.i.AdminMetadataManager         : [AdminClient clientId=adminclient-1] Rebootstrapping with Cluster(id = null, nodes = [localhost:9092 (id: -1 rack: null isFenced: false)], partitions = [], controller = null)
2025-04-15T20:21:40.739+07:00  INFO 18500 --- [monitor-service] [| adminclient-1] o.a.k.c.a.i.AdminMetadataManager         : [AdminClient clientId=adminclient-1] Rebootstrapping with Cluster(id = null, nodes = [localhost:9092 (id: -1 rack: null isFenced: false)], partitions = [], controller = null)
2025-04-15T20:21:40.739+07:00  INFO 18500 --- [monitor-service] [| adminclient-1] o.a.k.c.a.i.AdminMetadataManager         : [AdminClient clientId=adminclient-1] Rebootstrapping with Cluster(id = null, nodes = [localhost:9092 (id: -1 rack: null isFenced: false)], partitions = [], controller = null)
2025-04-15T20:21:40.739+07:00  INFO 18500 --- [monitor-service] [| adminclient-1] o.a.k.c.a.i.AdminMetadataManager         : [AdminClient clientId=adminclient-1] Rebootstrapping with Cluster(id = null, nodes = [localhost:9092 (id: -1 rack: null isFenced: false)], partitions = [], controller = null)
2025-04-15T20:21:40.739+07:00  INFO 18500 --- [monitor-service] [| adminclient-1] o.a.k.c.a.i.AdminMetadataManager         : [AdminClient clientId=adminclient-1] Rebootstrapping with Cluster(id = null, nodes = [localhost:9092 (id: -1 rack: null isFenced: false)], partitions = [], controller = null)
2025-04-15T20:21:40.739+07:00  INFO 18500 --- [monitor-service] [| adminclient-1] o.a.k.c.a.i.AdminMetadataManager         : [AdminClient clientId=adminclient-1] Rebootstrapping with Cluster(id = null, nodes = [localhost:9092 (id: -1 rack: null isFenced: false)], partitions = [], controller = null)
2025-04-15T20:21:40.739+07:00  INFO 18500 --- [monitor-service] [| adminclient-1] o.a.k.c.a.i.AdminMetadataManager         : [AdminClient clientId=adminclient-1] Rebootstrapping with Cluster(id = null, nodes = [localhost:9092 (id: -1 rack: null isFenced: false)], partitions = [], controller = null)
2025-04-15T20:21:40.739+07:00  INFO 18500 --- [monitor-service] [| adminclient-1] o.a.k.c.a.i.AdminMetadataManager         : [AdminClient clientId=adminclient-1] Rebootstrapping with Cluster(id = null, nodes = [localhost:9092 (id: -1 rack: null isFenced: false)], partitions = [], controller = null)
2025-04-15T20:21:40.839+07:00  INFO 18500 --- [monitor-service] [| adminclient-1] o.a.k.c.a.i.AdminMetadataManager         : [AdminClient clientId=adminclient-1] Rebootstrapping with Cluster(id = null, nodes = [localhost:9092 (id: -1 rack: null isFenced: false)], partitions = [], controller = null)
2025-04-15T20:21:40.839+07:00  INFO 18500 --- [monitor-service] [| adminclient-1] o.a.k.c.a.i.AdminMetadataManager         : [AdminClient clientId=adminclient-1] Rebootstrapping with Cluster(id = null, nodes = [localhost:9092 (id: -1 rack: null isFenced: false)], partitions = [], controller = null)
2025-04-15T20:21:40.839+07:00  INFO 18500 --- [monitor-service] [| adminclient-1] o.a.k.c.a.i.AdminMetadataManager         : [AdminClient clientId=adminclient-1] Rebootstrapping with Cluster(id = null, nodes = [localhost:9092 (id: -1 rack: null isFenced: false)], partitions = [], controller = null)
2025-04-15T20:21:40.839+07:00  INFO 18500 --- [monitor-service] [| adminclient-1] o.a.k.c.a.i.AdminMetadataManager         : [AdminClient clientId=adminclient-1] Rebootstrapping with Cluster(id = null, nodes = [localhost:9092 (id: -1 rack: null isFenced: false)], partitions = [], controller = null)
2025-04-15T20:21:40.839+07:00  INFO 18500 --- [monitor-service] [| adminclient-1] o.a.k.c.a.i.AdminMetadataManager         : [AdminClient clientId=adminclient-1] Rebootstrapping with Cluster(id = null, nodes = [localhost:9092 (id: -1 rack: null isFenced: false)], partitions = [], controller = null)
2025-04-15T20:21:40.840+07:00  INFO 18500 --- [monitor-service] [| adminclient-1] o.a.k.c.a.i.AdminMetadataManager         : [AdminClient clientId=adminclient-1] Rebootstrapping with Cluster(id = null, nodes = [localhost:9092 (id: -1 rack: null isFenced: false)], partitions = [], controller = null)
2025-04-15T20:21:40.840+07:00  INFO 18500 --- [monitor-service] [| adminclient-1] o.a.k.c.a.i.AdminMetadataManager         : [AdminClient clientId=adminclient-1] Rebootstrapping with Cluster(id = null, nodes = [localhost:9092 (id: -1 rack: null isFenced: false)], partitions = [], controller = null)
2025-04-15T20:21:40.840+07:00  INFO 18500 --- [monitor-service] [| adminclient-1] o.a.k.c.a.i.AdminMetadataManager         : [AdminClient clientId=adminclient-1] Rebootstrapping with Cluster(id = null, nodes = [localhost:9092 (id: -1 rack: null isFenced: false)], partitions = [], controller = null)
2025-04-15T20:21:40.840+07:00  INFO 18500 --- [monitor-service] [| adminclient-1] o.a.k.c.a.i.AdminMetadataManager         : [AdminClient clientId=adminclient-1] Rebootstrapping with Cluster(id = null, nodes = [localhost:9092 (id: -1 rack: null isFenced: false)], partitions = [], controller = null)
2025-04-15T20:21:40.840+07:00  INFO 18500 --- [monitor-service] [| adminclient-1] o.a.k.c.a.i.AdminMetadataManager         : [AdminClient clientId=adminclient-1] Rebootstrapping with Cluster(id = null, nodes = [localhost:9092 (id: -1 rack: null isFenced: false)], partitions = [], controller = null)
2025-04-15T20:21:40.840+07:00  INFO 18500 --- [monitor-service] [| adminclient-1] o.a.k.c.a.i.AdminMetadataManager         : [AdminClient clientId=adminclient-1] Rebootstrapping with Cluster(id = null, nodes = [localhost:9092 (id: -1 rack: null isFenced: false)], partitions = [], controller = null)
2025-04-15T20:21:40.840+07:00  INFO 18500 --- [monitor-service] [| adminclient-1] o.a.k.c.a.i.AdminMetadataManager         : [AdminClient clientId=adminclient-1] Rebootstrapping with Cluster(id = null, nodes = [localhost:9092 (id: -1 rack: null isFenced: false)], partitions = [], controller = null)
2025-04-15T20:21:40.840+07:00  INFO 18500 --- [monitor-service] [| adminclient-1] o.a.k.c.a.i.AdminMetadataManager         : [AdminClient clientId=adminclient-1] Rebootstrapping with Cluster(id = null, nodes = [localhost:9092 (id: -1 rack: null isFenced: false)], partitions = [], controller = null)
2025-04-15T20:21:40.840+07:00  INFO 18500 --- [monitor-service] [| adminclient-1] o.a.k.c.a.i.AdminMetadataManager         : [AdminClient clientId=adminclient-1] Rebootstrapping with Cluster(id = null, nodes = [localhost:9092 (id: -1 rack: null isFenced: false)], partitions = [], controller = null)
2025-04-15T20:21:40.840+07:00  INFO 18500 --- [monitor-service] [| adminclient-1] o.a.k.c.a.i.AdminMetadataManager         : [AdminClient clientId=adminclient-1] Rebootstrapping with Cluster(id = null, nodes = [localhost:9092 (id: -1 rack: null isFenced: false)], partitions = [], controller = null)
2025-04-15T20:21:40.840+07:00  INFO 18500 --- [monitor-service] [| adminclient-1] o.a.k.c.a.i.AdminMetadataManager         : [AdminClient clientId=adminclient-1] Rebootstrapping with Cluster(id = null, nodes = [localhost:9092 (id: -1 rack: null isFenced: false)], partitions = [], controller = null)
2025-04-15T20:21:40.840+07:00  INFO 18500 --- [monitor-service] [| adminclient-1] o.a.k.c.a.i.AdminMetadataManager         : [AdminClient clientId=adminclient-1] Rebootstrapping with Cluster(id = null, nodes = [localhost:9092 (id: -1 rack: null isFenced: false)], partitions = [], controller = null)
2025-04-15T20:21:40.840+07:00  INFO 18500 --- [monitor-service] [| adminclient-1] o.a.k.c.a.i.AdminMetadataManager         : [AdminClient clientId=adminclient-1] Rebootstrapping with Cluster(id = null, nodes = [localhost:9092 (id: -1 rack: null isFenced: false)], partitions = [], controller = null)
2025-04-15T20:21:40.840+07:00  INFO 18500 --- [monitor-service] [| adminclient-1] o.a.k.c.a.i.AdminMetadataManager         : [AdminClient clientId=adminclient-1] Rebootstrapping with Cluster(id = null, nodes = [localhost:9092 (id: -1 rack: null isFenced: false)], partitions = [], controller = null)
2025-04-15T20:21:40.840+07:00  INFO 18500 --- [monitor-service] [| adminclient-1] o.a.k.c.a.i.AdminMetadataManager         : [AdminClient clientId=adminclient-1] Rebootstrapping with Cluster(id = null, nodes = [localhost:9092 (id: -1 rack: null isFenced: false)], partitions = [], controller = null)
2025-04-15T20:21:40.840+07:00  INFO 18500 --- [monitor-service] [| adminclient-1] o.a.k.c.a.i.AdminMetadataManager         : [AdminClient clientId=adminclient-1] Rebootstrapping with Cluster(id = null, nodes = [localhost:9092 (id: -1 rack: null isFenced: false)], partitions = [], controller = null)
2025-04-15T20:21:40.840+07:00  INFO 18500 --- [monitor-service] [| adminclient-1] o.a.k.c.a.i.AdminMetadataManager         : [AdminClient clientId=adminclient-1] Rebootstrapping with Cluster(id = null, nodes = [localhost:9092 (id: -1 rack: null isFenced: false)], partitions = [], controller = null)
2025-04-15T20:21:40.840+07:00  INFO 18500 --- [monitor-service] [| adminclient-1] o.a.k.c.a.i.AdminMetadataManager         : [AdminClient clientId=adminclient-1] Rebootstrapping with Cluster(id = null, nodes = [localhost:9092 (id: -1 rack: null isFenced: false)], partitions = [], controller = null)
2025-04-15T20:21:40.840+07:00  INFO 18500 --- [monitor-service] [| adminclient-1] o.a.k.c.a.i.AdminMetadataManager         : [AdminClient clientId=adminclient-1] Rebootstrapping with Cluster(id = null, nodes = [localhost:9092 (id: -1 rack: null isFenced: false)], partitions = [], controller = null)
2025-04-15T20:21:40.840+07:00  INFO 18500 --- [monitor-service] [| adminclient-1] o.a.k.c.a.i.AdminMetadataManager         : [AdminClient clientId=adminclient-1] Rebootstrapping with Cluster(id = null, nodes = [localhost:9092 (id: -1 rack: null isFenced: false)], partitions = [], controller = null)
2025-04-15T20:21:40.840+07:00  INFO 18500 --- [monitor-service] [| adminclient-1] o.a.k.c.a.i.AdminMetadataManager         : [AdminClient clientId=adminclient-1] Rebootstrapping with Cluster(id = null, nodes = [localhost:9092 (id: -1 rack: null isFenced: false)], partitions = [], controller = null)
2025-04-15T20:21:40.840+07:00  INFO 18500 --- [monitor-service] [| adminclient-1] o.a.k.c.a.i.AdminMetadataManager         : [AdminClient clientId=adminclient-1] Rebootstrapping with Cluster(id = null, nodes = [localhost:9092 (id: -1 rack: null isFenced: false)], partitions = [], controller = null)
2025-04-15T20:21:40.840+07:00  INFO 18500 --- [monitor-service] [| adminclient-1] o.a.k.c.a.i.AdminMetadataManager         : [AdminClient clientId=adminclient-1] Rebootstrapping with Cluster(id = null, nodes = [localhost:9092 (id: -1 rack: null isFenced: false)], partitions = [], controller = null)
2025-04-15T20:21:40.840+07:00  INFO 18500 --- [monitor-service] [| adminclient-1] o.a.k.c.a.i.AdminMetadataManager         : [AdminClient clientId=adminclient-1] Rebootstrapping with Cluster(id = null, nodes = [localhost:9092 (id: -1 rack: null isFenced: false)], partitions = [], controller = null)
2025-04-15T20:21:40.840+07:00  INFO 18500 --- [monitor-service] [| adminclient-1] o.a.k.c.a.i.AdminMetadataManager         : [AdminClient clientId=adminclient-1] Rebootstrapping with Cluster(id = null, nodes = [localhost:9092 (id: -1 rack: null isFenced: false)], partitions = [], controller = null)
2025-04-15T20:21:40.840+07:00  INFO 18500 --- [monitor-service] [| adminclient-1] o.a.k.c.a.i.AdminMetadataManager         : [AdminClient clientId=adminclient-1] Rebootstrapping with Cluster(id = null, nodes = [localhost:9092 (id: -1 rack: null isFenced: false)], partitions = [], controller = null)
2025-04-15T20:21:40.840+07:00  INFO 18500 --- [monitor-service] [| adminclient-1] o.a.k.c.a.i.AdminMetadataManager         : [AdminClient clientId=adminclient-1] Rebootstrapping with Cluster(id = null, nodes = [localhost:9092 (id: -1 rack: null isFenced: false)], partitions = [], controller = null)
2025-04-15T20:21:40.840+07:00  INFO 18500 --- [monitor-service] [| adminclient-1] o.a.k.c.a.i.AdminMetadataManager         : [AdminClient clientId=adminclient-1] Rebootstrapping with Cluster(id = null, nodes = [localhost:9092 (id: -1 rack: null isFenced: false)], partitions = [], controller = null)
2025-04-15T20:21:40.840+07:00  INFO 18500 --- [monitor-service] [| adminclient-1] o.a.k.c.a.i.AdminMetadataManager         : [AdminClient clientId=adminclient-1] Rebootstrapping with Cluster(id = null, nodes = [localhost:9092 (id: -1 rack: null isFenced: false)], partitions = [], controller = null)
2025-04-15T20:21:40.858+07:00  INFO 18500 --- [monitor-service] [           main] o.s.b.a.e.web.EndpointLinksResolver      : Exposing 3 endpoints beneath base path '/actuator'
2025-04-15T20:21:40.941+07:00  INFO 18500 --- [monitor-service] [| adminclient-1] o.a.k.c.a.i.AdminMetadataManager         : [AdminClient clientId=adminclient-1] Rebootstrapping with Cluster(id = null, nodes = [localhost:9092 (id: -1 rack: null isFenced: false)], partitions = [], controller = null)
2025-04-15T20:21:40.941+07:00  INFO 18500 --- [monitor-service] [| adminclient-1] o.a.k.c.a.i.AdminMetadataManager         : [AdminClient clientId=adminclient-1] Rebootstrapping with Cluster(id = null, nodes = [localhost:9092 (id: -1 rack: null isFenced: false)], partitions = [], controller = null)
2025-04-15T20:21:40.941+07:00  INFO 18500 --- [monitor-service] [| adminclient-1] o.a.k.c.a.i.AdminMetadataManager         : [AdminClient clientId=adminclient-1] Rebootstrapping with Cluster(id = null, nodes = [localhost:9092 (id: -1 rack: null isFenced: false)], partitions = [], controller = null)
2025-04-15T20:21:40.941+07:00  INFO 18500 --- [monitor-service] [| adminclient-1] o.a.k.c.a.i.AdminMetadataManager         : [AdminClient clientId=adminclient-1] Rebootstrapping with Cluster(id = null, nodes = [localhost:9092 (id: -1 rack: null isFenced: false)], partitions = [], controller = null)
2025-04-15T20:21:40.941+07:00  INFO 18500 --- [monitor-service] [| adminclient-1] o.a.k.c.a.i.AdminMetadataManager         : [AdminClient clientId=adminclient-1] Rebootstrapping with Cluster(id = null, nodes = [localhost:9092 (id: -1 rack: null isFenced: false)], partitions = [], controller = null)
2025-04-15T20:21:40.941+07:00  INFO 18500 --- [monitor-service] [| adminclient-1] o.a.k.c.a.i.AdminMetadataManager         : [AdminClient clientId=adminclient-1] Rebootstrapping with Cluster(id = null, nodes = [localhost:9092 (id: -1 rack: null isFenced: false)], partitions = [], controller = null)
2025-04-15T20:21:40.941+07:00  INFO 18500 --- [monitor-service] [| adminclient-1] o.a.k.c.a.i.AdminMetadataManager         : [AdminClient clientId=adminclient-1] Rebootstrapping with Cluster(id = null, nodes = [localhost:9092 (id: -1 rack: null isFenced: false)], partitions = [], controller = null)
2025-04-15T20:21:40.941+07:00  INFO 18500 --- [monitor-service] [| adminclient-1] o.a.k.c.a.i.AdminMetadataManager         : [AdminClient clientId=adminclient-1] Rebootstrapping with Cluster(id = null, nodes = [localhost:9092 (id: -1 rack: null isFenced: false)], partitions = [], controller = null)
2025-04-15T20:21:40.941+07:00  INFO 18500 --- [monitor-service] [| adminclient-1] o.a.k.c.a.i.AdminMetadataManager         : [AdminClient clientId=adminclient-1] Rebootstrapping with Cluster(id = null, nodes = [localhost:9092 (id: -1 rack: null isFenced: false)], partitions = [], controller = null)
2025-04-15T20:21:40.941+07:00  INFO 18500 --- [monitor-service] [| adminclient-1] o.a.k.c.a.i.AdminMetadataManager         : [AdminClient clientId=adminclient-1] Rebootstrapping with Cluster(id = null, nodes = [localhost:9092 (id: -1 rack: null isFenced: false)], partitions = [], controller = null)
2025-04-15T20:21:40.941+07:00  INFO 18500 --- [monitor-service] [| adminclient-1] o.a.k.c.a.i.AdminMetadataManager         : [AdminClient clientId=adminclient-1] Rebootstrapping with Cluster(id = null, nodes = [localhost:9092 (id: -1 rack: null isFenced: false)], partitions = [], controller = null)
2025-04-15T20:21:40.941+07:00  INFO 18500 --- [monitor-service] [| adminclient-1] o.a.k.c.a.i.AdminMetadataManager         : [AdminClient clientId=adminclient-1] Rebootstrapping with Cluster(id = null, nodes = [localhost:9092 (id: -1 rack: null isFenced: false)], partitions = [], controller = null)
2025-04-15T20:21:40.941+07:00  INFO 18500 --- [monitor-service] [| adminclient-1] o.a.k.c.a.i.AdminMetadataManager         : [AdminClient clientId=adminclient-1] Rebootstrapping with Cluster(id = null, nodes = [localhost:9092 (id: -1 rack: null isFenced: false)], partitions = [], controller = null)
2025-04-15T20:21:40.941+07:00  INFO 18500 --- [monitor-service] [| adminclient-1] o.a.k.c.a.i.AdminMetadataManager         : [AdminClient clientId=adminclient-1] Rebootstrapping with Cluster(id = null, nodes = [localhost:9092 (id: -1 rack: null isFenced: false)], partitions = [], controller = null)
2025-04-15T20:21:40.941+07:00  INFO 18500 --- [monitor-service] [| adminclient-1] o.a.k.c.a.i.AdminMetadataManager         : [AdminClient clientId=adminclient-1] Rebootstrapping with Cluster(id = null, nodes = [localhost:9092 (id: -1 rack: null isFenced: false)], partitions = [], controller = null)
2025-04-15T20:21:40.941+07:00  INFO 18500 --- [monitor-service] [| adminclient-1] o.a.k.c.a.i.AdminMetadataManager         : [AdminClient clientId=adminclient-1] Rebootstrapping with Cluster(id = null, nodes = [localhost:9092 (id: -1 rack: null isFenced: false)], partitions = [], controller = null)
2025-04-15T20:21:40.941+07:00  INFO 18500 --- [monitor-service] [| adminclient-1] o.a.k.c.a.i.AdminMetadataManager         : [AdminClient clientId=adminclient-1] Rebootstrapping with Cluster(id = null, nodes = [localhost:9092 (id: -1 rack: null isFenced: false)], partitions = [], controller = null)
2025-04-15T20:21:40.941+07:00  INFO 18500 --- [monitor-service] [| adminclient-1] o.a.k.c.a.i.AdminMetadataManager         : [AdminClient clientId=adminclient-1] Rebootstrapping with Cluster(id = null, nodes = [localhost:9092 (id: -1 rack: null isFenced: false)], partitions = [], controller = null)
2025-04-15T20:21:40.941+07:00  INFO 18500 --- [monitor-service] [| adminclient-1] o.a.k.c.a.i.AdminMetadataManager         : [AdminClient clientId=adminclient-1] Rebootstrapping with Cluster(id = null, nodes = [localhost:9092 (id: -1 rack: null isFenced: false)], partitions = [], controller = null)
2025-04-15T20:21:40.941+07:00  INFO 18500 --- [monitor-service] [| adminclient-1] o.a.k.c.a.i.AdminMetadataManager         : [AdminClient clientId=adminclient-1] Rebootstrapping with Cluster(id = null, nodes = [localhost:9092 (id: -1 rack: null isFenced: false)], partitions = [], controller = null)
2025-04-15T20:21:40.941+07:00  INFO 18500 --- [monitor-service] [| adminclient-1] o.a.k.c.a.i.AdminMetadataManager         : [AdminClient clientId=adminclient-1] Rebootstrapping with Cluster(id = null, nodes = [localhost:9092 (id: -1 rack: null isFenced: false)], partitions = [], controller = null)
2025-04-15T20:21:40.941+07:00  INFO 18500 --- [monitor-service] [| adminclient-1] o.a.k.c.a.i.AdminMetadataManager         : [AdminClient clientId=adminclient-1] Rebootstrapping with Cluster(id = null, nodes = [localhost:9092 (id: -1 rack: null isFenced: false)], partitions = [], controller = null)
2025-04-15T20:21:40.941+07:00  INFO 18500 --- [monitor-service] [| adminclient-1] o.a.k.c.a.i.AdminMetadataManager         : [AdminClient clientId=adminclient-1] Rebootstrapping with Cluster(id = null, nodes = [localhost:9092 (id: -1 rack: null isFenced: false)], partitions = [], controller = null)
2025-04-15T20:21:40.941+07:00  INFO 18500 --- [monitor-service] [| adminclient-1] o.a.k.c.a.i.AdminMetadataManager         : [AdminClient clientId=adminclient-1] Rebootstrapping with Cluster(id = null, nodes = [localhost:9092 (id: -1 rack: null isFenced: false)], partitions = [], controller = null)
2025-04-15T20:21:40.941+07:00  INFO 18500 --- [monitor-service] [| adminclient-1] o.a.k.c.a.i.AdminMetadataManager         : [AdminClient clientId=adminclient-1] Rebootstrapping with Cluster(id = null, nodes = [localhost:9092 (id: -1 rack: null isFenced: false)], partitions = [], controller = null)
2025-04-15T20:21:40.941+07:00  INFO 18500 --- [monitor-service] [| adminclient-1] o.a.k.c.a.i.AdminMetadataManager         : [AdminClient clientId=adminclient-1] Rebootstrapping with Cluster(id = null, nodes = [localhost:9092 (id: -1 rack: null isFenced: false)], partitions = [], controller = null)
2025-04-15T20:21:40.941+07:00  INFO 18500 --- [monitor-service] [| adminclient-1] o.a.k.c.a.i.AdminMetadataManager         : [AdminClient clientId=adminclient-1] Rebootstrapping with Cluster(id = null, nodes = [localhost:9092 (id: -1 rack: null isFenced: false)], partitions = [], controller = null)
2025-04-15T20:21:40.941+07:00  INFO 18500 --- [monitor-service] [| adminclient-1] o.a.k.c.a.i.AdminMetadataManager         : [AdminClient clientId=adminclient-1] Rebootstrapping with Cluster(id = null, nodes = [localhost:9092 (id: -1 rack: null isFenced: false)], partitions = [], controller = null)
2025-04-15T20:21:40.941+07:00  INFO 18500 --- [monitor-service] [| adminclient-1] o.a.k.c.a.i.AdminMetadataManager         : [AdminClient clientId=adminclient-1] Rebootstrapping with Cluster(id = null, nodes = [localhost:9092 (id: -1 rack: null isFenced: false)], partitions = [], controller = null)
2025-04-15T20:21:40.941+07:00  INFO 18500 --- [monitor-service] [| adminclient-1] o.a.k.c.a.i.AdminMetadataManager         : [AdminClient clientId=adminclient-1] Rebootstrapping with Cluster(id = null, nodes = [localhost:9092 (id: -1 rack: null isFenced: false)], partitions = [], controller = null)
2025-04-15T20:21:40.941+07:00  INFO 18500 --- [monitor-service] [| adminclient-1] o.a.k.c.a.i.AdminMetadataManager         : [AdminClient clientId=adminclient-1] Rebootstrapping with Cluster(id = null, nodes = [localhost:9092 (id: -1 rack: null isFenced: false)], partitions = [], controller = null)
2025-04-15T20:21:40.943+07:00  INFO 18500 --- [monitor-service] [| adminclient-1] o.a.k.c.a.i.AdminMetadataManager         : [AdminClient clientId=adminclient-1] Rebootstrapping with Cluster(id = null, nodes = [localhost:9092 (id: -1 rack: null isFenced: false)], partitions = [], controller = null)
2025-04-15T20:21:40.943+07:00  INFO 18500 --- [monitor-service] [| adminclient-1] o.a.k.c.a.i.AdminMetadataManager         : [AdminClient clientId=adminclient-1] Rebootstrapping with Cluster(id = null, nodes = [localhost:9092 (id: -1 rack: null isFenced: false)], partitions = [], controller = null)
2025-04-15T20:21:40.943+07:00  INFO 18500 --- [monitor-service] [| adminclient-1] o.a.k.c.a.i.AdminMetadataManager         : [AdminClient clientId=adminclient-1] Rebootstrapping with Cluster(id = null, nodes = [localhost:9092 (id: -1 rack: null isFenced: false)], partitions = [], controller = null)
2025-04-15T20:21:40.943+07:00  INFO 18500 --- [monitor-service] [| adminclient-1] o.a.k.c.a.i.AdminMetadataManager         : [AdminClient clientId=adminclient-1] Rebootstrapping with Cluster(id = null, nodes = [localhost:9092 (id: -1 rack: null isFenced: false)], partitions = [], controller = null)
2025-04-15T20:21:41.043+07:00  INFO 18500 --- [monitor-service] [| adminclient-1] o.a.k.c.a.i.AdminMetadataManager         : [AdminClient clientId=adminclient-1] Rebootstrapping with Cluster(id = null, nodes = [localhost:9092 (id: -1 rack: null isFenced: false)], partitions = [], controller = null)
2025-04-15T20:21:41.043+07:00  INFO 18500 --- [monitor-service] [| adminclient-1] o.a.k.c.a.i.AdminMetadataManager         : [AdminClient clientId=adminclient-1] Rebootstrapping with Cluster(id = null, nodes = [localhost:9092 (id: -1 rack: null isFenced: false)], partitions = [], controller = null)
2025-04-15T20:21:41.043+07:00  INFO 18500 --- [monitor-service] [| adminclient-1] o.a.k.c.a.i.AdminMetadataManager         : [AdminClient clientId=adminclient-1] Rebootstrapping with Cluster(id = null, nodes = [localhost:9092 (id: -1 rack: null isFenced: false)], partitions = [], controller = null)
2025-04-15T20:21:41.043+07:00  INFO 18500 --- [monitor-service] [| adminclient-1] o.a.k.c.a.i.AdminMetadataManager         : [AdminClient clientId=adminclient-1] Rebootstrapping with Cluster(id = null, nodes = [localhost:9092 (id: -1 rack: null isFenced: false)], partitions = [], controller = null)
2025-04-15T20:21:41.043+07:00  INFO 18500 --- [monitor-service] [| adminclient-1] o.a.k.c.a.i.AdminMetadataManager         : [AdminClient clientId=adminclient-1] Rebootstrapping with Cluster(id = null, nodes = [localhost:9092 (id: -1 rack: null isFenced: false)], partitions = [], controller = null)
2025-04-15T20:21:41.043+07:00  INFO 18500 --- [monitor-service] [| adminclient-1] o.a.k.c.a.i.AdminMetadataManager         : [AdminClient clientId=adminclient-1] Rebootstrapping with Cluster(id = null, nodes = [localhost:9092 (id: -1 rack: null isFenced: false)], partitions = [], controller = null)
2025-04-15T20:21:41.043+07:00  INFO 18500 --- [monitor-service] [| adminclient-1] o.a.k.c.a.i.AdminMetadataManager         : [AdminClient clientId=adminclient-1] Rebootstrapping with Cluster(id = null, nodes = [localhost:9092 (id: -1 rack: null isFenced: false)], partitions = [], controller = null)
2025-04-15T20:21:41.043+07:00  INFO 18500 --- [monitor-service] [| adminclient-1] o.a.k.c.a.i.AdminMetadataManager         : [AdminClient clientId=adminclient-1] Rebootstrapping with Cluster(id = null, nodes = [localhost:9092 (id: -1 rack: null isFenced: false)], partitions = [], controller = null)
2025-04-15T20:21:41.043+07:00  INFO 18500 --- [monitor-service] [| adminclient-1] o.a.k.c.a.i.AdminMetadataManager         : [AdminClient clientId=adminclient-1] Rebootstrapping with Cluster(id = null, nodes = [localhost:9092 (id: -1 rack: null isFenced: false)], partitions = [], controller = null)
2025-04-15T20:21:41.043+07:00  INFO 18500 --- [monitor-service] [| adminclient-1] o.a.k.c.a.i.AdminMetadataManager         : [AdminClient clientId=adminclient-1] Rebootstrapping with Cluster(id = null, nodes = [localhost:9092 (id: -1 rack: null isFenced: false)], partitions = [], controller = null)
2025-04-15T20:21:41.043+07:00  INFO 18500 --- [monitor-service] [| adminclient-1] o.a.k.c.a.i.AdminMetadataManager         : [AdminClient clientId=adminclient-1] Rebootstrapping with Cluster(id = null, nodes = [localhost:9092 (id: -1 rack: null isFenced: false)], partitions = [], controller = null)
2025-04-15T20:21:41.043+07:00  INFO 18500 --- [monitor-service] [| adminclient-1] o.a.k.c.a.i.AdminMetadataManager         : [AdminClient clientId=adminclient-1] Rebootstrapping with Cluster(id = null, nodes = [localhost:9092 (id: -1 rack: null isFenced: false)], partitions = [], controller = null)
2025-04-15T20:21:41.043+07:00  INFO 18500 --- [monitor-service] [| adminclient-1] o.a.k.c.a.i.AdminMetadataManager         : [AdminClient clientId=adminclient-1] Rebootstrapping with Cluster(id = null, nodes = [localhost:9092 (id: -1 rack: null isFenced: false)], partitions = [], controller = null)
2025-04-15T20:21:41.043+07:00  INFO 18500 --- [monitor-service] [| adminclient-1] o.a.k.c.a.i.AdminMetadataManager         : [AdminClient clientId=adminclient-1] Rebootstrapping with Cluster(id = null, nodes = [localhost:9092 (id: -1 rack: null isFenced: false)], partitions = [], controller = null)
2025-04-15T20:21:41.043+07:00  INFO 18500 --- [monitor-service] [| adminclient-1] o.a.k.c.a.i.AdminMetadataManager         : [AdminClient clientId=adminclient-1] Rebootstrapping with Cluster(id = null, nodes = [localhost:9092 (id: -1 rack: null isFenced: false)], partitions = [], controller = null)
2025-04-15T20:21:41.043+07:00  INFO 18500 --- [monitor-service] [| adminclient-1] o.a.k.c.a.i.AdminMetadataManager         : [AdminClient clientId=adminclient-1] Rebootstrapping with Cluster(id = null, nodes = [localhost:9092 (id: -1 rack: null isFenced: false)], partitions = [], controller = null)
2025-04-15T20:21:41.043+07:00  INFO 18500 --- [monitor-service] [| adminclient-1] o.a.k.c.a.i.AdminMetadataManager         : [AdminClient clientId=adminclient-1] Rebootstrapping with Cluster(id = null, nodes = [localhost:9092 (id: -1 rack: null isFenced: false)], partitions = [], controller = null)
2025-04-15T20:21:41.043+07:00  INFO 18500 --- [monitor-service] [| adminclient-1] o.a.k.c.a.i.AdminMetadataManager         : [AdminClient clientId=adminclient-1] Rebootstrapping with Cluster(id = null, nodes = [localhost:9092 (id: -1 rack: null isFenced: false)], partitions = [], controller = null)
2025-04-15T20:21:41.043+07:00  INFO 18500 --- [monitor-service] [| adminclient-1] o.a.k.c.a.i.AdminMetadataManager         : [AdminClient clientId=adminclient-1] Rebootstrapping with Cluster(id = null, nodes = [localhost:9092 (id: -1 rack: null isFenced: false)], partitions = [], controller = null)
2025-04-15T20:21:41.043+07:00  INFO 18500 --- [monitor-service] [| adminclient-1] o.a.k.c.a.i.AdminMetadataManager         : [AdminClient clientId=adminclient-1] Rebootstrapping with Cluster(id = null, nodes = [localhost:9092 (id: -1 rack: null isFenced: false)], partitions = [], controller = null)
2025-04-15T20:21:41.043+07:00  INFO 18500 --- [monitor-service] [| adminclient-1] o.a.k.c.a.i.AdminMetadataManager         : [AdminClient clientId=adminclient-1] Rebootstrapping with Cluster(id = null, nodes = [localhost:9092 (id: -1 rack: null isFenced: false)], partitions = [], controller = null)
2025-04-15T20:21:41.043+07:00  INFO 18500 --- [monitor-service] [| adminclient-1] o.a.k.c.a.i.AdminMetadataManager         : [AdminClient clientId=adminclient-1] Rebootstrapping with Cluster(id = null, nodes = [localhost:9092 (id: -1 rack: null isFenced: false)], partitions = [], controller = null)
2025-04-15T20:21:41.044+07:00  INFO 18500 --- [monitor-service] [| adminclient-1] o.a.k.c.a.i.AdminMetadataManager         : [AdminClient clientId=adminclient-1] Rebootstrapping with Cluster(id = null, nodes = [localhost:9092 (id: -1 rack: null isFenced: false)], partitions = [], controller = null)
2025-04-15T20:21:41.044+07:00  INFO 18500 --- [monitor-service] [| adminclient-1] o.a.k.c.a.i.AdminMetadataManager         : [AdminClient clientId=adminclient-1] Rebootstrapping with Cluster(id = null, nodes = [localhost:9092 (id: -1 rack: null isFenced: false)], partitions = [], controller = null)
2025-04-15T20:21:41.044+07:00  INFO 18500 --- [monitor-service] [| adminclient-1] o.a.k.c.a.i.AdminMetadataManager         : [AdminClient clientId=adminclient-1] Rebootstrapping with Cluster(id = null, nodes = [localhost:9092 (id: -1 rack: null isFenced: false)], partitions = [], controller = null)
2025-04-15T20:21:41.044+07:00  INFO 18500 --- [monitor-service] [| adminclient-1] o.a.k.c.a.i.AdminMetadataManager         : [AdminClient clientId=adminclient-1] Rebootstrapping with Cluster(id = null, nodes = [localhost:9092 (id: -1 rack: null isFenced: false)], partitions = [], controller = null)
2025-04-15T20:21:41.044+07:00  INFO 18500 --- [monitor-service] [| adminclient-1] o.a.k.c.a.i.AdminMetadataManager         : [AdminClient clientId=adminclient-1] Rebootstrapping with Cluster(id = null, nodes = [localhost:9092 (id: -1 rack: null isFenced: false)], partitions = [], controller = null)
2025-04-15T20:21:41.044+07:00  INFO 18500 --- [monitor-service] [| adminclient-1] o.a.k.c.a.i.AdminMetadataManager         : [AdminClient clientId=adminclient-1] Rebootstrapping with Cluster(id = null, nodes = [localhost:9092 (id: -1 rack: null isFenced: false)], partitions = [], controller = null)
2025-04-15T20:21:41.044+07:00  INFO 18500 --- [monitor-service] [| adminclient-1] o.a.k.c.a.i.AdminMetadataManager         : [AdminClient clientId=adminclient-1] Rebootstrapping with Cluster(id = null, nodes = [localhost:9092 (id: -1 rack: null isFenced: false)], partitions = [], controller = null)
2025-04-15T20:21:41.044+07:00  INFO 18500 --- [monitor-service] [| adminclient-1] o.a.k.c.a.i.AdminMetadataManager         : [AdminClient clientId=adminclient-1] Rebootstrapping with Cluster(id = null, nodes = [localhost:9092 (id: -1 rack: null isFenced: false)], partitions = [], controller = null)
2025-04-15T20:21:41.044+07:00  INFO 18500 --- [monitor-service] [| adminclient-1] o.a.k.c.a.i.AdminMetadataManager         : [AdminClient clientId=adminclient-1] Rebootstrapping with Cluster(id = null, nodes = [localhost:9092 (id: -1 rack: null isFenced: false)], partitions = [], controller = null)
2025-04-15T20:21:41.044+07:00  INFO 18500 --- [monitor-service] [| adminclient-1] o.a.k.c.a.i.AdminMetadataManager         : [AdminClient clientId=adminclient-1] Rebootstrapping with Cluster(id = null, nodes = [localhost:9092 (id: -1 rack: null isFenced: false)], partitions = [], controller = null)
2025-04-15T20:21:41.044+07:00  INFO 18500 --- [monitor-service] [| adminclient-1] o.a.k.c.a.i.AdminMetadataManager         : [AdminClient clientId=adminclient-1] Rebootstrapping with Cluster(id = null, nodes = [localhost:9092 (id: -1 rack: null isFenced: false)], partitions = [], controller = null)
2025-04-15T20:21:41.044+07:00  INFO 18500 --- [monitor-service] [| adminclient-1] o.a.k.c.a.i.AdminMetadataManager         : [AdminClient clientId=adminclient-1] Rebootstrapping with Cluster(id = null, nodes = [localhost:9092 (id: -1 rack: null isFenced: false)], partitions = [], controller = null)
2025-04-15T20:21:41.044+07:00  INFO 18500 --- [monitor-service] [| adminclient-1] o.a.k.c.a.i.AdminMetadataManager         : [AdminClient clientId=adminclient-1] Rebootstrapping with Cluster(id = null, nodes = [localhost:9092 (id: -1 rack: null isFenced: false)], partitions = [], controller = null)
2025-04-15T20:21:41.044+07:00  INFO 18500 --- [monitor-service] [| adminclient-1] o.a.k.c.a.i.AdminMetadataManager         : [AdminClient clientId=adminclient-1] Rebootstrapping with Cluster(id = null, nodes = [localhost:9092 (id: -1 rack: null isFenced: false)], partitions = [], controller = null)
2025-04-15T20:21:41.144+07:00  INFO 18500 --- [monitor-service] [| adminclient-1] o.a.k.c.a.i.AdminMetadataManager         : [AdminClient clientId=adminclient-1] Rebootstrapping with Cluster(id = null, nodes = [localhost:9092 (id: -1 rack: null isFenced: false)], partitions = [], controller = null)
2025-04-15T20:21:41.144+07:00  INFO 18500 --- [monitor-service] [| adminclient-1] o.a.k.c.a.i.AdminMetadataManager         : [AdminClient clientId=adminclient-1] Rebootstrapping with Cluster(id = null, nodes = [localhost:9092 (id: -1 rack: null isFenced: false)], partitions = [], controller = null)
2025-04-15T20:21:41.144+07:00  INFO 18500 --- [monitor-service] [| adminclient-1] o.a.k.c.a.i.AdminMetadataManager         : [AdminClient clientId=adminclient-1] Rebootstrapping with Cluster(id = null, nodes = [localhost:9092 (id: -1 rack: null isFenced: false)], partitions = [], controller = null)
2025-04-15T20:21:41.146+07:00  INFO 18500 --- [monitor-service] [| adminclient-1] o.a.k.c.a.i.AdminMetadataManager         : [AdminClient clientId=adminclient-1] Rebootstrapping with Cluster(id = null, nodes = [localhost:9092 (id: -1 rack: null isFenced: false)], partitions = [], controller = null)
2025-04-15T20:21:41.146+07:00  INFO 18500 --- [monitor-service] [| adminclient-1] o.a.k.c.a.i.AdminMetadataManager         : [AdminClient clientId=adminclient-1] Rebootstrapping with Cluster(id = null, nodes = [localhost:9092 (id: -1 rack: null isFenced: false)], partitions = [], controller = null)
2025-04-15T20:21:41.146+07:00  INFO 18500 --- [monitor-service] [| adminclient-1] o.a.k.c.a.i.AdminMetadataManager         : [AdminClient clientId=adminclient-1] Rebootstrapping with Cluster(id = null, nodes = [localhost:9092 (id: -1 rack: null isFenced: false)], partitions = [], controller = null)
2025-04-15T20:21:41.146+07:00  INFO 18500 --- [monitor-service] [| adminclient-1] o.a.k.c.a.i.AdminMetadataManager         : [AdminClient clientId=adminclient-1] Rebootstrapping with Cluster(id = null, nodes = [localhost:9092 (id: -1 rack: null isFenced: false)], partitions = [], controller = null)
2025-04-15T20:21:41.146+07:00  INFO 18500 --- [monitor-service] [| adminclient-1] o.a.k.c.a.i.AdminMetadataManager         : [AdminClient clientId=adminclient-1] Rebootstrapping with Cluster(id = null, nodes = [localhost:9092 (id: -1 rack: null isFenced: false)], partitions = [], controller = null)
2025-04-15T20:21:41.146+07:00  INFO 18500 --- [monitor-service] [| adminclient-1] o.a.k.c.a.i.AdminMetadataManager         : [AdminClient clientId=adminclient-1] Rebootstrapping with Cluster(id = null, nodes = [localhost:9092 (id: -1 rack: null isFenced: false)], partitions = [], controller = null)
2025-04-15T20:21:41.146+07:00  INFO 18500 --- [monitor-service] [| adminclient-1] o.a.k.c.a.i.AdminMetadataManager         : [AdminClient clientId=adminclient-1] Rebootstrapping with Cluster(id = null, nodes = [localhost:9092 (id: -1 rack: null isFenced: false)], partitions = [], controller = null)
2025-04-15T20:21:41.146+07:00  INFO 18500 --- [monitor-service] [| adminclient-1] o.a.k.c.a.i.AdminMetadataManager         : [AdminClient clientId=adminclient-1] Rebootstrapping with Cluster(id = null, nodes = [localhost:9092 (id: -1 rack: null isFenced: false)], partitions = [], controller = null)
2025-04-15T20:21:41.146+07:00  INFO 18500 --- [monitor-service] [| adminclient-1] o.a.k.c.a.i.AdminMetadataManager         : [AdminClient clientId=adminclient-1] Rebootstrapping with Cluster(id = null, nodes = [localhost:9092 (id: -1 rack: null isFenced: false)], partitions = [], controller = null)
2025-04-15T20:21:41.146+07:00  INFO 18500 --- [monitor-service] [| adminclient-1] o.a.k.c.a.i.AdminMetadataManager         : [AdminClient clientId=adminclient-1] Rebootstrapping with Cluster(id = null, nodes = [localhost:9092 (id: -1 rack: null isFenced: false)], partitions = [], controller = null)
2025-04-15T20:21:41.146+07:00  INFO 18500 --- [monitor-service] [| adminclient-1] o.a.k.c.a.i.AdminMetadataManager         : [AdminClient clientId=adminclient-1] Rebootstrapping with Cluster(id = null, nodes = [localhost:9092 (id: -1 rack: null isFenced: false)], partitions = [], controller = null)
2025-04-15T20:21:41.146+07:00  INFO 18500 --- [monitor-service] [| adminclient-1] o.a.k.c.a.i.AdminMetadataManager         : [AdminClient clientId=adminclient-1] Rebootstrapping with Cluster(id = null, nodes = [localhost:9092 (id: -1 rack: null isFenced: false)], partitions = [], controller = null)
2025-04-15T20:21:41.146+07:00  INFO 18500 --- [monitor-service] [| adminclient-1] o.a.k.c.a.i.AdminMetadataManager         : [AdminClient clientId=adminclient-1] Rebootstrapping with Cluster(id = null, nodes = [localhost:9092 (id: -1 rack: null isFenced: false)], partitions = [], controller = null)
2025-04-15T20:21:41.146+07:00  INFO 18500 --- [monitor-service] [| adminclient-1] o.a.k.c.a.i.AdminMetadataManager         : [AdminClient clientId=adminclient-1] Rebootstrapping with Cluster(id = null, nodes = [localhost:9092 (id: -1 rack: null isFenced: false)], partitions = [], controller = null)
2025-04-15T20:21:41.146+07:00  INFO 18500 --- [monitor-service] [| adminclient-1] o.a.k.c.a.i.AdminMetadataManager         : [AdminClient clientId=adminclient-1] Rebootstrapping with Cluster(id = null, nodes = [localhost:9092 (id: -1 rack: null isFenced: false)], partitions = [], controller = null)
2025-04-15T20:21:41.146+07:00  INFO 18500 --- [monitor-service] [| adminclient-1] o.a.k.c.a.i.AdminMetadataManager         : [AdminClient clientId=adminclient-1] Rebootstrapping with Cluster(id = null, nodes = [localhost:9092 (id: -1 rack: null isFenced: false)], partitions = [], controller = null)
2025-04-15T20:21:41.146+07:00  INFO 18500 --- [monitor-service] [| adminclient-1] o.a.k.c.a.i.AdminMetadataManager         : [AdminClient clientId=adminclient-1] Rebootstrapping with Cluster(id = null, nodes = [localhost:9092 (id: -1 rack: null isFenced: false)], partitions = [], controller = null)
2025-04-15T20:21:41.146+07:00  INFO 18500 --- [monitor-service] [| adminclient-1] o.a.k.c.a.i.AdminMetadataManager         : [AdminClient clientId=adminclient-1] Rebootstrapping with Cluster(id = null, nodes = [localhost:9092 (id: -1 rack: null isFenced: false)], partitions = [], controller = null)
2025-04-15T20:21:41.146+07:00  INFO 18500 --- [monitor-service] [| adminclient-1] o.a.k.c.a.i.AdminMetadataManager         : [AdminClient clientId=adminclient-1] Rebootstrapping with Cluster(id = null, nodes = [localhost:9092 (id: -1 rack: null isFenced: false)], partitions = [], controller = null)
2025-04-15T20:21:41.146+07:00  INFO 18500 --- [monitor-service] [| adminclient-1] o.a.k.c.a.i.AdminMetadataManager         : [AdminClient clientId=adminclient-1] Rebootstrapping with Cluster(id = null, nodes = [localhost:9092 (id: -1 rack: null isFenced: false)], partitions = [], controller = null)
2025-04-15T20:21:41.146+07:00  INFO 18500 --- [monitor-service] [| adminclient-1] o.a.k.c.a.i.AdminMetadataManager         : [AdminClient clientId=adminclient-1] Rebootstrapping with Cluster(id = null, nodes = [localhost:9092 (id: -1 rack: null isFenced: false)], partitions = [], controller = null)
2025-04-15T20:21:41.146+07:00  INFO 18500 --- [monitor-service] [| adminclient-1] o.a.k.c.a.i.AdminMetadataManager         : [AdminClient clientId=adminclient-1] Rebootstrapping with Cluster(id = null, nodes = [localhost:9092 (id: -1 rack: null isFenced: false)], partitions = [], controller = null)
2025-04-15T20:21:41.146+07:00  INFO 18500 --- [monitor-service] [| adminclient-1] o.a.k.c.a.i.AdminMetadataManager         : [AdminClient clientId=adminclient-1] Rebootstrapping with Cluster(id = null, nodes = [localhost:9092 (id: -1 rack: null isFenced: false)], partitions = [], controller = null)
2025-04-15T20:21:41.146+07:00  INFO 18500 --- [monitor-service] [| adminclient-1] o.a.k.c.a.i.AdminMetadataManager         : [AdminClient clientId=adminclient-1] Rebootstrapping with Cluster(id = null, nodes = [localhost:9092 (id: -1 rack: null isFenced: false)], partitions = [], controller = null)
2025-04-15T20:21:41.146+07:00  INFO 18500 --- [monitor-service] [| adminclient-1] o.a.k.c.a.i.AdminMetadataManager         : [AdminClient clientId=adminclient-1] Rebootstrapping with Cluster(id = null, nodes = [localhost:9092 (id: -1 rack: null isFenced: false)], partitions = [], controller = null)
2025-04-15T20:21:41.146+07:00  INFO 18500 --- [monitor-service] [| adminclient-1] o.a.k.c.a.i.AdminMetadataManager         : [AdminClient clientId=adminclient-1] Rebootstrapping with Cluster(id = null, nodes = [localhost:9092 (id: -1 rack: null isFenced: false)], partitions = [], controller = null)
2025-04-15T20:21:41.146+07:00  INFO 18500 --- [monitor-service] [| adminclient-1] o.a.k.c.a.i.AdminMetadataManager         : [AdminClient clientId=adminclient-1] Rebootstrapping with Cluster(id = null, nodes = [localhost:9092 (id: -1 rack: null isFenced: false)], partitions = [], controller = null)
2025-04-15T20:21:41.146+07:00  INFO 18500 --- [monitor-service] [| adminclient-1] o.a.k.c.a.i.AdminMetadataManager         : [AdminClient clientId=adminclient-1] Rebootstrapping with Cluster(id = null, nodes = [localhost:9092 (id: -1 rack: null isFenced: false)], partitions = [], controller = null)
2025-04-15T20:21:41.146+07:00  INFO 18500 --- [monitor-service] [| adminclient-1] o.a.k.c.a.i.AdminMetadataManager         : [AdminClient clientId=adminclient-1] Rebootstrapping with Cluster(id = null, nodes = [localhost:9092 (id: -1 rack: null isFenced: false)], partitions = [], controller = null)
2025-04-15T20:21:41.146+07:00  INFO 18500 --- [monitor-service] [| adminclient-1] o.a.k.c.a.i.AdminMetadataManager         : [AdminClient clientId=adminclient-1] Rebootstrapping with Cluster(id = null, nodes = [localhost:9092 (id: -1 rack: null isFenced: false)], partitions = [], controller = null)
2025-04-15T20:21:41.146+07:00  INFO 18500 --- [monitor-service] [| adminclient-1] o.a.k.c.a.i.AdminMetadataManager         : [AdminClient clientId=adminclient-1] Rebootstrapping with Cluster(id = null, nodes = [localhost:9092 (id: -1 rack: null isFenced: false)], partitions = [], controller = null)
2025-04-15T20:21:41.146+07:00  INFO 18500 --- [monitor-service] [| adminclient-1] o.a.k.c.a.i.AdminMetadataManager         : [AdminClient clientId=adminclient-1] Rebootstrapping with Cluster(id = null, nodes = [localhost:9092 (id: -1 rack: null isFenced: false)], partitions = [], controller = null)
2025-04-15T20:21:41.146+07:00  INFO 18500 --- [monitor-service] [| adminclient-1] o.a.k.c.a.i.AdminMetadataManager         : [AdminClient clientId=adminclient-1] Rebootstrapping with Cluster(id = null, nodes = [localhost:9092 (id: -1 rack: null isFenced: false)], partitions = [], controller = null)
2025-04-15T20:21:41.146+07:00  INFO 18500 --- [monitor-service] [| adminclient-1] o.a.k.c.a.i.AdminMetadataManager         : [AdminClient clientId=adminclient-1] Rebootstrapping with Cluster(id = null, nodes = [localhost:9092 (id: -1 rack: null isFenced: false)], partitions = [], controller = null)
2025-04-15T20:21:41.248+07:00  INFO 18500 --- [monitor-service] [| adminclient-1] org.apache.kafka.clients.NetworkClient   : [AdminClient clientId=adminclient-1] Node -1 disconnected.
2025-04-15T20:21:41.249+07:00  WARN 18500 --- [monitor-service] [| adminclient-1] org.apache.kafka.clients.NetworkClient   : [AdminClient clientId=adminclient-1] Connection to node -1 (localhost/127.0.0.1:9092) could not be established. Node may not be available.
2025-04-15T20:21:41.249+07:00  INFO 18500 --- [monitor-service] [| adminclient-1] o.a.k.c.a.i.AdminMetadataManager         : [AdminClient clientId=adminclient-1] Rebootstrapping with Cluster(id = null, nodes = [localhost:9092 (id: -1 rack: null isFenced: false)], partitions = [], controller = null)
2025-04-15T20:21:41.249+07:00  INFO 18500 --- [monitor-service] [| adminclient-1] o.a.k.c.a.i.AdminMetadataManager         : [AdminClient clientId=adminclient-1] Rebootstrapping with Cluster(id = null, nodes = [localhost:9092 (id: -1 rack: null isFenced: false)], partitions = [], controller = null)
2025-04-15T20:21:41.249+07:00  INFO 18500 --- [monitor-service] [| adminclient-1] o.a.k.c.a.i.AdminMetadataManager         : [AdminClient clientId=adminclient-1] Rebootstrapping with Cluster(id = null, nodes = [localhost:9092 (id: -1 rack: null isFenced: false)], partitions = [], controller = null)
2025-04-15T20:21:41.249+07:00  INFO 18500 --- [monitor-service] [| adminclient-1] o.a.k.c.a.i.AdminMetadataManager         : [AdminClient clientId=adminclient-1] Rebootstrapping with Cluster(id = null, nodes = [localhost:9092 (id: -1 rack: null isFenced: false)], partitions = [], controller = null)
2025-04-15T20:21:41.249+07:00  INFO 18500 --- [monitor-service] [| adminclient-1] o.a.k.c.a.i.AdminMetadataManager         : [AdminClient clientId=adminclient-1] Rebootstrapping with Cluster(id = null, nodes = [localhost:9092 (id: -1 rack: null isFenced: false)], partitions = [], controller = null)
2025-04-15T20:21:41.249+07:00  INFO 18500 --- [monitor-service] [| adminclient-1] o.a.k.c.a.i.AdminMetadataManager         : [AdminClient clientId=adminclient-1] Rebootstrapping with Cluster(id = null, nodes = [localhost:9092 (id: -1 rack: null isFenced: false)], partitions = [], controller = null)
2025-04-15T20:21:41.249+07:00  INFO 18500 --- [monitor-service] [| adminclient-1] o.a.k.c.a.i.AdminMetadataManager         : [AdminClient clientId=adminclient-1] Rebootstrapping with Cluster(id = null, nodes = [localhost:9092 (id: -1 rack: null isFenced: false)], partitions = [], controller = null)
2025-04-15T20:21:41.249+07:00  INFO 18500 --- [monitor-service] [| adminclient-1] o.a.k.c.a.i.AdminMetadataManager         : [AdminClient clientId=adminclient-1] Rebootstrapping with Cluster(id = null, nodes = [localhost:9092 (id: -1 rack: null isFenced: false)], partitions = [], controller = null)
2025-04-15T20:21:41.249+07:00  INFO 18500 --- [monitor-service] [| adminclient-1] o.a.k.c.a.i.AdminMetadataManager         : [AdminClient clientId=adminclient-1] Rebootstrapping with Cluster(id = null, nodes = [localhost:9092 (id: -1 rack: null isFenced: false)], partitions = [], controller = null)
2025-04-15T20:21:41.249+07:00  INFO 18500 --- [monitor-service] [| adminclient-1] o.a.k.c.a.i.AdminMetadataManager         : [AdminClient clientId=adminclient-1] Rebootstrapping with Cluster(id = null, nodes = [localhost:9092 (id: -1 rack: null isFenced: false)], partitions = [], controller = null)
2025-04-15T20:21:41.249+07:00  INFO 18500 --- [monitor-service] [| adminclient-1] o.a.k.c.a.i.AdminMetadataManager         : [AdminClient clientId=adminclient-1] Rebootstrapping with Cluster(id = null, nodes = [localhost:9092 (id: -1 rack: null isFenced: false)], partitions = [], controller = null)
2025-04-15T20:21:41.249+07:00  INFO 18500 --- [monitor-service] [| adminclient-1] o.a.k.c.a.i.AdminMetadataManager         : [AdminClient clientId=adminclient-1] Rebootstrapping with Cluster(id = null, nodes = [localhost:9092 (id: -1 rack: null isFenced: false)], partitions = [], controller = null)
2025-04-15T20:21:41.249+07:00  INFO 18500 --- [monitor-service] [| adminclient-1] o.a.k.c.a.i.AdminMetadataManager         : [AdminClient clientId=adminclient-1] Rebootstrapping with Cluster(id = null, nodes = [localhost:9092 (id: -1 rack: null isFenced: false)], partitions = [], controller = null)
2025-04-15T20:21:41.249+07:00  INFO 18500 --- [monitor-service] [| adminclient-1] o.a.k.c.a.i.AdminMetadataManager         : [AdminClient clientId=adminclient-1] Rebootstrapping with Cluster(id = null, nodes = [localhost:9092 (id: -1 rack: null isFenced: false)], partitions = [], controller = null)
2025-04-15T20:21:41.249+07:00  INFO 18500 --- [monitor-service] [| adminclient-1] o.a.k.c.a.i.AdminMetadataManager         : [AdminClient clientId=adminclient-1] Rebootstrapping with Cluster(id = null, nodes = [localhost:9092 (id: -1 rack: null isFenced: false)], partitions = [], controller = null)
2025-04-15T20:21:41.249+07:00  INFO 18500 --- [monitor-service] [| adminclient-1] o.a.k.c.a.i.AdminMetadataManager         : [AdminClient clientId=adminclient-1] Rebootstrapping with Cluster(id = null, nodes = [localhost:9092 (id: -1 rack: null isFenced: false)], partitions = [], controller = null)
2025-04-15T20:21:41.249+07:00  INFO 18500 --- [monitor-service] [| adminclient-1] o.a.k.c.a.i.AdminMetadataManager         : [AdminClient clientId=adminclient-1] Rebootstrapping with Cluster(id = null, nodes = [localhost:9092 (id: -1 rack: null isFenced: false)], partitions = [], controller = null)
2025-04-15T20:21:41.249+07:00  INFO 18500 --- [monitor-service] [| adminclient-1] o.a.k.c.a.i.AdminMetadataManager         : [AdminClient clientId=adminclient-1] Rebootstrapping with Cluster(id = null, nodes = [localhost:9092 (id: -1 rack: null isFenced: false)], partitions = [], controller = null)
2025-04-15T20:21:41.249+07:00  INFO 18500 --- [monitor-service] [| adminclient-1] o.a.k.c.a.i.AdminMetadataManager         : [AdminClient clientId=adminclient-1] Rebootstrapping with Cluster(id = null, nodes = [localhost:9092 (id: -1 rack: null isFenced: false)], partitions = [], controller = null)
2025-04-15T20:21:41.249+07:00  INFO 18500 --- [monitor-service] [| adminclient-1] o.a.k.c.a.i.AdminMetadataManager         : [AdminClient clientId=adminclient-1] Rebootstrapping with Cluster(id = null, nodes = [localhost:9092 (id: -1 rack: null isFenced: false)], partitions = [], controller = null)
2025-04-15T20:21:41.249+07:00  INFO 18500 --- [monitor-service] [| adminclient-1] o.a.k.c.a.i.AdminMetadataManager         : [AdminClient clientId=adminclient-1] Rebootstrapping with Cluster(id = null, nodes = [localhost:9092 (id: -1 rack: null isFenced: false)], partitions = [], controller = null)
2025-04-15T20:21:41.249+07:00  INFO 18500 --- [monitor-service] [| adminclient-1] o.a.k.c.a.i.AdminMetadataManager         : [AdminClient clientId=adminclient-1] Rebootstrapping with Cluster(id = null, nodes = [localhost:9092 (id: -1 rack: null isFenced: false)], partitions = [], controller = null)
2025-04-15T20:21:41.249+07:00  INFO 18500 --- [monitor-service] [| adminclient-1] o.a.k.c.a.i.AdminMetadataManager         : [AdminClient clientId=adminclient-1] Rebootstrapping with Cluster(id = null, nodes = [localhost:9092 (id: -1 rack: null isFenced: false)], partitions = [], controller = null)
2025-04-15T20:21:41.249+07:00  INFO 18500 --- [monitor-service] [| adminclient-1] o.a.k.c.a.i.AdminMetadataManager         : [AdminClient clientId=adminclient-1] Rebootstrapping with Cluster(id = null, nodes = [localhost:9092 (id: -1 rack: null isFenced: false)], partitions = [], controller = null)
2025-04-15T20:21:41.249+07:00  INFO 18500 --- [monitor-service] [| adminclient-1] o.a.k.c.a.i.AdminMetadataManager         : [AdminClient clientId=adminclient-1] Rebootstrapping with Cluster(id = null, nodes = [localhost:9092 (id: -1 rack: null isFenced: false)], partitions = [], controller = null)
2025-04-15T20:21:41.249+07:00  INFO 18500 --- [monitor-service] [| adminclient-1] o.a.k.c.a.i.AdminMetadataManager         : [AdminClient clientId=adminclient-1] Rebootstrapping with Cluster(id = null, nodes = [localhost:9092 (id: -1 rack: null isFenced: false)], partitions = [], controller = null)
2025-04-15T20:21:41.249+07:00  INFO 18500 --- [monitor-service] [| adminclient-1] o.a.k.c.a.i.AdminMetadataManager         : [AdminClient clientId=adminclient-1] Rebootstrapping with Cluster(id = null, nodes = [localhost:9092 (id: -1 rack: null isFenced: false)], partitions = [], controller = null)
2025-04-15T20:21:41.249+07:00  INFO 18500 --- [monitor-service] [| adminclient-1] o.a.k.c.a.i.AdminMetadataManager         : [AdminClient clientId=adminclient-1] Rebootstrapping with Cluster(id = null, nodes = [localhost:9092 (id: -1 rack: null isFenced: false)], partitions = [], controller = null)
2025-04-15T20:21:41.249+07:00  INFO 18500 --- [monitor-service] [| adminclient-1] o.a.k.c.a.i.AdminMetadataManager         : [AdminClient clientId=adminclient-1] Rebootstrapping with Cluster(id = null, nodes = [localhost:9092 (id: -1 rack: null isFenced: false)], partitions = [], controller = null)
2025-04-15T20:21:41.249+07:00  INFO 18500 --- [monitor-service] [| adminclient-1] o.a.k.c.a.i.AdminMetadataManager         : [AdminClient clientId=adminclient-1] Rebootstrapping with Cluster(id = null, nodes = [localhost:9092 (id: -1 rack: null isFenced: false)], partitions = [], controller = null)
2025-04-15T20:21:41.249+07:00  INFO 18500 --- [monitor-service] [| adminclient-1] o.a.k.c.a.i.AdminMetadataManager         : [AdminClient clientId=adminclient-1] Rebootstrapping with Cluster(id = null, nodes = [localhost:9092 (id: -1 rack: null isFenced: false)], partitions = [], controller = null)
2025-04-15T20:21:41.249+07:00  INFO 18500 --- [monitor-service] [| adminclient-1] o.a.k.c.a.i.AdminMetadataManager         : [AdminClient clientId=adminclient-1] Rebootstrapping with Cluster(id = null, nodes = [localhost:9092 (id: -1 rack: null isFenced: false)], partitions = [], controller = null)
2025-04-15T20:21:41.249+07:00  INFO 18500 --- [monitor-service] [| adminclient-1] o.a.k.c.a.i.AdminMetadataManager         : [AdminClient clientId=adminclient-1] Rebootstrapping with Cluster(id = null, nodes = [localhost:9092 (id: -1 rack: null isFenced: false)], partitions = [], controller = null)
2025-04-15T20:21:41.249+07:00  INFO 18500 --- [monitor-service] [| adminclient-1] o.a.k.c.a.i.AdminMetadataManager         : [AdminClient clientId=adminclient-1] Rebootstrapping with Cluster(id = null, nodes = [localhost:9092 (id: -1 rack: null isFenced: false)], partitions = [], controller = null)
2025-04-15T20:21:41.249+07:00  INFO 18500 --- [monitor-service] [| adminclient-1] o.a.k.c.a.i.AdminMetadataManager         : [AdminClient clientId=adminclient-1] Rebootstrapping with Cluster(id = null, nodes = [localhost:9092 (id: -1 rack: null isFenced: false)], partitions = [], controller = null)
2025-04-15T20:21:41.249+07:00  INFO 18500 --- [monitor-service] [| adminclient-1] o.a.k.c.a.i.AdminMetadataManager         : [AdminClient clientId=adminclient-1] Rebootstrapping with Cluster(id = null, nodes = [localhost:9092 (id: -1 rack: null isFenced: false)], partitions = [], controller = null)
2025-04-15T20:21:41.249+07:00  INFO 18500 --- [monitor-service] [| adminclient-1] o.a.k.c.a.i.AdminMetadataManager         : [AdminClient clientId=adminclient-1] Rebootstrapping with Cluster(id = null, nodes = [localhost:9092 (id: -1 rack: null isFenced: false)], partitions = [], controller = null)
2025-04-15T20:21:41.249+07:00  INFO 18500 --- [monitor-service] [| adminclient-1] o.a.k.c.a.i.AdminMetadataManager         : [AdminClient clientId=adminclient-1] Rebootstrapping with Cluster(id = null, nodes = [localhost:9092 (id: -1 rack: null isFenced: false)], partitions = [], controller = null)
2025-04-15T20:21:41.321+07:00  INFO 18500 --- [monitor-service] [           main] o.a.kafka.common.config.AbstractConfig   : ConsumerConfig values: 
	allow.auto.create.topics = true
	auto.commit.interval.ms = 5000
	auto.offset.reset = earliest
	bootstrap.servers = [localhost:9092]
	check.crcs = true
	client.dns.lookup = use_all_dns_ips
	client.id = consumer-monitor-service-2
	client.rack = 
	connections.max.idle.ms = 540000
	default.api.timeout.ms = 60000
	enable.auto.commit = false
	enable.metrics.push = true
	exclude.internal.topics = true
	fetch.max.bytes = 52428800
	fetch.max.wait.ms = 500
	fetch.min.bytes = 1
	group.id = monitor-service
	group.instance.id = null
	group.protocol = classic
	group.remote.assignor = null
	heartbeat.interval.ms = 3000
	interceptor.classes = []
	internal.leave.group.on.close = true
	internal.throw.on.fetch.stable.offset.unsupported = false
	isolation.level = read_uncommitted
	key.deserializer = class org.apache.kafka.common.serialization.StringDeserializer
	max.partition.fetch.bytes = 1048576
	max.poll.interval.ms = 300000
	max.poll.records = 500
	metadata.max.age.ms = 300000
	metadata.recovery.rebootstrap.trigger.ms = 300000
	metadata.recovery.strategy = rebootstrap
	metric.reporters = [org.apache.kafka.common.metrics.JmxReporter]
	metrics.num.samples = 2
	metrics.recording.level = INFO
	metrics.sample.window.ms = 30000
	partition.assignment.strategy = [class org.apache.kafka.clients.consumer.RangeAssignor, class org.apache.kafka.clients.consumer.CooperativeStickyAssignor]
	receive.buffer.bytes = 65536
	reconnect.backoff.max.ms = 1000
	reconnect.backoff.ms = 50
	request.timeout.ms = 30000
	retry.backoff.max.ms = 1000
	retry.backoff.ms = 100
	sasl.client.callback.handler.class = null
	sasl.jaas.config = null
	sasl.kerberos.kinit.cmd = /usr/bin/kinit
	sasl.kerberos.min.time.before.relogin = 60000
	sasl.kerberos.service.name = null
	sasl.kerberos.ticket.renew.jitter = 0.05
	sasl.kerberos.ticket.renew.window.factor = 0.8
	sasl.login.callback.handler.class = null
	sasl.login.class = null
	sasl.login.connect.timeout.ms = null
	sasl.login.read.timeout.ms = null
	sasl.login.refresh.buffer.seconds = 300
	sasl.login.refresh.min.period.seconds = 60
	sasl.login.refresh.window.factor = 0.8
	sasl.login.refresh.window.jitter = 0.05
	sasl.login.retry.backoff.max.ms = 10000
	sasl.login.retry.backoff.ms = 100
	sasl.mechanism = GSSAPI
	sasl.oauthbearer.clock.skew.seconds = 30
	sasl.oauthbearer.expected.audience = null
	sasl.oauthbearer.expected.issuer = null
	sasl.oauthbearer.header.urlencode = false
	sasl.oauthbearer.jwks.endpoint.refresh.ms = 3600000
	sasl.oauthbearer.jwks.endpoint.retry.backoff.max.ms = 10000
	sasl.oauthbearer.jwks.endpoint.retry.backoff.ms = 100
	sasl.oauthbearer.jwks.endpoint.url = null
	sasl.oauthbearer.scope.claim.name = scope
	sasl.oauthbearer.sub.claim.name = sub
	sasl.oauthbearer.token.endpoint.url = null
	security.protocol = PLAINTEXT
	security.providers = null
	send.buffer.bytes = 131072
	session.timeout.ms = 45000
	socket.connection.setup.timeout.max.ms = 30000
	socket.connection.setup.timeout.ms = 10000
	ssl.cipher.suites = null
	ssl.enabled.protocols = [TLSv1.2, TLSv1.3]
	ssl.endpoint.identification.algorithm = https
	ssl.engine.factory.class = null
	ssl.key.password = null
	ssl.keymanager.algorithm = SunX509
	ssl.keystore.certificate.chain = null
	ssl.keystore.key = null
	ssl.keystore.location = null
	ssl.keystore.password = null
	ssl.keystore.type = JKS
	ssl.protocol = TLSv1.3
	ssl.provider = null
	ssl.secure.random.implementation = null
	ssl.trustmanager.algorithm = PKIX
	ssl.truststore.certificates = null
	ssl.truststore.location = null
	ssl.truststore.password = null
	ssl.truststore.type = JKS
	value.deserializer = class org.apache.kafka.common.serialization.StringDeserializer

2025-04-15T20:21:41.321+07:00  INFO 18500 --- [monitor-service] [           main] o.a.k.c.t.i.KafkaMetricsCollector        : initializing Kafka metrics collector
2025-04-15T20:21:41.330+07:00  INFO 18500 --- [monitor-service] [           main] o.a.kafka.common.utils.AppInfoParser     : Kafka version: 4.0.0
2025-04-15T20:21:41.330+07:00  INFO 18500 --- [monitor-service] [           main] o.a.kafka.common.utils.AppInfoParser     : Kafka commitId: 985bc99521dd22bb
2025-04-15T20:21:41.330+07:00  INFO 18500 --- [monitor-service] [           main] o.a.kafka.common.utils.AppInfoParser     : Kafka startTimeMs: 1744723301330
2025-04-15T20:21:41.349+07:00  INFO 18500 --- [monitor-service] [| adminclient-1] o.a.k.c.a.i.AdminMetadataManager         : [AdminClient clientId=adminclient-1] Rebootstrapping with Cluster(id = null, nodes = [localhost:9092 (id: -1 rack: null isFenced: false)], partitions = [], controller = null)
2025-04-15T20:21:41.349+07:00  INFO 18500 --- [monitor-service] [| adminclient-1] o.a.k.c.a.i.AdminMetadataManager         : [AdminClient clientId=adminclient-1] Rebootstrapping with Cluster(id = null, nodes = [localhost:9092 (id: -1 rack: null isFenced: false)], partitions = [], controller = null)
2025-04-15T20:21:41.349+07:00  INFO 18500 --- [monitor-service] [| adminclient-1] o.a.k.c.a.i.AdminMetadataManager         : [AdminClient clientId=adminclient-1] Rebootstrapping with Cluster(id = null, nodes = [localhost:9092 (id: -1 rack: null isFenced: false)], partitions = [], controller = null)
2025-04-15T20:21:41.349+07:00  INFO 18500 --- [monitor-service] [| adminclient-1] o.a.k.c.a.i.AdminMetadataManager         : [AdminClient clientId=adminclient-1] Rebootstrapping with Cluster(id = null, nodes = [localhost:9092 (id: -1 rack: null isFenced: false)], partitions = [], controller = null)
2025-04-15T20:21:41.349+07:00  INFO 18500 --- [monitor-service] [| adminclient-1] o.a.k.c.a.i.AdminMetadataManager         : [AdminClient clientId=adminclient-1] Rebootstrapping with Cluster(id = null, nodes = [localhost:9092 (id: -1 rack: null isFenced: false)], partitions = [], controller = null)
2025-04-15T20:21:41.349+07:00  INFO 18500 --- [monitor-service] [| adminclient-1] o.a.k.c.a.i.AdminMetadataManager         : [AdminClient clientId=adminclient-1] Rebootstrapping with Cluster(id = null, nodes = [localhost:9092 (id: -1 rack: null isFenced: false)], partitions = [], controller = null)
2025-04-15T20:21:41.349+07:00  INFO 18500 --- [monitor-service] [| adminclient-1] o.a.k.c.a.i.AdminMetadataManager         : [AdminClient clientId=adminclient-1] Rebootstrapping with Cluster(id = null, nodes = [localhost:9092 (id: -1 rack: null isFenced: false)], partitions = [], controller = null)
2025-04-15T20:21:41.349+07:00  INFO 18500 --- [monitor-service] [| adminclient-1] o.a.k.c.a.i.AdminMetadataManager         : [AdminClient clientId=adminclient-1] Rebootstrapping with Cluster(id = null, nodes = [localhost:9092 (id: -1 rack: null isFenced: false)], partitions = [], controller = null)
2025-04-15T20:21:41.349+07:00  INFO 18500 --- [monitor-service] [| adminclient-1] o.a.k.c.a.i.AdminMetadataManager         : [AdminClient clientId=adminclient-1] Rebootstrapping with Cluster(id = null, nodes = [localhost:9092 (id: -1 rack: null isFenced: false)], partitions = [], controller = null)
2025-04-15T20:21:41.349+07:00  INFO 18500 --- [monitor-service] [| adminclient-1] o.a.k.c.a.i.AdminMetadataManager         : [AdminClient clientId=adminclient-1] Rebootstrapping with Cluster(id = null, nodes = [localhost:9092 (id: -1 rack: null isFenced: false)], partitions = [], controller = null)
2025-04-15T20:21:41.349+07:00  INFO 18500 --- [monitor-service] [| adminclient-1] o.a.k.c.a.i.AdminMetadataManager         : [AdminClient clientId=adminclient-1] Rebootstrapping with Cluster(id = null, nodes = [localhost:9092 (id: -1 rack: null isFenced: false)], partitions = [], controller = null)
2025-04-15T20:21:41.349+07:00  INFO 18500 --- [monitor-service] [| adminclient-1] o.a.k.c.a.i.AdminMetadataManager         : [AdminClient clientId=adminclient-1] Rebootstrapping with Cluster(id = null, nodes = [localhost:9092 (id: -1 rack: null isFenced: false)], partitions = [], controller = null)
2025-04-15T20:21:41.349+07:00  INFO 18500 --- [monitor-service] [| adminclient-1] o.a.k.c.a.i.AdminMetadataManager         : [AdminClient clientId=adminclient-1] Rebootstrapping with Cluster(id = null, nodes = [localhost:9092 (id: -1 rack: null isFenced: false)], partitions = [], controller = null)
2025-04-15T20:21:41.349+07:00  INFO 18500 --- [monitor-service] [| adminclient-1] o.a.k.c.a.i.AdminMetadataManager         : [AdminClient clientId=adminclient-1] Rebootstrapping with Cluster(id = null, nodes = [localhost:9092 (id: -1 rack: null isFenced: false)], partitions = [], controller = null)
2025-04-15T20:21:41.349+07:00  INFO 18500 --- [monitor-service] [| adminclient-1] o.a.k.c.a.i.AdminMetadataManager         : [AdminClient clientId=adminclient-1] Rebootstrapping with Cluster(id = null, nodes = [localhost:9092 (id: -1 rack: null isFenced: false)], partitions = [], controller = null)
2025-04-15T20:21:41.349+07:00  INFO 18500 --- [monitor-service] [| adminclient-1] o.a.k.c.a.i.AdminMetadataManager         : [AdminClient clientId=adminclient-1] Rebootstrapping with Cluster(id = null, nodes = [localhost:9092 (id: -1 rack: null isFenced: false)], partitions = [], controller = null)
2025-04-15T20:21:41.349+07:00  INFO 18500 --- [monitor-service] [| adminclient-1] o.a.k.c.a.i.AdminMetadataManager         : [AdminClient clientId=adminclient-1] Rebootstrapping with Cluster(id = null, nodes = [localhost:9092 (id: -1 rack: null isFenced: false)], partitions = [], controller = null)
2025-04-15T20:21:41.349+07:00  INFO 18500 --- [monitor-service] [| adminclient-1] o.a.k.c.a.i.AdminMetadataManager         : [AdminClient clientId=adminclient-1] Rebootstrapping with Cluster(id = null, nodes = [localhost:9092 (id: -1 rack: null isFenced: false)], partitions = [], controller = null)
2025-04-15T20:21:41.349+07:00  INFO 18500 --- [monitor-service] [| adminclient-1] o.a.k.c.a.i.AdminMetadataManager         : [AdminClient clientId=adminclient-1] Rebootstrapping with Cluster(id = null, nodes = [localhost:9092 (id: -1 rack: null isFenced: false)], partitions = [], controller = null)
2025-04-15T20:21:41.349+07:00  INFO 18500 --- [monitor-service] [| adminclient-1] o.a.k.c.a.i.AdminMetadataManager         : [AdminClient clientId=adminclient-1] Rebootstrapping with Cluster(id = null, nodes = [localhost:9092 (id: -1 rack: null isFenced: false)], partitions = [], controller = null)
2025-04-15T20:21:41.349+07:00  INFO 18500 --- [monitor-service] [| adminclient-1] o.a.k.c.a.i.AdminMetadataManager         : [AdminClient clientId=adminclient-1] Rebootstrapping with Cluster(id = null, nodes = [localhost:9092 (id: -1 rack: null isFenced: false)], partitions = [], controller = null)
2025-04-15T20:21:41.349+07:00  INFO 18500 --- [monitor-service] [| adminclient-1] o.a.k.c.a.i.AdminMetadataManager         : [AdminClient clientId=adminclient-1] Rebootstrapping with Cluster(id = null, nodes = [localhost:9092 (id: -1 rack: null isFenced: false)], partitions = [], controller = null)
2025-04-15T20:21:41.349+07:00  INFO 18500 --- [monitor-service] [| adminclient-1] o.a.k.c.a.i.AdminMetadataManager         : [AdminClient clientId=adminclient-1] Rebootstrapping with Cluster(id = null, nodes = [localhost:9092 (id: -1 rack: null isFenced: false)], partitions = [], controller = null)
2025-04-15T20:21:41.349+07:00  INFO 18500 --- [monitor-service] [| adminclient-1] o.a.k.c.a.i.AdminMetadataManager         : [AdminClient clientId=adminclient-1] Rebootstrapping with Cluster(id = null, nodes = [localhost:9092 (id: -1 rack: null isFenced: false)], partitions = [], controller = null)
2025-04-15T20:21:41.349+07:00  INFO 18500 --- [monitor-service] [| adminclient-1] o.a.k.c.a.i.AdminMetadataManager         : [AdminClient clientId=adminclient-1] Rebootstrapping with Cluster(id = null, nodes = [localhost:9092 (id: -1 rack: null isFenced: false)], partitions = [], controller = null)
2025-04-15T20:21:41.349+07:00  INFO 18500 --- [monitor-service] [| adminclient-1] o.a.k.c.a.i.AdminMetadataManager         : [AdminClient clientId=adminclient-1] Rebootstrapping with Cluster(id = null, nodes = [localhost:9092 (id: -1 rack: null isFenced: false)], partitions = [], controller = null)
2025-04-15T20:21:41.349+07:00  INFO 18500 --- [monitor-service] [| adminclient-1] o.a.k.c.a.i.AdminMetadataManager         : [AdminClient clientId=adminclient-1] Rebootstrapping with Cluster(id = null, nodes = [localhost:9092 (id: -1 rack: null isFenced: false)], partitions = [], controller = null)
2025-04-15T20:21:41.349+07:00  INFO 18500 --- [monitor-service] [| adminclient-1] o.a.k.c.a.i.AdminMetadataManager         : [AdminClient clientId=adminclient-1] Rebootstrapping with Cluster(id = null, nodes = [localhost:9092 (id: -1 rack: null isFenced: false)], partitions = [], controller = null)
2025-04-15T20:21:41.349+07:00  INFO 18500 --- [monitor-service] [| adminclient-1] o.a.k.c.a.i.AdminMetadataManager         : [AdminClient clientId=adminclient-1] Rebootstrapping with Cluster(id = null, nodes = [localhost:9092 (id: -1 rack: null isFenced: false)], partitions = [], controller = null)
2025-04-15T20:21:41.349+07:00  INFO 18500 --- [monitor-service] [| adminclient-1] o.a.k.c.a.i.AdminMetadataManager         : [AdminClient clientId=adminclient-1] Rebootstrapping with Cluster(id = null, nodes = [localhost:9092 (id: -1 rack: null isFenced: false)], partitions = [], controller = null)
2025-04-15T20:21:41.349+07:00  INFO 18500 --- [monitor-service] [| adminclient-1] o.a.k.c.a.i.AdminMetadataManager         : [AdminClient clientId=adminclient-1] Rebootstrapping with Cluster(id = null, nodes = [localhost:9092 (id: -1 rack: null isFenced: false)], partitions = [], controller = null)
2025-04-15T20:21:41.349+07:00  INFO 18500 --- [monitor-service] [| adminclient-1] o.a.k.c.a.i.AdminMetadataManager         : [AdminClient clientId=adminclient-1] Rebootstrapping with Cluster(id = null, nodes = [localhost:9092 (id: -1 rack: null isFenced: false)], partitions = [], controller = null)
2025-04-15T20:21:41.349+07:00  INFO 18500 --- [monitor-service] [| adminclient-1] o.a.k.c.a.i.AdminMetadataManager         : [AdminClient clientId=adminclient-1] Rebootstrapping with Cluster(id = null, nodes = [localhost:9092 (id: -1 rack: null isFenced: false)], partitions = [], controller = null)
2025-04-15T20:21:41.350+07:00  INFO 18500 --- [monitor-service] [| adminclient-1] o.a.k.c.a.i.AdminMetadataManager         : [AdminClient clientId=adminclient-1] Rebootstrapping with Cluster(id = null, nodes = [localhost:9092 (id: -1 rack: null isFenced: false)], partitions = [], controller = null)
2025-04-15T20:21:41.350+07:00  INFO 18500 --- [monitor-service] [| adminclient-1] o.a.k.c.a.i.AdminMetadataManager         : [AdminClient clientId=adminclient-1] Rebootstrapping with Cluster(id = null, nodes = [localhost:9092 (id: -1 rack: null isFenced: false)], partitions = [], controller = null)
2025-04-15T20:21:41.350+07:00  INFO 18500 --- [monitor-service] [| adminclient-1] o.a.k.c.a.i.AdminMetadataManager         : [AdminClient clientId=adminclient-1] Rebootstrapping with Cluster(id = null, nodes = [localhost:9092 (id: -1 rack: null isFenced: false)], partitions = [], controller = null)
2025-04-15T20:21:41.350+07:00  INFO 18500 --- [monitor-service] [| adminclient-1] o.a.k.c.a.i.AdminMetadataManager         : [AdminClient clientId=adminclient-1] Rebootstrapping with Cluster(id = null, nodes = [localhost:9092 (id: -1 rack: null isFenced: false)], partitions = [], controller = null)
2025-04-15T20:21:41.350+07:00  INFO 18500 --- [monitor-service] [| adminclient-1] o.a.k.c.a.i.AdminMetadataManager         : [AdminClient clientId=adminclient-1] Rebootstrapping with Cluster(id = null, nodes = [localhost:9092 (id: -1 rack: null isFenced: false)], partitions = [], controller = null)
2025-04-15T20:21:41.350+07:00  INFO 18500 --- [monitor-service] [| adminclient-1] o.a.k.c.a.i.AdminMetadataManager         : [AdminClient clientId=adminclient-1] Rebootstrapping with Cluster(id = null, nodes = [localhost:9092 (id: -1 rack: null isFenced: false)], partitions = [], controller = null)
2025-04-15T20:21:41.350+07:00  INFO 18500 --- [monitor-service] [           main] o.a.k.c.c.i.ClassicKafkaConsumer         : [Consumer clientId=consumer-monitor-service-2, groupId=monitor-service] Subscribed to topic(s): service-logs
2025-04-15T20:21:41.373+07:00  INFO 18500 --- [monitor-service] [           main] s.m.MonitorServiceApplicationTests       : Started MonitorServiceApplicationTests in 10.052 seconds (process running for 11.499)
2025-04-15T20:21:41.451+07:00  INFO 18500 --- [monitor-service] [| adminclient-1] o.a.k.c.a.i.AdminMetadataManager         : [AdminClient clientId=adminclient-1] Rebootstrapping with Cluster(id = null, nodes = [localhost:9092 (id: -1 rack: null isFenced: false)], partitions = [], controller = null)
2025-04-15T20:21:41.451+07:00  INFO 18500 --- [monitor-service] [| adminclient-1] o.a.k.c.a.i.AdminMetadataManager         : [AdminClient clientId=adminclient-1] Rebootstrapping with Cluster(id = null, nodes = [localhost:9092 (id: -1 rack: null isFenced: false)], partitions = [], controller = null)
2025-04-15T20:21:41.451+07:00  INFO 18500 --- [monitor-service] [| adminclient-1] o.a.k.c.a.i.AdminMetadataManager         : [AdminClient clientId=adminclient-1] Rebootstrapping with Cluster(id = null, nodes = [localhost:9092 (id: -1 rack: null isFenced: false)], partitions = [], controller = null)
2025-04-15T20:21:41.451+07:00  INFO 18500 --- [monitor-service] [| adminclient-1] o.a.k.c.a.i.AdminMetadataManager         : [AdminClient clientId=adminclient-1] Rebootstrapping with Cluster(id = null, nodes = [localhost:9092 (id: -1 rack: null isFenced: false)], partitions = [], controller = null)
2025-04-15T20:21:41.451+07:00  INFO 18500 --- [monitor-service] [| adminclient-1] o.a.k.c.a.i.AdminMetadataManager         : [AdminClient clientId=adminclient-1] Rebootstrapping with Cluster(id = null, nodes = [localhost:9092 (id: -1 rack: null isFenced: false)], partitions = [], controller = null)
2025-04-15T20:21:41.451+07:00  INFO 18500 --- [monitor-service] [| adminclient-1] o.a.k.c.a.i.AdminMetadataManager         : [AdminClient clientId=adminclient-1] Rebootstrapping with Cluster(id = null, nodes = [localhost:9092 (id: -1 rack: null isFenced: false)], partitions = [], controller = null)
2025-04-15T20:21:41.451+07:00  INFO 18500 --- [monitor-service] [| adminclient-1] o.a.k.c.a.i.AdminMetadataManager         : [AdminClient clientId=adminclient-1] Rebootstrapping with Cluster(id = null, nodes = [localhost:9092 (id: -1 rack: null isFenced: false)], partitions = [], controller = null)
2025-04-15T20:21:41.451+07:00  INFO 18500 --- [monitor-service] [| adminclient-1] o.a.k.c.a.i.AdminMetadataManager         : [AdminClient clientId=adminclient-1] Rebootstrapping with Cluster(id = null, nodes = [localhost:9092 (id: -1 rack: null isFenced: false)], partitions = [], controller = null)
2025-04-15T20:21:41.451+07:00  INFO 18500 --- [monitor-service] [| adminclient-1] o.a.k.c.a.i.AdminMetadataManager         : [AdminClient clientId=adminclient-1] Rebootstrapping with Cluster(id = null, nodes = [localhost:9092 (id: -1 rack: null isFenced: false)], partitions = [], controller = null)
2025-04-15T20:21:41.451+07:00  INFO 18500 --- [monitor-service] [| adminclient-1] o.a.k.c.a.i.AdminMetadataManager         : [AdminClient clientId=adminclient-1] Rebootstrapping with Cluster(id = null, nodes = [localhost:9092 (id: -1 rack: null isFenced: false)], partitions = [], controller = null)
2025-04-15T20:21:41.451+07:00  INFO 18500 --- [monitor-service] [| adminclient-1] o.a.k.c.a.i.AdminMetadataManager         : [AdminClient clientId=adminclient-1] Rebootstrapping with Cluster(id = null, nodes = [localhost:9092 (id: -1 rack: null isFenced: false)], partitions = [], controller = null)
2025-04-15T20:21:41.451+07:00  INFO 18500 --- [monitor-service] [| adminclient-1] o.a.k.c.a.i.AdminMetadataManager         : [AdminClient clientId=adminclient-1] Rebootstrapping with Cluster(id = null, nodes = [localhost:9092 (id: -1 rack: null isFenced: false)], partitions = [], controller = null)
2025-04-15T20:21:41.451+07:00  INFO 18500 --- [monitor-service] [| adminclient-1] o.a.k.c.a.i.AdminMetadataManager         : [AdminClient clientId=adminclient-1] Rebootstrapping with Cluster(id = null, nodes = [localhost:9092 (id: -1 rack: null isFenced: false)], partitions = [], controller = null)
2025-04-15T20:21:41.451+07:00  INFO 18500 --- [monitor-service] [| adminclient-1] o.a.k.c.a.i.AdminMetadataManager         : [AdminClient clientId=adminclient-1] Rebootstrapping with Cluster(id = null, nodes = [localhost:9092 (id: -1 rack: null isFenced: false)], partitions = [], controller = null)
2025-04-15T20:21:41.451+07:00  INFO 18500 --- [monitor-service] [| adminclient-1] o.a.k.c.a.i.AdminMetadataManager         : [AdminClient clientId=adminclient-1] Rebootstrapping with Cluster(id = null, nodes = [localhost:9092 (id: -1 rack: null isFenced: false)], partitions = [], controller = null)
2025-04-15T20:21:41.451+07:00  INFO 18500 --- [monitor-service] [| adminclient-1] o.a.k.c.a.i.AdminMetadataManager         : [AdminClient clientId=adminclient-1] Rebootstrapping with Cluster(id = null, nodes = [localhost:9092 (id: -1 rack: null isFenced: false)], partitions = [], controller = null)
2025-04-15T20:21:41.451+07:00  INFO 18500 --- [monitor-service] [| adminclient-1] o.a.k.c.a.i.AdminMetadataManager         : [AdminClient clientId=adminclient-1] Rebootstrapping with Cluster(id = null, nodes = [localhost:9092 (id: -1 rack: null isFenced: false)], partitions = [], controller = null)
2025-04-15T20:21:41.451+07:00  INFO 18500 --- [monitor-service] [| adminclient-1] o.a.k.c.a.i.AdminMetadataManager         : [AdminClient clientId=adminclient-1] Rebootstrapping with Cluster(id = null, nodes = [localhost:9092 (id: -1 rack: null isFenced: false)], partitions = [], controller = null)
2025-04-15T20:21:41.451+07:00  INFO 18500 --- [monitor-service] [| adminclient-1] o.a.k.c.a.i.AdminMetadataManager         : [AdminClient clientId=adminclient-1] Rebootstrapping with Cluster(id = null, nodes = [localhost:9092 (id: -1 rack: null isFenced: false)], partitions = [], controller = null)
2025-04-15T20:21:41.451+07:00  INFO 18500 --- [monitor-service] [| adminclient-1] o.a.k.c.a.i.AdminMetadataManager         : [AdminClient clientId=adminclient-1] Rebootstrapping with Cluster(id = null, nodes = [localhost:9092 (id: -1 rack: null isFenced: false)], partitions = [], controller = null)
2025-04-15T20:21:41.451+07:00  INFO 18500 --- [monitor-service] [| adminclient-1] o.a.k.c.a.i.AdminMetadataManager         : [AdminClient clientId=adminclient-1] Rebootstrapping with Cluster(id = null, nodes = [localhost:9092 (id: -1 rack: null isFenced: false)], partitions = [], controller = null)
2025-04-15T20:21:41.451+07:00  INFO 18500 --- [monitor-service] [| adminclient-1] o.a.k.c.a.i.AdminMetadataManager         : [AdminClient clientId=adminclient-1] Rebootstrapping with Cluster(id = null, nodes = [localhost:9092 (id: -1 rack: null isFenced: false)], partitions = [], controller = null)
2025-04-15T20:21:41.451+07:00  INFO 18500 --- [monitor-service] [| adminclient-1] o.a.k.c.a.i.AdminMetadataManager         : [AdminClient clientId=adminclient-1] Rebootstrapping with Cluster(id = null, nodes = [localhost:9092 (id: -1 rack: null isFenced: false)], partitions = [], controller = null)
2025-04-15T20:21:41.451+07:00  INFO 18500 --- [monitor-service] [| adminclient-1] o.a.k.c.a.i.AdminMetadataManager         : [AdminClient clientId=adminclient-1] Rebootstrapping with Cluster(id = null, nodes = [localhost:9092 (id: -1 rack: null isFenced: false)], partitions = [], controller = null)
2025-04-15T20:21:41.451+07:00  INFO 18500 --- [monitor-service] [| adminclient-1] o.a.k.c.a.i.AdminMetadataManager         : [AdminClient clientId=adminclient-1] Rebootstrapping with Cluster(id = null, nodes = [localhost:9092 (id: -1 rack: null isFenced: false)], partitions = [], controller = null)
2025-04-15T20:21:41.451+07:00  INFO 18500 --- [monitor-service] [| adminclient-1] o.a.k.c.a.i.AdminMetadataManager         : [AdminClient clientId=adminclient-1] Rebootstrapping with Cluster(id = null, nodes = [localhost:9092 (id: -1 rack: null isFenced: false)], partitions = [], controller = null)
2025-04-15T20:21:41.451+07:00  INFO 18500 --- [monitor-service] [| adminclient-1] o.a.k.c.a.i.AdminMetadataManager         : [AdminClient clientId=adminclient-1] Rebootstrapping with Cluster(id = null, nodes = [localhost:9092 (id: -1 rack: null isFenced: false)], partitions = [], controller = null)
2025-04-15T20:21:41.451+07:00  INFO 18500 --- [monitor-service] [| adminclient-1] o.a.k.c.a.i.AdminMetadataManager         : [AdminClient clientId=adminclient-1] Rebootstrapping with Cluster(id = null, nodes = [localhost:9092 (id: -1 rack: null isFenced: false)], partitions = [], controller = null)
2025-04-15T20:21:41.451+07:00  INFO 18500 --- [monitor-service] [| adminclient-1] o.a.k.c.a.i.AdminMetadataManager         : [AdminClient clientId=adminclient-1] Rebootstrapping with Cluster(id = null, nodes = [localhost:9092 (id: -1 rack: null isFenced: false)], partitions = [], controller = null)
2025-04-15T20:21:41.451+07:00  INFO 18500 --- [monitor-service] [| adminclient-1] o.a.k.c.a.i.AdminMetadataManager         : [AdminClient clientId=adminclient-1] Rebootstrapping with Cluster(id = null, nodes = [localhost:9092 (id: -1 rack: null isFenced: false)], partitions = [], controller = null)
2025-04-15T20:21:41.451+07:00  INFO 18500 --- [monitor-service] [| adminclient-1] o.a.k.c.a.i.AdminMetadataManager         : [AdminClient clientId=adminclient-1] Rebootstrapping with Cluster(id = null, nodes = [localhost:9092 (id: -1 rack: null isFenced: false)], partitions = [], controller = null)
2025-04-15T20:21:41.451+07:00  INFO 18500 --- [monitor-service] [| adminclient-1] o.a.k.c.a.i.AdminMetadataManager         : [AdminClient clientId=adminclient-1] Rebootstrapping with Cluster(id = null, nodes = [localhost:9092 (id: -1 rack: null isFenced: false)], partitions = [], controller = null)
2025-04-15T20:21:41.451+07:00  INFO 18500 --- [monitor-service] [| adminclient-1] o.a.k.c.a.i.AdminMetadataManager         : [AdminClient clientId=adminclient-1] Rebootstrapping with Cluster(id = null, nodes = [localhost:9092 (id: -1 rack: null isFenced: false)], partitions = [], controller = null)
2025-04-15T20:21:41.452+07:00  INFO 18500 --- [monitor-service] [| adminclient-1] o.a.k.c.a.i.AdminMetadataManager         : [AdminClient clientId=adminclient-1] Rebootstrapping with Cluster(id = null, nodes = [localhost:9092 (id: -1 rack: null isFenced: false)], partitions = [], controller = null)
2025-04-15T20:21:41.452+07:00  INFO 18500 --- [monitor-service] [| adminclient-1] o.a.k.c.a.i.AdminMetadataManager         : [AdminClient clientId=adminclient-1] Rebootstrapping with Cluster(id = null, nodes = [localhost:9092 (id: -1 rack: null isFenced: false)], partitions = [], controller = null)
2025-04-15T20:21:41.452+07:00  INFO 18500 --- [monitor-service] [| adminclient-1] o.a.k.c.a.i.AdminMetadataManager         : [AdminClient clientId=adminclient-1] Rebootstrapping with Cluster(id = null, nodes = [localhost:9092 (id: -1 rack: null isFenced: false)], partitions = [], controller = null)
2025-04-15T20:21:41.452+07:00  INFO 18500 --- [monitor-service] [| adminclient-1] o.a.k.c.a.i.AdminMetadataManager         : [AdminClient clientId=adminclient-1] Rebootstrapping with Cluster(id = null, nodes = [localhost:9092 (id: -1 rack: null isFenced: false)], partitions = [], controller = null)
2025-04-15T20:21:41.452+07:00  INFO 18500 --- [monitor-service] [| adminclient-1] o.a.k.c.a.i.AdminMetadataManager         : [AdminClient clientId=adminclient-1] Rebootstrapping with Cluster(id = null, nodes = [localhost:9092 (id: -1 rack: null isFenced: false)], partitions = [], controller = null)
2025-04-15T20:21:41.452+07:00  INFO 18500 --- [monitor-service] [| adminclient-1] o.a.k.c.a.i.AdminMetadataManager         : [AdminClient clientId=adminclient-1] Rebootstrapping with Cluster(id = null, nodes = [localhost:9092 (id: -1 rack: null isFenced: false)], partitions = [], controller = null)
2025-04-15T20:21:41.452+07:00  INFO 18500 --- [monitor-service] [| adminclient-1] o.a.k.c.a.i.AdminMetadataManager         : [AdminClient clientId=adminclient-1] Rebootstrapping with Cluster(id = null, nodes = [localhost:9092 (id: -1 rack: null isFenced: false)], partitions = [], controller = null)
2025-04-15T20:21:41.553+07:00  INFO 18500 --- [monitor-service] [| adminclient-1] o.a.k.c.a.i.AdminMetadataManager         : [AdminClient clientId=adminclient-1] Rebootstrapping with Cluster(id = null, nodes = [localhost:9092 (id: -1 rack: null isFenced: false)], partitions = [], controller = null)
2025-04-15T20:21:41.553+07:00  INFO 18500 --- [monitor-service] [| adminclient-1] o.a.k.c.a.i.AdminMetadataManager         : [AdminClient clientId=adminclient-1] Rebootstrapping with Cluster(id = null, nodes = [localhost:9092 (id: -1 rack: null isFenced: false)], partitions = [], controller = null)
2025-04-15T20:21:41.553+07:00  INFO 18500 --- [monitor-service] [| adminclient-1] o.a.k.c.a.i.AdminMetadataManager         : [AdminClient clientId=adminclient-1] Rebootstrapping with Cluster(id = null, nodes = [localhost:9092 (id: -1 rack: null isFenced: false)], partitions = [], controller = null)
2025-04-15T20:21:41.553+07:00  INFO 18500 --- [monitor-service] [| adminclient-1] o.a.k.c.a.i.AdminMetadataManager         : [AdminClient clientId=adminclient-1] Rebootstrapping with Cluster(id = null, nodes = [localhost:9092 (id: -1 rack: null isFenced: false)], partitions = [], controller = null)
2025-04-15T20:21:41.553+07:00  INFO 18500 --- [monitor-service] [| adminclient-1] o.a.k.c.a.i.AdminMetadataManager         : [AdminClient clientId=adminclient-1] Rebootstrapping with Cluster(id = null, nodes = [localhost:9092 (id: -1 rack: null isFenced: false)], partitions = [], controller = null)
2025-04-15T20:21:41.553+07:00  INFO 18500 --- [monitor-service] [| adminclient-1] o.a.k.c.a.i.AdminMetadataManager         : [AdminClient clientId=adminclient-1] Rebootstrapping with Cluster(id = null, nodes = [localhost:9092 (id: -1 rack: null isFenced: false)], partitions = [], controller = null)
2025-04-15T20:21:41.553+07:00  INFO 18500 --- [monitor-service] [| adminclient-1] o.a.k.c.a.i.AdminMetadataManager         : [AdminClient clientId=adminclient-1] Rebootstrapping with Cluster(id = null, nodes = [localhost:9092 (id: -1 rack: null isFenced: false)], partitions = [], controller = null)
2025-04-15T20:21:41.553+07:00  INFO 18500 --- [monitor-service] [| adminclient-1] o.a.k.c.a.i.AdminMetadataManager         : [AdminClient clientId=adminclient-1] Rebootstrapping with Cluster(id = null, nodes = [localhost:9092 (id: -1 rack: null isFenced: false)], partitions = [], controller = null)
2025-04-15T20:21:41.553+07:00  INFO 18500 --- [monitor-service] [| adminclient-1] o.a.k.c.a.i.AdminMetadataManager         : [AdminClient clientId=adminclient-1] Rebootstrapping with Cluster(id = null, nodes = [localhost:9092 (id: -1 rack: null isFenced: false)], partitions = [], controller = null)
2025-04-15T20:21:41.553+07:00  INFO 18500 --- [monitor-service] [| adminclient-1] o.a.k.c.a.i.AdminMetadataManager         : [AdminClient clientId=adminclient-1] Rebootstrapping with Cluster(id = null, nodes = [localhost:9092 (id: -1 rack: null isFenced: false)], partitions = [], controller = null)
2025-04-15T20:21:41.553+07:00  INFO 18500 --- [monitor-service] [| adminclient-1] o.a.k.c.a.i.AdminMetadataManager         : [AdminClient clientId=adminclient-1] Rebootstrapping with Cluster(id = null, nodes = [localhost:9092 (id: -1 rack: null isFenced: false)], partitions = [], controller = null)
2025-04-15T20:21:41.553+07:00  INFO 18500 --- [monitor-service] [| adminclient-1] o.a.k.c.a.i.AdminMetadataManager         : [AdminClient clientId=adminclient-1] Rebootstrapping with Cluster(id = null, nodes = [localhost:9092 (id: -1 rack: null isFenced: false)], partitions = [], controller = null)
2025-04-15T20:21:41.553+07:00  INFO 18500 --- [monitor-service] [| adminclient-1] o.a.k.c.a.i.AdminMetadataManager         : [AdminClient clientId=adminclient-1] Rebootstrapping with Cluster(id = null, nodes = [localhost:9092 (id: -1 rack: null isFenced: false)], partitions = [], controller = null)
2025-04-15T20:21:41.553+07:00  INFO 18500 --- [monitor-service] [| adminclient-1] o.a.k.c.a.i.AdminMetadataManager         : [AdminClient clientId=adminclient-1] Rebootstrapping with Cluster(id = null, nodes = [localhost:9092 (id: -1 rack: null isFenced: false)], partitions = [], controller = null)
2025-04-15T20:21:41.553+07:00  INFO 18500 --- [monitor-service] [| adminclient-1] o.a.k.c.a.i.AdminMetadataManager         : [AdminClient clientId=adminclient-1] Rebootstrapping with Cluster(id = null, nodes = [localhost:9092 (id: -1 rack: null isFenced: false)], partitions = [], controller = null)
2025-04-15T20:21:41.553+07:00  INFO 18500 --- [monitor-service] [| adminclient-1] o.a.k.c.a.i.AdminMetadataManager         : [AdminClient clientId=adminclient-1] Rebootstrapping with Cluster(id = null, nodes = [localhost:9092 (id: -1 rack: null isFenced: false)], partitions = [], controller = null)
2025-04-15T20:21:41.553+07:00  INFO 18500 --- [monitor-service] [| adminclient-1] o.a.k.c.a.i.AdminMetadataManager         : [AdminClient clientId=adminclient-1] Rebootstrapping with Cluster(id = null, nodes = [localhost:9092 (id: -1 rack: null isFenced: false)], partitions = [], controller = null)
2025-04-15T20:21:41.554+07:00  INFO 18500 --- [monitor-service] [| adminclient-1] o.a.k.c.a.i.AdminMetadataManager         : [AdminClient clientId=adminclient-1] Rebootstrapping with Cluster(id = null, nodes = [localhost:9092 (id: -1 rack: null isFenced: false)], partitions = [], controller = null)
2025-04-15T20:21:41.554+07:00  INFO 18500 --- [monitor-service] [| adminclient-1] o.a.k.c.a.i.AdminMetadataManager         : [AdminClient clientId=adminclient-1] Rebootstrapping with Cluster(id = null, nodes = [localhost:9092 (id: -1 rack: null isFenced: false)], partitions = [], controller = null)
2025-04-15T20:21:41.554+07:00  INFO 18500 --- [monitor-service] [| adminclient-1] o.a.k.c.a.i.AdminMetadataManager         : [AdminClient clientId=adminclient-1] Rebootstrapping with Cluster(id = null, nodes = [localhost:9092 (id: -1 rack: null isFenced: false)], partitions = [], controller = null)
2025-04-15T20:21:41.554+07:00  INFO 18500 --- [monitor-service] [| adminclient-1] o.a.k.c.a.i.AdminMetadataManager         : [AdminClient clientId=adminclient-1] Rebootstrapping with Cluster(id = null, nodes = [localhost:9092 (id: -1 rack: null isFenced: false)], partitions = [], controller = null)
2025-04-15T20:21:41.554+07:00  INFO 18500 --- [monitor-service] [| adminclient-1] o.a.k.c.a.i.AdminMetadataManager         : [AdminClient clientId=adminclient-1] Rebootstrapping with Cluster(id = null, nodes = [localhost:9092 (id: -1 rack: null isFenced: false)], partitions = [], controller = null)
2025-04-15T20:21:41.554+07:00  INFO 18500 --- [monitor-service] [| adminclient-1] o.a.k.c.a.i.AdminMetadataManager         : [AdminClient clientId=adminclient-1] Rebootstrapping with Cluster(id = null, nodes = [localhost:9092 (id: -1 rack: null isFenced: false)], partitions = [], controller = null)
2025-04-15T20:21:41.554+07:00  INFO 18500 --- [monitor-service] [| adminclient-1] o.a.k.c.a.i.AdminMetadataManager         : [AdminClient clientId=adminclient-1] Rebootstrapping with Cluster(id = null, nodes = [localhost:9092 (id: -1 rack: null isFenced: false)], partitions = [], controller = null)
2025-04-15T20:21:41.554+07:00  INFO 18500 --- [monitor-service] [| adminclient-1] o.a.k.c.a.i.AdminMetadataManager         : [AdminClient clientId=adminclient-1] Rebootstrapping with Cluster(id = null, nodes = [localhost:9092 (id: -1 rack: null isFenced: false)], partitions = [], controller = null)
2025-04-15T20:21:41.554+07:00  INFO 18500 --- [monitor-service] [| adminclient-1] o.a.k.c.a.i.AdminMetadataManager         : [AdminClient clientId=adminclient-1] Rebootstrapping with Cluster(id = null, nodes = [localhost:9092 (id: -1 rack: null isFenced: false)], partitions = [], controller = null)
2025-04-15T20:21:41.554+07:00  INFO 18500 --- [monitor-service] [| adminclient-1] o.a.k.c.a.i.AdminMetadataManager         : [AdminClient clientId=adminclient-1] Rebootstrapping with Cluster(id = null, nodes = [localhost:9092 (id: -1 rack: null isFenced: false)], partitions = [], controller = null)
2025-04-15T20:21:41.554+07:00  INFO 18500 --- [monitor-service] [| adminclient-1] o.a.k.c.a.i.AdminMetadataManager         : [AdminClient clientId=adminclient-1] Rebootstrapping with Cluster(id = null, nodes = [localhost:9092 (id: -1 rack: null isFenced: false)], partitions = [], controller = null)
2025-04-15T20:21:41.554+07:00  INFO 18500 --- [monitor-service] [| adminclient-1] o.a.k.c.a.i.AdminMetadataManager         : [AdminClient clientId=adminclient-1] Rebootstrapping with Cluster(id = null, nodes = [localhost:9092 (id: -1 rack: null isFenced: false)], partitions = [], controller = null)
2025-04-15T20:21:41.554+07:00  INFO 18500 --- [monitor-service] [| adminclient-1] o.a.k.c.a.i.AdminMetadataManager         : [AdminClient clientId=adminclient-1] Rebootstrapping with Cluster(id = null, nodes = [localhost:9092 (id: -1 rack: null isFenced: false)], partitions = [], controller = null)
2025-04-15T20:21:41.554+07:00  INFO 18500 --- [monitor-service] [| adminclient-1] o.a.k.c.a.i.AdminMetadataManager         : [AdminClient clientId=adminclient-1] Rebootstrapping with Cluster(id = null, nodes = [localhost:9092 (id: -1 rack: null isFenced: false)], partitions = [], controller = null)
2025-04-15T20:21:41.554+07:00  INFO 18500 --- [monitor-service] [| adminclient-1] o.a.k.c.a.i.AdminMetadataManager         : [AdminClient clientId=adminclient-1] Rebootstrapping with Cluster(id = null, nodes = [localhost:9092 (id: -1 rack: null isFenced: false)], partitions = [], controller = null)
2025-04-15T20:21:41.554+07:00  INFO 18500 --- [monitor-service] [| adminclient-1] o.a.k.c.a.i.AdminMetadataManager         : [AdminClient clientId=adminclient-1] Rebootstrapping with Cluster(id = null, nodes = [localhost:9092 (id: -1 rack: null isFenced: false)], partitions = [], controller = null)
2025-04-15T20:21:41.554+07:00  INFO 18500 --- [monitor-service] [| adminclient-1] o.a.k.c.a.i.AdminMetadataManager         : [AdminClient clientId=adminclient-1] Rebootstrapping with Cluster(id = null, nodes = [localhost:9092 (id: -1 rack: null isFenced: false)], partitions = [], controller = null)
2025-04-15T20:21:41.554+07:00  INFO 18500 --- [monitor-service] [| adminclient-1] o.a.k.c.a.i.AdminMetadataManager         : [AdminClient clientId=adminclient-1] Rebootstrapping with Cluster(id = null, nodes = [localhost:9092 (id: -1 rack: null isFenced: false)], partitions = [], controller = null)
2025-04-15T20:21:41.554+07:00  INFO 18500 --- [monitor-service] [| adminclient-1] o.a.k.c.a.i.AdminMetadataManager         : [AdminClient clientId=adminclient-1] Rebootstrapping with Cluster(id = null, nodes = [localhost:9092 (id: -1 rack: null isFenced: false)], partitions = [], controller = null)
2025-04-15T20:21:41.554+07:00  INFO 18500 --- [monitor-service] [| adminclient-1] o.a.k.c.a.i.AdminMetadataManager         : [AdminClient clientId=adminclient-1] Rebootstrapping with Cluster(id = null, nodes = [localhost:9092 (id: -1 rack: null isFenced: false)], partitions = [], controller = null)
2025-04-15T20:21:41.554+07:00  INFO 18500 --- [monitor-service] [| adminclient-1] o.a.k.c.a.i.AdminMetadataManager         : [AdminClient clientId=adminclient-1] Rebootstrapping with Cluster(id = null, nodes = [localhost:9092 (id: -1 rack: null isFenced: false)], partitions = [], controller = null)
2025-04-15T20:21:41.554+07:00  INFO 18500 --- [monitor-service] [| adminclient-1] o.a.k.c.a.i.AdminMetadataManager         : [AdminClient clientId=adminclient-1] Rebootstrapping with Cluster(id = null, nodes = [localhost:9092 (id: -1 rack: null isFenced: false)], partitions = [], controller = null)
2025-04-15T20:21:41.555+07:00  INFO 18500 --- [monitor-service] [| adminclient-1] o.a.k.c.a.i.AdminMetadataManager         : [AdminClient clientId=adminclient-1] Rebootstrapping with Cluster(id = null, nodes = [localhost:9092 (id: -1 rack: null isFenced: false)], partitions = [], controller = null)
2025-04-15T20:21:41.555+07:00  INFO 18500 --- [monitor-service] [| adminclient-1] o.a.k.c.a.i.AdminMetadataManager         : [AdminClient clientId=adminclient-1] Rebootstrapping with Cluster(id = null, nodes = [localhost:9092 (id: -1 rack: null isFenced: false)], partitions = [], controller = null)
2025-04-15T20:21:41.655+07:00  INFO 18500 --- [monitor-service] [| adminclient-1] o.a.k.c.a.i.AdminMetadataManager         : [AdminClient clientId=adminclient-1] Rebootstrapping with Cluster(id = null, nodes = [localhost:9092 (id: -1 rack: null isFenced: false)], partitions = [], controller = null)
2025-04-15T20:21:41.655+07:00  INFO 18500 --- [monitor-service] [| adminclient-1] o.a.k.c.a.i.AdminMetadataManager         : [AdminClient clientId=adminclient-1] Rebootstrapping with Cluster(id = null, nodes = [localhost:9092 (id: -1 rack: null isFenced: false)], partitions = [], controller = null)
2025-04-15T20:21:41.657+07:00  INFO 18500 --- [monitor-service] [| adminclient-1] o.a.k.c.a.i.AdminMetadataManager         : [AdminClient clientId=adminclient-1] Rebootstrapping with Cluster(id = null, nodes = [localhost:9092 (id: -1 rack: null isFenced: false)], partitions = [], controller = null)
2025-04-15T20:21:41.657+07:00  INFO 18500 --- [monitor-service] [| adminclient-1] o.a.k.c.a.i.AdminMetadataManager         : [AdminClient clientId=adminclient-1] Rebootstrapping with Cluster(id = null, nodes = [localhost:9092 (id: -1 rack: null isFenced: false)], partitions = [], controller = null)
2025-04-15T20:21:41.657+07:00  INFO 18500 --- [monitor-service] [| adminclient-1] o.a.k.c.a.i.AdminMetadataManager         : [AdminClient clientId=adminclient-1] Rebootstrapping with Cluster(id = null, nodes = [localhost:9092 (id: -1 rack: null isFenced: false)], partitions = [], controller = null)
2025-04-15T20:21:41.657+07:00  INFO 18500 --- [monitor-service] [| adminclient-1] o.a.k.c.a.i.AdminMetadataManager         : [AdminClient clientId=adminclient-1] Rebootstrapping with Cluster(id = null, nodes = [localhost:9092 (id: -1 rack: null isFenced: false)], partitions = [], controller = null)
2025-04-15T20:21:41.657+07:00  INFO 18500 --- [monitor-service] [| adminclient-1] o.a.k.c.a.i.AdminMetadataManager         : [AdminClient clientId=adminclient-1] Rebootstrapping with Cluster(id = null, nodes = [localhost:9092 (id: -1 rack: null isFenced: false)], partitions = [], controller = null)
2025-04-15T20:21:41.657+07:00  INFO 18500 --- [monitor-service] [| adminclient-1] o.a.k.c.a.i.AdminMetadataManager         : [AdminClient clientId=adminclient-1] Rebootstrapping with Cluster(id = null, nodes = [localhost:9092 (id: -1 rack: null isFenced: false)], partitions = [], controller = null)
2025-04-15T20:21:41.657+07:00  INFO 18500 --- [monitor-service] [| adminclient-1] o.a.k.c.a.i.AdminMetadataManager         : [AdminClient clientId=adminclient-1] Rebootstrapping with Cluster(id = null, nodes = [localhost:9092 (id: -1 rack: null isFenced: false)], partitions = [], controller = null)
2025-04-15T20:21:41.657+07:00  INFO 18500 --- [monitor-service] [| adminclient-1] o.a.k.c.a.i.AdminMetadataManager         : [AdminClient clientId=adminclient-1] Rebootstrapping with Cluster(id = null, nodes = [localhost:9092 (id: -1 rack: null isFenced: false)], partitions = [], controller = null)
2025-04-15T20:21:41.657+07:00  INFO 18500 --- [monitor-service] [| adminclient-1] o.a.k.c.a.i.AdminMetadataManager         : [AdminClient clientId=adminclient-1] Rebootstrapping with Cluster(id = null, nodes = [localhost:9092 (id: -1 rack: null isFenced: false)], partitions = [], controller = null)
2025-04-15T20:21:41.657+07:00  INFO 18500 --- [monitor-service] [| adminclient-1] o.a.k.c.a.i.AdminMetadataManager         : [AdminClient clientId=adminclient-1] Rebootstrapping with Cluster(id = null, nodes = [localhost:9092 (id: -1 rack: null isFenced: false)], partitions = [], controller = null)
2025-04-15T20:21:41.657+07:00  INFO 18500 --- [monitor-service] [| adminclient-1] o.a.k.c.a.i.AdminMetadataManager         : [AdminClient clientId=adminclient-1] Rebootstrapping with Cluster(id = null, nodes = [localhost:9092 (id: -1 rack: null isFenced: false)], partitions = [], controller = null)
2025-04-15T20:21:41.657+07:00  INFO 18500 --- [monitor-service] [| adminclient-1] o.a.k.c.a.i.AdminMetadataManager         : [AdminClient clientId=adminclient-1] Rebootstrapping with Cluster(id = null, nodes = [localhost:9092 (id: -1 rack: null isFenced: false)], partitions = [], controller = null)
2025-04-15T20:21:41.657+07:00  INFO 18500 --- [monitor-service] [| adminclient-1] o.a.k.c.a.i.AdminMetadataManager         : [AdminClient clientId=adminclient-1] Rebootstrapping with Cluster(id = null, nodes = [localhost:9092 (id: -1 rack: null isFenced: false)], partitions = [], controller = null)
2025-04-15T20:21:41.658+07:00  INFO 18500 --- [monitor-service] [| adminclient-1] o.a.k.c.a.i.AdminMetadataManager         : [AdminClient clientId=adminclient-1] Rebootstrapping with Cluster(id = null, nodes = [localhost:9092 (id: -1 rack: null isFenced: false)], partitions = [], controller = null)
2025-04-15T20:21:41.658+07:00  INFO 18500 --- [monitor-service] [| adminclient-1] o.a.k.c.a.i.AdminMetadataManager         : [AdminClient clientId=adminclient-1] Rebootstrapping with Cluster(id = null, nodes = [localhost:9092 (id: -1 rack: null isFenced: false)], partitions = [], controller = null)
2025-04-15T20:21:41.658+07:00  INFO 18500 --- [monitor-service] [| adminclient-1] o.a.k.c.a.i.AdminMetadataManager         : [AdminClient clientId=adminclient-1] Rebootstrapping with Cluster(id = null, nodes = [localhost:9092 (id: -1 rack: null isFenced: false)], partitions = [], controller = null)
2025-04-15T20:21:41.658+07:00  INFO 18500 --- [monitor-service] [| adminclient-1] o.a.k.c.a.i.AdminMetadataManager         : [AdminClient clientId=adminclient-1] Rebootstrapping with Cluster(id = null, nodes = [localhost:9092 (id: -1 rack: null isFenced: false)], partitions = [], controller = null)
2025-04-15T20:21:41.658+07:00  INFO 18500 --- [monitor-service] [| adminclient-1] o.a.k.c.a.i.AdminMetadataManager         : [AdminClient clientId=adminclient-1] Rebootstrapping with Cluster(id = null, nodes = [localhost:9092 (id: -1 rack: null isFenced: false)], partitions = [], controller = null)
2025-04-15T20:21:41.658+07:00  INFO 18500 --- [monitor-service] [| adminclient-1] o.a.k.c.a.i.AdminMetadataManager         : [AdminClient clientId=adminclient-1] Rebootstrapping with Cluster(id = null, nodes = [localhost:9092 (id: -1 rack: null isFenced: false)], partitions = [], controller = null)
2025-04-15T20:21:41.658+07:00  INFO 18500 --- [monitor-service] [| adminclient-1] o.a.k.c.a.i.AdminMetadataManager         : [AdminClient clientId=adminclient-1] Rebootstrapping with Cluster(id = null, nodes = [localhost:9092 (id: -1 rack: null isFenced: false)], partitions = [], controller = null)
2025-04-15T20:21:41.658+07:00  INFO 18500 --- [monitor-service] [| adminclient-1] o.a.k.c.a.i.AdminMetadataManager         : [AdminClient clientId=adminclient-1] Rebootstrapping with Cluster(id = null, nodes = [localhost:9092 (id: -1 rack: null isFenced: false)], partitions = [], controller = null)
2025-04-15T20:21:41.658+07:00  INFO 18500 --- [monitor-service] [| adminclient-1] o.a.k.c.a.i.AdminMetadataManager         : [AdminClient clientId=adminclient-1] Rebootstrapping with Cluster(id = null, nodes = [localhost:9092 (id: -1 rack: null isFenced: false)], partitions = [], controller = null)
2025-04-15T20:21:41.658+07:00  INFO 18500 --- [monitor-service] [| adminclient-1] o.a.k.c.a.i.AdminMetadataManager         : [AdminClient clientId=adminclient-1] Rebootstrapping with Cluster(id = null, nodes = [localhost:9092 (id: -1 rack: null isFenced: false)], partitions = [], controller = null)
2025-04-15T20:21:41.658+07:00  INFO 18500 --- [monitor-service] [| adminclient-1] o.a.k.c.a.i.AdminMetadataManager         : [AdminClient clientId=adminclient-1] Rebootstrapping with Cluster(id = null, nodes = [localhost:9092 (id: -1 rack: null isFenced: false)], partitions = [], controller = null)
2025-04-15T20:21:41.658+07:00  INFO 18500 --- [monitor-service] [| adminclient-1] o.a.k.c.a.i.AdminMetadataManager         : [AdminClient clientId=adminclient-1] Rebootstrapping with Cluster(id = null, nodes = [localhost:9092 (id: -1 rack: null isFenced: false)], partitions = [], controller = null)
2025-04-15T20:21:41.658+07:00  INFO 18500 --- [monitor-service] [| adminclient-1] o.a.k.c.a.i.AdminMetadataManager         : [AdminClient clientId=adminclient-1] Rebootstrapping with Cluster(id = null, nodes = [localhost:9092 (id: -1 rack: null isFenced: false)], partitions = [], controller = null)
2025-04-15T20:21:41.658+07:00  INFO 18500 --- [monitor-service] [| adminclient-1] o.a.k.c.a.i.AdminMetadataManager         : [AdminClient clientId=adminclient-1] Rebootstrapping with Cluster(id = null, nodes = [localhost:9092 (id: -1 rack: null isFenced: false)], partitions = [], controller = null)
2025-04-15T20:21:41.658+07:00  INFO 18500 --- [monitor-service] [| adminclient-1] o.a.k.c.a.i.AdminMetadataManager         : [AdminClient clientId=adminclient-1] Rebootstrapping with Cluster(id = null, nodes = [localhost:9092 (id: -1 rack: null isFenced: false)], partitions = [], controller = null)
2025-04-15T20:21:41.658+07:00  INFO 18500 --- [monitor-service] [| adminclient-1] o.a.k.c.a.i.AdminMetadataManager         : [AdminClient clientId=adminclient-1] Rebootstrapping with Cluster(id = null, nodes = [localhost:9092 (id: -1 rack: null isFenced: false)], partitions = [], controller = null)
2025-04-15T20:21:41.659+07:00  INFO 18500 --- [monitor-service] [| adminclient-1] o.a.k.c.a.i.AdminMetadataManager         : [AdminClient clientId=adminclient-1] Rebootstrapping with Cluster(id = null, nodes = [localhost:9092 (id: -1 rack: null isFenced: false)], partitions = [], controller = null)
2025-04-15T20:21:41.659+07:00  INFO 18500 --- [monitor-service] [| adminclient-1] o.a.k.c.a.i.AdminMetadataManager         : [AdminClient clientId=adminclient-1] Rebootstrapping with Cluster(id = null, nodes = [localhost:9092 (id: -1 rack: null isFenced: false)], partitions = [], controller = null)
2025-04-15T20:21:41.659+07:00  INFO 18500 --- [monitor-service] [| adminclient-1] o.a.k.c.a.i.AdminMetadataManager         : [AdminClient clientId=adminclient-1] Rebootstrapping with Cluster(id = null, nodes = [localhost:9092 (id: -1 rack: null isFenced: false)], partitions = [], controller = null)
2025-04-15T20:21:41.659+07:00  INFO 18500 --- [monitor-service] [| adminclient-1] o.a.k.c.a.i.AdminMetadataManager         : [AdminClient clientId=adminclient-1] Rebootstrapping with Cluster(id = null, nodes = [localhost:9092 (id: -1 rack: null isFenced: false)], partitions = [], controller = null)
2025-04-15T20:21:41.659+07:00  INFO 18500 --- [monitor-service] [| adminclient-1] o.a.k.c.a.i.AdminMetadataManager         : [AdminClient clientId=adminclient-1] Rebootstrapping with Cluster(id = null, nodes = [localhost:9092 (id: -1 rack: null isFenced: false)], partitions = [], controller = null)
2025-04-15T20:21:41.659+07:00  INFO 18500 --- [monitor-service] [| adminclient-1] o.a.k.c.a.i.AdminMetadataManager         : [AdminClient clientId=adminclient-1] Rebootstrapping with Cluster(id = null, nodes = [localhost:9092 (id: -1 rack: null isFenced: false)], partitions = [], controller = null)
2025-04-15T20:21:41.659+07:00  INFO 18500 --- [monitor-service] [| adminclient-1] o.a.k.c.a.i.AdminMetadataManager         : [AdminClient clientId=adminclient-1] Rebootstrapping with Cluster(id = null, nodes = [localhost:9092 (id: -1 rack: null isFenced: false)], partitions = [], controller = null)
2025-04-15T20:21:41.659+07:00  INFO 18500 --- [monitor-service] [| adminclient-1] o.a.k.c.a.i.AdminMetadataManager         : [AdminClient clientId=adminclient-1] Rebootstrapping with Cluster(id = null, nodes = [localhost:9092 (id: -1 rack: null isFenced: false)], partitions = [], controller = null)
2025-04-15T20:21:41.659+07:00  INFO 18500 --- [monitor-service] [| adminclient-1] o.a.k.c.a.i.AdminMetadataManager         : [AdminClient clientId=adminclient-1] Rebootstrapping with Cluster(id = null, nodes = [localhost:9092 (id: -1 rack: null isFenced: false)], partitions = [], controller = null)
2025-04-15T20:21:41.659+07:00  INFO 18500 --- [monitor-service] [| adminclient-1] o.a.k.c.a.i.AdminMetadataManager         : [AdminClient clientId=adminclient-1] Rebootstrapping with Cluster(id = null, nodes = [localhost:9092 (id: -1 rack: null isFenced: false)], partitions = [], controller = null)
2025-04-15T20:21:41.659+07:00  INFO 18500 --- [monitor-service] [| adminclient-1] o.a.k.c.a.i.AdminMetadataManager         : [AdminClient clientId=adminclient-1] Rebootstrapping with Cluster(id = null, nodes = [localhost:9092 (id: -1 rack: null isFenced: false)], partitions = [], controller = null)
2025-04-15T20:21:41.761+07:00  INFO 18500 --- [monitor-service] [| adminclient-1] o.a.k.c.a.i.AdminMetadataManager         : [AdminClient clientId=adminclient-1] Rebootstrapping with Cluster(id = null, nodes = [localhost:9092 (id: -1 rack: null isFenced: false)], partitions = [], controller = null)
2025-04-15T20:21:41.761+07:00  INFO 18500 --- [monitor-service] [| adminclient-1] o.a.k.c.a.i.AdminMetadataManager         : [AdminClient clientId=adminclient-1] Rebootstrapping with Cluster(id = null, nodes = [localhost:9092 (id: -1 rack: null isFenced: false)], partitions = [], controller = null)
2025-04-15T20:21:41.761+07:00  INFO 18500 --- [monitor-service] [| adminclient-1] o.a.k.c.a.i.AdminMetadataManager         : [AdminClient clientId=adminclient-1] Rebootstrapping with Cluster(id = null, nodes = [localhost:9092 (id: -1 rack: null isFenced: false)], partitions = [], controller = null)
2025-04-15T20:21:41.761+07:00  INFO 18500 --- [monitor-service] [| adminclient-1] o.a.k.c.a.i.AdminMetadataManager         : [AdminClient clientId=adminclient-1] Rebootstrapping with Cluster(id = null, nodes = [localhost:9092 (id: -1 rack: null isFenced: false)], partitions = [], controller = null)
2025-04-15T20:21:41.761+07:00  INFO 18500 --- [monitor-service] [| adminclient-1] o.a.k.c.a.i.AdminMetadataManager         : [AdminClient clientId=adminclient-1] Rebootstrapping with Cluster(id = null, nodes = [localhost:9092 (id: -1 rack: null isFenced: false)], partitions = [], controller = null)
2025-04-15T20:21:41.761+07:00  INFO 18500 --- [monitor-service] [| adminclient-1] o.a.k.c.a.i.AdminMetadataManager         : [AdminClient clientId=adminclient-1] Rebootstrapping with Cluster(id = null, nodes = [localhost:9092 (id: -1 rack: null isFenced: false)], partitions = [], controller = null)
2025-04-15T20:21:41.761+07:00  INFO 18500 --- [monitor-service] [| adminclient-1] o.a.k.c.a.i.AdminMetadataManager         : [AdminClient clientId=adminclient-1] Rebootstrapping with Cluster(id = null, nodes = [localhost:9092 (id: -1 rack: null isFenced: false)], partitions = [], controller = null)
2025-04-15T20:21:41.761+07:00  INFO 18500 --- [monitor-service] [| adminclient-1] o.a.k.c.a.i.AdminMetadataManager         : [AdminClient clientId=adminclient-1] Rebootstrapping with Cluster(id = null, nodes = [localhost:9092 (id: -1 rack: null isFenced: false)], partitions = [], controller = null)
2025-04-15T20:21:41.761+07:00  INFO 18500 --- [monitor-service] [| adminclient-1] o.a.k.c.a.i.AdminMetadataManager         : [AdminClient clientId=adminclient-1] Rebootstrapping with Cluster(id = null, nodes = [localhost:9092 (id: -1 rack: null isFenced: false)], partitions = [], controller = null)
2025-04-15T20:21:41.761+07:00  INFO 18500 --- [monitor-service] [| adminclient-1] o.a.k.c.a.i.AdminMetadataManager         : [AdminClient clientId=adminclient-1] Rebootstrapping with Cluster(id = null, nodes = [localhost:9092 (id: -1 rack: null isFenced: false)], partitions = [], controller = null)
2025-04-15T20:21:41.761+07:00  INFO 18500 --- [monitor-service] [| adminclient-1] o.a.k.c.a.i.AdminMetadataManager         : [AdminClient clientId=adminclient-1] Rebootstrapping with Cluster(id = null, nodes = [localhost:9092 (id: -1 rack: null isFenced: false)], partitions = [], controller = null)
2025-04-15T20:21:41.761+07:00  INFO 18500 --- [monitor-service] [| adminclient-1] o.a.k.c.a.i.AdminMetadataManager         : [AdminClient clientId=adminclient-1] Rebootstrapping with Cluster(id = null, nodes = [localhost:9092 (id: -1 rack: null isFenced: false)], partitions = [], controller = null)
2025-04-15T20:21:41.761+07:00  INFO 18500 --- [monitor-service] [| adminclient-1] o.a.k.c.a.i.AdminMetadataManager         : [AdminClient clientId=adminclient-1] Rebootstrapping with Cluster(id = null, nodes = [localhost:9092 (id: -1 rack: null isFenced: false)], partitions = [], controller = null)
2025-04-15T20:21:41.761+07:00  INFO 18500 --- [monitor-service] [| adminclient-1] o.a.k.c.a.i.AdminMetadataManager         : [AdminClient clientId=adminclient-1] Rebootstrapping with Cluster(id = null, nodes = [localhost:9092 (id: -1 rack: null isFenced: false)], partitions = [], controller = null)
2025-04-15T20:21:41.761+07:00  INFO 18500 --- [monitor-service] [| adminclient-1] o.a.k.c.a.i.AdminMetadataManager         : [AdminClient clientId=adminclient-1] Rebootstrapping with Cluster(id = null, nodes = [localhost:9092 (id: -1 rack: null isFenced: false)], partitions = [], controller = null)
2025-04-15T20:21:41.761+07:00  INFO 18500 --- [monitor-service] [| adminclient-1] o.a.k.c.a.i.AdminMetadataManager         : [AdminClient clientId=adminclient-1] Rebootstrapping with Cluster(id = null, nodes = [localhost:9092 (id: -1 rack: null isFenced: false)], partitions = [], controller = null)
2025-04-15T20:21:41.761+07:00  INFO 18500 --- [monitor-service] [| adminclient-1] o.a.k.c.a.i.AdminMetadataManager         : [AdminClient clientId=adminclient-1] Rebootstrapping with Cluster(id = null, nodes = [localhost:9092 (id: -1 rack: null isFenced: false)], partitions = [], controller = null)
2025-04-15T20:21:41.761+07:00  INFO 18500 --- [monitor-service] [| adminclient-1] o.a.k.c.a.i.AdminMetadataManager         : [AdminClient clientId=adminclient-1] Rebootstrapping with Cluster(id = null, nodes = [localhost:9092 (id: -1 rack: null isFenced: false)], partitions = [], controller = null)
2025-04-15T20:21:41.761+07:00  INFO 18500 --- [monitor-service] [| adminclient-1] o.a.k.c.a.i.AdminMetadataManager         : [AdminClient clientId=adminclient-1] Rebootstrapping with Cluster(id = null, nodes = [localhost:9092 (id: -1 rack: null isFenced: false)], partitions = [], controller = null)
2025-04-15T20:21:41.761+07:00  INFO 18500 --- [monitor-service] [| adminclient-1] o.a.k.c.a.i.AdminMetadataManager         : [AdminClient clientId=adminclient-1] Rebootstrapping with Cluster(id = null, nodes = [localhost:9092 (id: -1 rack: null isFenced: false)], partitions = [], controller = null)
2025-04-15T20:21:41.761+07:00  INFO 18500 --- [monitor-service] [| adminclient-1] o.a.k.c.a.i.AdminMetadataManager         : [AdminClient clientId=adminclient-1] Rebootstrapping with Cluster(id = null, nodes = [localhost:9092 (id: -1 rack: null isFenced: false)], partitions = [], controller = null)
2025-04-15T20:21:41.761+07:00  INFO 18500 --- [monitor-service] [| adminclient-1] o.a.k.c.a.i.AdminMetadataManager         : [AdminClient clientId=adminclient-1] Rebootstrapping with Cluster(id = null, nodes = [localhost:9092 (id: -1 rack: null isFenced: false)], partitions = [], controller = null)
2025-04-15T20:21:41.761+07:00  INFO 18500 --- [monitor-service] [| adminclient-1] o.a.k.c.a.i.AdminMetadataManager         : [AdminClient clientId=adminclient-1] Rebootstrapping with Cluster(id = null, nodes = [localhost:9092 (id: -1 rack: null isFenced: false)], partitions = [], controller = null)
2025-04-15T20:21:41.761+07:00  INFO 18500 --- [monitor-service] [| adminclient-1] o.a.k.c.a.i.AdminMetadataManager         : [AdminClient clientId=adminclient-1] Rebootstrapping with Cluster(id = null, nodes = [localhost:9092 (id: -1 rack: null isFenced: false)], partitions = [], controller = null)
2025-04-15T20:21:41.761+07:00  INFO 18500 --- [monitor-service] [| adminclient-1] o.a.k.c.a.i.AdminMetadataManager         : [AdminClient clientId=adminclient-1] Rebootstrapping with Cluster(id = null, nodes = [localhost:9092 (id: -1 rack: null isFenced: false)], partitions = [], controller = null)
2025-04-15T20:21:41.761+07:00  INFO 18500 --- [monitor-service] [| adminclient-1] o.a.k.c.a.i.AdminMetadataManager         : [AdminClient clientId=adminclient-1] Rebootstrapping with Cluster(id = null, nodes = [localhost:9092 (id: -1 rack: null isFenced: false)], partitions = [], controller = null)
2025-04-15T20:21:41.761+07:00  INFO 18500 --- [monitor-service] [| adminclient-1] o.a.k.c.a.i.AdminMetadataManager         : [AdminClient clientId=adminclient-1] Rebootstrapping with Cluster(id = null, nodes = [localhost:9092 (id: -1 rack: null isFenced: false)], partitions = [], controller = null)
2025-04-15T20:21:41.761+07:00  INFO 18500 --- [monitor-service] [| adminclient-1] o.a.k.c.a.i.AdminMetadataManager         : [AdminClient clientId=adminclient-1] Rebootstrapping with Cluster(id = null, nodes = [localhost:9092 (id: -1 rack: null isFenced: false)], partitions = [], controller = null)
2025-04-15T20:21:41.761+07:00  INFO 18500 --- [monitor-service] [| adminclient-1] o.a.k.c.a.i.AdminMetadataManager         : [AdminClient clientId=adminclient-1] Rebootstrapping with Cluster(id = null, nodes = [localhost:9092 (id: -1 rack: null isFenced: false)], partitions = [], controller = null)
2025-04-15T20:21:41.761+07:00  INFO 18500 --- [monitor-service] [| adminclient-1] o.a.k.c.a.i.AdminMetadataManager         : [AdminClient clientId=adminclient-1] Rebootstrapping with Cluster(id = null, nodes = [localhost:9092 (id: -1 rack: null isFenced: false)], partitions = [], controller = null)
2025-04-15T20:21:41.761+07:00  INFO 18500 --- [monitor-service] [| adminclient-1] o.a.k.c.a.i.AdminMetadataManager         : [AdminClient clientId=adminclient-1] Rebootstrapping with Cluster(id = null, nodes = [localhost:9092 (id: -1 rack: null isFenced: false)], partitions = [], controller = null)
2025-04-15T20:21:41.761+07:00  INFO 18500 --- [monitor-service] [| adminclient-1] o.a.k.c.a.i.AdminMetadataManager         : [AdminClient clientId=adminclient-1] Rebootstrapping with Cluster(id = null, nodes = [localhost:9092 (id: -1 rack: null isFenced: false)], partitions = [], controller = null)
2025-04-15T20:21:41.761+07:00  INFO 18500 --- [monitor-service] [| adminclient-1] o.a.k.c.a.i.AdminMetadataManager         : [AdminClient clientId=adminclient-1] Rebootstrapping with Cluster(id = null, nodes = [localhost:9092 (id: -1 rack: null isFenced: false)], partitions = [], controller = null)
2025-04-15T20:21:41.761+07:00  INFO 18500 --- [monitor-service] [| adminclient-1] o.a.k.c.a.i.AdminMetadataManager         : [AdminClient clientId=adminclient-1] Rebootstrapping with Cluster(id = null, nodes = [localhost:9092 (id: -1 rack: null isFenced: false)], partitions = [], controller = null)
2025-04-15T20:21:41.761+07:00  INFO 18500 --- [monitor-service] [| adminclient-1] o.a.k.c.a.i.AdminMetadataManager         : [AdminClient clientId=adminclient-1] Rebootstrapping with Cluster(id = null, nodes = [localhost:9092 (id: -1 rack: null isFenced: false)], partitions = [], controller = null)
2025-04-15T20:21:41.761+07:00  INFO 18500 --- [monitor-service] [| adminclient-1] o.a.k.c.a.i.AdminMetadataManager         : [AdminClient clientId=adminclient-1] Rebootstrapping with Cluster(id = null, nodes = [localhost:9092 (id: -1 rack: null isFenced: false)], partitions = [], controller = null)
2025-04-15T20:21:41.761+07:00  INFO 18500 --- [monitor-service] [| adminclient-1] o.a.k.c.a.i.AdminMetadataManager         : [AdminClient clientId=adminclient-1] Rebootstrapping with Cluster(id = null, nodes = [localhost:9092 (id: -1 rack: null isFenced: false)], partitions = [], controller = null)
2025-04-15T20:21:41.761+07:00  INFO 18500 --- [monitor-service] [| adminclient-1] o.a.k.c.a.i.AdminMetadataManager         : [AdminClient clientId=adminclient-1] Rebootstrapping with Cluster(id = null, nodes = [localhost:9092 (id: -1 rack: null isFenced: false)], partitions = [], controller = null)
2025-04-15T20:21:41.761+07:00  INFO 18500 --- [monitor-service] [| adminclient-1] o.a.k.c.a.i.AdminMetadataManager         : [AdminClient clientId=adminclient-1] Rebootstrapping with Cluster(id = null, nodes = [localhost:9092 (id: -1 rack: null isFenced: false)], partitions = [], controller = null)
2025-04-15T20:21:41.761+07:00  INFO 18500 --- [monitor-service] [| adminclient-1] o.a.k.c.a.i.AdminMetadataManager         : [AdminClient clientId=adminclient-1] Rebootstrapping with Cluster(id = null, nodes = [localhost:9092 (id: -1 rack: null isFenced: false)], partitions = [], controller = null)
2025-04-15T20:21:41.761+07:00  INFO 18500 --- [monitor-service] [| adminclient-1] o.a.k.c.a.i.AdminMetadataManager         : [AdminClient clientId=adminclient-1] Rebootstrapping with Cluster(id = null, nodes = [localhost:9092 (id: -1 rack: null isFenced: false)], partitions = [], controller = null)
2025-04-15T20:21:41.761+07:00  INFO 18500 --- [monitor-service] [| adminclient-1] o.a.k.c.a.i.AdminMetadataManager         : [AdminClient clientId=adminclient-1] Rebootstrapping with Cluster(id = null, nodes = [localhost:9092 (id: -1 rack: null isFenced: false)], partitions = [], controller = null)
2025-04-15T20:21:41.761+07:00  INFO 18500 --- [monitor-service] [| adminclient-1] o.a.k.c.a.i.AdminMetadataManager         : [AdminClient clientId=adminclient-1] Rebootstrapping with Cluster(id = null, nodes = [localhost:9092 (id: -1 rack: null isFenced: false)], partitions = [], controller = null)
2025-04-15T20:21:41.816+07:00  INFO 18500 --- [monitor-service] [ntainer#0-0-C-1] org.apache.kafka.clients.NetworkClient   : [Consumer clientId=consumer-monitor-service-2, groupId=monitor-service] Node -1 disconnected.
2025-04-15T20:21:41.816+07:00  WARN 18500 --- [monitor-service] [ntainer#0-0-C-1] org.apache.kafka.clients.NetworkClient   : [Consumer clientId=consumer-monitor-service-2, groupId=monitor-service] Connection to node -1 (localhost/127.0.0.1:9092) could not be established. Node may not be available.
2025-04-15T20:21:41.816+07:00  WARN 18500 --- [monitor-service] [ntainer#0-0-C-1] org.apache.kafka.clients.NetworkClient   : [Consumer clientId=consumer-monitor-service-2, groupId=monitor-service] Bootstrap broker localhost:9092 (id: -1 rack: null isFenced: false) disconnected
2025-04-15T20:21:41.861+07:00  INFO 18500 --- [monitor-service] [| adminclient-1] o.a.k.c.a.i.AdminMetadataManager         : [AdminClient clientId=adminclient-1] Rebootstrapping with Cluster(id = null, nodes = [localhost:9092 (id: -1 rack: null isFenced: false)], partitions = [], controller = null)
2025-04-15T20:21:41.861+07:00  INFO 18500 --- [monitor-service] [| adminclient-1] o.a.k.c.a.i.AdminMetadataManager         : [AdminClient clientId=adminclient-1] Rebootstrapping with Cluster(id = null, nodes = [localhost:9092 (id: -1 rack: null isFenced: false)], partitions = [], controller = null)
2025-04-15T20:21:41.861+07:00  INFO 18500 --- [monitor-service] [| adminclient-1] o.a.k.c.a.i.AdminMetadataManager         : [AdminClient clientId=adminclient-1] Rebootstrapping with Cluster(id = null, nodes = [localhost:9092 (id: -1 rack: null isFenced: false)], partitions = [], controller = null)
2025-04-15T20:21:41.861+07:00  INFO 18500 --- [monitor-service] [| adminclient-1] o.a.k.c.a.i.AdminMetadataManager         : [AdminClient clientId=adminclient-1] Rebootstrapping with Cluster(id = null, nodes = [localhost:9092 (id: -1 rack: null isFenced: false)], partitions = [], controller = null)
2025-04-15T20:21:41.861+07:00  INFO 18500 --- [monitor-service] [| adminclient-1] o.a.k.c.a.i.AdminMetadataManager         : [AdminClient clientId=adminclient-1] Rebootstrapping with Cluster(id = null, nodes = [localhost:9092 (id: -1 rack: null isFenced: false)], partitions = [], controller = null)
2025-04-15T20:21:41.861+07:00  INFO 18500 --- [monitor-service] [| adminclient-1] o.a.k.c.a.i.AdminMetadataManager         : [AdminClient clientId=adminclient-1] Rebootstrapping with Cluster(id = null, nodes = [localhost:9092 (id: -1 rack: null isFenced: false)], partitions = [], controller = null)
2025-04-15T20:21:41.861+07:00  INFO 18500 --- [monitor-service] [| adminclient-1] o.a.k.c.a.i.AdminMetadataManager         : [AdminClient clientId=adminclient-1] Rebootstrapping with Cluster(id = null, nodes = [localhost:9092 (id: -1 rack: null isFenced: false)], partitions = [], controller = null)
2025-04-15T20:21:41.861+07:00  INFO 18500 --- [monitor-service] [| adminclient-1] o.a.k.c.a.i.AdminMetadataManager         : [AdminClient clientId=adminclient-1] Rebootstrapping with Cluster(id = null, nodes = [localhost:9092 (id: -1 rack: null isFenced: false)], partitions = [], controller = null)
2025-04-15T20:21:41.861+07:00  INFO 18500 --- [monitor-service] [| adminclient-1] o.a.k.c.a.i.AdminMetadataManager         : [AdminClient clientId=adminclient-1] Rebootstrapping with Cluster(id = null, nodes = [localhost:9092 (id: -1 rack: null isFenced: false)], partitions = [], controller = null)
2025-04-15T20:21:41.861+07:00  INFO 18500 --- [monitor-service] [| adminclient-1] o.a.k.c.a.i.AdminMetadataManager         : [AdminClient clientId=adminclient-1] Rebootstrapping with Cluster(id = null, nodes = [localhost:9092 (id: -1 rack: null isFenced: false)], partitions = [], controller = null)
2025-04-15T20:21:41.861+07:00  INFO 18500 --- [monitor-service] [| adminclient-1] o.a.k.c.a.i.AdminMetadataManager         : [AdminClient clientId=adminclient-1] Rebootstrapping with Cluster(id = null, nodes = [localhost:9092 (id: -1 rack: null isFenced: false)], partitions = [], controller = null)
2025-04-15T20:21:41.861+07:00  INFO 18500 --- [monitor-service] [| adminclient-1] o.a.k.c.a.i.AdminMetadataManager         : [AdminClient clientId=adminclient-1] Rebootstrapping with Cluster(id = null, nodes = [localhost:9092 (id: -1 rack: null isFenced: false)], partitions = [], controller = null)
2025-04-15T20:21:41.861+07:00  INFO 18500 --- [monitor-service] [| adminclient-1] o.a.k.c.a.i.AdminMetadataManager         : [AdminClient clientId=adminclient-1] Rebootstrapping with Cluster(id = null, nodes = [localhost:9092 (id: -1 rack: null isFenced: false)], partitions = [], controller = null)
2025-04-15T20:21:41.861+07:00  INFO 18500 --- [monitor-service] [| adminclient-1] o.a.k.c.a.i.AdminMetadataManager         : [AdminClient clientId=adminclient-1] Rebootstrapping with Cluster(id = null, nodes = [localhost:9092 (id: -1 rack: null isFenced: false)], partitions = [], controller = null)
2025-04-15T20:21:41.861+07:00  INFO 18500 --- [monitor-service] [| adminclient-1] o.a.k.c.a.i.AdminMetadataManager         : [AdminClient clientId=adminclient-1] Rebootstrapping with Cluster(id = null, nodes = [localhost:9092 (id: -1 rack: null isFenced: false)], partitions = [], controller = null)
2025-04-15T20:21:41.861+07:00  INFO 18500 --- [monitor-service] [| adminclient-1] o.a.k.c.a.i.AdminMetadataManager         : [AdminClient clientId=adminclient-1] Rebootstrapping with Cluster(id = null, nodes = [localhost:9092 (id: -1 rack: null isFenced: false)], partitions = [], controller = null)
2025-04-15T20:21:41.861+07:00  INFO 18500 --- [monitor-service] [| adminclient-1] o.a.k.c.a.i.AdminMetadataManager         : [AdminClient clientId=adminclient-1] Rebootstrapping with Cluster(id = null, nodes = [localhost:9092 (id: -1 rack: null isFenced: false)], partitions = [], controller = null)
2025-04-15T20:21:41.861+07:00  INFO 18500 --- [monitor-service] [| adminclient-1] o.a.k.c.a.i.AdminMetadataManager         : [AdminClient clientId=adminclient-1] Rebootstrapping with Cluster(id = null, nodes = [localhost:9092 (id: -1 rack: null isFenced: false)], partitions = [], controller = null)
2025-04-15T20:21:41.861+07:00  INFO 18500 --- [monitor-service] [| adminclient-1] o.a.k.c.a.i.AdminMetadataManager         : [AdminClient clientId=adminclient-1] Rebootstrapping with Cluster(id = null, nodes = [localhost:9092 (id: -1 rack: null isFenced: false)], partitions = [], controller = null)
2025-04-15T20:21:41.861+07:00  INFO 18500 --- [monitor-service] [| adminclient-1] o.a.k.c.a.i.AdminMetadataManager         : [AdminClient clientId=adminclient-1] Rebootstrapping with Cluster(id = null, nodes = [localhost:9092 (id: -1 rack: null isFenced: false)], partitions = [], controller = null)
2025-04-15T20:21:41.861+07:00  INFO 18500 --- [monitor-service] [| adminclient-1] o.a.k.c.a.i.AdminMetadataManager         : [AdminClient clientId=adminclient-1] Rebootstrapping with Cluster(id = null, nodes = [localhost:9092 (id: -1 rack: null isFenced: false)], partitions = [], controller = null)
2025-04-15T20:21:41.861+07:00  INFO 18500 --- [monitor-service] [| adminclient-1] o.a.k.c.a.i.AdminMetadataManager         : [AdminClient clientId=adminclient-1] Rebootstrapping with Cluster(id = null, nodes = [localhost:9092 (id: -1 rack: null isFenced: false)], partitions = [], controller = null)
2025-04-15T20:21:41.861+07:00  INFO 18500 --- [monitor-service] [| adminclient-1] o.a.k.c.a.i.AdminMetadataManager         : [AdminClient clientId=adminclient-1] Rebootstrapping with Cluster(id = null, nodes = [localhost:9092 (id: -1 rack: null isFenced: false)], partitions = [], controller = null)
2025-04-15T20:21:41.861+07:00  INFO 18500 --- [monitor-service] [| adminclient-1] o.a.k.c.a.i.AdminMetadataManager         : [AdminClient clientId=adminclient-1] Rebootstrapping with Cluster(id = null, nodes = [localhost:9092 (id: -1 rack: null isFenced: false)], partitions = [], controller = null)
2025-04-15T20:21:41.861+07:00  INFO 18500 --- [monitor-service] [| adminclient-1] o.a.k.c.a.i.AdminMetadataManager         : [AdminClient clientId=adminclient-1] Rebootstrapping with Cluster(id = null, nodes = [localhost:9092 (id: -1 rack: null isFenced: false)], partitions = [], controller = null)
2025-04-15T20:21:41.861+07:00  INFO 18500 --- [monitor-service] [| adminclient-1] o.a.k.c.a.i.AdminMetadataManager         : [AdminClient clientId=adminclient-1] Rebootstrapping with Cluster(id = null, nodes = [localhost:9092 (id: -1 rack: null isFenced: false)], partitions = [], controller = null)
2025-04-15T20:21:41.861+07:00  INFO 18500 --- [monitor-service] [| adminclient-1] o.a.k.c.a.i.AdminMetadataManager         : [AdminClient clientId=adminclient-1] Rebootstrapping with Cluster(id = null, nodes = [localhost:9092 (id: -1 rack: null isFenced: false)], partitions = [], controller = null)
2025-04-15T20:21:41.861+07:00  INFO 18500 --- [monitor-service] [| adminclient-1] o.a.k.c.a.i.AdminMetadataManager         : [AdminClient clientId=adminclient-1] Rebootstrapping with Cluster(id = null, nodes = [localhost:9092 (id: -1 rack: null isFenced: false)], partitions = [], controller = null)
2025-04-15T20:21:41.861+07:00  INFO 18500 --- [monitor-service] [| adminclient-1] o.a.k.c.a.i.AdminMetadataManager         : [AdminClient clientId=adminclient-1] Rebootstrapping with Cluster(id = null, nodes = [localhost:9092 (id: -1 rack: null isFenced: false)], partitions = [], controller = null)
2025-04-15T20:21:41.861+07:00  INFO 18500 --- [monitor-service] [| adminclient-1] o.a.k.c.a.i.AdminMetadataManager         : [AdminClient clientId=adminclient-1] Rebootstrapping with Cluster(id = null, nodes = [localhost:9092 (id: -1 rack: null isFenced: false)], partitions = [], controller = null)
2025-04-15T20:21:41.861+07:00  INFO 18500 --- [monitor-service] [| adminclient-1] o.a.k.c.a.i.AdminMetadataManager         : [AdminClient clientId=adminclient-1] Rebootstrapping with Cluster(id = null, nodes = [localhost:9092 (id: -1 rack: null isFenced: false)], partitions = [], controller = null)
2025-04-15T20:21:41.861+07:00  INFO 18500 --- [monitor-service] [| adminclient-1] o.a.k.c.a.i.AdminMetadataManager         : [AdminClient clientId=adminclient-1] Rebootstrapping with Cluster(id = null, nodes = [localhost:9092 (id: -1 rack: null isFenced: false)], partitions = [], controller = null)
2025-04-15T20:21:41.862+07:00  INFO 18500 --- [monitor-service] [| adminclient-1] o.a.k.c.a.i.AdminMetadataManager         : [AdminClient clientId=adminclient-1] Rebootstrapping with Cluster(id = null, nodes = [localhost:9092 (id: -1 rack: null isFenced: false)], partitions = [], controller = null)
2025-04-15T20:21:41.862+07:00  INFO 18500 --- [monitor-service] [| adminclient-1] o.a.k.c.a.i.AdminMetadataManager         : [AdminClient clientId=adminclient-1] Rebootstrapping with Cluster(id = null, nodes = [localhost:9092 (id: -1 rack: null isFenced: false)], partitions = [], controller = null)
2025-04-15T20:21:41.862+07:00  INFO 18500 --- [monitor-service] [| adminclient-1] o.a.k.c.a.i.AdminMetadataManager         : [AdminClient clientId=adminclient-1] Rebootstrapping with Cluster(id = null, nodes = [localhost:9092 (id: -1 rack: null isFenced: false)], partitions = [], controller = null)
2025-04-15T20:21:41.862+07:00  INFO 18500 --- [monitor-service] [| adminclient-1] o.a.k.c.a.i.AdminMetadataManager         : [AdminClient clientId=adminclient-1] Rebootstrapping with Cluster(id = null, nodes = [localhost:9092 (id: -1 rack: null isFenced: false)], partitions = [], controller = null)
2025-04-15T20:21:41.862+07:00  INFO 18500 --- [monitor-service] [| adminclient-1] o.a.k.c.a.i.AdminMetadataManager         : [AdminClient clientId=adminclient-1] Rebootstrapping with Cluster(id = null, nodes = [localhost:9092 (id: -1 rack: null isFenced: false)], partitions = [], controller = null)
2025-04-15T20:21:41.862+07:00  INFO 18500 --- [monitor-service] [| adminclient-1] o.a.k.c.a.i.AdminMetadataManager         : [AdminClient clientId=adminclient-1] Rebootstrapping with Cluster(id = null, nodes = [localhost:9092 (id: -1 rack: null isFenced: false)], partitions = [], controller = null)
2025-04-15T20:21:41.862+07:00  INFO 18500 --- [monitor-service] [| adminclient-1] o.a.k.c.a.i.AdminMetadataManager         : [AdminClient clientId=adminclient-1] Rebootstrapping with Cluster(id = null, nodes = [localhost:9092 (id: -1 rack: null isFenced: false)], partitions = [], controller = null)
2025-04-15T20:21:41.862+07:00  INFO 18500 --- [monitor-service] [| adminclient-1] o.a.k.c.a.i.AdminMetadataManager         : [AdminClient clientId=adminclient-1] Rebootstrapping with Cluster(id = null, nodes = [localhost:9092 (id: -1 rack: null isFenced: false)], partitions = [], controller = null)
2025-04-15T20:21:41.862+07:00  INFO 18500 --- [monitor-service] [| adminclient-1] o.a.k.c.a.i.AdminMetadataManager         : [AdminClient clientId=adminclient-1] Rebootstrapping with Cluster(id = null, nodes = [localhost:9092 (id: -1 rack: null isFenced: false)], partitions = [], controller = null)
2025-04-15T20:21:41.862+07:00  INFO 18500 --- [monitor-service] [| adminclient-1] o.a.k.c.a.i.AdminMetadataManager         : [AdminClient clientId=adminclient-1] Rebootstrapping with Cluster(id = null, nodes = [localhost:9092 (id: -1 rack: null isFenced: false)], partitions = [], controller = null)
2025-04-15T20:21:41.862+07:00  INFO 18500 --- [monitor-service] [| adminclient-1] o.a.k.c.a.i.AdminMetadataManager         : [AdminClient clientId=adminclient-1] Rebootstrapping with Cluster(id = null, nodes = [localhost:9092 (id: -1 rack: null isFenced: false)], partitions = [], controller = null)
2025-04-15T20:21:41.862+07:00  INFO 18500 --- [monitor-service] [| adminclient-1] o.a.k.c.a.i.AdminMetadataManager         : [AdminClient clientId=adminclient-1] Rebootstrapping with Cluster(id = null, nodes = [localhost:9092 (id: -1 rack: null isFenced: false)], partitions = [], controller = null)
2025-04-15T20:21:41.936+07:00  INFO 18500 --- [monitor-service] [ntainer#0-0-C-1] org.apache.kafka.clients.NetworkClient   : [Consumer clientId=consumer-monitor-service-2, groupId=monitor-service] Node -1 disconnected.
2025-04-15T20:21:41.936+07:00  WARN 18500 --- [monitor-service] [ntainer#0-0-C-1] org.apache.kafka.clients.NetworkClient   : [Consumer clientId=consumer-monitor-service-2, groupId=monitor-service] Connection to node -1 (localhost/127.0.0.1:9092) could not be established. Node may not be available.
2025-04-15T20:21:41.936+07:00  WARN 18500 --- [monitor-service] [ntainer#0-0-C-1] org.apache.kafka.clients.NetworkClient   : [Consumer clientId=consumer-monitor-service-2, groupId=monitor-service] Bootstrap broker localhost:9092 (id: -1 rack: null isFenced: false) disconnected
2025-04-15T20:21:41.963+07:00  INFO 18500 --- [monitor-service] [| adminclient-1] o.a.k.c.a.i.AdminMetadataManager         : [AdminClient clientId=adminclient-1] Rebootstrapping with Cluster(id = null, nodes = [localhost:9092 (id: -1 rack: null isFenced: false)], partitions = [], controller = null)
2025-04-15T20:21:41.963+07:00  INFO 18500 --- [monitor-service] [| adminclient-1] o.a.k.c.a.i.AdminMetadataManager         : [AdminClient clientId=adminclient-1] Rebootstrapping with Cluster(id = null, nodes = [localhost:9092 (id: -1 rack: null isFenced: false)], partitions = [], controller = null)
2025-04-15T20:21:41.963+07:00  INFO 18500 --- [monitor-service] [| adminclient-1] o.a.k.c.a.i.AdminMetadataManager         : [AdminClient clientId=adminclient-1] Rebootstrapping with Cluster(id = null, nodes = [localhost:9092 (id: -1 rack: null isFenced: false)], partitions = [], controller = null)
2025-04-15T20:21:41.963+07:00  INFO 18500 --- [monitor-service] [| adminclient-1] o.a.k.c.a.i.AdminMetadataManager         : [AdminClient clientId=adminclient-1] Rebootstrapping with Cluster(id = null, nodes = [localhost:9092 (id: -1 rack: null isFenced: false)], partitions = [], controller = null)
2025-04-15T20:21:41.963+07:00  INFO 18500 --- [monitor-service] [| adminclient-1] o.a.k.c.a.i.AdminMetadataManager         : [AdminClient clientId=adminclient-1] Rebootstrapping with Cluster(id = null, nodes = [localhost:9092 (id: -1 rack: null isFenced: false)], partitions = [], controller = null)
2025-04-15T20:21:41.963+07:00  INFO 18500 --- [monitor-service] [| adminclient-1] o.a.k.c.a.i.AdminMetadataManager         : [AdminClient clientId=adminclient-1] Rebootstrapping with Cluster(id = null, nodes = [localhost:9092 (id: -1 rack: null isFenced: false)], partitions = [], controller = null)
2025-04-15T20:21:41.963+07:00  INFO 18500 --- [monitor-service] [| adminclient-1] o.a.k.c.a.i.AdminMetadataManager         : [AdminClient clientId=adminclient-1] Rebootstrapping with Cluster(id = null, nodes = [localhost:9092 (id: -1 rack: null isFenced: false)], partitions = [], controller = null)
2025-04-15T20:21:41.963+07:00  INFO 18500 --- [monitor-service] [| adminclient-1] o.a.k.c.a.i.AdminMetadataManager         : [AdminClient clientId=adminclient-1] Rebootstrapping with Cluster(id = null, nodes = [localhost:9092 (id: -1 rack: null isFenced: false)], partitions = [], controller = null)
2025-04-15T20:21:41.963+07:00  INFO 18500 --- [monitor-service] [| adminclient-1] o.a.k.c.a.i.AdminMetadataManager         : [AdminClient clientId=adminclient-1] Rebootstrapping with Cluster(id = null, nodes = [localhost:9092 (id: -1 rack: null isFenced: false)], partitions = [], controller = null)
2025-04-15T20:21:41.963+07:00  INFO 18500 --- [monitor-service] [| adminclient-1] o.a.k.c.a.i.AdminMetadataManager         : [AdminClient clientId=adminclient-1] Rebootstrapping with Cluster(id = null, nodes = [localhost:9092 (id: -1 rack: null isFenced: false)], partitions = [], controller = null)
2025-04-15T20:21:41.963+07:00  INFO 18500 --- [monitor-service] [| adminclient-1] o.a.k.c.a.i.AdminMetadataManager         : [AdminClient clientId=adminclient-1] Rebootstrapping with Cluster(id = null, nodes = [localhost:9092 (id: -1 rack: null isFenced: false)], partitions = [], controller = null)
2025-04-15T20:21:41.963+07:00  INFO 18500 --- [monitor-service] [| adminclient-1] o.a.k.c.a.i.AdminMetadataManager         : [AdminClient clientId=adminclient-1] Rebootstrapping with Cluster(id = null, nodes = [localhost:9092 (id: -1 rack: null isFenced: false)], partitions = [], controller = null)
2025-04-15T20:21:41.963+07:00  INFO 18500 --- [monitor-service] [| adminclient-1] o.a.k.c.a.i.AdminMetadataManager         : [AdminClient clientId=adminclient-1] Rebootstrapping with Cluster(id = null, nodes = [localhost:9092 (id: -1 rack: null isFenced: false)], partitions = [], controller = null)
2025-04-15T20:21:41.963+07:00  INFO 18500 --- [monitor-service] [| adminclient-1] o.a.k.c.a.i.AdminMetadataManager         : [AdminClient clientId=adminclient-1] Rebootstrapping with Cluster(id = null, nodes = [localhost:9092 (id: -1 rack: null isFenced: false)], partitions = [], controller = null)
2025-04-15T20:21:41.963+07:00  INFO 18500 --- [monitor-service] [| adminclient-1] o.a.k.c.a.i.AdminMetadataManager         : [AdminClient clientId=adminclient-1] Rebootstrapping with Cluster(id = null, nodes = [localhost:9092 (id: -1 rack: null isFenced: false)], partitions = [], controller = null)
2025-04-15T20:21:41.963+07:00  INFO 18500 --- [monitor-service] [| adminclient-1] o.a.k.c.a.i.AdminMetadataManager         : [AdminClient clientId=adminclient-1] Rebootstrapping with Cluster(id = null, nodes = [localhost:9092 (id: -1 rack: null isFenced: false)], partitions = [], controller = null)
2025-04-15T20:21:41.963+07:00  INFO 18500 --- [monitor-service] [| adminclient-1] o.a.k.c.a.i.AdminMetadataManager         : [AdminClient clientId=adminclient-1] Rebootstrapping with Cluster(id = null, nodes = [localhost:9092 (id: -1 rack: null isFenced: false)], partitions = [], controller = null)
2025-04-15T20:21:41.963+07:00  INFO 18500 --- [monitor-service] [| adminclient-1] o.a.k.c.a.i.AdminMetadataManager         : [AdminClient clientId=adminclient-1] Rebootstrapping with Cluster(id = null, nodes = [localhost:9092 (id: -1 rack: null isFenced: false)], partitions = [], controller = null)
2025-04-15T20:21:41.963+07:00  INFO 18500 --- [monitor-service] [| adminclient-1] o.a.k.c.a.i.AdminMetadataManager         : [AdminClient clientId=adminclient-1] Rebootstrapping with Cluster(id = null, nodes = [localhost:9092 (id: -1 rack: null isFenced: false)], partitions = [], controller = null)
2025-04-15T20:21:41.963+07:00  INFO 18500 --- [monitor-service] [| adminclient-1] o.a.k.c.a.i.AdminMetadataManager         : [AdminClient clientId=adminclient-1] Rebootstrapping with Cluster(id = null, nodes = [localhost:9092 (id: -1 rack: null isFenced: false)], partitions = [], controller = null)
2025-04-15T20:21:41.963+07:00  INFO 18500 --- [monitor-service] [| adminclient-1] o.a.k.c.a.i.AdminMetadataManager         : [AdminClient clientId=adminclient-1] Rebootstrapping with Cluster(id = null, nodes = [localhost:9092 (id: -1 rack: null isFenced: false)], partitions = [], controller = null)
2025-04-15T20:21:41.963+07:00  INFO 18500 --- [monitor-service] [| adminclient-1] o.a.k.c.a.i.AdminMetadataManager         : [AdminClient clientId=adminclient-1] Rebootstrapping with Cluster(id = null, nodes = [localhost:9092 (id: -1 rack: null isFenced: false)], partitions = [], controller = null)
2025-04-15T20:21:41.963+07:00  INFO 18500 --- [monitor-service] [| adminclient-1] o.a.k.c.a.i.AdminMetadataManager         : [AdminClient clientId=adminclient-1] Rebootstrapping with Cluster(id = null, nodes = [localhost:9092 (id: -1 rack: null isFenced: false)], partitions = [], controller = null)
2025-04-15T20:21:41.963+07:00  INFO 18500 --- [monitor-service] [| adminclient-1] o.a.k.c.a.i.AdminMetadataManager         : [AdminClient clientId=adminclient-1] Rebootstrapping with Cluster(id = null, nodes = [localhost:9092 (id: -1 rack: null isFenced: false)], partitions = [], controller = null)
2025-04-15T20:21:41.963+07:00  INFO 18500 --- [monitor-service] [| adminclient-1] o.a.k.c.a.i.AdminMetadataManager         : [AdminClient clientId=adminclient-1] Rebootstrapping with Cluster(id = null, nodes = [localhost:9092 (id: -1 rack: null isFenced: false)], partitions = [], controller = null)
2025-04-15T20:21:41.963+07:00  INFO 18500 --- [monitor-service] [| adminclient-1] o.a.k.c.a.i.AdminMetadataManager         : [AdminClient clientId=adminclient-1] Rebootstrapping with Cluster(id = null, nodes = [localhost:9092 (id: -1 rack: null isFenced: false)], partitions = [], controller = null)
2025-04-15T20:21:41.963+07:00  INFO 18500 --- [monitor-service] [| adminclient-1] o.a.k.c.a.i.AdminMetadataManager         : [AdminClient clientId=adminclient-1] Rebootstrapping with Cluster(id = null, nodes = [localhost:9092 (id: -1 rack: null isFenced: false)], partitions = [], controller = null)
2025-04-15T20:21:41.963+07:00  INFO 18500 --- [monitor-service] [| adminclient-1] o.a.k.c.a.i.AdminMetadataManager         : [AdminClient clientId=adminclient-1] Rebootstrapping with Cluster(id = null, nodes = [localhost:9092 (id: -1 rack: null isFenced: false)], partitions = [], controller = null)
2025-04-15T20:21:41.963+07:00  INFO 18500 --- [monitor-service] [| adminclient-1] o.a.k.c.a.i.AdminMetadataManager         : [AdminClient clientId=adminclient-1] Rebootstrapping with Cluster(id = null, nodes = [localhost:9092 (id: -1 rack: null isFenced: false)], partitions = [], controller = null)
2025-04-15T20:21:41.963+07:00  INFO 18500 --- [monitor-service] [| adminclient-1] o.a.k.c.a.i.AdminMetadataManager         : [AdminClient clientId=adminclient-1] Rebootstrapping with Cluster(id = null, nodes = [localhost:9092 (id: -1 rack: null isFenced: false)], partitions = [], controller = null)
2025-04-15T20:21:41.963+07:00  INFO 18500 --- [monitor-service] [| adminclient-1] o.a.k.c.a.i.AdminMetadataManager         : [AdminClient clientId=adminclient-1] Rebootstrapping with Cluster(id = null, nodes = [localhost:9092 (id: -1 rack: null isFenced: false)], partitions = [], controller = null)
2025-04-15T20:21:41.963+07:00  INFO 18500 --- [monitor-service] [| adminclient-1] o.a.k.c.a.i.AdminMetadataManager         : [AdminClient clientId=adminclient-1] Rebootstrapping with Cluster(id = null, nodes = [localhost:9092 (id: -1 rack: null isFenced: false)], partitions = [], controller = null)
2025-04-15T20:21:41.963+07:00  INFO 18500 --- [monitor-service] [| adminclient-1] o.a.k.c.a.i.AdminMetadataManager         : [AdminClient clientId=adminclient-1] Rebootstrapping with Cluster(id = null, nodes = [localhost:9092 (id: -1 rack: null isFenced: false)], partitions = [], controller = null)
2025-04-15T20:21:41.963+07:00  INFO 18500 --- [monitor-service] [| adminclient-1] o.a.k.c.a.i.AdminMetadataManager         : [AdminClient clientId=adminclient-1] Rebootstrapping with Cluster(id = null, nodes = [localhost:9092 (id: -1 rack: null isFenced: false)], partitions = [], controller = null)
2025-04-15T20:21:41.963+07:00  INFO 18500 --- [monitor-service] [| adminclient-1] o.a.k.c.a.i.AdminMetadataManager         : [AdminClient clientId=adminclient-1] Rebootstrapping with Cluster(id = null, nodes = [localhost:9092 (id: -1 rack: null isFenced: false)], partitions = [], controller = null)
2025-04-15T20:21:41.963+07:00  INFO 18500 --- [monitor-service] [| adminclient-1] o.a.k.c.a.i.AdminMetadataManager         : [AdminClient clientId=adminclient-1] Rebootstrapping with Cluster(id = null, nodes = [localhost:9092 (id: -1 rack: null isFenced: false)], partitions = [], controller = null)
2025-04-15T20:21:41.963+07:00  INFO 18500 --- [monitor-service] [| adminclient-1] o.a.k.c.a.i.AdminMetadataManager         : [AdminClient clientId=adminclient-1] Rebootstrapping with Cluster(id = null, nodes = [localhost:9092 (id: -1 rack: null isFenced: false)], partitions = [], controller = null)
2025-04-15T20:21:41.963+07:00  INFO 18500 --- [monitor-service] [| adminclient-1] o.a.k.c.a.i.AdminMetadataManager         : [AdminClient clientId=adminclient-1] Rebootstrapping with Cluster(id = null, nodes = [localhost:9092 (id: -1 rack: null isFenced: false)], partitions = [], controller = null)
2025-04-15T20:21:41.963+07:00  INFO 18500 --- [monitor-service] [| adminclient-1] o.a.k.c.a.i.AdminMetadataManager         : [AdminClient clientId=adminclient-1] Rebootstrapping with Cluster(id = null, nodes = [localhost:9092 (id: -1 rack: null isFenced: false)], partitions = [], controller = null)
2025-04-15T20:21:41.963+07:00  INFO 18500 --- [monitor-service] [| adminclient-1] o.a.k.c.a.i.AdminMetadataManager         : [AdminClient clientId=adminclient-1] Rebootstrapping with Cluster(id = null, nodes = [localhost:9092 (id: -1 rack: null isFenced: false)], partitions = [], controller = null)
2025-04-15T20:21:41.963+07:00  INFO 18500 --- [monitor-service] [| adminclient-1] o.a.k.c.a.i.AdminMetadataManager         : [AdminClient clientId=adminclient-1] Rebootstrapping with Cluster(id = null, nodes = [localhost:9092 (id: -1 rack: null isFenced: false)], partitions = [], controller = null)
2025-04-15T20:21:41.963+07:00  INFO 18500 --- [monitor-service] [| adminclient-1] o.a.k.c.a.i.AdminMetadataManager         : [AdminClient clientId=adminclient-1] Rebootstrapping with Cluster(id = null, nodes = [localhost:9092 (id: -1 rack: null isFenced: false)], partitions = [], controller = null)
2025-04-15T20:21:41.963+07:00  INFO 18500 --- [monitor-service] [| adminclient-1] o.a.k.c.a.i.AdminMetadataManager         : [AdminClient clientId=adminclient-1] Rebootstrapping with Cluster(id = null, nodes = [localhost:9092 (id: -1 rack: null isFenced: false)], partitions = [], controller = null)
2025-04-15T20:21:41.963+07:00  INFO 18500 --- [monitor-service] [| adminclient-1] o.a.k.c.a.i.AdminMetadataManager         : [AdminClient clientId=adminclient-1] Rebootstrapping with Cluster(id = null, nodes = [localhost:9092 (id: -1 rack: null isFenced: false)], partitions = [], controller = null)
2025-04-15T20:21:41.963+07:00  INFO 18500 --- [monitor-service] [| adminclient-1] o.a.k.c.a.i.AdminMetadataManager         : [AdminClient clientId=adminclient-1] Rebootstrapping with Cluster(id = null, nodes = [localhost:9092 (id: -1 rack: null isFenced: false)], partitions = [], controller = null)
]]></system-out>
    <system-err><![CDATA[Mockito is currently self-attaching to enable the inline-mock-maker. This will no longer work in future releases of the JDK. Please add Mockito as an agent to your build what is described in Mockito's documentation: https://javadoc.io/doc/org.mockito/mockito-core/latest/org/mockito/Mockito.html#0.3
WARNING: A Java agent has been loaded dynamically (C:\Users\dangn\.m2\repository\net\bytebuddy\byte-buddy-agent\1.15.11\byte-buddy-agent-1.15.11.jar)
WARNING: If a serviceability tool is in use, please run with -XX:+EnableDynamicAgentLoading to hide this warning
WARNING: If a serviceability tool is not in use, please run with -Djdk.instrument.traceUsage for more information
WARNING: Dynamic loading of agents will be disallowed by default in a future release
]]></system-err>
  </testcase>
</testsuite>